INFO:root:Namespace(K=3, a_dim=2, batch_size=32, clip=150, device=device(type='cuda'), epochs=100, initial='False', learning_rate=0.0001, model='KVAE', save_every=10, scale=0.3, subdirectory='finetuned1', x_dim=1, z_dim=4)
INFO:root:Loaded State Dict from saves/kvae/finetuned0/scale=0.3/kvae_state_dict_scale=0.3_19.pth.
INFO:root:Starting KVAE training for 100 epochs.
INFO:root:Train Loss, Reconstruction Loss, log q(a), ELBO_KF, MSE
INFO:root:2514.83557041, 6990.40480593, 18.26798073, -399.44605962, 2393.78341134
INFO:root:2450.20620830, 6976.24116592, 18.25943369, -339.07433903, 2394.69315419
INFO:root:2396.94622195, 6966.85706519, 18.25010522, -288.63890777, 2266.56782824
INFO:root:2353.06321725, 6956.78038425, 18.26267601, -247.76632277, 2335.85542070
INFO:root:2316.38856214, 6948.25443262, 18.24099150, -213.67115751, 2438.09303792
INFO:root:2277.96147259, 6936.77095800, 18.26994415, -178.66015111, 2469.15777155
INFO:root:2249.54823466, 6932.50251759, 18.25726711, -151.54011612, 2344.73036573
INFO:root:2221.48964602, 6919.95546425, 18.22766229, -127.27526068, 2289.29243978
INFO:root:2198.13499622, 6915.22531582, 18.28178330, -105.28552796, 2217.78949710
INFO:root:2175.09108375, 6907.35961741, 18.24508123, -84.63802584, 2178.64562123
INFO:root:2153.44080104, 6894.97709061, 18.24769600, -66.69988705, 2130.57936388
INFO:root:2135.30087239, 6884.09280287, 18.23754162, -51.83540357, 2102.11788313
INFO:root:2118.43197983, 6874.37124439, 18.23823161, -37.88228682, 2083.64174311
INFO:root:2105.09212378, 6871.77602781, 18.25640494, -25.30282450, 2056.00384218
INFO:root:2091.81165842, 6863.82219463, 18.24835691, -14.41655838, 2037.49419257
INFO:root:2081.13381284, 6861.34070084, 18.25111094, -4.48040811, 2028.13441933
INFO:root:2072.84576836, 6859.52457336, 18.25667872, 3.26836695, 2013.95487770
INFO:root:2064.04011283, 6856.25930851, 18.27504490, 11.11281487, 2001.86609233
INFO:root:2056.86191197, 6854.44958236, 18.24989060, 17.72293729, 1978.19206075
INFO:root:2051.47521658, 6854.33109624, 18.25225527, 23.07645509, 1962.56421201
INFO:root:2046.27781956, 6852.05346333, 18.24140940, 27.57970144, 1949.01057510
INFO:root:2043.12869379, 6855.64753885, 18.26106488, 31.82671245, 1927.92449908
INFO:root:2040.23527509, 6856.52966568, 18.25337873, 34.97709349, 1913.10712060
INFO:root:2036.37515945, 6852.77043509, 18.25122485, 37.70728563, 1908.04274322
INFO:root:2034.92288314, 6855.00726015, 18.26198006, 39.84136662, 1898.07292749
INFO:root:2034.41070008, 6858.81358045, 18.24862797, 41.48208366, 1884.92492200
INFO:root:2033.38925526, 6858.91669783, 18.25713543, 42.54297061, 1872.86685852
INFO:root:2031.34156484, 6855.01224859, 18.24333477, 43.40552192, 1871.36259601
INFO:root:2030.59016236, 6854.47486390, 18.23709648, 43.98948332, 1864.74015559
INFO:root:2029.61467343, 6852.44752708, 18.25281093, 44.37247716, 1865.38902813
INFO:root:2029.53262144, 6852.87972698, 18.25352556, 44.58490284, 1862.03066779
INFO:root:2028.67651719, 6850.55667006, 18.26379323, 44.75435941, 1854.30608525
INFO:root:2029.16467854, 6852.31535177, 18.25328567, 44.78329570, 1849.37318713
INFO:root:2027.51795512, 6846.92270265, 18.24390468, 44.80284956, 1848.01519126
INFO:root:2025.99987829, 6842.05439315, 18.27079570, 44.88732787, 1848.10577349
INFO:root:2025.62128550, 6840.58524317, 18.24699102, 44.80135742, 1846.98702548
INFO:root:2026.65145769, 6844.33089885, 18.25373966, 44.90163294, 1845.28750199
INFO:root:2026.95985737, 6845.30939889, 18.27134987, 44.90439785, 1841.94417880
INFO:root:2025.94451102, 6841.88555865, 18.24995906, 44.87120090, 1842.36626505
INFO:root:2025.71272387, 6841.15152995, 18.25896300, 44.89178087, 1840.34004633
INFO:root:2025.74509539, 6841.27676889, 18.27030193, 44.90832058, 1840.53871014
INFO:root:2024.96133288, 6838.82882625, 18.27444829, 44.96184853, 1841.16605805
INFO:root:2025.32554898, 6839.85282130, 18.26512259, 44.89550823, 1838.80257161
INFO:root:2024.07060743, 6835.53575535, 18.24790265, 44.83811255, 1840.08409303
INFO:root:2024.82010625, 6838.16249377, 18.25969173, 44.88842621, 1840.42455276
INFO:root:2024.65818224, 6837.55701982, 18.25077327, 44.85978417, 1839.91637621
INFO:root:2024.33162116, 6836.55192577, 18.28204977, 44.91609197, 1838.90903424
INFO:root:2024.24410730, 6836.27645896, 18.27899641, 44.91791247, 1837.21164655
INFO:root:2024.85588022, 6838.18049264, 18.23367628, 44.83203664, 1837.30872881
INFO:root:2025.90429119, 6841.79365615, 18.27551328, 44.90939965, 1840.14842365
INFO:root:2023.97276508, 6835.19112229, 18.25119075, 44.83585031, 1856.80325685
INFO:root:2024.34273406, 6836.63536472, 18.27148975, 44.91944657, 1853.11236572
INFO:root:2023.49974439, 6833.72284845, 18.25264126, 44.86983733, 1852.35562329
INFO:root:2022.78117688, 6831.38112603, 18.25890300, 44.89214349, 1855.61261462
INFO:root:2023.91401340, 6835.26294465, 18.28069017, 44.94564167, 1854.05948027
INFO:root:2023.26075902, 6832.88125069, 18.25938699, 44.86309473, 1854.17930051
INFO:root:2022.87129284, 6831.72780571, 18.26491923, 44.91205659, 1852.83977276
INFO:root:2023.15902907, 6832.70977220, 18.25717244, 44.91114534, 1850.30442734
INFO:root:2022.55621344, 6830.62320444, 18.24828033, 44.87911786, 1851.32086052
INFO:root:2022.59313609, 6830.77513610, 18.27126369, 44.91074895, 1851.19453593
INFO:root:2023.59076246, 6834.02539928, 18.25369885, 44.87063172, 1851.34977473
INFO:root:2022.72718707, 6831.25736058, 18.26849603, 44.91861466, 1850.84787572
INFO:root:2022.50714465, 6830.55364860, 18.25734469, 44.91637873, 1850.58345843
INFO:root:2022.06206333, 6829.10559342, 18.26555377, 44.93525588, 1849.07992272
INFO:root:2022.35244971, 6829.96784270, 18.27194428, 44.90992095, 1847.57256561
INFO:root:2022.36189779, 6829.95275965, 18.27323207, 44.89724883, 1849.28413121
INFO:root:2022.23632939, 6829.52423918, 18.26120579, 44.88223421, 1849.18840687
INFO:root:2022.16099608, 6829.30806911, 18.27776536, 44.90927270, 1848.45293800
INFO:root:2023.33789971, 6833.33339047, 18.27484495, 44.93705025, 1845.20727366
INFO:root:2021.79885015, 6827.89090377, 18.24972346, 44.81823346, 1845.48130723
INFO:root:2022.63865160, 6830.96018430, 18.26340345, 44.91289671, 1843.03270748
INFO:root:2023.17779356, 6832.71684882, 18.26590149, 44.90325766, 1841.75923752
INFO:root:2021.11478389, 6825.79784117, 18.26676473, 44.89141832, 1843.12418144
INFO:root:2022.24119432, 6829.72157926, 18.28162465, 44.95698986, 1843.67940137
INFO:root:2022.87911417, 6831.72694343, 18.24059064, 44.87964373, 1844.35713791
INFO:root:2021.10622435, 6825.81734818, 18.27175404, 44.91081831, 1843.01367188
INFO:root:2020.13848464, 6822.74835681, 18.28252779, 44.96863422, 1842.21283738
INFO:root:2021.57963896, 6827.52847788, 18.27183363, 44.95081628, 1842.77670180
INFO:root:2020.98906776, 6825.52231376, 18.27373682, 44.94146081, 1842.15278571
INFO:root:2020.49638402, 6823.72456089, 18.25463896, 44.87570275, 1841.95122598
INFO:root:2021.06594720, 6825.80788037, 18.27099394, 44.94750174, 1843.14393908
INFO:root:2020.12816249, 6822.60375977, 18.27441285, 44.92745829, 1844.20074160
INFO:root:2020.20654953, 6822.91446594, 18.26252841, 44.93039778, 1844.29582658
INFO:root:2020.39362427, 6823.52564169, 18.28313984, 44.94729907, 1842.61106321
INFO:root:2019.72984615, 6821.30168682, 18.26827935, 44.92902793, 1843.39933052
INFO:root:2020.69267750, 6824.41127306, 18.26244206, 44.89323922, 1845.06163945
INFO:root:2020.24654754, 6823.05200888, 18.27967135, 44.94880521, 1843.20869262
INFO:root:2020.12010584, 6822.55216298, 18.26790149, 44.91353103, 1842.02267175
INFO:root:2020.18178181, 6822.81096417, 18.27105586, 44.93264699, 1842.91628660
INFO:root:2020.45903869, 6823.73112845, 18.27462218, 44.93499865, 1842.41971323
INFO:root:2020.01438283, 6822.33474450, 18.27433606, 44.96045856, 1842.81758583
INFO:root:2019.82173736, 6821.62058642, 18.27473960, 44.93926802, 1840.88371937
INFO:root:2020.48286300, 6823.71380485, 18.25117435, 44.88254150, 1848.16868126
INFO:root:2020.70163032, 6824.50901762, 18.27341014, 44.92457047, 1851.00609140
INFO:root:2020.01755100, 6822.31851521, 18.26817268, 44.94625645, 1848.11642261
INFO:root:2019.63703858, 6821.00690866, 18.27407487, 44.93919520, 1847.21986205
INFO:root:2019.96303722, 6821.95377258, 18.26725348, 44.89043685, 1846.50702294
INFO:root:2019.54644672, 6820.73918855, 18.27750867, 44.95290051, 1847.71401436
INFO:root:2019.50508481, 6820.41776617, 18.26346835, 44.88379138, 1848.15780272
INFO:root:2019.99057484, 6822.16634807, 18.26494258, 44.92435817, 1847.96002500
INFO:root:Finished training.
INFO:root:Saved model. Final Checkpoint saves/kvae/finetuned1/scale=0.3/kvae_state_dict_scale=0.3_99.pth
