INFO:root:Namespace(batch_size=50, beta=10.0, clip=10, device=device(type='cuda'), epochs=150, hdim=1024, learning_rate=0.0001, model='VRNN', nlayers=1, save_every=100, version='v1', xdim=64, zdim=32)
INFO:root:Starting VRNN training for 150 epochs.
INFO:root:Train Loss, KLD, MSE
INFO:root:11.84657644, 1.11484880, 0.69808849
INFO:root:0.85701191, 0.04290853, 0.42792663
INFO:root:0.58057653, 0.01547147, 0.42586179
INFO:root:0.50822182, 0.00826007, 0.42562116
INFO:root:0.47805094, 0.00525066, 0.42554433
INFO:root:0.46473919, 0.00392257, 0.42551352
INFO:root:0.45785293, 0.00323554, 0.42549750
INFO:root:0.45355243, 0.00280632, 0.42548918
INFO:root:0.44847720, 0.00229936, 0.42548358
INFO:root:0.44619952, 0.00207197, 0.42547978
INFO:root:0.44441828, 0.00189409, 0.42547741
INFO:root:0.44321038, 0.00177347, 0.42547565
INFO:root:0.43998268, 0.00145083, 0.42547440
INFO:root:0.44116519, 0.00156918, 0.42547337
INFO:root:0.43873338, 0.00132608, 0.42547254
INFO:root:0.43776305, 0.00122911, 0.42547199
INFO:root:0.43824559, 0.00127741, 0.42547146
INFO:root:0.43717062, 0.00116995, 0.42547110
INFO:root:0.43639575, 0.00109250, 0.42547076
INFO:root:0.43529377, 0.00098233, 0.42547051
INFO:root:0.43560090, 0.00101306, 0.42547030
INFO:root:0.43540354, 0.00099334, 0.42547018
INFO:root:0.43363032, 0.00081603, 0.42547000
INFO:root:0.43442061, 0.00089507, 0.42546988
INFO:root:0.43384479, 0.00083750, 0.42546977
INFO:root:0.43353606, 0.00080664, 0.42546969
INFO:root:0.43251612, 0.00070465, 0.42546960
INFO:root:0.43281259, 0.00073430, 0.42546955
INFO:root:0.43208236, 0.00066129, 0.42546948
INFO:root:0.43257181, 0.00071024, 0.42546944
INFO:root:0.43094626, 0.00054769, 0.42546939
INFO:root:0.43173244, 0.00062631, 0.42546936
INFO:root:0.43030593, 0.00048366, 0.42546932
INFO:root:0.43074400, 0.00052747, 0.42546929
INFO:root:0.43037903, 0.00049098, 0.42546926
INFO:root:0.43022874, 0.00047595, 0.42546925
INFO:root:0.42949400, 0.00040248, 0.42546922
INFO:root:0.42948835, 0.00040191, 0.42546921
INFO:root:0.42944165, 0.00039725, 0.42546919
INFO:root:0.42916813, 0.00036990, 0.42546917
INFO:root:0.42927492, 0.00038058, 0.42546916
INFO:root:0.42886335, 0.00033942, 0.42546914
INFO:root:0.42812657, 0.00026574, 0.42546914
INFO:root:0.42849152, 0.00030224, 0.42546913
INFO:root:0.42743758, 0.00019685, 0.42546912
INFO:root:0.42801020, 0.00025411, 0.42546912
INFO:root:0.42786429, 0.00023952, 0.42546910
INFO:root:0.42745888, 0.00019898, 0.42546910
INFO:root:0.42737242, 0.00019033, 0.42546910
INFO:root:0.42729155, 0.00018225, 0.42546909
INFO:root:0.42725505, 0.00017860, 0.42546909
INFO:root:0.42666437, 0.00011953, 0.42546908
INFO:root:0.42681338, 0.00013443, 0.42546908
INFO:root:0.42746621, 0.00019971, 0.42546908
INFO:root:0.42630540, 0.00008363, 0.42546907
INFO:root:0.42649140, 0.00010223, 0.42546907
INFO:root:0.42632533, 0.00008563, 0.42546907
INFO:root:0.42631686, 0.00008478, 0.42546907
INFO:root:0.42615540, 0.00006863, 0.42546906
INFO:root:0.42627174, 0.00008027, 0.42546906
INFO:root:0.48789540, 0.00624263, 0.42546906
INFO:root:0.42483755, -0.00006315, 0.42546906
INFO:root:0.42458208, -0.00008870, 0.42546906
INFO:root:0.42454111, -0.00009279, 0.42546906
INFO:root:0.42452242, -0.00009466, 0.42546906
INFO:root:0.42451730, -0.00009517, 0.42546905
INFO:root:0.42453899, -0.00009301, 0.42546906
INFO:root:0.42463039, -0.00008387, 0.42546905
INFO:root:0.42472635, -0.00007427, 0.42546905
INFO:root:0.42471417, -0.00007549, 0.42546906
INFO:root:0.42482371, -0.00006453, 0.42546905
INFO:root:0.42492960, -0.00005394, 0.42546905
INFO:root:0.42487726, -0.00005918, 0.42546905
INFO:root:0.42488711, -0.00005819, 0.42546905
INFO:root:0.42496937, -0.00004997, 0.42546905
INFO:root:0.42493007, -0.00005390, 0.42546905
INFO:root:0.42498356, -0.00004855, 0.42546905
INFO:root:0.42489770, -0.00005713, 0.42546905
INFO:root:0.42496207, -0.00005070, 0.42546905
INFO:root:0.42488819, -0.00005809, 0.42546905
INFO:root:0.42581174, 0.00003427, 0.42546905
INFO:root:0.42468402, -0.00007850, 0.42546905
INFO:root:0.42472894, -0.00007401, 0.42546905
INFO:root:0.42485150, -0.00006175, 0.42546905
INFO:root:0.42503498, -0.00004341, 0.42546905
INFO:root:0.42467271, -0.00007963, 0.42546905
INFO:root:0.42468689, -0.00007822, 0.42546905
INFO:root:0.42481755, -0.00006515, 0.42546905
INFO:root:0.42506059, -0.00004085, 0.42546905
INFO:root:0.42465736, -0.00008117, 0.42546905
INFO:root:0.42476097, -0.00007081, 0.42546904
INFO:root:0.42466883, -0.00008002, 0.42546905
INFO:root:0.42469467, -0.00007744, 0.42546904
INFO:root:0.43017079, 0.00047017, 0.42546905
INFO:root:0.42529210, -0.00001769, 0.42546905
INFO:root:0.42443316, -0.00010359, 0.42546905
INFO:root:0.42445645, -0.00010126, 0.42546904
INFO:root:0.42446225, -0.00010068, 0.42546904
INFO:root:0.42451026, -0.00009588, 0.42546905
INFO:root:0.42447879, -0.00009903, 0.42546905
INFO:root:0.42457593, -0.00008931, 0.42546904
INFO:root:0.42461919, -0.00008499, 0.42546905
INFO:root:0.42461196, -0.00008571, 0.42546905
INFO:root:0.42450891, -0.00009601, 0.42546905
INFO:root:0.42457238, -0.00008967, 0.42546905
INFO:root:0.42458901, -0.00008800, 0.42546905
INFO:root:0.42574799, 0.00002789, 0.42546904
INFO:root:0.42446929, -0.00009998, 0.42546905
INFO:root:0.42467940, -0.00007896, 0.42546905
INFO:root:0.42450019, -0.00009689, 0.42546905
INFO:root:0.42460001, -0.00008690, 0.42546904
INFO:root:0.42764217, 0.00021731, 0.42546904
INFO:root:0.42444330, -0.00010257, 0.42546905
INFO:root:0.42443604, -0.00010330, 0.42546905
INFO:root:0.42446096, -0.00010081, 0.42546904
INFO:root:0.42445634, -0.00010127, 0.42546904
INFO:root:0.42446863, -0.00010004, 0.42546905
INFO:root:0.42476174, -0.00007073, 0.42546905
INFO:root:0.42448634, -0.00009827, 0.42546905
INFO:root:0.42448771, -0.00009813, 0.42546904
INFO:root:0.42460277, -0.00008663, 0.42546904
INFO:root:0.42456864, -0.00009004, 0.42546905
INFO:root:0.42449722, -0.00009718, 0.42546905
INFO:root:0.42459563, -0.00008734, 0.42546904
INFO:root:0.46144660, 0.00359776, 0.42546905
INFO:root:0.43522162, 0.00097526, 0.42546905
INFO:root:0.42446116, -0.00010079, 0.42546904
INFO:root:0.42445009, -0.00010190, 0.42546905
INFO:root:0.42444871, -0.00010203, 0.42546904
INFO:root:0.42445126, -0.00010178, 0.42546905
INFO:root:0.42444669, -0.00010224, 0.42546905
INFO:root:0.42444777, -0.00010213, 0.42546905
INFO:root:0.42444819, -0.00010209, 0.42546905
INFO:root:0.42445020, -0.00010189, 0.42546905
INFO:root:0.42444750, -0.00010215, 0.42546905
INFO:root:0.42445072, -0.00010183, 0.42546904
INFO:root:0.42445166, -0.00010174, 0.42546904
INFO:root:0.42445171, -0.00010173, 0.42546904
INFO:root:0.42446002, -0.00010090, 0.42546904
INFO:root:0.42446060, -0.00010084, 0.42546905
INFO:root:0.42446208, -0.00010070, 0.42546904
INFO:root:0.42446807, -0.00010010, 0.42546904
INFO:root:0.42448873, -0.00009803, 0.42546904
INFO:root:0.42448793, -0.00009811, 0.42546904
INFO:root:0.42447472, -0.00009943, 0.42546904
INFO:root:0.42466444, -0.00008046, 0.42546904
INFO:root:0.42448310, -0.00009859, 0.42546904
INFO:root:0.42445514, -0.00010139, 0.42546904
INFO:root:0.42447942, -0.00009896, 0.42546904
INFO:root:0.42447008, -0.00009990, 0.42546904
INFO:root:Finished training.
INFO:root:Saved model to saves/v1/vrnn_state_dict_v1_beta=10.0_149.pth
