INFO:root:Namespace(batch_size=50, beta=1.0, clip=10, device=device(type='cuda'), epochs=1000, hdim=1024, learning_rate=0.001, model='VRNN', nlayers=1, save_every=1, version='v1', xdim=64, zdim=32)
INFO:root:Starting VRNN training for 1000 epochs.
INFO:root:Train Loss, KLD, Reconstruction Loss
INFO:root:382355.871, 1610.292, 380745.578
INFO:root:296416.816, 773.336, 295643.480
INFO:root:203771.867, 2796.502, 200975.366
INFO:root:188789.157, 3884.145, 184905.013
INFO:root:179042.418, 4677.878, 174364.539
INFO:root:171886.877, 5261.758, 166625.119
INFO:root:165332.511, 5720.685, 159611.825
INFO:root:160246.062, 6118.611, 154127.450
INFO:root:155780.349, 6416.521, 149363.828
INFO:root:152689.056, 6614.202, 146074.854
INFO:root:149657.606, 6775.100, 142882.507
INFO:root:146803.247, 6929.799, 139873.448
INFO:root:144518.998, 7016.946, 137502.052
INFO:root:142097.568, 7089.881, 135007.687
INFO:root:140232.294, 7144.573, 133087.721
INFO:root:138514.495, 7217.908, 131296.587
INFO:root:136908.732, 7280.627, 129628.105
INFO:root:135603.660, 7314.662, 128288.998
INFO:root:133348.348, 7351.392, 125996.955
INFO:root:131876.432, 7407.350, 124469.082
INFO:root:130922.497, 7424.077, 123498.420
INFO:root:129460.172, 7445.069, 122015.103
INFO:root:128150.122, 7464.730, 120685.392
INFO:root:127014.314, 7477.539, 119536.774
INFO:root:126037.586, 7527.380, 118510.206
INFO:root:124666.808, 7537.746, 117129.062
INFO:root:123955.340, 7550.267, 116405.073
INFO:root:122928.427, 7564.596, 115363.831
INFO:root:121832.572, 7583.083, 114249.489
INFO:root:120926.116, 7612.755, 113313.361
INFO:root:120073.774, 7610.163, 112463.611
INFO:root:119399.174, 7613.279, 111785.896
INFO:root:118907.289, 7648.757, 111258.533
INFO:root:118089.653, 7642.864, 110446.789
INFO:root:117136.811, 7643.310, 109493.500
INFO:root:116553.639, 7646.114, 108907.525
INFO:root:115899.067, 7675.591, 108223.476
INFO:root:115183.660, 7650.612, 107533.048
INFO:root:114963.115, 7686.481, 107276.634
INFO:root:114384.859, 7667.043, 106717.816
INFO:root:113527.129, 7702.719, 105824.410
INFO:root:112827.441, 7685.165, 105142.276
INFO:root:112436.450, 7718.659, 104717.792
INFO:root:111894.040, 7705.316, 104188.724
INFO:root:111667.557, 7702.298, 103965.259
INFO:root:110924.500, 7700.151, 103224.349
INFO:root:109894.199, 7702.655, 102191.543
INFO:root:109976.848, 7722.015, 102254.832
INFO:root:109930.336, 7701.874, 102228.461
INFO:root:109270.391, 7696.357, 101574.033
INFO:root:108638.868, 7728.672, 100910.196
INFO:root:108159.718, 7729.838, 100429.880
INFO:root:108122.289, 7720.188, 100402.102
INFO:root:107515.864, 7725.331, 99790.534
INFO:root:107070.434, 7743.169, 99327.265
INFO:root:106662.550, 7728.000, 98934.550
INFO:root:106235.195, 7723.910, 98511.285
INFO:root:106292.978, 7733.732, 98559.246
INFO:root:105650.265, 7727.358, 97922.906
INFO:root:104908.337, 7727.709, 97180.628
INFO:root:104481.053, 7732.878, 96748.175
INFO:root:104689.208, 7730.623, 96958.586
INFO:root:104183.033, 7732.636, 96450.397
INFO:root:104106.590, 7736.684, 96369.906
INFO:root:103585.990, 7717.442, 95868.548
INFO:root:103158.364, 7733.745, 95424.619
INFO:root:102968.892, 7748.972, 95219.921
INFO:root:102707.451, 7737.895, 94969.556
INFO:root:102472.741, 7735.501, 94737.240
INFO:root:102009.443, 7734.504, 94274.939
INFO:root:101899.651, 7714.135, 94185.516
INFO:root:101521.510, 7721.565, 93799.945
INFO:root:101504.461, 7722.423, 93782.038
INFO:root:101748.571, 7713.106, 94035.465
INFO:root:100573.278, 7725.869, 92847.409
INFO:root:100137.731, 7715.160, 92422.572
INFO:root:100238.561, 7713.509, 92525.052
INFO:root:100099.680, 7725.751, 92373.928
INFO:root:100071.637, 7705.071, 92366.567
INFO:root:99774.086, 7707.564, 92066.523
INFO:root:99824.389, 7716.421, 92107.968
INFO:root:99013.201, 7700.896, 91312.305
INFO:root:99085.923, 7690.183, 91395.739
INFO:root:98504.171, 7694.836, 90809.334
INFO:root:98339.639, 7688.088, 90651.551
INFO:root:98409.073, 7684.258, 90724.815
INFO:root:98761.588, 7690.571, 91071.017
INFO:root:97791.032, 7674.129, 90116.902
INFO:root:97491.796, 7690.576, 89801.220
INFO:root:97607.011, 7675.494, 89931.517
INFO:root:97285.341, 7665.854, 89619.487
INFO:root:97039.973, 7673.486, 89366.487
INFO:root:97111.899, 7679.191, 89432.708
INFO:root:96837.369, 7660.514, 89176.856
INFO:root:96737.860, 7670.202, 89067.658
INFO:root:96366.683, 7667.703, 88698.981
INFO:root:96253.266, 7662.891, 88590.375
INFO:root:96316.025, 7665.920, 88650.105
INFO:root:95989.851, 7631.287, 88358.563
INFO:root:95484.679, 7640.715, 87843.964
INFO:root:95476.344, 7654.620, 87821.724
INFO:root:95322.714, 7647.961, 87674.753
INFO:root:95260.416, 7635.928, 87624.489
INFO:root:95112.563, 7637.448, 87475.115
INFO:root:95151.205, 7607.810, 87543.395
INFO:root:94632.104, 7626.384, 87005.719
INFO:root:94880.729, 7632.014, 87248.716
INFO:root:94654.399, 7621.156, 87033.244
INFO:root:94760.928, 7602.178, 87158.750
INFO:root:94219.133, 7610.616, 86608.518
INFO:root:94122.750, 7609.381, 86513.369
INFO:root:93753.657, 7605.315, 86148.342
INFO:root:93763.867, 7590.505, 86173.362
INFO:root:93708.068, 7606.332, 86101.736
INFO:root:93683.499, 7586.744, 86096.755
INFO:root:93248.305, 7576.002, 85672.302
INFO:root:93287.690, 7588.029, 85699.661
INFO:root:93075.138, 7583.590, 85491.548
INFO:root:93165.001, 7572.874, 85592.126
INFO:root:92816.057, 7564.446, 85251.611
INFO:root:93066.813, 7563.927, 85502.886
INFO:root:92540.027, 7558.820, 84981.208
INFO:root:92703.195, 7565.700, 85137.495
INFO:root:92439.673, 7555.304, 84884.369
INFO:root:92275.360, 7551.266, 84724.094
INFO:root:92003.686, 7539.822, 84463.864
INFO:root:91960.357, 7537.166, 84423.191
INFO:root:91986.482, 7533.357, 84453.126
INFO:root:91584.939, 7518.558, 84066.381
INFO:root:91740.776, 7520.793, 84219.983
INFO:root:91808.334, 7521.140, 84287.194
INFO:root:91567.165, 7515.596, 84051.569
INFO:root:91661.329, 7522.584, 84138.745
INFO:root:91311.768, 7491.188, 83820.580
INFO:root:91285.970, 7497.564, 83788.406
INFO:root:91185.813, 7500.653, 83685.160
INFO:root:91016.850, 7495.866, 83520.984
INFO:root:90531.372, 7468.388, 83062.984
INFO:root:90582.756, 7473.927, 83108.830
INFO:root:90821.934, 7474.628, 83347.307
INFO:root:90693.816, 7483.270, 83210.545
INFO:root:90603.753, 7464.768, 83138.985
INFO:root:90277.803, 7453.227, 82824.576
INFO:root:90441.909, 7458.803, 82983.106
INFO:root:90172.034, 7447.294, 82724.741
INFO:root:90321.990, 7452.983, 82869.006
INFO:root:89962.175, 7448.503, 82513.673
INFO:root:89939.374, 7443.290, 82496.084
INFO:root:90466.007, 7433.110, 83032.898
INFO:root:89585.807, 7435.578, 82150.229
INFO:root:89798.063, 7426.675, 82371.388
INFO:root:89534.435, 7418.966, 82115.469
INFO:root:89418.345, 7414.960, 82003.385
INFO:root:89198.330, 7412.648, 81785.681
INFO:root:89359.000, 7420.941, 81938.059
INFO:root:89412.726, 7408.976, 82003.750
INFO:root:89072.202, 7396.518, 81675.684
INFO:root:89264.592, 7395.086, 81869.506
INFO:root:88720.112, 7380.752, 81339.361
INFO:root:88782.759, 7391.148, 81391.612
INFO:root:88800.292, 7402.144, 81398.149
INFO:root:88942.150, 7375.737, 81566.413
INFO:root:88633.229, 7372.501, 81260.728
INFO:root:88477.375, 7374.370, 81103.005
INFO:root:88914.523, 7381.840, 81532.683
INFO:root:88521.984, 7355.446, 81166.539
INFO:root:88429.057, 7356.891, 81072.166
INFO:root:88120.453, 7355.595, 80764.858
INFO:root:87936.950, 7352.970, 80583.980
INFO:root:88272.034, 7348.694, 80923.340
INFO:root:88269.822, 7339.542, 80930.281
INFO:root:88074.709, 7340.851, 80733.858
INFO:root:87846.206, 7334.812, 80511.394
INFO:root:87908.809, 7328.931, 80579.878
INFO:root:88085.066, 7314.215, 80770.852
INFO:root:87590.384, 7320.018, 80270.366
INFO:root:87622.113, 7323.973, 80298.139
INFO:root:87625.381, 7304.675, 80320.706
INFO:root:87571.337, 7311.154, 80260.183
INFO:root:87404.698, 7306.432, 80098.266
INFO:root:87541.663, 7313.444, 80228.219
INFO:root:87533.947, 7297.002, 80236.945
INFO:root:87278.124, 7288.429, 79989.696
INFO:root:87272.779, 7298.516, 79974.263
INFO:root:87404.368, 7280.781, 80123.587
INFO:root:86952.645, 7270.607, 79682.038
INFO:root:86992.774, 7271.028, 79721.745
INFO:root:86961.284, 7255.700, 79705.585
INFO:root:86606.027, 7252.227, 79353.801
INFO:root:86570.722, 7252.780, 79317.942
INFO:root:87036.873, 7264.991, 79771.882
INFO:root:86768.559, 7248.848, 79519.712
INFO:root:86641.539, 7239.418, 79402.121
INFO:root:86481.745, 7246.970, 79234.774
INFO:root:86513.378, 7231.041, 79282.337
INFO:root:86260.646, 7237.566, 79023.080
INFO:root:86669.283, 7245.323, 79423.960
INFO:root:86629.715, 7231.845, 79397.869
INFO:root:86364.993, 7227.457, 79137.537
INFO:root:86101.844, 7218.167, 78883.677
INFO:root:86421.945, 7215.724, 79206.220
INFO:root:86258.213, 7208.469, 79049.744
INFO:root:86050.930, 7196.050, 78854.880
INFO:root:86195.739, 7206.075, 78989.664
INFO:root:85973.862, 7201.840, 78772.023
INFO:root:85845.700, 7191.965, 78653.736
INFO:root:85826.841, 7180.811, 78646.029
INFO:root:85325.839, 7171.194, 78154.645
INFO:root:85884.598, 7187.856, 78696.741
INFO:root:85591.780, 7180.422, 78411.357
INFO:root:85628.736, 7181.179, 78447.557
INFO:root:85620.631, 7184.394, 78436.237
INFO:root:85614.505, 7162.397, 78452.108
INFO:root:85545.749, 7166.494, 78379.255
INFO:root:85371.397, 7167.811, 78203.586
INFO:root:85487.715, 7159.501, 78328.213
INFO:root:85353.097, 7154.437, 78198.660
INFO:root:85237.660, 7151.582, 78086.078
INFO:root:85163.138, 7157.289, 78005.849
INFO:root:85135.498, 7149.727, 77985.770
INFO:root:85193.593, 7151.694, 78041.898
INFO:root:84982.569, 7138.621, 77843.949
INFO:root:85016.334, 7131.512, 77884.822
INFO:root:85026.702, 7128.950, 77897.752
INFO:root:85125.578, 7122.266, 78003.312
INFO:root:84965.443, 7116.794, 77848.649
INFO:root:84896.765, 7123.042, 77773.723
INFO:root:84634.454, 7100.849, 77533.605
INFO:root:84661.987, 7105.418, 77556.569
INFO:root:84743.808, 7109.253, 77634.555
INFO:root:84644.617, 7105.553, 77539.064
INFO:root:84445.089, 7093.685, 77351.405
INFO:root:84625.551, 7099.857, 77525.694
INFO:root:84713.501, 7086.637, 77626.864
INFO:root:84508.135, 7079.696, 77428.439
INFO:root:84597.734, 7082.701, 77515.033
INFO:root:84532.667, 7075.463, 77457.204
INFO:root:84418.530, 7066.290, 77352.239
INFO:root:84421.866, 7086.465, 77335.401
INFO:root:84084.622, 7058.598, 77026.025
INFO:root:84125.470, 7056.627, 77068.843
INFO:root:84209.254, 7072.247, 77137.007
INFO:root:84043.190, 7050.018, 76993.172
INFO:root:84035.230, 7054.499, 76980.731
INFO:root:84315.786, 7069.969, 77245.817
INFO:root:84364.839, 7057.148, 77307.690
INFO:root:83932.978, 7056.005, 76876.973
INFO:root:83528.386, 7026.602, 76501.785
INFO:root:83784.407, 7036.179, 76748.228
INFO:root:83805.840, 7032.770, 76773.070
INFO:root:83787.011, 7033.794, 76753.216
INFO:root:83769.786, 7015.713, 76754.073
INFO:root:84049.608, 7031.369, 77018.239
INFO:root:83780.573, 7032.299, 76748.274
INFO:root:83695.023, 7024.982, 76670.041
INFO:root:83551.507, 7005.280, 76546.227
INFO:root:83535.429, 7000.418, 76535.011
INFO:root:83598.224, 7021.130, 76577.094
INFO:root:83448.454, 6998.554, 76449.900
INFO:root:83522.760, 6995.795, 76526.965
INFO:root:83420.332, 7005.169, 76415.163
INFO:root:83422.530, 6998.537, 76423.993
INFO:root:83350.475, 6996.935, 76353.541
INFO:root:83097.251, 6977.296, 76119.955
INFO:root:83237.768, 6980.704, 76257.064
INFO:root:83310.519, 6993.103, 76317.416
INFO:root:83443.671, 6991.458, 76452.213
INFO:root:83157.283, 6977.261, 76180.022
INFO:root:83003.018, 6961.928, 76041.090
INFO:root:83335.543, 6988.824, 76346.720
INFO:root:83117.962, 6950.128, 76167.834
INFO:root:83111.283, 6963.925, 76147.358
INFO:root:83138.423, 6937.460, 76200.963
INFO:root:82844.067, 6960.995, 75883.072
INFO:root:82719.268, 6944.987, 75774.281
INFO:root:82910.068, 6941.062, 75969.006
INFO:root:83130.842, 6953.783, 76177.059
INFO:root:82674.320, 6928.272, 75746.048
INFO:root:82888.386, 6930.235, 75958.151
INFO:root:82767.980, 6935.494, 75832.486
INFO:root:82424.222, 6936.367, 75487.855
INFO:root:82509.063, 6934.433, 75574.629
INFO:root:82675.584, 6916.163, 75759.422
INFO:root:83131.195, 6941.757, 76189.438
INFO:root:82836.063, 6930.429, 75905.635
INFO:root:82890.740, 6937.740, 75953.000
INFO:root:82399.508, 6904.115, 75495.393
INFO:root:82239.419, 6904.851, 75334.568
INFO:root:82375.447, 6901.833, 75473.614
INFO:root:82455.644, 6888.107, 75567.537
INFO:root:82328.518, 6886.530, 75441.988
INFO:root:82167.359, 6883.537, 75283.822
INFO:root:82155.706, 6880.011, 75275.695
INFO:root:82271.821, 6889.634, 75382.187
INFO:root:82071.195, 6874.418, 75196.777
INFO:root:82380.317, 6889.002, 75491.315
INFO:root:82096.421, 6883.914, 75212.507
INFO:root:81953.778, 6863.096, 75090.682
INFO:root:82060.554, 6868.266, 75192.288
INFO:root:82132.167, 6870.586, 75261.581
INFO:root:82275.849, 6871.313, 75404.537
INFO:root:82160.420, 6873.866, 75286.554
INFO:root:82255.386, 6873.140, 75382.246
INFO:root:82043.740, 6857.253, 75186.487
INFO:root:81808.182, 6840.494, 74967.687
INFO:root:81881.782, 6844.255, 75037.527
INFO:root:82008.109, 6836.199, 75171.910
INFO:root:81958.270, 6841.947, 75116.323
INFO:root:81650.716, 6842.219, 74808.498
INFO:root:81819.591, 6832.506, 74987.085
INFO:root:81699.856, 6850.231, 74849.625
INFO:root:81637.044, 6836.625, 74800.419
INFO:root:81707.231, 6848.069, 74859.162
INFO:root:81671.152, 6841.230, 74829.922
INFO:root:81558.093, 6820.315, 74737.778
INFO:root:81562.974, 6816.216, 74746.758
INFO:root:81670.838, 6832.037, 74838.801
INFO:root:81724.574, 6815.712, 74908.863
INFO:root:81402.807, 6807.878, 74594.929
INFO:root:81555.948, 6812.825, 74743.123
INFO:root:81385.963, 6804.714, 74581.249
INFO:root:81484.274, 6816.534, 74667.740
INFO:root:81436.428, 6804.959, 74631.470
INFO:root:81303.951, 6797.240, 74506.711
INFO:root:81396.656, 6798.118, 74598.537
INFO:root:81254.551, 6783.606, 74470.945
INFO:root:81125.605, 6792.155, 74333.450
INFO:root:81442.903, 6798.822, 74644.081
INFO:root:81210.548, 6785.313, 74425.234
INFO:root:81263.042, 6790.371, 74472.671
INFO:root:81275.048, 6770.886, 74504.161
INFO:root:81225.774, 6771.182, 74454.592
INFO:root:81229.965, 6773.138, 74456.828
INFO:root:81118.716, 6776.351, 74342.365
INFO:root:80958.668, 6766.510, 74192.157
INFO:root:81104.663, 6769.785, 74334.878
INFO:root:81044.755, 6768.627, 74276.127
INFO:root:81139.200, 6763.645, 74375.555
INFO:root:81182.000, 6762.237, 74419.763
INFO:root:80900.591, 6750.053, 74150.537
INFO:root:80852.379, 6752.622, 74099.757
INFO:root:80771.501, 6751.092, 74020.408
INFO:root:80738.454, 6739.628, 73998.826
INFO:root:81056.341, 6752.790, 74303.551
INFO:root:80695.348, 6742.974, 73952.373
INFO:root:80825.159, 6730.940, 74094.220
INFO:root:80669.717, 6723.802, 73945.914
INFO:root:80780.722, 6732.121, 74048.601
INFO:root:80863.069, 6748.127, 74114.942
INFO:root:80716.211, 6730.953, 73985.258
INFO:root:80499.322, 6725.657, 73773.665
INFO:root:80604.698, 6726.906, 73877.792
INFO:root:80765.628, 6713.320, 74052.308
INFO:root:80501.733, 6712.593, 73789.139
INFO:root:80651.270, 6714.533, 73936.736
INFO:root:80420.558, 6708.677, 73711.881
INFO:root:80689.481, 6724.116, 73965.365
INFO:root:80526.662, 6704.663, 73821.999
INFO:root:80547.744, 6695.856, 73851.888
INFO:root:80331.495, 6689.482, 73642.013
INFO:root:80461.317, 6703.521, 73757.796
INFO:root:80393.632, 6695.263, 73698.369
INFO:root:80358.431, 6699.179, 73659.252
INFO:root:80345.108, 6679.268, 73665.840
INFO:root:80358.203, 6691.084, 73667.119
INFO:root:80182.683, 6676.175, 73506.509
INFO:root:80183.527, 6675.935, 73507.592
INFO:root:80292.373, 6682.736, 73609.637
INFO:root:80087.478, 6678.781, 73408.696
INFO:root:80179.597, 6686.722, 73492.875
INFO:root:80275.026, 6666.359, 73608.667
INFO:root:80139.145, 6673.864, 73465.280
INFO:root:80140.019, 6671.010, 73469.009
INFO:root:80240.312, 6663.208, 73577.104
INFO:root:80221.786, 6668.819, 73552.968
INFO:root:80165.987, 6660.619, 73505.367
INFO:root:79963.477, 6634.721, 73328.756
INFO:root:80335.638, 6663.848, 73671.791
INFO:root:79894.982, 6652.940, 73242.042
INFO:root:80031.898, 6655.862, 73376.036
INFO:root:79934.583, 6639.145, 73295.438
INFO:root:79993.082, 6648.861, 73344.222
INFO:root:79972.337, 6641.814, 73330.522
INFO:root:79798.550, 6633.706, 73164.844
INFO:root:80185.578, 6651.819, 73533.759
INFO:root:79865.741, 6636.888, 73228.853
INFO:root:79979.122, 6641.080, 73338.042
INFO:root:79749.309, 6618.558, 73130.751
INFO:root:79929.296, 6645.909, 73283.388
INFO:root:79794.947, 6622.646, 73172.301
INFO:root:79837.028, 6614.735, 73222.293
INFO:root:79584.789, 6614.513, 72970.276
INFO:root:79419.158, 6610.520, 72808.639
INFO:root:79598.554, 6606.505, 72992.049
INFO:root:79633.002, 6616.859, 73016.143
INFO:root:79993.415, 6623.254, 73370.161
INFO:root:79570.560, 6592.413, 72978.147
INFO:root:79477.950, 6589.885, 72888.064
INFO:root:79740.452, 6600.150, 73140.303
INFO:root:79404.983, 6581.072, 72823.912
INFO:root:79575.498, 6606.278, 72969.220
INFO:root:79579.093, 6588.962, 72990.131
INFO:root:79417.768, 6580.748, 72837.020
INFO:root:79506.955, 6598.576, 72908.378
INFO:root:79552.969, 6588.883, 72964.086
INFO:root:79581.555, 6598.283, 72983.272
INFO:root:79346.990, 6577.279, 72769.710
INFO:root:79254.787, 6562.971, 72691.816
INFO:root:79642.638, 6593.043, 73049.595
INFO:root:79294.940, 6562.831, 72732.109
INFO:root:79384.557, 6576.573, 72807.983
INFO:root:79290.214, 6575.512, 72714.702
INFO:root:79344.141, 6571.944, 72772.197
INFO:root:79284.383, 6571.282, 72713.101
INFO:root:79348.752, 6575.181, 72773.572
INFO:root:79425.107, 6572.060, 72853.048
INFO:root:79230.929, 6551.915, 72679.014
INFO:root:79229.876, 6547.696, 72682.180
INFO:root:79088.727, 6553.372, 72535.356
INFO:root:79082.299, 6542.787, 72539.511
INFO:root:79413.532, 6562.886, 72850.646
INFO:root:79338.693, 6562.257, 72776.436
INFO:root:79095.380, 6538.179, 72557.201
INFO:root:78817.025, 6517.953, 72299.073
INFO:root:79004.411, 6540.534, 72463.877
INFO:root:79164.334, 6532.165, 72632.169
INFO:root:79076.605, 6547.619, 72528.987
INFO:root:78978.950, 6539.494, 72439.455
INFO:root:78817.347, 6525.578, 72291.769
INFO:root:79162.003, 6529.193, 72632.810
INFO:root:79129.827, 6525.888, 72603.940
INFO:root:78948.679, 6523.868, 72424.811
INFO:root:78911.557, 6523.076, 72388.481
INFO:root:78933.292, 6520.321, 72412.971
INFO:root:78947.536, 6522.158, 72425.378
INFO:root:78945.401, 6521.993, 72423.408
INFO:root:79061.380, 6528.997, 72532.383
INFO:root:79005.746, 6524.098, 72481.648
INFO:root:78834.835, 6504.663, 72330.172
INFO:root:78615.772, 6498.617, 72117.155
INFO:root:78768.141, 6518.709, 72249.433
INFO:root:78831.011, 6522.554, 72308.456
INFO:root:78820.488, 6513.314, 72307.174
INFO:root:78663.343, 6496.631, 72166.712
INFO:root:78847.036, 6509.458, 72337.578
INFO:root:78826.989, 6491.789, 72335.201
INFO:root:78738.025, 6499.659, 72238.365
INFO:root:78695.720, 6504.027, 72191.693
INFO:root:78845.363, 6493.036, 72352.327
INFO:root:78658.586, 6493.869, 72164.716
INFO:root:78777.413, 6491.441, 72285.972
INFO:root:78732.079, 6480.009, 72252.070
INFO:root:78368.829, 6461.155, 71907.674
INFO:root:78376.362, 6466.417, 71909.945
INFO:root:78651.228, 6487.596, 72163.632
INFO:root:78593.978, 6480.056, 72113.922
INFO:root:78768.759, 6480.239, 72288.521
INFO:root:78564.612, 6481.431, 72083.180
INFO:root:78446.488, 6462.501, 71983.988
INFO:root:78552.653, 6474.054, 72078.599
INFO:root:78424.007, 6455.336, 71968.671
INFO:root:78641.643, 6465.647, 72175.997
INFO:root:78224.914, 6438.890, 71786.024
INFO:root:78292.271, 6456.502, 71835.769
INFO:root:78515.318, 6477.476, 72037.842
INFO:root:78470.902, 6454.325, 72016.577
INFO:root:78519.220, 6454.483, 72064.737
INFO:root:78411.691, 6457.652, 71954.039
INFO:root:78398.378, 6442.127, 71956.250
INFO:root:78175.384, 6423.655, 71751.729
INFO:root:78117.753, 6431.417, 71686.336
INFO:root:78463.014, 6446.147, 72016.867
INFO:root:78295.147, 6440.282, 71854.865
INFO:root:78175.748, 6438.952, 71736.795
INFO:root:78381.505, 6449.759, 71931.746
INFO:root:78073.667, 6419.108, 71654.559
INFO:root:78037.644, 6420.806, 71616.838
INFO:root:78098.449, 6419.341, 71679.108
INFO:root:78067.266, 6424.376, 71642.890
INFO:root:78158.288, 6426.109, 71732.179
INFO:root:78406.938, 6439.595, 71967.344
INFO:root:78293.376, 6427.081, 71866.295
INFO:root:78124.085, 6413.163, 71710.922
INFO:root:78047.343, 6410.863, 71636.479
INFO:root:78228.832, 6415.718, 71813.114
INFO:root:78179.686, 6426.275, 71753.411
INFO:root:78121.379, 6390.338, 71731.041
INFO:root:78037.544, 6406.506, 71631.037
INFO:root:77957.437, 6403.823, 71553.614
INFO:root:77896.071, 6396.364, 71499.708
INFO:root:77863.628, 6404.329, 71459.299
INFO:root:78064.541, 6402.241, 71662.300
INFO:root:78056.041, 6403.648, 71652.393
INFO:root:77942.782, 6388.963, 71553.819
INFO:root:78055.001, 6391.099, 71663.902
INFO:root:78003.077, 6401.029, 71602.048
INFO:root:77789.098, 6386.204, 71402.894
INFO:root:77939.252, 6392.192, 71547.060
INFO:root:77938.834, 6394.476, 71544.358
INFO:root:78145.119, 6398.067, 71747.052
INFO:root:77841.816, 6379.572, 71462.244
INFO:root:77813.830, 6376.918, 71436.912
INFO:root:77835.771, 6383.827, 71451.944
INFO:root:77819.194, 6381.439, 71437.755
INFO:root:77794.003, 6375.833, 71418.170
INFO:root:77590.105, 6364.013, 71226.092
INFO:root:77543.774, 6358.172, 71185.602
INFO:root:77871.043, 6389.145, 71481.899
INFO:root:77885.126, 6383.303, 71501.824
INFO:root:77739.914, 6354.934, 71384.980
INFO:root:77712.167, 6367.793, 71344.374
INFO:root:77813.300, 6359.879, 71453.421
INFO:root:77808.568, 6362.116, 71446.452
INFO:root:77665.737, 6353.116, 71312.621
INFO:root:77566.828, 6354.336, 71212.492
INFO:root:77748.130, 6358.967, 71389.163
INFO:root:77555.532, 6350.408, 71205.124
INFO:root:77709.427, 6353.895, 71355.533
INFO:root:77698.329, 6355.670, 71342.659
INFO:root:77524.232, 6344.502, 71179.730
INFO:root:77518.571, 6332.161, 71186.410
INFO:root:77572.363, 6338.407, 71233.956
INFO:root:77688.235, 6355.097, 71333.137
INFO:root:77287.313, 6323.842, 70963.471
INFO:root:77594.063, 6344.027, 71250.036
INFO:root:77560.883, 6335.833, 71225.050
INFO:root:77648.728, 6351.364, 71297.364
INFO:root:77924.045, 6352.129, 71571.916
INFO:root:77510.610, 6320.599, 71190.011
INFO:root:77424.977, 6321.066, 71103.911
INFO:root:77412.705, 6325.974, 71086.731
INFO:root:77349.485, 6323.041, 71026.444
INFO:root:77640.076, 6336.860, 71303.216
INFO:root:77398.441, 6309.239, 71089.202
INFO:root:77131.972, 6306.219, 70825.753
INFO:root:77372.408, 6318.483, 71053.925
INFO:root:77494.221, 6317.873, 71176.348
INFO:root:77237.809, 6302.770, 70935.039
INFO:root:77111.284, 6299.197, 70812.086
INFO:root:77410.232, 6301.420, 71108.812
INFO:root:77446.841, 6307.177, 71139.664
INFO:root:77317.773, 6319.349, 70998.424
INFO:root:77248.303, 6301.017, 70947.286
INFO:root:77199.215, 6303.644, 70895.571
INFO:root:77208.863, 6298.115, 70910.748
INFO:root:77199.703, 6298.042, 70901.660
INFO:root:77405.116, 6318.673, 71086.443
INFO:root:77287.656, 6294.846, 70992.811
INFO:root:76986.768, 6274.750, 70712.018
INFO:root:77000.314, 6288.503, 70711.810
INFO:root:77290.749, 6300.311, 70990.438
INFO:root:77551.917, 6310.963, 71240.954
INFO:root:77132.000, 6278.634, 70853.366
INFO:root:77138.762, 6288.259, 70850.503
INFO:root:76965.767, 6270.358, 70695.409
INFO:root:77109.422, 6285.410, 70824.012
INFO:root:77077.285, 6287.733, 70789.552
INFO:root:77179.036, 6288.521, 70890.515
INFO:root:77079.749, 6272.289, 70807.460
INFO:root:77030.194, 6269.454, 70760.739
INFO:root:77161.283, 6280.199, 70881.085
INFO:root:77219.859, 6276.548, 70943.311
INFO:root:77100.309, 6263.861, 70836.448
INFO:root:76899.802, 6265.138, 70634.664
INFO:root:76928.268, 6256.728, 70671.540
INFO:root:77267.137, 6285.283, 70981.854
INFO:root:77090.174, 6270.339, 70819.835
INFO:root:76774.896, 6249.326, 70525.569
INFO:root:76995.960, 6266.338, 70729.622
INFO:root:76808.248, 6247.755, 70560.492
INFO:root:76869.235, 6250.815, 70618.420
INFO:root:76916.782, 6245.543, 70671.239
INFO:root:76930.139, 6238.101, 70692.038
INFO:root:76908.143, 6257.341, 70650.802
INFO:root:77150.169, 6268.143, 70882.026
INFO:root:76777.674, 6240.506, 70537.168
INFO:root:76820.673, 6252.679, 70567.994
INFO:root:76862.338, 6243.622, 70618.715
INFO:root:76781.180, 6225.881, 70555.299
INFO:root:76767.929, 6225.446, 70542.483
INFO:root:76875.874, 6248.248, 70627.626
INFO:root:76980.984, 6248.290, 70732.695
INFO:root:76786.782, 6242.611, 70544.171
INFO:root:76766.683, 6225.927, 70540.756
INFO:root:76681.235, 6222.198, 70459.038
INFO:root:76822.067, 6226.242, 70595.825
INFO:root:76692.568, 6208.431, 70484.137
INFO:root:76730.038, 6213.124, 70516.914
INFO:root:76832.861, 6241.457, 70591.405
INFO:root:76780.667, 6234.282, 70546.386
INFO:root:76631.864, 6206.867, 70424.997
INFO:root:76819.049, 6226.772, 70592.277
INFO:root:76731.402, 6208.772, 70522.631
INFO:root:76768.410, 6233.136, 70535.274
INFO:root:76636.302, 6205.285, 70431.017
INFO:root:76711.349, 6216.789, 70494.560
INFO:root:76602.191, 6202.980, 70399.211
INFO:root:76618.289, 6215.983, 70402.306
INFO:root:76578.069, 6207.236, 70370.833
INFO:root:76907.152, 6219.916, 70687.236
INFO:root:76517.988, 6198.294, 70319.694
INFO:root:76503.575, 6200.256, 70303.319
INFO:root:76520.046, 6200.245, 70319.802
INFO:root:76446.929, 6190.654, 70256.275
INFO:root:76471.347, 6201.801, 70269.546
INFO:root:76589.359, 6210.684, 70378.675
INFO:root:76637.941, 6197.600, 70440.341
INFO:root:76700.565, 6209.911, 70490.654
INFO:root:76551.615, 6198.211, 70353.404
INFO:root:76506.456, 6184.746, 70321.709
INFO:root:76526.900, 6207.164, 70319.736
INFO:root:76316.441, 6189.274, 70127.167
INFO:root:76465.295, 6188.102, 70277.193
INFO:root:76468.974, 6200.857, 70268.117
INFO:root:76561.710, 6181.007, 70380.702
INFO:root:76445.283, 6189.139, 70256.144
INFO:root:76511.358, 6191.900, 70319.459
INFO:root:76445.255, 6193.278, 70251.977
INFO:root:76352.198, 6178.342, 70173.855
INFO:root:76223.275, 6158.888, 70064.387
INFO:root:76321.428, 6180.068, 70141.360
INFO:root:76396.812, 6179.283, 70217.529
INFO:root:76392.170, 6185.411, 70206.759
INFO:root:76336.073, 6164.028, 70172.045
INFO:root:76357.286, 6171.454, 70185.832
INFO:root:76276.665, 6168.711, 70107.953
INFO:root:76655.047, 6186.060, 70468.987
INFO:root:76196.491, 6155.707, 70040.784
INFO:root:76146.628, 6153.129, 69993.499
INFO:root:76067.741, 6149.935, 69917.806
INFO:root:76373.407, 6172.479, 70200.928
INFO:root:76598.292, 6179.151, 70419.141
INFO:root:76348.895, 6163.910, 70184.984
INFO:root:76214.782, 6162.425, 70052.358
INFO:root:76315.901, 6155.627, 70160.274
INFO:root:76219.690, 6157.801, 70061.890
INFO:root:76306.008, 6154.076, 70151.932
INFO:root:76303.496, 6179.159, 70124.336
INFO:root:76058.876, 6123.967, 69934.910
INFO:root:76281.098, 6149.816, 70131.282
INFO:root:76085.590, 6149.218, 69936.372
INFO:root:76036.754, 6138.256, 69898.498
INFO:root:76202.908, 6138.972, 70063.936
INFO:root:76274.525, 6147.121, 70127.404
INFO:root:76032.988, 6138.441, 69894.548
INFO:root:76177.467, 6129.517, 70047.949
INFO:root:76158.899, 6145.886, 70013.013
INFO:root:76297.081, 6151.136, 70145.945
INFO:root:76125.371, 6139.429, 69985.943
INFO:root:75984.162, 6127.053, 69857.108
INFO:root:75885.917, 6113.162, 69772.754
INFO:root:76087.200, 6124.720, 69962.480
INFO:root:76222.080, 6147.344, 70074.736
INFO:root:76201.752, 6144.099, 70057.653
INFO:root:75963.766, 6118.589, 69845.177
INFO:root:76036.910, 6134.125, 69902.785
INFO:root:75948.693, 6133.984, 69814.709
INFO:root:76166.335, 6139.516, 70026.818
INFO:root:75879.704, 6120.464, 69759.240
INFO:root:75779.446, 6113.925, 69665.521
INFO:root:75911.709, 6116.861, 69794.848
INFO:root:75940.815, 6119.640, 69821.175
INFO:root:76069.983, 6122.349, 69947.634
INFO:root:75865.340, 6115.831, 69749.509
INFO:root:75896.383, 6098.558, 69797.825
INFO:root:75896.128, 6101.670, 69794.458
INFO:root:75998.841, 6113.728, 69885.113
INFO:root:75803.985, 6102.169, 69701.817
INFO:root:75889.884, 6104.302, 69785.583
INFO:root:75931.121, 6093.707, 69837.413
INFO:root:75861.703, 6106.573, 69755.129
INFO:root:75973.881, 6118.098, 69855.783
INFO:root:76018.751, 6106.685, 69912.066
INFO:root:75756.200, 6094.994, 69661.206
INFO:root:75682.015, 6082.859, 69599.156
INFO:root:75871.689, 6092.125, 69779.565
INFO:root:75754.772, 6093.683, 69661.089
INFO:root:75797.837, 6107.736, 69690.101
INFO:root:75950.898, 6093.558, 69857.340
INFO:root:75719.448, 6087.364, 69632.085
INFO:root:75835.421, 6084.238, 69751.183
INFO:root:75654.310, 6077.788, 69576.523
INFO:root:75725.121, 6078.837, 69646.285
INFO:root:75714.220, 6090.969, 69623.250
INFO:root:75740.074, 6085.618, 69654.457
INFO:root:75605.392, 6077.584, 69527.808
INFO:root:75962.747, 6105.880, 69856.866
INFO:root:75785.055, 6080.574, 69704.480
INFO:root:75686.986, 6079.572, 69607.414
INFO:root:75508.589, 6073.990, 69434.599
INFO:root:75782.930, 6098.447, 69684.483
INFO:root:75770.513, 6074.205, 69696.308
INFO:root:75727.999, 6080.086, 69647.913
INFO:root:75809.974, 6089.553, 69720.422
INFO:root:75771.284, 6083.951, 69687.333
INFO:root:75634.195, 6061.533, 69572.662
INFO:root:75576.366, 6075.821, 69500.544
INFO:root:75692.697, 6064.802, 69627.894
INFO:root:75635.120, 6074.623, 69560.498
INFO:root:75485.834, 6049.248, 69436.585
INFO:root:75584.905, 6057.714, 69527.191
INFO:root:75573.130, 6068.299, 69504.831
INFO:root:75602.274, 6059.416, 69542.858
INFO:root:75749.733, 6063.415, 69686.318
INFO:root:75642.313, 6061.225, 69581.088
INFO:root:75624.383, 6058.122, 69566.261
INFO:root:75581.986, 6062.565, 69519.420
INFO:root:75778.482, 6077.595, 69700.886
INFO:root:75632.373, 6054.694, 69577.678
INFO:root:75354.106, 6031.076, 69323.030
INFO:root:75273.614, 6042.219, 69231.395
INFO:root:75537.195, 6057.040, 69480.155
INFO:root:75506.447, 6041.093, 69465.354
INFO:root:75559.410, 6051.329, 69508.082
INFO:root:75597.524, 6057.461, 69540.063
INFO:root:75346.799, 6038.974, 69307.825
INFO:root:75589.534, 6054.968, 69534.565
INFO:root:75430.666, 6046.536, 69384.129
INFO:root:75458.168, 6030.522, 69427.646
INFO:root:75382.127, 6041.697, 69340.430
INFO:root:75330.449, 6038.820, 69291.629
INFO:root:75506.304, 6048.053, 69458.250
INFO:root:75373.874, 6030.543, 69343.330
INFO:root:75647.294, 6051.651, 69595.643
INFO:root:75416.505, 6032.060, 69384.446
INFO:root:75419.007, 6030.386, 69388.621
INFO:root:75334.321, 6018.546, 69315.775
INFO:root:75227.745, 6020.212, 69207.533
INFO:root:75410.574, 6036.884, 69373.690
INFO:root:75529.246, 6043.139, 69486.107
INFO:root:75404.880, 6045.457, 69359.423
INFO:root:75238.744, 6014.581, 69224.163
INFO:root:75272.788, 6018.207, 69254.580
INFO:root:75382.812, 6033.293, 69349.519
INFO:root:75292.365, 6026.127, 69266.238
INFO:root:75257.798, 6030.474, 69227.323
INFO:root:75378.681, 6029.574, 69349.108
INFO:root:75282.062, 6010.572, 69271.490
INFO:root:75350.909, 6017.773, 69333.136
INFO:root:75214.422, 6000.238, 69214.184
INFO:root:75068.340, 6001.267, 69067.073
INFO:root:75252.259, 6015.631, 69236.628
INFO:root:75511.962, 6021.091, 69490.871
INFO:root:75389.637, 6015.336, 69374.300
INFO:root:75154.486, 5996.258, 69158.228
INFO:root:75263.642, 6005.384, 69258.258
INFO:root:75349.353, 6019.491, 69329.862
INFO:root:75236.425, 6002.888, 69233.537
INFO:root:75241.075, 6012.928, 69228.147
INFO:root:75134.538, 5994.974, 69139.564
INFO:root:75220.907, 5993.885, 69227.022
INFO:root:75244.622, 6009.103, 69235.519
INFO:root:75308.222, 6010.646, 69297.576
INFO:root:75256.764, 5994.832, 69261.933
INFO:root:75019.367, 5983.843, 69035.524
INFO:root:75098.836, 5992.002, 69106.834
INFO:root:75038.600, 5989.070, 69049.530
INFO:root:75188.538, 5996.327, 69192.210
INFO:root:75028.826, 5979.912, 69048.914
INFO:root:74980.740, 5992.426, 68988.314
INFO:root:75111.649, 5979.438, 69132.211
INFO:root:75028.060, 5976.665, 69051.395
INFO:root:75073.908, 5983.067, 69090.841
INFO:root:75111.309, 5990.931, 69120.377
INFO:root:75253.930, 6005.171, 69248.758
INFO:root:75448.187, 6002.261, 69445.925
INFO:root:75111.595, 5982.505, 69129.090
INFO:root:75003.566, 5969.015, 69034.552
INFO:root:75073.427, 5976.320, 69097.108
INFO:root:74917.969, 5964.096, 68953.872
INFO:root:74990.515, 5981.134, 69009.380
INFO:root:75042.793, 5981.923, 69060.870
INFO:root:75039.359, 5971.793, 69067.566
INFO:root:75054.020, 5973.030, 69080.990
INFO:root:74789.365, 5946.550, 68842.815
INFO:root:75100.998, 5984.228, 69116.771
INFO:root:75138.650, 5991.679, 69146.972
INFO:root:74952.296, 5958.158, 68994.138
INFO:root:74958.023, 5957.873, 69000.150
INFO:root:74973.865, 5970.274, 69003.591
INFO:root:75175.988, 5986.769, 69189.219
INFO:root:74904.322, 5949.866, 68954.456
INFO:root:75094.422, 5985.409, 69109.013
INFO:root:74934.040, 5968.886, 68965.153
INFO:root:74927.034, 5959.572, 68967.462
INFO:root:74854.558, 5960.445, 68894.112
INFO:root:75200.035, 5976.341, 69223.694
INFO:root:74890.172, 5954.430, 68935.742
INFO:root:74923.016, 5960.378, 68962.638
INFO:root:74784.949, 5941.162, 68843.787
INFO:root:74797.346, 5947.312, 68850.034
INFO:root:74943.382, 5954.047, 68989.335
INFO:root:74915.715, 5957.499, 68958.215
INFO:root:74905.215, 5945.620, 68959.594
INFO:root:74854.940, 5967.520, 68887.419
INFO:root:74973.126, 5955.512, 69017.615
INFO:root:74831.809, 5945.168, 68886.641
INFO:root:74816.121, 5948.889, 68867.233
INFO:root:74984.648, 5961.839, 69022.809
INFO:root:74667.132, 5933.007, 68734.125
INFO:root:75023.768, 5952.919, 69070.850
INFO:root:74905.302, 5942.974, 68962.328
INFO:root:74929.844, 5951.412, 68978.432
INFO:root:74674.154, 5930.444, 68743.711
INFO:root:74947.089, 5937.823, 69009.265
INFO:root:74815.762, 5935.430, 68880.333
INFO:root:74705.652, 5934.401, 68771.251
INFO:root:74645.049, 5909.795, 68735.254
INFO:root:74941.058, 5943.749, 68997.309
INFO:root:74604.879, 5929.492, 68675.386
INFO:root:74780.664, 5938.791, 68841.873
INFO:root:74766.552, 5937.708, 68828.844
INFO:root:74783.647, 5927.792, 68855.854
INFO:root:74872.362, 5941.580, 68930.782
INFO:root:74636.453, 5923.412, 68713.042
INFO:root:74803.487, 5934.285, 68869.201
INFO:root:74751.969, 5926.419, 68825.550
INFO:root:74594.668, 5913.526, 68681.142
INFO:root:74589.511, 5918.514, 68670.997
INFO:root:74580.069, 5916.145, 68663.924
INFO:root:74681.723, 5922.028, 68759.695
INFO:root:74718.367, 5924.185, 68794.182
INFO:root:74668.360, 5919.972, 68748.388
INFO:root:74514.644, 5911.750, 68602.894
INFO:root:74636.789, 5921.361, 68715.428
INFO:root:74848.234, 5934.225, 68914.009
INFO:root:74641.229, 5918.393, 68722.836
INFO:root:74808.860, 5914.660, 68894.201
INFO:root:74707.674, 5927.144, 68780.530
INFO:root:74589.181, 5913.694, 68675.487
INFO:root:74575.164, 5909.760, 68665.404
INFO:root:74502.130, 5912.407, 68589.723
INFO:root:74783.251, 5932.745, 68850.506
INFO:root:74467.970, 5894.425, 68573.546
INFO:root:74687.955, 5916.352, 68771.603
INFO:root:74468.195, 5893.679, 68574.516
INFO:root:74511.435, 5890.054, 68621.381
INFO:root:74613.555, 5904.912, 68708.642
INFO:root:74703.447, 5912.331, 68791.116
INFO:root:74490.667, 5900.589, 68590.078
INFO:root:74512.252, 5889.949, 68622.303
INFO:root:74748.270, 5927.320, 68820.950
INFO:root:74637.875, 5902.951, 68734.925
INFO:root:74551.474, 5891.716, 68659.757
INFO:root:74465.794, 5882.611, 68583.184
INFO:root:74476.668, 5883.481, 68593.187
INFO:root:74501.451, 5902.695, 68598.756
INFO:root:74422.769, 5894.096, 68528.674
INFO:root:74568.461, 5907.272, 68661.189
INFO:root:74438.844, 5885.883, 68552.961
INFO:root:74439.518, 5877.017, 68562.500
INFO:root:74356.664, 5877.712, 68478.952
INFO:root:74654.101, 5899.952, 68754.149
INFO:root:74797.602, 5914.480, 68883.122
INFO:root:74359.628, 5876.123, 68483.505
INFO:root:74429.783, 5885.104, 68544.679
INFO:root:74318.756, 5891.304, 68427.452
INFO:root:74435.074, 5875.004, 68560.070
INFO:root:74492.084, 5903.043, 68589.041
INFO:root:74401.623, 5877.855, 68523.767
INFO:root:74455.401, 5882.465, 68572.937
INFO:root:74417.503, 5881.372, 68536.131
INFO:root:74421.462, 5877.442, 68544.020
INFO:root:74370.880, 5873.162, 68497.718
INFO:root:74395.652, 5879.632, 68516.020
INFO:root:74319.495, 5878.600, 68440.895
INFO:root:74343.415, 5868.498, 68474.917
INFO:root:74402.594, 5879.298, 68523.297
INFO:root:74439.679, 5870.913, 68568.766
INFO:root:74402.526, 5876.909, 68525.617
INFO:root:74485.897, 5886.831, 68599.065
INFO:root:74307.979, 5854.253, 68453.725
INFO:root:74600.399, 5893.531, 68706.868
INFO:root:74421.405, 5869.073, 68552.331
INFO:root:74096.263, 5856.126, 68240.138
INFO:root:74185.287, 5850.739, 68334.548
INFO:root:74457.994, 5865.382, 68592.613
INFO:root:74255.036, 5851.941, 68403.095
INFO:root:74569.113, 5880.265, 68688.848
INFO:root:74398.787, 5865.680, 68533.107
INFO:root:74119.112, 5847.278, 68271.834
INFO:root:74267.302, 5854.383, 68412.918
INFO:root:74203.603, 5838.908, 68364.695
INFO:root:74274.766, 5850.415, 68424.351
INFO:root:74194.338, 5840.651, 68353.687
INFO:root:74195.304, 5853.975, 68341.329
INFO:root:74183.396, 5845.657, 68337.739
INFO:root:74225.616, 5858.952, 68366.665
INFO:root:74291.904, 5861.442, 68430.463
INFO:root:74309.433, 5857.735, 68451.697
INFO:root:74217.922, 5845.694, 68372.228
INFO:root:74325.892, 5882.367, 68443.525
INFO:root:74137.481, 5843.381, 68294.101
INFO:root:74297.165, 5856.753, 68440.412
INFO:root:74130.911, 5834.909, 68296.002
INFO:root:74124.948, 5843.538, 68281.409
INFO:root:74285.280, 5845.347, 68439.932
INFO:root:74323.680, 5864.098, 68459.583
INFO:root:74159.239, 5844.981, 68314.258
INFO:root:74205.479, 5841.232, 68364.247
INFO:root:73996.430, 5830.769, 68165.662
INFO:root:74067.983, 5833.560, 68234.423
INFO:root:74235.662, 5843.867, 68391.795
INFO:root:74167.339, 5831.435, 68335.903
INFO:root:73947.152, 5824.965, 68122.188
INFO:root:74198.341, 5856.623, 68341.718
INFO:root:74112.251, 5832.573, 68279.678
INFO:root:74289.141, 5849.410, 68439.730
INFO:root:74165.157, 5824.296, 68340.861
INFO:root:74161.792, 5838.996, 68322.796
INFO:root:74091.963, 5826.674, 68265.289
INFO:root:74022.671, 5812.093, 68210.578
INFO:root:73957.784, 5806.771, 68151.013
INFO:root:74009.086, 5810.639, 68198.447
INFO:root:74067.426, 5828.863, 68238.563
INFO:root:73918.370, 5823.620, 68094.750
INFO:root:74002.384, 5831.071, 68171.312
INFO:root:74119.591, 5825.446, 68294.145
INFO:root:74108.290, 5834.307, 68273.983
INFO:root:74154.815, 5848.057, 68306.758
INFO:root:74107.287, 5830.898, 68276.389
INFO:root:74050.782, 5815.899, 68234.883
INFO:root:74013.294, 5806.966, 68206.329
INFO:root:74042.990, 5834.707, 68208.282
INFO:root:74014.388, 5821.397, 68192.991
INFO:root:74054.450, 5809.659, 68244.792
INFO:root:74142.491, 5836.552, 68305.940
INFO:root:74115.895, 5827.239, 68288.656
INFO:root:74072.069, 5819.070, 68252.999
INFO:root:74038.867, 5826.335, 68212.533
INFO:root:73789.576, 5791.518, 67998.058
INFO:root:73929.149, 5806.563, 68122.586
INFO:root:74036.482, 5813.264, 68223.218
INFO:root:74101.500, 5833.037, 68268.463
INFO:root:74007.032, 5812.970, 68194.062
INFO:root:74096.309, 5812.746, 68283.563
INFO:root:73851.716, 5800.864, 68050.852
INFO:root:74006.078, 5814.638, 68191.440
INFO:root:73902.825, 5785.355, 68117.470
INFO:root:73892.156, 5812.297, 68079.859
INFO:root:73795.725, 5792.591, 68003.135
INFO:root:73867.558, 5797.162, 68070.396
INFO:root:73954.128, 5794.619, 68159.509
INFO:root:73903.412, 5789.971, 68113.441
INFO:root:73982.894, 5807.543, 68175.351
INFO:root:73765.525, 5781.082, 67984.442
INFO:root:73955.792, 5798.530, 68157.262
INFO:root:74307.954, 5829.653, 68478.301
INFO:root:73807.264, 5800.278, 68006.986
INFO:root:73935.127, 5798.564, 68136.563
INFO:root:73765.530, 5777.403, 67988.127
INFO:root:73847.713, 5785.261, 68062.452
INFO:root:73797.038, 5780.095, 68016.942
INFO:root:74091.251, 5798.729, 68292.522
INFO:root:74009.074, 5789.823, 68219.252
INFO:root:73739.126, 5770.040, 67969.086
INFO:root:73689.437, 5787.460, 67901.977
INFO:root:73834.333, 5781.847, 68052.487
INFO:root:73729.345, 5775.305, 67954.039
INFO:root:73747.681, 5779.203, 67968.478
INFO:root:73840.209, 5784.007, 68056.202
INFO:root:73842.406, 5803.450, 68038.956
INFO:root:74072.981, 5817.932, 68255.049
INFO:root:73885.938, 5783.447, 68102.490
INFO:root:73895.957, 5795.954, 68100.003
INFO:root:73709.207, 5762.235, 67946.972
INFO:root:73600.322, 5753.961, 67846.361
INFO:root:73816.266, 5780.359, 68035.907
INFO:root:73848.259, 5792.626, 68055.633
INFO:root:73783.185, 5777.279, 68005.906
INFO:root:74070.441, 5807.110, 68263.331
INFO:root:73743.831, 5767.858, 67975.973
INFO:root:73669.654, 5754.931, 67914.724
INFO:root:73628.810, 5759.022, 67869.788
INFO:root:73850.291, 5775.004, 68075.287
INFO:root:73598.553, 5753.157, 67845.396
INFO:root:73707.113, 5779.265, 67927.849
INFO:root:73727.700, 5774.805, 67952.896
INFO:root:73718.558, 5764.681, 67953.877
INFO:root:73489.292, 5737.769, 67751.523
INFO:root:73684.193, 5760.068, 67924.124
INFO:root:73601.655, 5774.380, 67827.276
INFO:root:73670.939, 5752.617, 67918.322
INFO:root:73914.109, 5768.924, 68145.186
INFO:root:73680.825, 5751.298, 67929.527
INFO:root:73606.569, 5752.875, 67853.694
INFO:root:73692.829, 5768.677, 67924.151
INFO:root:73682.592, 5762.945, 67919.648
INFO:root:73651.314, 5768.010, 67883.304
INFO:root:73653.405, 5756.240, 67897.165
INFO:root:73702.326, 5766.790, 67935.536
INFO:root:73680.446, 5763.746, 67916.700
INFO:root:73667.929, 5767.312, 67900.617
INFO:root:73794.192, 5770.132, 68024.060
INFO:root:73625.136, 5755.976, 67869.160
INFO:root:73727.657, 5757.960, 67969.697
INFO:root:73553.887, 5758.700, 67795.187
INFO:root:73656.591, 5752.698, 67903.893
INFO:root:73787.943, 5769.845, 68018.098
INFO:root:73599.520, 5745.197, 67854.323
INFO:root:Finished training.
INFO:root:Saved model to saves/v1/vrnn_state_dict_v1_beta=1.0_999.pth
