INFO:root:Namespace(batch_size=50, beta=1.0, clip=10, device=device(type='cuda'), epochs=300, hdim=1024, learning_rate=0.001, model='VRNN', nlayers=1, save_every=1, version='v1', xdim=64, zdim=32)
INFO:root:Starting VRNN training for 300 epochs.
INFO:root:Train Loss, KLD, Reconstruction Loss
INFO:root:382360.031, 1610.853, 380749.177
INFO:root:321975.146, 359.911, 321615.235
INFO:root:212385.081, 2502.411, 209882.670
INFO:root:191651.215, 3708.014, 187943.201
INFO:root:182115.003, 4454.080, 177660.923
INFO:root:174480.212, 5145.353, 169334.860
INFO:root:167768.102, 5696.910, 162071.192
INFO:root:162642.861, 6099.990, 156542.871
INFO:root:158723.760, 6388.028, 152335.732
INFO:root:154824.713, 6611.737, 148212.976
INFO:root:151930.610, 6772.448, 145158.162
INFO:root:149077.488, 6930.380, 142147.108
INFO:root:146794.008, 7025.002, 139769.006
INFO:root:144332.928, 7126.618, 137206.310
INFO:root:142229.669, 7218.726, 135010.943
INFO:root:140427.027, 7268.945, 133158.082
INFO:root:138363.118, 7331.346, 131031.772
INFO:root:137133.094, 7358.331, 129774.762
INFO:root:135268.064, 7410.203, 127857.861
INFO:root:133570.462, 7441.866, 126128.596
INFO:root:132256.890, 7482.834, 124774.056
INFO:root:131096.088, 7487.026, 123609.062
INFO:root:129616.857, 7518.345, 122098.512
INFO:root:128358.583, 7546.258, 120812.325
INFO:root:127790.023, 7567.443, 120222.580
INFO:root:126301.215, 7606.387, 118694.828
INFO:root:125223.967, 7623.851, 117600.116
INFO:root:124323.356, 7636.346, 116687.010
INFO:root:123249.779, 7665.194, 115584.585
INFO:root:122393.523, 7697.009, 114696.513
INFO:root:121929.114, 7689.700, 114239.413
INFO:root:120727.102, 7718.781, 113008.321
INFO:root:120099.744, 7731.880, 112367.864
INFO:root:119133.868, 7751.083, 111382.785
INFO:root:118693.693, 7763.736, 110929.956
INFO:root:118072.794, 7742.184, 110330.610
INFO:root:116910.998, 7799.464, 109111.533
INFO:root:116898.125, 7801.389, 109096.737
INFO:root:115748.351, 7813.645, 107934.706
INFO:root:115303.387, 7818.274, 107485.113
INFO:root:114485.056, 7835.624, 106649.432
INFO:root:114050.106, 7855.377, 106194.729
INFO:root:113296.731, 7866.429, 105430.303
INFO:root:113071.301, 7877.975, 105193.326
INFO:root:112364.320, 7869.177, 104495.144
INFO:root:112019.325, 7885.749, 104133.576
INFO:root:111363.701, 7887.678, 103476.024
INFO:root:111228.780, 7877.060, 103351.720
INFO:root:109905.062, 7907.424, 101997.638
INFO:root:109893.212, 7917.622, 101975.590
INFO:root:109509.841, 7907.056, 101602.785
INFO:root:109048.574, 7937.218, 101111.356
INFO:root:108838.655, 7930.982, 100907.673
INFO:root:108450.528, 7913.908, 100536.620
INFO:root:107765.052, 7949.531, 99815.521
INFO:root:107783.398, 7922.921, 99860.477
INFO:root:106973.719, 7955.106, 99018.613
INFO:root:106665.424, 7958.697, 98706.727
INFO:root:106285.814, 7952.475, 98333.339
INFO:root:106578.690, 7943.755, 98634.935
INFO:root:105658.586, 7947.421, 97711.165
INFO:root:105151.269, 7951.348, 97199.921
INFO:root:104981.092, 7961.127, 97019.965
INFO:root:104656.296, 7956.580, 96699.716
INFO:root:103992.909, 7969.207, 96023.702
INFO:root:103814.045, 7971.781, 95842.263
INFO:root:103669.274, 7958.199, 95711.075
INFO:root:103498.325, 7954.212, 95544.114
INFO:root:103142.466, 7974.768, 95167.698
INFO:root:103151.141, 7976.410, 95174.731
INFO:root:102400.777, 7953.817, 94446.960
INFO:root:102202.553, 7972.494, 94230.059
INFO:root:101654.051, 7981.888, 93672.163
INFO:root:101426.979, 7984.953, 93442.026
INFO:root:101401.105, 7958.166, 93442.938
INFO:root:101185.081, 7974.880, 93210.201
INFO:root:101016.886, 7966.659, 93050.226
INFO:root:100650.599, 7978.566, 92672.033
INFO:root:100338.901, 7958.271, 92380.631
INFO:root:100114.527, 7967.917, 92146.610
INFO:root:100608.328, 7966.511, 92641.817
INFO:root:99488.571, 7979.650, 91508.921
INFO:root:99438.606, 7974.820, 91463.785
INFO:root:99209.919, 7953.064, 91256.855
INFO:root:99008.734, 7974.762, 91033.972
INFO:root:98771.993, 7965.850, 90806.144
INFO:root:98840.810, 7974.068, 90866.743
INFO:root:98470.691, 7960.961, 90509.730
INFO:root:98102.864, 7959.158, 90143.706
INFO:root:97864.030, 7957.228, 89906.802
INFO:root:97686.875, 7965.292, 89721.584
INFO:root:97705.734, 7954.017, 89751.717
INFO:root:96977.457, 7948.354, 89029.103
INFO:root:97297.891, 7951.546, 89346.345
INFO:root:97181.946, 7954.016, 89227.930
INFO:root:96780.736, 7949.305, 88831.431
INFO:root:96790.268, 7948.118, 88842.150
INFO:root:96971.166, 7955.718, 89015.448
INFO:root:96514.111, 7950.753, 88563.358
INFO:root:95866.731, 7927.519, 87939.213
INFO:root:95859.314, 7929.588, 87929.726
INFO:root:96038.191, 7957.550, 88080.641
INFO:root:95433.471, 7928.081, 87505.390
INFO:root:95603.431, 7942.971, 87660.460
INFO:root:95282.866, 7919.879, 87362.987
INFO:root:95158.203, 7942.049, 87216.154
INFO:root:95267.555, 7923.709, 87343.846
INFO:root:94871.010, 7907.031, 86963.979
INFO:root:94510.228, 7923.526, 86586.702
INFO:root:94840.535, 7916.740, 86923.795
INFO:root:94400.450, 7907.887, 86492.564
INFO:root:94534.961, 7915.932, 86619.029
INFO:root:94230.314, 7900.381, 86329.933
INFO:root:93939.106, 7903.208, 86035.898
INFO:root:94067.153, 7897.005, 86170.148
INFO:root:93466.373, 7896.120, 85570.253
INFO:root:93657.391, 7918.463, 85738.927
INFO:root:93670.992, 7905.237, 85765.755
INFO:root:93587.513, 7909.121, 85678.393
INFO:root:93417.212, 7883.377, 85533.835
INFO:root:93449.273, 7869.678, 85579.596
INFO:root:93144.096, 7888.056, 85256.040
INFO:root:92536.260, 7874.185, 84662.075
INFO:root:92661.945, 7874.019, 84787.925
INFO:root:92537.951, 7870.581, 84667.371
INFO:root:92666.232, 7880.960, 84785.273
INFO:root:92161.125, 7844.636, 84316.488
INFO:root:92331.259, 7837.593, 84493.666
INFO:root:92160.723, 7850.397, 84310.326
INFO:root:91858.452, 7845.032, 84013.420
INFO:root:92234.336, 7837.846, 84396.490
INFO:root:91782.588, 7841.550, 83941.038
INFO:root:91796.598, 7838.593, 83958.005
INFO:root:91504.439, 7832.857, 83671.582
INFO:root:91692.853, 7821.600, 83871.254
INFO:root:91638.619, 7836.384, 83802.235
INFO:root:91475.009, 7824.224, 83650.785
INFO:root:91448.352, 7819.115, 83629.237
INFO:root:91232.771, 7829.227, 83403.544
INFO:root:90968.971, 7822.357, 83146.613
INFO:root:90966.357, 7814.413, 83151.945
INFO:root:91120.267, 7815.607, 83304.659
INFO:root:90510.059, 7790.695, 82719.364
INFO:root:90607.214, 7799.142, 82808.073
INFO:root:90583.181, 7802.096, 82781.084
INFO:root:90536.409, 7808.725, 82727.684
INFO:root:90201.305, 7803.284, 82398.021
INFO:root:89994.246, 7790.081, 82204.165
INFO:root:90265.635, 7766.229, 82499.406
INFO:root:90165.689, 7789.304, 82376.385
INFO:root:90319.627, 7798.740, 82520.887
INFO:root:89910.009, 7776.611, 82133.398
INFO:root:89888.605, 7758.916, 82129.689
INFO:root:89679.826, 7758.953, 81920.872
INFO:root:89735.373, 7757.142, 81978.231
INFO:root:89583.063, 7762.415, 81820.648
INFO:root:89506.030, 7755.708, 81750.321
INFO:root:89443.301, 7738.815, 81704.486
INFO:root:89206.514, 7742.022, 81464.492
INFO:root:89392.098, 7746.540, 81645.558
INFO:root:89398.290, 7759.872, 81638.418
INFO:root:89119.436, 7733.130, 81386.306
INFO:root:89369.899, 7737.965, 81631.934
INFO:root:89043.334, 7720.062, 81323.273
INFO:root:88988.024, 7727.966, 81260.059
INFO:root:88817.355, 7715.374, 81101.981
INFO:root:88715.128, 7717.681, 80997.447
INFO:root:88461.558, 7716.649, 80744.909
INFO:root:88477.704, 7701.906, 80775.799
INFO:root:88670.915, 7712.405, 80958.510
INFO:root:88766.746, 7718.924, 81047.822
INFO:root:88329.086, 7700.856, 80628.229
INFO:root:88306.768, 7691.506, 80615.262
INFO:root:88098.133, 7686.089, 80412.044
INFO:root:88218.038, 7691.807, 80526.231
INFO:root:88142.118, 7682.474, 80459.644
INFO:root:88332.816, 7681.508, 80651.309
INFO:root:87941.645, 7675.812, 80265.833
INFO:root:87878.919, 7682.702, 80196.218
INFO:root:87589.893, 7663.102, 79926.791
INFO:root:87928.846, 7665.113, 80263.733
INFO:root:87783.659, 7666.639, 80117.020
INFO:root:87434.304, 7664.247, 79770.057
INFO:root:87521.266, 7660.686, 79860.580
INFO:root:87737.017, 7657.473, 80079.545
INFO:root:87307.960, 7645.475, 79662.485
INFO:root:87755.993, 7646.525, 80109.469
INFO:root:87431.725, 7656.339, 79775.386
INFO:root:87210.554, 7635.971, 79574.582
INFO:root:87286.472, 7638.675, 79647.797
INFO:root:87105.399, 7646.280, 79459.119
INFO:root:87190.774, 7609.808, 79580.966
INFO:root:87119.830, 7603.950, 79515.880
INFO:root:86594.110, 7617.929, 78976.180
INFO:root:86615.374, 7597.956, 79017.418
INFO:root:87060.333, 7626.339, 79433.994
INFO:root:87119.202, 7623.900, 79495.301
INFO:root:86610.792, 7594.300, 79016.492
INFO:root:86884.221, 7587.517, 79296.705
INFO:root:86567.113, 7595.505, 78971.608
INFO:root:86476.547, 7587.231, 78889.315
INFO:root:86418.916, 7573.208, 78845.708
INFO:root:86245.549, 7583.899, 78661.651
INFO:root:86538.240, 7606.271, 78931.969
INFO:root:86459.512, 7580.079, 78879.433
INFO:root:86059.531, 7573.747, 78485.784
INFO:root:86150.796, 7568.110, 78582.687
INFO:root:86197.911, 7566.692, 78631.219
INFO:root:86262.520, 7565.522, 78696.998
INFO:root:86128.337, 7574.401, 78553.936
INFO:root:85993.419, 7560.918, 78432.501
INFO:root:86100.142, 7564.371, 78535.771
INFO:root:86033.852, 7551.409, 78482.443
INFO:root:86152.729, 7563.170, 78589.559
INFO:root:85795.783, 7551.418, 78244.365
INFO:root:85767.453, 7539.577, 78227.877
INFO:root:85917.668, 7547.148, 78370.520
INFO:root:85384.015, 7511.622, 77872.393
INFO:root:85492.032, 7528.763, 77963.269
INFO:root:85461.309, 7525.698, 77935.611
INFO:root:85526.615, 7519.997, 78006.617
INFO:root:85495.526, 7514.163, 77981.363
INFO:root:85452.867, 7525.080, 77927.787
INFO:root:85137.983, 7511.172, 77626.812
INFO:root:85268.034, 7516.232, 77751.802
INFO:root:85321.147, 7517.492, 77803.656
INFO:root:85200.444, 7511.014, 77689.430
INFO:root:85017.305, 7482.425, 77534.880
INFO:root:85334.473, 7505.870, 77828.603
INFO:root:85286.915, 7507.192, 77779.723
INFO:root:85023.298, 7490.150, 77533.148
INFO:root:85156.476, 7473.446, 77683.030
INFO:root:84789.119, 7492.272, 77296.847
INFO:root:85102.144, 7482.632, 77619.513
INFO:root:84655.731, 7477.228, 77178.503
INFO:root:84931.196, 7483.862, 77447.334
INFO:root:84683.682, 7466.382, 77217.301
INFO:root:84877.446, 7461.281, 77416.166
INFO:root:84855.462, 7469.380, 77386.083
INFO:root:84585.334, 7465.316, 77120.017
INFO:root:84563.901, 7461.820, 77102.081
INFO:root:84460.606, 7446.927, 77013.679
INFO:root:84787.629, 7466.754, 77320.876
INFO:root:84204.832, 7430.640, 76774.192
INFO:root:84392.403, 7439.491, 76952.912
INFO:root:84539.891, 7450.423, 77089.468
INFO:root:84313.530, 7447.839, 76865.692
INFO:root:84304.384, 7425.533, 76878.851
INFO:root:84230.631, 7435.808, 76794.823
INFO:root:84183.498, 7425.178, 76758.321
INFO:root:84254.008, 7434.568, 76819.440
INFO:root:84090.837, 7416.141, 76674.696
INFO:root:84212.398, 7422.938, 76789.460
INFO:root:84226.352, 7412.384, 76813.969
INFO:root:84220.476, 7415.997, 76804.479
INFO:root:84093.831, 7407.428, 76686.404
INFO:root:84288.671, 7414.954, 76873.717
INFO:root:83983.483, 7400.862, 76582.621
INFO:root:83667.795, 7396.254, 76271.542
INFO:root:83679.908, 7385.734, 76294.174
INFO:root:83522.709, 7372.520, 76150.189
INFO:root:84048.055, 7405.187, 76642.868
INFO:root:83721.357, 7384.593, 76336.764
INFO:root:83692.470, 7387.170, 76305.301
INFO:root:83566.403, 7384.263, 76182.140
INFO:root:83625.960, 7374.043, 76251.916
INFO:root:83765.769, 7376.494, 76389.276
INFO:root:83479.607, 7363.710, 76115.897
INFO:root:83196.017, 7360.307, 75835.711
INFO:root:83705.665, 7387.636, 76318.030
INFO:root:83490.839, 7362.064, 76128.775
INFO:root:83275.723, 7355.766, 75919.957
INFO:root:83270.874, 7352.638, 75918.236
INFO:root:83456.783, 7362.257, 76094.526
INFO:root:83320.112, 7347.845, 75972.267
INFO:root:83322.992, 7357.371, 75965.621
INFO:root:83283.329, 7362.933, 75920.397
INFO:root:83183.606, 7329.087, 75854.520
INFO:root:83281.351, 7330.612, 75950.739
INFO:root:83082.433, 7329.803, 75752.631
INFO:root:83098.615, 7321.538, 75777.077
INFO:root:83063.146, 7332.007, 75731.140
INFO:root:82946.605, 7312.336, 75634.269
INFO:root:82843.667, 7334.329, 75509.339
INFO:root:83052.126, 7333.825, 75718.302
INFO:root:82985.009, 7327.345, 75657.664
INFO:root:82644.918, 7306.117, 75338.801
INFO:root:83024.569, 7315.978, 75708.591
INFO:root:82997.217, 7314.366, 75682.850
INFO:root:82644.791, 7299.037, 75345.754
INFO:root:82780.794, 7293.701, 75487.092
INFO:root:82867.718, 7298.641, 75569.077
INFO:root:82537.752, 7298.022, 75239.730
INFO:root:82784.764, 7305.623, 75479.140
INFO:root:82795.193, 7282.894, 75512.299
INFO:root:82476.793, 7280.171, 75196.621
INFO:root:82578.093, 7288.059, 75290.035
INFO:root:82714.921, 7288.001, 75426.921
INFO:root:82485.611, 7273.637, 75211.974
INFO:root:82340.003, 7269.564, 75070.439
INFO:root:Finished training.
INFO:root:Saved model to saves/v1/vrnn_state_dict_v1_beta=1.0_299.pth
