INFO:root:Namespace(K=3, a_dim=2, batch_size=32, clip=150, dataset='BouncingBall', device=device(type='cuda'), epochs=300, initial='False', learning_rate=1e-05, model='KVAE', save_every=10, scale=0.3, subdirectory='v2/finetuned1', x_dim=1, z_dim=4)
INFO:root:Starting KVAE training for 300 epochs.
INFO:root:Train Loss, Reconstruction Loss, log q(a), ELBO_KF, MSE
INFO:root:34428.03651649, 35677.93981389, -142.28982165, -23866.94399185, 12894.40016048
INFO:root:31266.56054929, 35205.91470939, -141.82962201, -20846.61538607, 12658.39598676
INFO:root:28391.94091036, 34146.01196756, -140.89853566, -18289.03546898, 12128.82230295
INFO:root:25889.72607401, 32091.77550259, -138.66750088, -16400.86055973, 11107.30922820
INFO:root:23267.10382658, 28386.21578921, -133.63004930, -14884.86881712, 9308.37060858
INFO:root:20039.04870580, 22041.78552946, -123.94011776, -13550.45291560, 6522.91590677
INFO:root:17480.50480417, 16956.52759256, -112.26579508, -12505.81211968, 4698.18772082
INFO:root:16129.53650731, 15712.47258783, -104.99839938, -11520.79292028, 4308.11344608
INFO:root:14964.17635368, 15259.82533216, -98.56639211, -10484.79495004, 4168.42763485
INFO:root:13967.86933911, 14920.94776324, -91.77852310, -9583.36332424, 4066.86852172
INFO:root:13152.30225042, 14628.68680334, -83.71308899, -8847.40910005, 3980.83209656
INFO:root:12451.41931986, 14372.61252239, -75.36152343, -8214.99688194, 3905.95920208
INFO:root:11799.89617721, 14151.14215516, -67.11797221, -7621.67129104, 3841.65770862
INFO:root:11299.08107092, 13941.54857932, -58.40456718, -7175.02088326, 3780.97256295
INFO:root:10760.74828123, 13757.99101811, -50.50386225, -6683.85463479, 3729.04612392
INFO:root:10408.63934236, 13593.15963998, -42.33749263, -6373.02878709, 3684.35419051
INFO:root:10011.48792831, 13453.46442700, -35.57096287, -6011.01940846, 3647.52117492
INFO:root:9648.63330317, 13329.97506345, -28.97922393, -5678.61985522, 3616.81358230
INFO:root:9355.16511579, 13217.51898388, -23.34034104, -5413.24961643, 3590.32431205
INFO:root:9063.21748597, 13123.35039933, -18.01342162, -5144.22563591, 3568.12834644
INFO:root:8838.92194702, 13042.47770701, -13.47311560, -4939.65161026, 3550.55341548
INFO:root:8588.86122416, 12969.98245298, -9.47256057, -4707.33889230, 3534.92858653
INFO:root:8376.62652709, 12910.65687201, -6.57701018, -4510.00633215, 3522.53408483
INFO:root:8196.80750063, 12854.68693397, -3.72107175, -4344.12234407, 3511.10021273
INFO:root:8000.10097855, 12799.27522890, -0.38087802, -4160.69915418, 3499.74372077
INFO:root:7839.88595143, 12759.30972582, 1.52697309, -4010.56591261, 3491.74844185
INFO:root:7719.53405549, 12722.49976985, 3.48134258, -3899.30263661, 3484.26731688
INFO:root:7560.17098712, 12686.11132190, 4.88268173, -3749.45477650, 3476.97990116
INFO:root:7433.80592159, 12660.70688819, 5.71250653, -3629.88120399, 3471.24386383
INFO:root:7307.72032918, 12630.67784634, 6.59015809, -3511.92667310, 3464.95672024
INFO:root:7185.54378125, 12603.50102010, 7.35599175, -3397.13735087, 3458.84272990
INFO:root:7060.55892689, 12580.29599174, 7.68500226, -3278.78498866, 3453.20354641
INFO:root:6946.24728533, 12554.92279558, 7.92201609, -3171.84828646, 3446.75020682
INFO:root:6840.76581583, 12528.55701383, 8.47029301, -3073.72827104, 3440.24498967
INFO:root:6780.71602368, 12499.40583947, 9.70979683, -3021.18434449, 3433.23217773
INFO:root:6681.04191170, 12479.71715764, 9.23107243, -2927.89554551, 3427.45300526
INFO:root:6568.55843860, 12455.55580713, 9.71684475, -2822.17470086, 3420.83417875
INFO:root:6497.29397825, 12429.43369949, 10.06486222, -2758.39886542, 3413.96508789
INFO:root:6411.24675061, 12403.30436405, 10.32840027, -2679.92689684, 3406.90321302
INFO:root:6317.38347786, 12380.36010276, 10.80630978, -2592.46899083, 3400.16552890
INFO:root:6250.41598226, 12351.42222955, 11.27063157, -2533.71852536, 3392.55003794
INFO:root:6188.74989147, 12330.77017192, 11.18050118, -2478.33820351, 3385.66614469
INFO:root:6140.59367993, 12305.70162595, 10.77850412, -2438.10453253, 3378.11714551
INFO:root:6060.04657138, 12280.50799288, 11.27736870, -2364.61664751, 3370.45089974
INFO:root:5988.59740740, 12254.94105170, 11.08486436, -2301.03008057, 3362.52594888
INFO:root:5923.10327811, 12228.92938271, 11.44628386, -2242.97802930, 3354.41343271
INFO:root:5858.69091003, 12203.23345442, 11.59589085, -2186.12482879, 3346.28666619
INFO:root:5802.69307700, 12179.70685709, 11.41374895, -2137.36712128, 3337.99130890
INFO:root:5763.64520230, 12152.99229946, 11.51438403, -2106.23298251, 3329.32890874
INFO:root:5704.97997767, 12125.30793441, 11.92240505, -2055.46504466, 3320.45743089
INFO:root:5677.33476618, 12096.70762216, 11.98977999, -2036.33255181, 3311.25901921
INFO:root:5580.07495572, 12070.34718974, 11.84777278, -1947.12286793, 3302.11191437
INFO:root:5555.18963145, 12042.37117461, 12.26453311, -1930.21359922, 3292.70517143
INFO:root:5504.76996344, 12018.28858977, 11.94101639, -1887.34222906, 3283.58487541
INFO:root:5457.70354842, 11989.00574741, 12.25458941, -1848.74709409, 3273.68941891
INFO:root:5425.54471938, 11960.54156300, 12.47936266, -1824.90274305, 3263.75903631
INFO:root:5373.93051788, 11933.20754752, 12.48785235, -1781.48024171, 3253.99485439
INFO:root:5336.63910168, 11907.57821830, 12.49402061, -1751.87147068, 3244.16587256
INFO:root:5285.82950462, 11879.95270825, 12.30015608, -1709.54339824, 3233.93798206
INFO:root:5246.67975253, 11848.59652418, 12.85006989, -1679.25058442, 3223.29622500
INFO:root:5207.34208523, 11821.81531772, 12.98265381, -1647.81469327, 3213.10653861
INFO:root:5183.43450671, 11791.24034634, 12.78391969, -1633.27834691, 3202.39692756
INFO:root:5138.87727193, 11761.39561978, 13.06146110, -1597.39697579, 3191.70496772
INFO:root:5114.31218737, 11731.52880548, 13.01151084, -1581.84188389, 3180.83168914
INFO:root:5080.99864597, 11700.55918466, 13.10048216, -1557.73025300, 3169.94239525
INFO:root:5054.31218964, 11668.03579692, 13.30635359, -1540.59495269, 3158.73386339
INFO:root:5013.60781017, 11636.34664237, 13.40956939, -1509.29408946, 3147.59816630
INFO:root:4985.45247620, 11602.69837281, 13.74600039, -1490.89683235, 3136.22626393
INFO:root:4955.61131991, 11565.98898413, 13.95511356, -1471.85935901, 3124.35505667
INFO:root:4916.65413757, 11530.24972009, 14.18684143, -1443.39222910, 3112.62811318
INFO:root:4896.76955661, 11491.95527095, 14.47351748, -1434.70931763, 3100.50291569
INFO:root:4867.33855566, 11449.93049612, 15.20204328, -1417.15721205, 3087.99373787
INFO:root:4840.25990995, 11404.29206683, 15.32740978, -1403.64473777, 3074.85441599
INFO:root:4820.71621958, 11356.47951707, 15.92728221, -1397.84493767, 3061.44738536
INFO:root:4775.38729436, 11304.29451135, 16.76021936, -1367.33856731, 3047.37569199
INFO:root:4748.39355642, 11246.51307474, 17.29223678, -1357.14723252, 3032.49314074
INFO:root:4726.37268718, 11183.04242760, 18.33745415, -1353.12236840, 3016.69850499
INFO:root:4711.93720520, 11111.83166426, 19.15428746, -1359.23325137, 2999.57673324
INFO:root:4672.75139153, 11030.60505200, 20.59879349, -1342.97092060, 2980.85494470
INFO:root:4644.60024849, 10943.37365645, 22.00930197, -1339.57870969, 2961.21871579
INFO:root:4622.22319175, 10841.13396323, 23.67838348, -1346.20447067, 2938.81813078
INFO:root:4598.46747549, 10721.85374577, 25.95161438, -1355.95959612, 2913.61515196
INFO:root:4574.82791509, 10582.85152518, 28.48033887, -1371.49197293, 2884.76618170
INFO:root:4539.97868756, 10415.01508385, 31.80637293, -1383.66766173, 2850.33616609
INFO:root:4532.78489598, 10208.41018113, 35.70885263, -1434.55287997, 2808.34903246
INFO:root:4537.42233270, 9960.04499030, 40.41389191, -1508.99484091, 2757.51715360
INFO:root:4539.20303763, 9690.36382240, 45.99257684, -1586.10122632, 2700.41183413
INFO:root:4468.70926616, 9421.65834619, 52.46907814, -1589.74258902, 2640.70886775
INFO:root:4426.84048595, 9168.66123233, 59.64817868, -1616.59385105, 2583.12366422
INFO:root:4333.97464292, 8939.43491242, 67.15717240, -1584.98689194, 2530.57922908
INFO:root:4295.60988276, 8743.38395701, 74.51017722, -1598.08441439, 2485.13567221
INFO:root:4229.12834737, 8574.53968451, 81.60717098, -1575.15916974, 2446.37049195
INFO:root:4177.66312761, 8424.76006419, 88.91014867, -1561.32486222, 2411.82508802
INFO:root:4151.60317734, 8292.16068807, 95.61020869, -1568.34466663, 2380.44193807
INFO:root:4106.30248433, 8168.58131904, 101.86417165, -1553.86382272, 2351.02726755
INFO:root:4087.80865871, 8057.33128172, 108.25929921, -1562.34988116, 2324.51560167
INFO:root:4073.14868643, 7953.32873768, 113.74068796, -1573.40928089, 2298.27604685
INFO:root:4040.93001292, 7857.51809129, 119.24514197, -1564.42934115, 2274.20636414
INFO:root:4025.29252997, 7764.73734512, 124.60421345, -1571.26702116, 2250.97956527
INFO:root:3927.75765339, 7670.01432810, 129.70673832, -1497.04652306, 2226.54158943
INFO:root:3815.01737868, 7577.19102371, 134.54293619, -1407.31702942, 2202.69276846
INFO:root:3730.87035447, 7486.35769867, 139.22684416, -1345.73610979, 2179.53689011
INFO:root:3664.58199525, 7393.84686318, 143.51497820, -1302.91287111, 2156.52767808
INFO:root:3621.62915729, 7304.87066145, 147.72049251, -1282.44737827, 2134.30988754
INFO:root:3572.18461018, 7213.82610034, 151.43579490, -1256.60087927, 2112.71115521
INFO:root:3533.55055763, 7124.14958823, 155.23334323, -1241.07224261, 2091.12439898
INFO:root:3497.83536425, 7034.62636532, 158.73973900, -1228.70762116, 2069.95433948
INFO:root:3449.30356279, 6946.09156362, 162.34357700, -1203.13242332, 2049.54509682
INFO:root:3418.87143177, 6856.59886296, 165.30067249, -1196.59100905, 2029.11308532
INFO:root:3377.61605229, 6765.38002588, 168.45459674, -1179.54736480, 2008.41673327
INFO:root:3349.74429908, 6673.91771372, 171.16086680, -1176.40804747, 1988.05368061
INFO:root:3303.45608152, 6575.57821519, 173.95607519, -1156.82646307, 1964.59036469
INFO:root:3266.07767615, 6483.25544574, 176.32108769, -1144.77987746, 1943.30575037
INFO:root:3239.02398696, 6388.28369763, 178.80059814, -1143.73820325, 1919.91164053
INFO:root:3209.83416683, 6296.33369514, 180.86380763, -1140.07016684, 1896.88722491
INFO:root:3178.68528891, 6208.30703560, 182.67111789, -1133.52199382, 1874.48224382
INFO:root:3151.97865230, 6114.49960813, 184.66443590, -1132.96426044, 1848.47511865
INFO:root:3122.08370472, 6023.32462928, 186.67027098, -1128.41596611, 1823.33952963
INFO:root:3095.91948774, 5925.29753745, 188.34538736, -1129.98476737, 1793.98778675
INFO:root:3070.19309336, 5824.35747164, 190.23102788, -1132.65474773, 1763.08971935
INFO:root:3037.22416761, 5732.28851824, 191.94410404, -1125.59343263, 1735.36145408
INFO:root:3019.16665576, 5645.41643859, 193.82032445, -1131.72133159, 1709.03374428
INFO:root:2991.86460393, 5559.30066618, 195.70372262, -1128.37060948, 1682.37846695
INFO:root:2967.34730452, 5479.44489264, 197.67307374, -1125.84069095, 1657.65904207
INFO:root:2942.51130895, 5401.59418230, 199.30126768, -1122.73170962, 1633.60731458
INFO:root:2925.36671603, 5330.61601500, 201.08491915, -1125.09691887, 1611.24698323
INFO:root:2897.38786004, 5252.70240346, 202.87668721, -1118.70038258, 1586.70058485
INFO:root:2882.96742234, 5179.61697291, 204.40320475, -1124.67905883, 1563.35153606
INFO:root:2867.49135860, 5106.85839222, 206.24597877, -1129.18778839, 1540.29759576
INFO:root:2849.63980547, 5040.82387042, 207.88629597, -1129.50630020, 1519.47946731
INFO:root:2841.64552919, 4975.56103205, 209.50645661, -1139.47071439, 1498.83809278
INFO:root:2813.15663736, 4909.16980369, 211.25977340, -1129.14587262, 1477.68315445
INFO:root:2803.74569142, 4846.25043541, 212.67698815, -1137.19352619, 1457.49147374
INFO:root:2779.40913024, 4787.22334980, 214.13268635, -1129.10939008, 1439.35644453
INFO:root:2770.16924534, 4729.16264431, 215.62966870, -1135.79073874, 1420.67063564
INFO:root:2762.24841536, 4672.30733106, 217.21557899, -1143.34059166, 1402.76515771
INFO:root:2746.33154013, 4617.18322987, 218.25129457, -1142.92521860, 1385.23004811
INFO:root:2726.18731207, 4561.63336920, 219.67656295, -1138.02068920, 1367.92466007
INFO:root:2725.78857771, 4508.10231825, 220.91427515, -1152.44356114, 1350.89712738
INFO:root:2705.18295948, 4455.76481638, 222.52681795, -1145.92664370, 1334.14183093
INFO:root:2699.50018510, 4403.97828859, 223.61125047, -1154.69539419, 1317.71589340
INFO:root:2687.15033859, 4352.50201844, 224.69114879, -1156.70853503, 1301.56791697
INFO:root:2681.19666388, 4303.38068210, 225.90543613, -1164.27697992, 1286.33364849
INFO:root:2672.87187576, 4253.56687276, 227.21898462, -1169.58277439, 1270.69990374
INFO:root:2655.29164703, 4203.21422329, 228.33777691, -1165.98955333, 1255.03672373
INFO:root:2666.53762237, 4158.53514692, 229.20306912, -1189.77396527, 1240.73172677
INFO:root:2643.11812757, 4113.31937948, 230.44265776, -1178.67960358, 1226.44188131
INFO:root:2633.08280386, 4066.39656368, 231.30771797, -1181.85606641, 1212.33197371
INFO:root:2637.77812116, 4021.50013995, 232.56456878, -1198.76346029, 1198.48427470
INFO:root:2631.23351238, 3978.74928779, 233.53330070, -1204.07537923, 1185.46720118
INFO:root:2603.25675869, 3936.71894282, 234.55496498, -1187.68606754, 1172.52955734
INFO:root:2603.62517295, 3895.68612846, 235.67002937, -1199.24926093, 1159.97153896
INFO:root:2597.67171829, 3856.98252762, 236.67379634, -1203.90311850, 1148.27701719
INFO:root:2598.21624918, 3816.51773829, 237.66165093, -1215.59922729, 1136.02477716
INFO:root:2577.17447708, 3778.56823186, 238.64989972, -1204.95405309, 1124.53651146
INFO:root:2575.03684768, 3740.46008534, 239.51457963, -1213.38419370, 1113.00141120
INFO:root:2571.47273133, 3704.34400658, 240.49563035, -1219.67384412, 1102.15455657
INFO:root:2561.83147847, 3670.65736341, 241.04122439, -1219.59299196, 1092.38306830
INFO:root:2561.14014609, 3633.91814602, 242.31836832, -1228.64628070, 1081.32424285
INFO:root:2548.00325393, 3601.25318627, 242.97556601, -1224.65168366, 1071.83369669
INFO:root:2541.74193205, 3568.09614165, 243.73589301, -1227.57714957, 1061.91965791
INFO:root:2529.22273922, 3535.46794916, 244.47946575, -1224.10283974, 1052.23456433
INFO:root:2537.35773286, 3502.44456764, 245.31222787, -1241.31209178, 1042.54730769
INFO:root:2532.78950438, 3471.99254516, 245.80999056, -1245.38170323, 1033.64553230
INFO:root:2521.02355936, 3441.33926217, 246.55026031, -1242.07147701, 1024.54073844
INFO:root:2522.17971254, 3410.12781617, 247.21990112, -1251.92142420, 1015.32969909
INFO:root:2496.56962205, 3381.45033838, 247.77323272, -1234.36124569, 1006.94728312
INFO:root:2510.78397748, 3351.42344714, 248.48704247, -1256.86985744, 998.08553630
INFO:root:2491.14871459, 3324.20913521, 249.05880601, -1244.82713007, 990.15931614
INFO:root:2492.11095166, 3294.68804271, 249.66263031, -1254.04187075, 981.35683874
INFO:root:2481.38091883, 3268.65660455, 250.31096615, -1250.47292952, 973.79629575
INFO:root:2484.70269900, 3239.61630113, 251.03814299, -1261.77962506, 965.18652771
INFO:root:2470.03299861, 3214.59335969, 251.49531905, -1254.15963529, 957.93259775
INFO:root:2467.54927028, 3188.44666383, 251.88056032, -1259.13467362, 950.13523097
INFO:root:2469.63876080, 3161.80928885, 252.79328880, -1268.30264914, 942.35087751
INFO:root:2440.73278282, 3137.59693627, 253.06519157, -1246.38847223, 935.24977335
INFO:root:2440.46842866, 3112.26863555, 253.76793044, -1253.01987235, 927.72010327
INFO:root:2426.26127262, 3088.59250597, 254.31447684, -1245.36901483, 920.73534029
INFO:root:2430.75474669, 3065.44121032, 254.72380960, -1256.39853930, 914.04598902
INFO:root:2404.42616318, 3040.00040742, 255.47441334, -1236.95159734, 906.44761007
INFO:root:2400.65730998, 3017.34761115, 255.78979580, -1239.66318801, 899.84655373
INFO:root:2394.30767293, 2994.94372481, 256.29538080, -1239.52913569, 893.22931219
INFO:root:2381.47571109, 2969.40753290, 256.94145825, -1233.71196068, 885.68912190
INFO:root:2371.80807959, 2948.15045283, 257.52869070, -1229.83421818, 879.17607904
INFO:root:2369.12520863, 2925.62231290, 257.84242880, -1233.59604626, 872.67659220
INFO:root:2362.79673217, 2902.63126057, 258.40716154, -1233.60015309, 865.81361302
INFO:root:2340.81599221, 2879.98897324, 258.86268198, -1217.95657911, 859.08364577
INFO:root:2319.62929736, 2858.05729841, 259.35096167, -1202.86111432, 852.62954265
INFO:root:2316.15690481, 2836.81974180, 259.72777747, -1205.38316330, 846.32905841
INFO:root:2300.73473256, 2814.59282942, 260.31303182, -1196.04381693, 839.57817826
INFO:root:2294.11135818, 2793.15938495, 260.76957693, -1195.39393307, 833.28357322
INFO:root:2277.75905885, 2770.22694348, 261.34229138, -1185.34865069, 826.31071404
INFO:root:2261.61611866, 2750.07277568, 261.47715439, -1175.11710144, 820.30362969
INFO:root:2261.23106690, 2728.47202646, 262.03093530, -1180.65848638, 813.82597128
INFO:root:2239.83315174, 2706.49561324, 262.29153131, -1165.59289949, 807.36038383
INFO:root:2224.82131609, 2685.05272971, 262.72678098, -1156.57867218, 800.93737987
INFO:root:2216.10321572, 2661.98287750, 263.17979110, -1154.32852603, 793.82020870
INFO:root:2199.00734479, 2641.73293348, 263.43019561, -1143.05723267, 787.72933552
INFO:root:2192.70619644, 2618.64598365, 263.90936163, -1143.20300667, 780.91265442
INFO:root:2184.12855649, 2598.06594440, 264.21250128, -1140.49624199, 774.57771797
INFO:root:2162.47802970, 2576.42099018, 264.47975790, -1125.07194375, 768.02230816
INFO:root:2152.17393809, 2554.27239096, 264.89744714, -1120.99474315, 761.30822987
INFO:root:2136.44329202, 2531.14692756, 265.00357036, -1112.09561555, 754.21563798
INFO:root:2137.26178589, 2510.11635245, 265.43214154, -1118.79471066, 747.88795695
INFO:root:2111.95640272, 2487.65202341, 265.88213256, -1099.77863647, 741.10753306
INFO:root:2087.68137427, 2465.93263274, 265.90227844, -1081.99927802, 734.37444796
INFO:root:2081.20422845, 2442.54453934, 266.46812896, -1081.97271394, 727.11407548
INFO:root:2067.73702927, 2421.77747593, 266.55352394, -1074.65024349, 720.81520149
INFO:root:2044.54797181, 2399.21964415, 267.01467954, -1057.76737298, 713.86968722
INFO:root:2030.47446451, 2377.44951265, 267.33031410, -1049.90927158, 707.17980996
INFO:root:2024.71711688, 2354.47490328, 267.79414883, -1050.58047394, 700.19387409
INFO:root:2008.66883763, 2331.74832056, 267.93243447, -1041.21188530, 693.10740127
INFO:root:2005.92352050, 2309.38724124, 268.07617926, -1045.03114492, 686.44390442
INFO:root:1981.36140644, 2285.91489133, 268.64443581, -1026.94248057, 679.22155645
INFO:root:1967.44645420, 2263.11469633, 269.00236327, -1019.50965513, 672.22521623
INFO:root:1950.83618971, 2239.93482689, 269.04464877, -1009.81106888, 665.10745064
INFO:root:1948.33202439, 2217.08342456, 269.42007991, -1013.78689220, 658.27193223
INFO:root:1915.06062141, 2193.03059844, 269.83928277, -987.31213562, 650.87763851
INFO:root:1913.09980201, 2169.14130844, 270.01212947, -992.34525470, 643.62637660
INFO:root:1884.26137103, 2146.57797883, 270.34283331, -969.94511795, 636.75211407
INFO:root:1874.04476619, 2121.41707227, 270.78177521, -966.83784224, 629.00877701
INFO:root:1873.65914934, 2099.63182194, 270.96563624, -972.80394222, 622.43080052
INFO:root:1846.29769421, 2075.87442386, 271.42086850, -952.11447522, 615.23381635
INFO:root:1836.91870170, 2051.92001284, 271.73607679, -949.60659668, 607.92210048
INFO:root:1825.04380713, 2026.59866858, 272.35036240, -944.71382153, 600.21869557
INFO:root:1810.39030867, 2003.88247817, 272.43372690, -936.79181387, 593.28045499
INFO:root:1790.49025530, 1980.35893648, 272.85964966, -923.52289939, 586.25152549
INFO:root:1779.73256175, 1956.65441584, 273.41786962, -919.31834180, 579.11479547
INFO:root:1764.26053071, 1934.33137891, 273.69496417, -910.26612573, 572.29519789
INFO:root:1765.07215954, 1911.87710241, 274.04159002, -917.46741310, 565.59047743
INFO:root:1734.98049742, 1890.01934620, 274.49850892, -893.47616160, 558.98600001
INFO:root:1725.95158140, 1868.49965867, 275.09132531, -890.31033283, 552.50589864
INFO:root:1712.21164370, 1846.30751145, 275.40282834, -882.91653911, 545.85824760
INFO:root:1706.77979352, 1825.13959557, 275.96102828, -883.27686422, 539.56919851
INFO:root:1691.10799640, 1804.95876589, 276.46396749, -873.15637667, 533.57367215
INFO:root:1681.16571394, 1784.33912921, 276.86296130, -869.00098822, 527.48756166
INFO:root:1662.24878847, 1764.17202584, 277.29838533, -855.69877229, 521.52010234
INFO:root:1648.18439543, 1744.64679616, 277.77929474, -847.01103809, 515.85131933
INFO:root:1631.41104627, 1727.23858604, 278.39200743, -834.84744103, 510.67624193
INFO:root:1622.24995774, 1707.71514931, 278.99985869, -830.93553339, 504.90747595
INFO:root:1616.18137245, 1689.95802803, 279.31593391, -829.87801101, 499.77065943
INFO:root:1600.79579003, 1671.67289588, 280.04556216, -819.24833927, 494.36230313
INFO:root:1591.22810572, 1655.58642034, 280.44926598, -814.10289423, 489.85951670
INFO:root:1577.08967267, 1635.83673601, 281.21462060, -805.12401252, 483.85800521
INFO:root:1565.23634919, 1619.06466616, 281.56661424, -797.95031707, 479.03219371
INFO:root:1555.43639918, 1601.83310733, 282.13789475, -792.74855358, 473.91645862
INFO:root:1551.58535229, 1585.76418504, 282.59562809, -793.26044738, 469.32341907
INFO:root:1538.73006488, 1570.00092836, 283.33925400, -784.39051425, 464.69715736
INFO:root:1525.67241331, 1554.81914700, 283.79423455, -775.43242075, 460.29926023
INFO:root:1515.77045310, 1540.15542350, 284.24922656, -769.47458149, 456.06459133
INFO:root:1508.20146165, 1525.71262316, 284.81878390, -765.66887121, 451.81914020
INFO:root:1493.73958248, 1510.98991715, 285.37932164, -755.06326707, 447.58474926
INFO:root:1483.99681169, 1497.63636964, 286.02646904, -748.67941721, 443.69342702
INFO:root:1468.73263741, 1482.20399738, 286.44804100, -737.62337787, 439.11679699
INFO:root:1464.29789648, 1469.67834550, 286.90256806, -736.49180556, 435.56970118
INFO:root:1457.21724245, 1454.96129438, 287.53194646, -733.19688781, 431.15409589
INFO:root:1443.37604144, 1441.87157426, 288.05275576, -722.76179412, 427.39602467
INFO:root:1439.05142051, 1429.77060578, 288.67006436, -721.45015541, 423.96860460
INFO:root:1428.90768442, 1416.61956282, 289.07289814, -714.84890135, 420.07821655
INFO:root:1415.75196064, 1403.60042732, 289.68577566, -704.98604329, 416.30054391
INFO:root:1414.39490225, 1391.69112246, 290.26768970, -706.61985567, 412.85057350
INFO:root:1407.96455966, 1378.81867816, 290.84455279, -703.47438788, 409.06974258
INFO:root:1394.50486744, 1367.31243702, 291.36931887, -692.94179946, 405.76907679
INFO:root:1392.83807951, 1354.74518872, 291.86087833, -694.55362497, 402.04584343
INFO:root:1377.83227821, 1343.92412514, 292.24437330, -682.41065046, 398.94113567
INFO:root:1369.73946694, 1333.03247537, 292.86922635, -676.96048146, 395.77586919
INFO:root:1361.00422962, 1320.97464981, 293.37721884, -671.33459698, 392.20137131
INFO:root:1350.29705262, 1310.84232792, 294.01401729, -663.03031499, 389.29250438
INFO:root:1342.22803092, 1300.09062593, 294.51399182, -657.68683647, 386.03615167
INFO:root:1336.29989042, 1289.71916519, 295.16078779, -654.22333523, 383.16211812
INFO:root:1328.57387748, 1279.02807384, 295.40667861, -649.45875973, 379.99810130
INFO:root:1318.80526356, 1268.74959025, 295.84578826, -642.33457948, 377.01589383
INFO:root:1313.29538778, 1259.42367651, 296.50848019, -638.95979200, 374.30746227
INFO:root:1301.97000378, 1249.03177405, 296.99040135, -630.27005649, 371.23885681
INFO:root:1300.45457250, 1239.80522554, 297.49267967, -631.02031280, 368.55187911
INFO:root:1289.63968580, 1229.60391838, 298.13082419, -622.62767820, 365.53513429
INFO:root:1287.53940369, 1219.68781178, 298.55099118, -623.08205482, 362.63037965
INFO:root:1277.11795380, 1210.70848987, 299.06980731, -614.83558806, 359.99815145
INFO:root:1270.85863453, 1202.37012030, 299.54998468, -610.59760155, 357.57181836
INFO:root:1267.73271980, 1195.69410501, 300.00940544, -609.01507232, 355.80813404
INFO:root:1251.06456676, 1184.75797889, 300.64219909, -594.99495986, 352.43072685
INFO:root:1245.91169979, 1175.94073059, 300.96114607, -592.16832463, 349.80711549
INFO:root:1239.89770201, 1167.76888436, 301.38486806, -588.18215850, 347.45916029
INFO:root:1229.88870581, 1159.18968094, 302.00938270, -580.12240903, 344.95036190
INFO:root:1227.25462042, 1152.76998377, 302.29694984, -579.12666236, 343.16455020
INFO:root:1218.87605163, 1143.86908464, 303.00892493, -572.70638945, 340.47540575
INFO:root:1216.52867362, 1134.84128527, 303.42611539, -572.65016158, 337.73888441
INFO:root:1204.54922153, 1127.63487059, 303.78908155, -562.46966434, 335.71895585
INFO:root:1205.69371169, 1119.78857111, 304.23267457, -565.52445460, 333.40402766
INFO:root:1195.53587688, 1113.35961370, 304.58363605, -556.94434242, 331.55492134
INFO:root:1188.81214918, 1105.58231971, 305.35153723, -551.78589979, 329.25651910
INFO:root:1185.52872680, 1097.71588951, 305.67962063, -550.53432571, 326.93688926
INFO:root:1179.53548924, 1091.30378247, 306.02181832, -546.12252304, 325.11253172
INFO:root:1168.93919563, 1084.16885357, 306.72688459, -536.96164646, 322.96194244
INFO:root:1165.32511775, 1077.37325758, 306.91107275, -535.20205299, 320.93838462
INFO:root:1159.46601464, 1070.75531900, 307.44070571, -530.79869978, 319.01442043
INFO:root:1156.34187885, 1062.38305042, 307.94263803, -529.68431446, 316.56436371
INFO:root:1148.24453957, 1056.11320777, 308.18286910, -523.22769659, 314.68285297
INFO:root:1137.60157897, 1051.14225546, 308.67405749, -513.58483201, 313.25429015
INFO:root:1140.00465783, 1044.31187215, 309.06491050, -517.64617619, 311.25686743
INFO:root:Finished training.
INFO:root:Saved model. Final Checkpoint saves/BouncingBall/kvae/v2/finetuned1/scale=0.3/kvae_state_dict_scale=0.3_299.pth
