INFO:root:Namespace(K=3, a_dim=2, batch_size=32, clip=150, device=device(type='cuda'), epochs=20, initial='True', learning_rate=0.0001, model='KVAE', save_every=10, scale=0.3, subdirectory='finetuned0', x_dim=1, z_dim=4)
INFO:root:Starting KVAE training for 20 epochs.
INFO:root:Train Loss, Reconstruction Loss, log q(a), ELBO_KF, MSE
INFO:root:8045.35584123, 7601.66815229, -8.80391916, -5773.65920630, 2120.04970253
INFO:root:6004.92481452, 7314.27388596, 17.09526106, -3793.54730039, 2542.14305558
INFO:root:5073.34727919, 7247.52449198, 18.05458635, -2881.03524280, 2605.75876049
INFO:root:4630.36422798, 7233.20859652, 18.07603439, -2442.32552130, 2940.51487743
INFO:root:4669.46691866, 7211.50974831, 18.14042649, -2487.87346128, 3089.23004107
INFO:root:4853.80104241, 7199.23964913, 18.15521174, -2675.87384349, 3093.59973534
INFO:root:4437.64054169, 7188.47769836, 18.17624912, -2262.92087703, 2765.65552234
INFO:root:4117.12934494, 7162.51036992, 18.19239411, -1950.18375064, 2932.22377133
INFO:root:3831.35383909, 7149.79227962, 18.23449543, -1668.18155372, 3329.98537321
INFO:root:3607.99218588, 7135.27710654, 18.19382007, -1449.21513778, 3414.78507227
INFO:root:3417.07501049, 7091.43564903, 18.24554975, -1271.39867170, 3335.93869993
INFO:root:3268.41654829, 7086.65152475, 18.20881411, -1124.21219177, 3367.38069705
INFO:root:3143.67766045, 7077.65786722, 18.20716975, -1002.17304428, 3263.69189280
INFO:root:3028.98926208, 7062.58321213, 18.22883289, -891.98537617, 3200.98889809
INFO:root:2930.42947879, 7057.90216541, 18.19925612, -794.85947753, 3146.67164861
INFO:root:2836.49188675, 7035.66970544, 18.21742539, -707.57347041, 3280.32554204
INFO:root:2766.29695419, 7023.32127867, 18.24881808, -641.05166126, 3073.12684404
INFO:root:2694.29399025, 7014.25150121, 18.21614349, -571.80231094, 2867.86445044
INFO:root:2629.66218387, 7005.48028521, 18.23469261, -509.78330922, 2738.73305041
INFO:root:2578.73251205, 7008.46588438, 18.20298334, -457.98967740, 2764.72747413
INFO:root:Finished training.
INFO:root:Saved model. Final Checkpoint saves/kvae/finetuned0/scale=0.3/kvae_state_dict_scale=0.3_19.pth
