INFO:root:Namespace(batch_size=50, beta=2.5, clip=10, device=device(type='cuda'), epochs=1000, hdim=1024, learning_rate=0.001, model='VRNN', nlayers=3, save_every=100, version='v0', xdim=64, zdim=32)
INFO:root:Starting VRNN training for 1000 epochs.
INFO:root:Train Loss, KLD, Reconstruction Loss
INFO:root:371724.626, 250.572, 371098.193
INFO:root:336959.362, 250.220, 336333.811
INFO:root:270390.741, 4406.623, 259374.185
INFO:root:217652.190, 5711.551, 203373.312
INFO:root:209441.659, 5739.233, 195093.576
INFO:root:205465.466, 5797.243, 190972.358
INFO:root:201958.544, 5818.955, 187411.157
INFO:root:199594.107, 5827.204, 185026.097
INFO:root:197498.160, 5838.674, 182901.475
INFO:root:194944.554, 5839.485, 180345.840
INFO:root:193661.683, 5827.057, 179094.040
INFO:root:191973.097, 5825.257, 177409.954
INFO:root:190860.630, 5771.230, 176432.555
INFO:root:189443.074, 5642.488, 175336.853
INFO:root:187754.253, 5543.065, 173896.591
INFO:root:186529.379, 5511.272, 172751.199
INFO:root:184692.751, 5457.313, 171049.467
INFO:root:183799.512, 5423.781, 170240.060
INFO:root:182185.663, 5330.848, 168858.544
INFO:root:180578.322, 5233.142, 167495.468
INFO:root:179452.931, 5147.476, 166584.242
INFO:root:178172.986, 5120.874, 165370.800
INFO:root:176901.354, 5086.525, 164185.041
INFO:root:176094.063, 5072.397, 163413.070
INFO:root:174791.720, 5072.606, 162110.206
INFO:root:173954.767, 5022.519, 161398.470
INFO:root:172952.715, 4991.742, 160473.360
INFO:root:171943.013, 4918.825, 159645.952
INFO:root:170570.150, 4879.259, 158372.002
INFO:root:169461.595, 4791.725, 157482.283
INFO:root:167941.372, 4695.318, 156203.076
INFO:root:167352.225, 4577.191, 155909.247
INFO:root:166253.362, 4485.249, 155040.241
INFO:root:164897.331, 4401.625, 153893.268
INFO:root:163991.825, 4310.962, 153214.422
INFO:root:162558.330, 4270.287, 151882.611
INFO:root:161756.479, 4234.334, 151170.644
INFO:root:161188.724, 4200.583, 150687.266
INFO:root:159788.033, 4185.374, 149324.599
INFO:root:158911.263, 4152.293, 148530.529
INFO:root:157958.693, 4113.708, 147674.422
INFO:root:157465.107, 4100.933, 147212.774
INFO:root:156416.784, 4080.303, 146216.027
INFO:root:155763.690, 4063.012, 145606.161
INFO:root:154542.040, 4058.167, 144396.621
INFO:root:154155.541, 4041.700, 144051.291
INFO:root:153435.699, 4038.341, 143339.847
INFO:root:152147.176, 3996.802, 142155.170
INFO:root:151656.616, 4023.956, 141596.726
INFO:root:150469.132, 3990.794, 140492.148
INFO:root:149879.646, 3976.625, 139938.083
INFO:root:149451.761, 3979.167, 139503.844
INFO:root:148694.747, 3964.020, 138784.696
INFO:root:147892.610, 3955.293, 138004.377
INFO:root:147294.504, 3947.810, 137424.979
INFO:root:146448.545, 3944.878, 136586.350
INFO:root:145863.234, 3955.877, 135973.542
INFO:root:145020.232, 3938.520, 135173.932
INFO:root:144513.244, 3916.060, 134723.093
INFO:root:143597.986, 3914.459, 133811.839
INFO:root:143234.882, 3920.646, 133433.266
INFO:root:142456.569, 3900.569, 132705.146
INFO:root:141732.692, 3916.845, 131940.578
INFO:root:141109.671, 3902.476, 131353.481
INFO:root:140647.559, 3895.949, 130907.687
INFO:root:140032.298, 3900.806, 130280.283
INFO:root:139521.017, 3896.263, 129780.359
INFO:root:138949.672, 3884.409, 129238.649
INFO:root:138438.341, 3888.853, 128716.208
INFO:root:137827.343, 3902.009, 128072.321
INFO:root:137157.646, 3867.248, 127489.527
INFO:root:136965.241, 3873.522, 127281.436
INFO:root:136689.906, 3877.368, 126996.486
INFO:root:135788.265, 3857.793, 126143.784
INFO:root:134931.462, 3863.804, 125271.953
INFO:root:134675.785, 3848.148, 125055.414
INFO:root:134016.976, 3830.005, 124441.963
INFO:root:133552.458, 3842.632, 123945.877
INFO:root:133128.086, 3836.612, 123536.556
INFO:root:132799.772, 3833.633, 123215.690
INFO:root:132677.827, 3833.310, 123094.551
INFO:root:131771.394, 3822.872, 122214.212
INFO:root:131635.661, 3813.647, 122101.544
INFO:root:130670.230, 3809.157, 121147.336
INFO:root:130430.572, 3803.450, 120921.946
INFO:root:130055.154, 3813.825, 120520.592
INFO:root:130078.102, 3801.812, 120573.571
INFO:root:129208.503, 3805.707, 119694.235
INFO:root:128871.607, 3798.866, 119374.441
INFO:root:128584.900, 3798.217, 119089.358
INFO:root:128413.614, 3793.744, 118929.254
INFO:root:127729.307, 3792.274, 118248.621
INFO:root:127410.179, 3780.953, 117957.795
INFO:root:126618.962, 3751.829, 117239.390
INFO:root:126518.545, 3774.262, 117082.888
INFO:root:126608.789, 3772.771, 117176.861
INFO:root:126176.009, 3745.081, 116813.306
INFO:root:125652.691, 3754.355, 116266.804
INFO:root:125062.986, 3743.689, 115703.764
INFO:root:124921.263, 3758.930, 115523.938
INFO:root:124911.578, 3753.027, 115529.010
INFO:root:124308.276, 3735.822, 114968.721
INFO:root:123866.681, 3726.502, 114550.427
INFO:root:123620.943, 3728.741, 114299.090
INFO:root:123119.638, 3715.145, 113831.776
INFO:root:122924.803, 3715.831, 113635.224
INFO:root:122566.794, 3715.366, 113278.379
INFO:root:122468.641, 3711.984, 113188.681
INFO:root:121953.102, 3705.427, 112689.535
INFO:root:122102.095, 3718.902, 112804.839
INFO:root:121367.297, 3693.483, 112133.590
INFO:root:121582.718, 3697.488, 112338.997
INFO:root:120826.668, 3684.022, 111616.613
INFO:root:120457.945, 3675.595, 111268.957
INFO:root:120155.323, 3661.854, 111000.689
INFO:root:120043.744, 3671.583, 110864.786
INFO:root:119946.085, 3667.688, 110776.865
INFO:root:119226.518, 3667.894, 110056.784
INFO:root:119511.036, 3658.903, 110363.777
INFO:root:119174.212, 3652.837, 110042.119
INFO:root:119124.875, 3650.533, 109998.542
INFO:root:118620.940, 3649.110, 109498.165
INFO:root:118262.971, 3646.789, 109145.999
INFO:root:118261.744, 3644.377, 109150.801
INFO:root:117871.695, 3635.055, 108784.058
INFO:root:117503.812, 3631.033, 108426.228
INFO:root:117660.774, 3616.496, 108619.533
INFO:root:117274.293, 3614.431, 108238.216
INFO:root:116964.739, 3622.821, 107907.685
INFO:root:116385.353, 3607.216, 107367.313
INFO:root:116445.550, 3618.447, 107399.432
INFO:root:116308.203, 3605.216, 107295.164
INFO:root:115953.725, 3596.455, 106962.588
INFO:root:115784.985, 3593.842, 106800.381
INFO:root:115949.300, 3601.467, 106945.634
INFO:root:115135.623, 3579.057, 106187.981
INFO:root:115474.761, 3582.642, 106518.156
INFO:root:114965.612, 3580.003, 106015.605
INFO:root:114845.726, 3573.903, 105910.968
INFO:root:114445.189, 3558.571, 105548.762
INFO:root:114590.207, 3564.711, 105678.431
INFO:root:114296.449, 3560.399, 105395.451
INFO:root:114043.017, 3544.422, 105181.963
INFO:root:113763.373, 3560.217, 104862.831
INFO:root:113954.867, 3542.619, 105098.319
INFO:root:113839.905, 3534.487, 105003.686
INFO:root:113242.697, 3538.129, 104397.374
INFO:root:112868.210, 3522.383, 104062.253
INFO:root:113165.933, 3534.510, 104329.658
INFO:root:112588.217, 3526.791, 103771.240
INFO:root:112673.368, 3527.423, 103854.811
INFO:root:112822.717, 3534.734, 103985.882
INFO:root:112066.844, 3518.474, 103270.658
INFO:root:112249.126, 3503.693, 103489.892
INFO:root:111765.937, 3486.923, 103048.629
INFO:root:111625.468, 3486.792, 102908.488
INFO:root:111381.962, 3491.781, 102652.510
INFO:root:111477.844, 3493.018, 102745.299
INFO:root:111205.181, 3483.394, 102496.696
INFO:root:111578.879, 3480.080, 102878.681
INFO:root:111067.689, 3480.041, 102367.587
INFO:root:110961.696, 3485.740, 102247.345
INFO:root:110578.658, 3464.364, 101917.748
INFO:root:110418.593, 3464.563, 101757.186
INFO:root:109943.563, 3451.758, 101314.168
INFO:root:109948.206, 3446.716, 101331.415
INFO:root:110088.880, 3450.857, 101461.737
INFO:root:110255.558, 3471.031, 101577.980
INFO:root:109903.172, 3452.176, 101272.732
INFO:root:109699.664, 3447.224, 101081.605
INFO:root:109237.392, 3436.936, 100645.051
INFO:root:109342.100, 3429.812, 100767.570
INFO:root:109385.127, 3430.174, 100809.692
INFO:root:108824.837, 3415.682, 100285.633
INFO:root:108591.672, 3403.991, 100081.694
INFO:root:108997.107, 3409.744, 100472.746
INFO:root:108301.994, 3413.858, 99767.348
INFO:root:108508.139, 3405.478, 99994.443
INFO:root:108326.303, 3395.589, 99837.330
INFO:root:108516.733, 3395.528, 100027.914
INFO:root:108643.760, 3408.311, 100122.984
INFO:root:108098.364, 3387.569, 99629.441
INFO:root:107897.507, 3380.894, 99445.272
INFO:root:107637.269, 3379.901, 99187.516
INFO:root:107756.352, 3376.450, 99315.228
INFO:root:107356.428, 3379.797, 98906.935
INFO:root:107272.902, 3370.979, 98845.453
INFO:root:107634.405, 3379.058, 99186.761
INFO:root:107184.676, 3365.419, 98771.128
INFO:root:106799.413, 3355.718, 98410.119
INFO:root:106491.483, 3351.060, 98113.833
INFO:root:106766.188, 3348.161, 98395.786
INFO:root:106585.634, 3343.996, 98225.645
INFO:root:106130.500, 3335.365, 97792.086
INFO:root:106287.069, 3332.821, 97955.016
INFO:root:106512.946, 3354.374, 98127.012
INFO:root:106327.189, 3334.408, 97991.169
INFO:root:106259.243, 3331.101, 97931.491
INFO:root:105886.714, 3331.384, 97558.254
INFO:root:105933.955, 3322.713, 97627.172
INFO:root:106387.078, 3341.582, 98033.124
INFO:root:105774.261, 3323.402, 97465.756
INFO:root:105530.246, 3306.459, 97264.098
INFO:root:105676.106, 3303.014, 97418.572
INFO:root:104987.769, 3295.155, 96749.882
INFO:root:105016.835, 3302.889, 96759.612
INFO:root:104967.509, 3295.862, 96727.855
INFO:root:104588.128, 3282.243, 96382.520
INFO:root:104760.875, 3281.359, 96557.476
INFO:root:104869.619, 3288.827, 96647.551
INFO:root:104637.294, 3289.783, 96412.836
INFO:root:104527.293, 3285.442, 96313.687
INFO:root:104559.379, 3282.774, 96352.443
INFO:root:104540.819, 3285.889, 96326.097
INFO:root:104548.595, 3282.145, 96343.233
INFO:root:104491.564, 3265.924, 96326.752
INFO:root:104406.630, 3277.189, 96213.658
INFO:root:103776.830, 3240.881, 95674.628
INFO:root:104193.774, 3258.467, 96047.605
INFO:root:103838.602, 3247.015, 95721.065
INFO:root:103345.460, 3232.969, 95263.038
INFO:root:103370.822, 3236.325, 95280.009
INFO:root:103454.427, 3232.102, 95374.172
INFO:root:103506.509, 3244.093, 95396.276
INFO:root:103146.570, 3227.895, 95076.833
INFO:root:102928.174, 3217.356, 94884.784
INFO:root:102935.575, 3210.821, 94908.523
INFO:root:103152.571, 3221.452, 95098.941
INFO:root:102958.256, 3214.438, 94922.161
INFO:root:102892.712, 3220.663, 94841.055
INFO:root:102449.422, 3211.873, 94419.739
INFO:root:102824.692, 3214.131, 94789.364
INFO:root:102948.113, 3228.513, 94876.830
INFO:root:102542.366, 3210.740, 94515.517
INFO:root:103106.398, 3228.379, 95035.451
INFO:root:102529.428, 3198.026, 94534.362
INFO:root:101973.923, 3191.326, 93995.608
INFO:root:102298.736, 3192.855, 94316.600
INFO:root:102153.546, 3194.885, 94166.334
INFO:root:102090.217, 3191.674, 94111.033
INFO:root:101876.432, 3183.978, 93916.486
INFO:root:101539.050, 3155.998, 93649.055
INFO:root:101773.925, 3179.508, 93825.156
INFO:root:101940.770, 3175.922, 94000.966
INFO:root:101441.175, 3169.591, 93517.198
INFO:root:101390.978, 3164.329, 93480.155
INFO:root:101214.222, 3159.491, 93315.495
INFO:root:101544.857, 3169.641, 93620.753
INFO:root:101138.014, 3169.849, 93213.393
INFO:root:100941.131, 3147.615, 93072.092
INFO:root:101283.148, 3150.970, 93405.724
INFO:root:100949.606, 3149.516, 93075.816
INFO:root:101139.107, 3141.866, 93284.442
INFO:root:100849.474, 3132.328, 93018.654
INFO:root:100943.746, 3154.167, 93058.329
INFO:root:100840.315, 3147.329, 92971.993
INFO:root:100359.255, 3130.076, 92534.065
INFO:root:100521.937, 3131.047, 92694.320
INFO:root:100502.821, 3106.120, 92737.520
INFO:root:100414.602, 3125.490, 92600.877
INFO:root:100253.912, 3127.815, 92434.373
INFO:root:100195.310, 3132.388, 92364.339
INFO:root:99996.911, 3112.231, 92216.334
INFO:root:99769.819, 3101.302, 92016.564
INFO:root:99908.262, 3101.942, 92153.407
INFO:root:100507.837, 3120.558, 92706.442
INFO:root:99982.376, 3102.920, 92225.076
INFO:root:99686.957, 3089.223, 91963.901
INFO:root:99894.659, 3101.102, 92141.903
INFO:root:99766.063, 3099.018, 92018.518
INFO:root:99513.920, 3091.233, 91785.839
INFO:root:99887.711, 3103.027, 92130.143
INFO:root:99785.224, 3086.303, 92069.467
INFO:root:99605.468, 3093.650, 91871.343
INFO:root:98806.329, 3063.440, 91147.728
INFO:root:99131.210, 3077.915, 91436.422
INFO:root:99254.197, 3068.234, 91583.613
INFO:root:98951.126, 3065.181, 91288.173
INFO:root:99214.637, 3074.988, 91527.166
INFO:root:98683.756, 3049.110, 91060.981
INFO:root:98925.782, 3071.336, 91247.442
INFO:root:98513.051, 3048.440, 90891.952
INFO:root:98667.210, 3047.692, 91047.981
INFO:root:99057.243, 3063.539, 91398.396
INFO:root:99063.909, 3071.849, 91384.288
INFO:root:98545.625, 3057.013, 90903.094
INFO:root:98699.708, 3059.359, 91051.310
INFO:root:98561.300, 3045.985, 90946.337
INFO:root:98635.046, 3045.616, 91021.006
INFO:root:98191.662, 3038.967, 90594.244
INFO:root:98291.706, 3047.320, 90673.405
INFO:root:98522.722, 3052.029, 90892.649
INFO:root:97984.106, 3027.841, 90414.504
INFO:root:97896.490, 3034.328, 90310.671
INFO:root:97984.134, 3032.958, 90401.738
INFO:root:97995.365, 3027.974, 90425.429
INFO:root:98221.446, 3034.653, 90634.814
INFO:root:98199.554, 3021.712, 90645.274
INFO:root:97692.498, 3022.729, 90135.676
INFO:root:97468.854, 3011.666, 89939.690
INFO:root:97721.544, 3015.319, 90183.246
INFO:root:97698.213, 3022.796, 90141.223
INFO:root:97483.620, 2998.620, 89987.069
INFO:root:98038.541, 3019.528, 90489.721
INFO:root:97463.473, 3009.869, 89938.801
INFO:root:96955.307, 2992.206, 89474.791
INFO:root:96822.933, 2986.390, 89356.957
INFO:root:97203.316, 2983.033, 89745.735
INFO:root:97420.361, 3002.797, 89913.368
INFO:root:96821.141, 2980.227, 89370.572
INFO:root:96988.216, 2983.400, 89529.717
INFO:root:97155.933, 2986.417, 89689.890
INFO:root:97251.375, 2988.024, 89781.316
INFO:root:96900.009, 2971.752, 89470.628
INFO:root:96718.152, 2964.428, 89307.083
INFO:root:96914.393, 2981.585, 89460.430
INFO:root:96524.599, 2958.985, 89127.136
INFO:root:96382.600, 2955.033, 88995.018
INFO:root:96595.731, 2957.329, 89202.409
INFO:root:96734.217, 2969.444, 89310.608
INFO:root:96972.732, 2991.371, 89494.304
INFO:root:96915.661, 2982.196, 89460.171
INFO:root:96845.874, 2976.471, 89404.695
INFO:root:96538.714, 2964.141, 89128.361
INFO:root:96055.616, 2947.196, 88687.627
INFO:root:96116.500, 2948.847, 88744.382
INFO:root:96324.719, 2962.790, 88917.744
INFO:root:95848.881, 2930.130, 88523.557
INFO:root:95985.859, 2928.176, 88665.420
INFO:root:96255.605, 2946.597, 88889.112
INFO:root:96237.017, 2935.581, 88898.065
INFO:root:95943.643, 2945.021, 88581.090
INFO:root:96063.975, 2935.883, 88724.269
INFO:root:96009.301, 2937.032, 88666.720
INFO:root:95853.185, 2932.385, 88522.222
INFO:root:95666.906, 2934.896, 88329.667
INFO:root:95555.375, 2914.410, 88269.351
INFO:root:95876.445, 2921.273, 88573.261
INFO:root:95420.877, 2915.609, 88131.854
INFO:root:95406.875, 2920.394, 88105.891
INFO:root:95760.112, 2925.717, 88445.821
INFO:root:95477.536, 2919.234, 88179.452
INFO:root:95206.742, 2911.436, 87928.152
INFO:root:95327.993, 2907.871, 88058.315
INFO:root:95430.115, 2917.317, 88136.822
INFO:root:95296.402, 2891.471, 88067.724
INFO:root:95375.305, 2910.202, 88099.799
INFO:root:95411.176, 2920.249, 88110.552
INFO:root:95286.596, 2913.472, 88002.916
INFO:root:94919.922, 2886.427, 87703.855
INFO:root:94786.008, 2892.053, 87555.875
INFO:root:95016.683, 2901.209, 87763.660
INFO:root:94796.726, 2884.794, 87584.741
INFO:root:95017.587, 2887.801, 87798.085
INFO:root:95111.231, 2889.334, 87887.897
INFO:root:94732.553, 2878.992, 87535.074
INFO:root:94839.591, 2887.435, 87621.004
INFO:root:94761.789, 2885.913, 87547.006
INFO:root:94428.342, 2872.870, 87246.166
INFO:root:94615.540, 2876.242, 87424.934
INFO:root:94758.125, 2890.403, 87532.117
INFO:root:95015.482, 2895.376, 87777.042
INFO:root:94566.471, 2880.665, 87364.808
INFO:root:94651.108, 2875.992, 87461.128
INFO:root:94017.641, 2858.163, 86872.234
INFO:root:94112.840, 2857.202, 86969.835
INFO:root:94083.503, 2860.791, 86931.525
INFO:root:94293.938, 2871.994, 87113.954
INFO:root:94259.484, 2866.408, 87093.465
INFO:root:94300.076, 2856.652, 87158.445
INFO:root:94506.063, 2874.517, 87319.770
INFO:root:94098.953, 2859.571, 86950.025
INFO:root:94238.850, 2861.843, 87084.242
INFO:root:93867.398, 2836.611, 86775.870
INFO:root:94119.178, 2854.672, 86982.497
INFO:root:93634.280, 2834.805, 86547.267
INFO:root:93827.117, 2842.921, 86719.813
INFO:root:93752.611, 2828.538, 86681.266
INFO:root:93631.442, 2842.664, 86524.782
INFO:root:93657.188, 2827.777, 86587.745
INFO:root:93720.198, 2828.936, 86647.859
INFO:root:94029.947, 2855.547, 86891.080
INFO:root:93686.706, 2829.790, 86612.232
INFO:root:93449.106, 2821.289, 86395.884
INFO:root:93381.020, 2824.269, 86320.347
INFO:root:93745.294, 2836.330, 86654.468
INFO:root:93574.076, 2828.355, 86503.188
INFO:root:93472.190, 2830.436, 86396.100
INFO:root:93307.606, 2828.125, 86237.292
INFO:root:93235.126, 2821.420, 86181.577
INFO:root:93630.320, 2835.298, 86542.075
INFO:root:93110.101, 2812.462, 86078.947
INFO:root:92929.878, 2801.601, 85925.876
INFO:root:93283.837, 2816.940, 86241.487
INFO:root:93498.787, 2820.078, 86448.592
INFO:root:93170.998, 2817.533, 86127.166
INFO:root:92971.467, 2810.436, 85945.377
INFO:root:92848.780, 2793.418, 85865.234
INFO:root:93135.592, 2806.123, 86120.286
INFO:root:92699.968, 2787.021, 85732.416
INFO:root:92795.857, 2794.586, 85809.391
INFO:root:93053.592, 2801.922, 86048.786
INFO:root:93021.713, 2797.026, 86029.147
INFO:root:92707.930, 2789.421, 85734.377
INFO:root:92745.630, 2792.988, 85763.161
INFO:root:92733.159, 2801.775, 85728.721
INFO:root:92620.587, 2781.983, 85665.630
INFO:root:93074.039, 2805.079, 86061.341
INFO:root:92636.941, 2788.559, 85665.545
INFO:root:92397.443, 2784.228, 85436.872
INFO:root:92689.263, 2796.783, 85697.307
INFO:root:92503.451, 2774.995, 85565.962
INFO:root:92489.317, 2784.494, 85528.081
INFO:root:92290.566, 2768.107, 85370.300
INFO:root:92487.966, 2773.039, 85555.369
INFO:root:92675.033, 2779.558, 85726.139
INFO:root:92460.434, 2775.026, 85522.869
INFO:root:92084.380, 2764.041, 85174.279
INFO:root:92704.360, 2799.793, 85704.879
INFO:root:92247.903, 2761.374, 85344.469
INFO:root:91917.112, 2750.722, 85040.308
INFO:root:92103.921, 2765.590, 85189.945
INFO:root:92586.184, 2782.266, 85630.518
INFO:root:92415.378, 2774.878, 85478.183
INFO:root:92125.687, 2758.649, 85229.064
INFO:root:91873.114, 2756.525, 84981.800
INFO:root:91962.823, 2752.096, 85082.584
INFO:root:91829.048, 2753.722, 84944.743
INFO:root:91823.654, 2744.513, 84962.371
INFO:root:92127.424, 2767.697, 85208.182
INFO:root:92071.095, 2766.455, 85154.958
INFO:root:91417.938, 2744.670, 84556.263
INFO:root:91592.503, 2748.413, 84721.471
INFO:root:91719.011, 2743.044, 84861.400
INFO:root:91584.930, 2735.046, 84747.315
INFO:root:91954.589, 2757.905, 85059.827
INFO:root:91802.425, 2751.712, 84923.143
INFO:root:91514.726, 2744.247, 84654.110
INFO:root:91330.961, 2729.833, 84506.379
INFO:root:91663.793, 2743.448, 84805.172
INFO:root:91329.704, 2729.207, 84506.685
INFO:root:91708.333, 2739.833, 84858.749
INFO:root:91619.958, 2740.806, 84767.942
INFO:root:91647.476, 2747.858, 84777.832
INFO:root:91264.434, 2728.216, 84443.893
INFO:root:91224.102, 2732.820, 84392.052
INFO:root:91262.110, 2728.883, 84439.902
INFO:root:91331.573, 2723.627, 84522.506
INFO:root:91621.775, 2741.812, 84767.245
INFO:root:91425.919, 2735.351, 84587.541
INFO:root:91045.113, 2711.846, 84265.497
INFO:root:90999.152, 2706.716, 84232.362
INFO:root:90845.346, 2712.089, 84065.123
INFO:root:90933.465, 2708.671, 84161.788
INFO:root:90954.430, 2714.535, 84168.094
INFO:root:90945.379, 2705.788, 84180.910
INFO:root:90868.651, 2697.276, 84125.462
INFO:root:91055.085, 2713.612, 84271.056
INFO:root:90784.056, 2704.543, 84022.699
INFO:root:91182.692, 2716.038, 84392.595
INFO:root:90881.295, 2692.102, 84151.040
INFO:root:91002.355, 2716.636, 84210.764
INFO:root:90868.801, 2698.790, 84121.826
INFO:root:91099.987, 2707.857, 84330.343
INFO:root:90991.429, 2706.446, 84225.314
INFO:root:90742.867, 2692.894, 84010.631
INFO:root:90398.108, 2694.138, 83662.762
INFO:root:90648.193, 2695.106, 83910.429
INFO:root:90736.068, 2693.533, 84002.235
INFO:root:90757.829, 2692.137, 84027.485
INFO:root:90626.161, 2687.143, 83908.303
INFO:root:90317.912, 2676.774, 83625.978
INFO:root:90568.470, 2686.777, 83851.528
INFO:root:90438.077, 2682.981, 83730.624
INFO:root:90554.096, 2695.039, 83816.498
INFO:root:90395.179, 2688.263, 83674.521
INFO:root:90558.838, 2685.756, 83844.448
INFO:root:90264.656, 2673.892, 83579.926
INFO:root:90101.590, 2672.084, 83421.380
INFO:root:90306.714, 2673.266, 83623.550
INFO:root:90343.083, 2679.683, 83643.876
INFO:root:90508.394, 2681.617, 83804.353
INFO:root:90378.259, 2676.157, 83687.866
INFO:root:89969.638, 2660.562, 83318.231
INFO:root:90043.890, 2662.900, 83386.640
INFO:root:90007.036, 2658.922, 83359.731
INFO:root:90183.181, 2670.958, 83505.786
INFO:root:90254.349, 2671.050, 83576.723
INFO:root:90128.601, 2656.607, 83487.084
INFO:root:90021.545, 2666.206, 83356.029
INFO:root:90063.600, 2668.260, 83392.949
INFO:root:89988.376, 2651.372, 83359.945
INFO:root:89443.720, 2633.918, 82858.924
INFO:root:89731.214, 2653.974, 83096.280
INFO:root:90078.038, 2655.007, 83440.521
INFO:root:90030.068, 2642.968, 83422.649
INFO:root:89867.194, 2656.809, 83225.172
INFO:root:89676.501, 2656.529, 83035.180
INFO:root:89897.137, 2658.478, 83250.941
INFO:root:89652.555, 2654.816, 83015.515
INFO:root:89645.873, 2642.037, 83040.780
INFO:root:89572.961, 2641.648, 82968.841
INFO:root:90144.945, 2662.071, 83489.768
INFO:root:89533.658, 2638.448, 82937.537
INFO:root:89458.501, 2632.627, 82876.934
INFO:root:89568.219, 2644.418, 82957.174
INFO:root:89421.383, 2626.375, 82855.444
INFO:root:89292.502, 2630.000, 82717.503
INFO:root:89924.004, 2660.070, 83273.829
INFO:root:89693.932, 2647.954, 83074.047
INFO:root:89763.768, 2647.578, 83144.823
INFO:root:89418.019, 2633.231, 82834.943
INFO:root:89201.268, 2626.205, 82635.756
INFO:root:89118.882, 2611.839, 82589.284
INFO:root:89409.009, 2633.445, 82825.397
INFO:root:89584.493, 2637.417, 82990.951
INFO:root:89644.702, 2640.269, 83044.029
INFO:root:89208.573, 2607.878, 82688.879
INFO:root:89237.478, 2631.140, 82659.628
INFO:root:89007.602, 2620.479, 82456.404
INFO:root:88927.266, 2611.913, 82397.484
INFO:root:89408.061, 2635.629, 82818.990
INFO:root:89281.561, 2635.076, 82693.871
INFO:root:89287.987, 2633.521, 82704.185
INFO:root:88764.540, 2601.142, 82261.684
INFO:root:88879.527, 2602.915, 82372.238
INFO:root:89085.822, 2612.492, 82554.592
INFO:root:89558.428, 2635.493, 82969.694
INFO:root:89123.649, 2604.283, 82612.943
INFO:root:88696.942, 2591.681, 82217.739
INFO:root:89356.310, 2630.675, 82779.621
INFO:root:88916.987, 2609.766, 82392.571
INFO:root:89234.854, 2615.206, 82696.839
INFO:root:88977.121, 2601.862, 82472.464
INFO:root:88468.586, 2590.730, 81991.762
INFO:root:88320.338, 2587.426, 81851.773
INFO:root:88648.758, 2594.975, 82161.320
INFO:root:88950.108, 2613.494, 82416.373
INFO:root:89099.430, 2604.761, 82587.528
INFO:root:88989.366, 2611.973, 82459.435
INFO:root:88840.392, 2587.844, 82370.783
INFO:root:88768.163, 2595.882, 82278.459
INFO:root:88189.800, 2569.021, 81767.247
INFO:root:88537.010, 2591.499, 82058.262
INFO:root:88567.926, 2585.655, 82103.789
INFO:root:88423.603, 2580.105, 81973.340
INFO:root:88584.125, 2589.253, 82110.993
INFO:root:88608.521, 2586.585, 82142.059
INFO:root:88422.004, 2577.372, 81978.574
INFO:root:88417.599, 2586.510, 81951.324
INFO:root:88644.190, 2591.524, 82165.380
INFO:root:88775.845, 2591.353, 82297.461
INFO:root:88503.124, 2579.157, 82055.233
INFO:root:88022.301, 2562.684, 81615.590
INFO:root:88397.094, 2580.266, 81946.429
INFO:root:88176.284, 2568.871, 81754.106
INFO:root:88516.294, 2589.619, 82042.247
INFO:root:88495.805, 2590.946, 82018.441
INFO:root:88395.788, 2572.391, 81964.810
INFO:root:88729.062, 2591.456, 82250.423
INFO:root:88702.218, 2598.501, 82205.967
INFO:root:88029.068, 2560.375, 81628.131
INFO:root:88170.082, 2571.202, 81742.078
INFO:root:87973.826, 2560.382, 81572.871
INFO:root:88082.711, 2566.233, 81667.128
INFO:root:88140.432, 2569.876, 81715.741
INFO:root:88152.143, 2570.768, 81725.224
INFO:root:88443.652, 2593.214, 81960.616
INFO:root:87945.966, 2558.542, 81549.610
INFO:root:88014.748, 2565.652, 81600.617
INFO:root:88041.746, 2560.932, 81639.415
INFO:root:87626.085, 2541.668, 81271.914
INFO:root:87821.750, 2554.563, 81435.342
INFO:root:87840.120, 2552.369, 81459.196
INFO:root:88078.078, 2562.310, 81672.304
INFO:root:87948.461, 2561.514, 81544.677
INFO:root:87892.356, 2555.692, 81503.125
INFO:root:88264.688, 2576.535, 81823.351
INFO:root:88097.133, 2557.913, 81702.351
INFO:root:87713.437, 2535.115, 81375.649
INFO:root:87926.641, 2551.581, 81547.688
INFO:root:88224.362, 2570.546, 81797.997
INFO:root:87791.731, 2555.053, 81404.098
INFO:root:87594.720, 2543.780, 81235.269
INFO:root:87675.583, 2542.439, 81319.486
INFO:root:87301.689, 2527.194, 80983.706
INFO:root:87700.057, 2552.155, 81319.670
INFO:root:87594.893, 2537.820, 81250.342
INFO:root:87582.297, 2534.642, 81245.692
INFO:root:87926.269, 2545.704, 81562.008
INFO:root:87366.559, 2530.670, 81039.885
INFO:root:87301.796, 2528.021, 80981.742
INFO:root:87619.166, 2544.538, 81257.821
INFO:root:87891.213, 2551.340, 81512.863
INFO:root:87445.934, 2527.364, 81127.525
INFO:root:87372.353, 2522.648, 81065.733
INFO:root:87350.056, 2530.334, 81024.221
INFO:root:87207.409, 2526.788, 80890.438
INFO:root:87609.729, 2541.463, 81256.072
INFO:root:87560.352, 2532.067, 81230.184
INFO:root:87336.693, 2527.309, 81018.421
INFO:root:87207.103, 2528.028, 80887.033
INFO:root:87733.889, 2540.302, 81383.134
INFO:root:87384.720, 2523.975, 81074.782
INFO:root:86989.839, 2513.706, 80705.574
INFO:root:87249.805, 2524.243, 80939.197
INFO:root:87056.949, 2513.219, 80773.900
INFO:root:87315.409, 2525.249, 81002.286
INFO:root:87349.094, 2520.365, 81048.182
INFO:root:87539.924, 2540.732, 81188.093
INFO:root:87249.008, 2519.938, 80949.163
INFO:root:87169.593, 2511.010, 80892.069
INFO:root:87372.621, 2520.461, 81071.467
INFO:root:87201.873, 2509.545, 80928.011
INFO:root:87126.476, 2521.618, 80822.430
INFO:root:86789.498, 2494.718, 80552.702
INFO:root:87298.387, 2527.668, 80979.216
INFO:root:86793.905, 2496.436, 80552.814
INFO:root:86946.131, 2513.881, 80661.427
INFO:root:86851.288, 2500.762, 80599.383
INFO:root:87455.557, 2526.014, 81140.521
INFO:root:87390.605, 2517.539, 81096.757
INFO:root:86922.856, 2513.905, 80638.094
INFO:root:86883.921, 2505.352, 80620.540
INFO:root:86806.071, 2499.598, 80557.075
INFO:root:87190.926, 2514.386, 80904.960
INFO:root:86787.778, 2497.194, 80544.792
INFO:root:87099.863, 2517.146, 80806.999
INFO:root:86663.104, 2488.237, 80442.510
INFO:root:86897.815, 2499.641, 80648.713
INFO:root:86629.278, 2485.960, 80414.378
INFO:root:86994.039, 2500.928, 80741.718
INFO:root:86454.045, 2482.101, 80248.792
INFO:root:86554.926, 2487.981, 80334.973
INFO:root:86665.591, 2488.887, 80443.374
INFO:root:86817.884, 2499.123, 80570.076
INFO:root:86580.084, 2484.507, 80368.816
INFO:root:86643.998, 2485.739, 80429.650
INFO:root:86328.739, 2468.844, 80156.630
INFO:root:86443.342, 2481.665, 80239.179
INFO:root:86758.731, 2485.893, 80543.998
INFO:root:86877.510, 2494.555, 80641.121
INFO:root:86448.468, 2476.142, 80258.113
INFO:root:86347.460, 2473.635, 80163.373
INFO:root:86759.619, 2488.087, 80539.401
INFO:root:86759.874, 2496.521, 80518.571
INFO:root:86793.484, 2490.355, 80567.597
INFO:root:86486.708, 2480.956, 80284.318
INFO:root:86309.248, 2476.955, 80116.861
INFO:root:86749.983, 2491.023, 80522.425
INFO:root:86384.542, 2471.909, 80204.770
INFO:root:86581.314, 2479.786, 80381.849
INFO:root:86406.053, 2475.405, 80217.541
INFO:root:86381.334, 2475.657, 80192.191
INFO:root:86483.117, 2490.079, 80257.920
INFO:root:86162.710, 2462.614, 80006.176
INFO:root:86304.547, 2477.089, 80111.823
INFO:root:86476.072, 2477.609, 80282.049
INFO:root:86211.289, 2475.473, 80022.606
INFO:root:86377.549, 2474.040, 80192.448
INFO:root:86444.599, 2480.284, 80243.890
INFO:root:86369.104, 2479.720, 80169.805
INFO:root:86392.587, 2473.338, 80209.243
INFO:root:86127.658, 2463.606, 79968.643
INFO:root:86234.262, 2461.848, 80079.641
INFO:root:85920.905, 2450.436, 79794.816
INFO:root:85872.433, 2459.010, 79724.908
INFO:root:85800.949, 2449.556, 79677.059
INFO:root:85996.822, 2462.178, 79841.378
INFO:root:86179.287, 2464.847, 80017.170
INFO:root:86396.693, 2483.408, 80188.174
INFO:root:86412.397, 2470.219, 80236.850
INFO:root:86160.767, 2454.828, 80023.698
INFO:root:86090.599, 2460.450, 79939.473
INFO:root:85559.947, 2429.924, 79485.137
INFO:root:86053.549, 2455.933, 79913.717
INFO:root:85867.404, 2449.044, 79744.795
INFO:root:85685.948, 2444.867, 79573.781
INFO:root:85771.310, 2442.590, 79664.836
INFO:root:86033.370, 2459.162, 79885.466
INFO:root:86306.915, 2464.989, 80144.444
INFO:root:86119.654, 2450.167, 79994.237
INFO:root:85845.071, 2444.837, 79732.979
INFO:root:86091.517, 2463.735, 79932.180
INFO:root:86059.588, 2455.951, 79919.711
INFO:root:85850.731, 2449.523, 79726.924
INFO:root:85654.432, 2437.185, 79561.469
INFO:root:85427.637, 2423.046, 79370.022
INFO:root:85685.121, 2433.583, 79601.164
INFO:root:85747.408, 2442.070, 79642.234
INFO:root:85754.265, 2431.388, 79675.795
INFO:root:85699.003, 2438.910, 79601.728
INFO:root:86091.157, 2460.586, 79939.692
INFO:root:85901.648, 2447.510, 79782.872
INFO:root:85819.452, 2450.536, 79693.111
INFO:root:85171.159, 2409.001, 79148.656
INFO:root:85663.047, 2434.352, 79577.167
INFO:root:85945.631, 2443.902, 79835.876
INFO:root:85797.572, 2435.469, 79708.900
INFO:root:85544.844, 2433.540, 79460.995
INFO:root:85841.079, 2447.144, 79723.218
INFO:root:85571.143, 2432.832, 79489.064
INFO:root:85610.931, 2433.244, 79527.820
INFO:root:85505.064, 2425.609, 79441.041
INFO:root:85600.205, 2432.354, 79519.319
INFO:root:85416.731, 2415.188, 79378.762
INFO:root:85452.259, 2425.414, 79388.724
INFO:root:85237.126, 2410.802, 79210.121
INFO:root:85422.832, 2422.363, 79366.925
INFO:root:85782.868, 2437.080, 79690.168
INFO:root:85524.273, 2431.741, 79444.921
INFO:root:85147.674, 2406.178, 79132.229
INFO:root:85489.461, 2425.637, 79425.369
INFO:root:85169.160, 2419.446, 79120.545
INFO:root:85177.732, 2412.280, 79147.033
INFO:root:85125.442, 2405.735, 79111.105
INFO:root:85092.166, 2401.819, 79087.618
INFO:root:85581.979, 2430.609, 79505.457
INFO:root:85371.299, 2422.033, 79316.216
INFO:root:85381.064, 2416.011, 79341.038
INFO:root:85307.461, 2412.483, 79276.253
INFO:root:85517.809, 2418.902, 79470.555
INFO:root:85061.017, 2408.489, 79039.796
INFO:root:85138.945, 2409.155, 79116.058
INFO:root:85061.581, 2403.882, 79051.877
INFO:root:85311.343, 2411.083, 79283.635
INFO:root:85685.409, 2431.988, 79605.440
INFO:root:85528.518, 2426.449, 79462.396
INFO:root:84653.621, 2384.971, 78691.194
INFO:root:84905.587, 2398.413, 78909.554
INFO:root:85369.468, 2416.346, 79328.602
INFO:root:85136.395, 2404.968, 79123.976
INFO:root:85387.091, 2418.523, 79340.784
INFO:root:84929.560, 2391.943, 78949.703
INFO:root:85012.127, 2402.858, 79004.982
INFO:root:85057.595, 2403.118, 79049.801
INFO:root:85233.118, 2405.356, 79219.729
INFO:root:84957.838, 2396.147, 78967.471
INFO:root:85293.548, 2416.156, 79253.157
INFO:root:85227.648, 2403.195, 79219.661
INFO:root:84702.444, 2384.476, 78741.255
INFO:root:84712.060, 2382.734, 78755.225
INFO:root:85300.089, 2416.802, 79258.084
INFO:root:85078.810, 2405.519, 79065.013
INFO:root:84741.991, 2380.784, 78790.031
INFO:root:84748.008, 2393.250, 78764.884
INFO:root:84784.052, 2390.686, 78807.337
INFO:root:84744.002, 2391.037, 78766.409
INFO:root:84585.829, 2381.210, 78632.805
INFO:root:84648.031, 2380.262, 78697.375
INFO:root:85210.065, 2409.716, 79185.775
INFO:root:85322.569, 2408.452, 79301.438
INFO:root:84707.947, 2389.447, 78734.329
INFO:root:84510.629, 2376.762, 78568.725
INFO:root:84917.280, 2391.165, 78939.367
INFO:root:84965.008, 2394.725, 78978.196
INFO:root:84487.474, 2375.518, 78548.678
INFO:root:84736.541, 2389.376, 78763.101
INFO:root:84602.158, 2375.371, 78663.730
INFO:root:84500.625, 2374.467, 78564.458
INFO:root:84644.578, 2378.969, 78697.157
INFO:root:84702.965, 2384.834, 78740.881
INFO:root:84762.912, 2380.082, 78812.708
INFO:root:84695.998, 2382.152, 78740.619
INFO:root:84718.783, 2390.581, 78742.330
INFO:root:84675.193, 2378.496, 78728.953
INFO:root:84264.495, 2365.319, 78351.196
INFO:root:84766.927, 2390.165, 78791.514
INFO:root:84672.334, 2379.663, 78723.176
INFO:root:84617.512, 2376.711, 78675.733
INFO:root:84328.315, 2365.331, 78414.988
INFO:root:84343.389, 2361.300, 78440.139
INFO:root:84616.701, 2375.132, 78678.870
INFO:root:84319.289, 2361.382, 78415.834
INFO:root:84188.568, 2359.262, 78290.414
INFO:root:84449.326, 2367.087, 78531.608
INFO:root:84451.301, 2367.466, 78532.638
INFO:root:84824.471, 2382.382, 78868.515
INFO:root:84582.804, 2373.708, 78648.533
INFO:root:84479.942, 2371.482, 78551.235
INFO:root:84601.562, 2371.733, 78672.230
INFO:root:84333.557, 2364.797, 78421.565
INFO:root:84232.267, 2365.800, 78317.767
INFO:root:84212.422, 2347.612, 78343.392
INFO:root:84361.310, 2360.262, 78460.655
INFO:root:84751.767, 2378.570, 78805.343
INFO:root:84438.978, 2358.390, 78543.003
INFO:root:84212.778, 2356.608, 78321.259
INFO:root:84479.965, 2373.342, 78546.608
INFO:root:84252.256, 2355.861, 78362.604
INFO:root:84233.582, 2354.480, 78347.382
INFO:root:84072.366, 2352.578, 78190.920
INFO:root:84173.007, 2345.885, 78308.294
INFO:root:84447.335, 2360.698, 78545.590
INFO:root:84499.075, 2367.311, 78580.797
INFO:root:84201.651, 2354.482, 78315.445
INFO:root:84024.981, 2349.584, 78151.020
INFO:root:84125.189, 2353.450, 78241.562
INFO:root:84378.471, 2365.318, 78465.177
INFO:root:84321.521, 2361.062, 78418.865
INFO:root:84014.696, 2336.203, 78174.187
INFO:root:84462.498, 2366.439, 78546.400
INFO:root:84189.918, 2352.701, 78308.166
INFO:root:84380.524, 2359.041, 78482.922
INFO:root:83981.153, 2336.192, 78140.673
INFO:root:83684.334, 2330.411, 77858.305
INFO:root:83732.652, 2334.623, 77896.095
INFO:root:84098.142, 2349.122, 78225.338
INFO:root:83992.811, 2339.350, 78144.436
INFO:root:83928.336, 2343.617, 78069.294
INFO:root:83942.796, 2332.630, 78111.222
INFO:root:84306.899, 2355.013, 78419.367
INFO:root:84171.087, 2350.141, 78295.735
INFO:root:84076.692, 2341.742, 78222.336
INFO:root:83968.576, 2346.469, 78102.403
INFO:root:83781.824, 2337.804, 77937.313
INFO:root:83539.539, 2316.948, 77747.168
INFO:root:83798.374, 2334.948, 77961.004
INFO:root:84178.868, 2352.219, 78298.321
INFO:root:83779.923, 2333.224, 77946.864
INFO:root:83974.385, 2340.926, 78122.070
INFO:root:83831.649, 2329.483, 78007.942
INFO:root:84044.421, 2346.139, 78179.074
INFO:root:83969.495, 2339.212, 78121.465
INFO:root:83933.349, 2334.434, 78097.265
INFO:root:83732.412, 2332.750, 77900.537
INFO:root:83748.112, 2321.954, 77943.228
INFO:root:83878.312, 2331.418, 78049.767
INFO:root:83873.034, 2328.896, 78050.794
INFO:root:83717.220, 2320.745, 77915.358
INFO:root:83490.051, 2309.331, 77716.722
INFO:root:83816.918, 2330.841, 77989.817
INFO:root:83606.937, 2320.040, 77806.838
INFO:root:83588.255, 2316.605, 77796.743
INFO:root:83585.981, 2324.634, 77774.396
INFO:root:83615.551, 2328.272, 77794.872
INFO:root:83847.511, 2330.591, 78021.034
INFO:root:83790.756, 2332.057, 77960.613
INFO:root:83659.371, 2315.314, 77871.085
INFO:root:83784.140, 2327.666, 77964.974
INFO:root:83528.391, 2312.076, 77748.200
INFO:root:83758.094, 2327.269, 77939.920
INFO:root:84245.279, 2342.833, 78388.196
INFO:root:83885.869, 2338.370, 78039.945
INFO:root:83547.846, 2320.643, 77746.238
INFO:root:83494.166, 2310.621, 77717.613
INFO:root:83247.568, 2302.208, 77492.048
INFO:root:83372.114, 2310.646, 77595.500
INFO:root:83611.326, 2316.607, 77819.808
INFO:root:83471.134, 2307.268, 77702.965
INFO:root:83393.279, 2310.249, 77617.656
INFO:root:83544.184, 2318.048, 77749.063
INFO:root:83517.051, 2307.699, 77747.803
INFO:root:83606.913, 2323.300, 77798.663
INFO:root:83581.801, 2318.257, 77786.159
INFO:root:83342.810, 2305.435, 77579.223
INFO:root:83220.658, 2302.619, 77464.110
INFO:root:83255.385, 2297.241, 77512.282
INFO:root:83336.424, 2300.667, 77584.758
INFO:root:83466.271, 2316.302, 77675.515
INFO:root:83364.681, 2305.071, 77602.003
INFO:root:83459.348, 2313.194, 77676.364
INFO:root:83465.563, 2307.656, 77696.423
INFO:root:83624.978, 2305.906, 77860.212
INFO:root:83443.816, 2306.956, 77676.425
INFO:root:83839.176, 2328.769, 78017.254
INFO:root:83342.263, 2297.971, 77597.334
INFO:root:83083.693, 2292.385, 77352.731
INFO:root:83259.477, 2305.829, 77494.905
INFO:root:83401.805, 2306.507, 77635.537
INFO:root:82923.666, 2285.258, 77210.522
INFO:root:83520.423, 2320.059, 77720.276
INFO:root:83658.951, 2322.762, 77852.048
INFO:root:82935.051, 2285.533, 77221.217
INFO:root:83056.499, 2287.649, 77337.377
INFO:root:83094.824, 2290.169, 77369.403
INFO:root:83215.031, 2296.380, 77474.082
INFO:root:83379.843, 2302.504, 77623.582
INFO:root:83459.335, 2310.814, 77682.301
INFO:root:83577.113, 2313.354, 77793.728
INFO:root:83094.157, 2291.051, 77366.528
INFO:root:83047.037, 2288.929, 77324.714
INFO:root:83132.139, 2296.484, 77390.929
INFO:root:83057.294, 2294.892, 77320.064
INFO:root:82895.109, 2279.632, 77196.029
INFO:root:83099.166, 2298.687, 77352.449
INFO:root:83155.344, 2293.720, 77421.045
INFO:root:83002.553, 2286.851, 77285.425
INFO:root:83308.900, 2299.819, 77559.352
INFO:root:82787.874, 2275.834, 77098.289
INFO:root:82715.116, 2270.759, 77038.218
INFO:root:82898.304, 2281.038, 77195.708
INFO:root:83206.367, 2289.687, 77482.149
INFO:root:83145.205, 2295.768, 77405.785
INFO:root:82930.577, 2276.142, 77240.222
INFO:root:83076.205, 2288.131, 77355.878
INFO:root:82970.936, 2287.209, 77252.914
INFO:root:83217.138, 2293.515, 77483.351
INFO:root:83337.179, 2295.093, 77599.447
INFO:root:83104.901, 2282.547, 77398.534
INFO:root:82826.761, 2276.480, 77135.561
INFO:root:82794.312, 2275.243, 77106.204
INFO:root:82975.541, 2283.158, 77267.646
INFO:root:83058.356, 2292.523, 77327.048
INFO:root:82931.230, 2278.462, 77235.075
INFO:root:82734.862, 2274.087, 77049.643
INFO:root:82858.504, 2270.772, 77181.573
INFO:root:82570.500, 2271.201, 76892.497
INFO:root:83130.923, 2307.078, 77363.227
INFO:root:83241.411, 2292.892, 77509.181
INFO:root:83069.108, 2279.877, 77369.415
INFO:root:82804.649, 2272.283, 77123.941
INFO:root:82693.061, 2273.449, 77009.437
INFO:root:82705.515, 2264.695, 77043.777
INFO:root:82543.822, 2260.209, 76893.299
INFO:root:82458.119, 2257.204, 76815.109
INFO:root:82827.049, 2267.530, 77158.224
INFO:root:82917.110, 2277.376, 77223.670
INFO:root:82869.777, 2277.404, 77176.267
INFO:root:83094.124, 2282.601, 77387.622
INFO:root:82566.650, 2259.958, 76916.754
INFO:root:82851.052, 2266.219, 77185.505
INFO:root:82521.450, 2258.549, 76875.077
INFO:root:82826.757, 2273.257, 77143.614
INFO:root:82467.674, 2256.491, 76826.447
INFO:root:82312.145, 2253.962, 76677.241
INFO:root:82824.440, 2268.712, 77152.660
INFO:root:82617.319, 2260.778, 76965.372
INFO:root:82671.417, 2265.250, 77008.292
INFO:root:82604.913, 2257.705, 76960.651
INFO:root:82731.970, 2266.943, 77064.612
INFO:root:82474.919, 2250.997, 76847.427
INFO:root:82589.777, 2256.085, 76949.565
INFO:root:82640.186, 2256.620, 76998.635
INFO:root:82665.491, 2260.854, 77013.356
INFO:root:82607.460, 2250.808, 76980.440
INFO:root:82503.260, 2261.621, 76849.207
INFO:root:82549.075, 2264.592, 76887.594
INFO:root:82435.617, 2259.473, 76786.933
INFO:root:82482.522, 2263.278, 76824.326
INFO:root:82680.528, 2257.937, 77035.685
INFO:root:82557.512, 2259.304, 76909.251
INFO:root:82439.829, 2252.276, 76809.138
INFO:root:82268.732, 2243.809, 76659.211
INFO:root:82438.146, 2263.847, 76778.530
INFO:root:82448.235, 2254.709, 76811.463
INFO:root:82282.547, 2249.643, 76658.440
INFO:root:82217.161, 2240.954, 76614.777
INFO:root:82183.804, 2232.739, 76601.956
INFO:root:82479.485, 2246.236, 76863.896
INFO:root:82448.203, 2246.717, 76831.409
INFO:root:82359.506, 2254.581, 76723.052
INFO:root:82305.430, 2242.927, 76698.114
INFO:root:82348.293, 2242.554, 76741.907
INFO:root:82554.368, 2253.010, 76921.843
INFO:root:82603.671, 2262.639, 76947.074
INFO:root:82171.370, 2231.341, 76593.017
INFO:root:82596.997, 2257.020, 76954.446
INFO:root:82394.988, 2243.236, 76786.898
INFO:root:82244.383, 2239.316, 76646.092
INFO:root:82185.019, 2236.794, 76593.034
INFO:root:82427.311, 2251.930, 76797.486
INFO:root:82366.855, 2241.963, 76761.946
INFO:root:82523.330, 2253.037, 76890.738
INFO:root:82377.644, 2247.589, 76758.672
INFO:root:82115.865, 2239.697, 76516.623
INFO:root:82016.162, 2225.900, 76451.412
INFO:root:82333.762, 2240.230, 76733.188
INFO:root:82355.630, 2243.267, 76747.462
INFO:root:82188.392, 2234.244, 76602.783
INFO:root:82213.773, 2249.619, 76589.725
INFO:root:82148.872, 2232.165, 76568.461
INFO:root:82155.032, 2233.162, 76572.128
INFO:root:82077.932, 2228.935, 76505.593
INFO:root:82000.923, 2226.202, 76435.419
INFO:root:82123.127, 2230.097, 76547.885
INFO:root:82177.030, 2233.125, 76594.217
INFO:root:82352.976, 2239.009, 76755.455
INFO:root:82259.508, 2231.050, 76681.884
INFO:root:81907.150, 2218.193, 76361.666
INFO:root:82136.799, 2232.269, 76556.126
INFO:root:82191.752, 2233.196, 76608.761
INFO:root:82304.103, 2241.861, 76699.452
INFO:root:81929.807, 2233.506, 76346.041
INFO:root:82079.128, 2228.238, 76508.533
INFO:root:82068.078, 2224.134, 76507.742
INFO:root:82188.162, 2232.060, 76608.014
INFO:root:81819.398, 2217.649, 76275.276
INFO:root:81978.342, 2219.211, 76430.314
INFO:root:82432.702, 2241.880, 76828.002
INFO:root:82314.965, 2235.844, 76725.355
INFO:root:81985.435, 2224.798, 76423.441
INFO:root:82004.533, 2224.525, 76443.220
INFO:root:82025.868, 2224.991, 76463.390
INFO:root:82000.873, 2220.851, 76448.745
INFO:root:81877.558, 2220.341, 76326.705
INFO:root:82183.821, 2228.737, 76611.978
INFO:root:81947.057, 2224.227, 76386.489
INFO:root:81771.411, 2211.383, 76242.954
INFO:root:81567.359, 2212.606, 76035.845
INFO:root:Finished training.
INFO:root:Saved model to saves/v0/vrnn_state_dict_v0_beta=2.5_999.pth
