INFO:root:Namespace(batch_size=50, beta=1.0, clip=10, device=device(type='cuda'), epochs=1000, hdim=1024, learning_rate=0.001, model='VRNN', nlayers=3, save_every=1, version='v0', xdim=64, zdim=32)
INFO:root:Starting VRNN training for 1000 epochs.
INFO:root:Train Loss, KLD, Reconstruction Loss
INFO:root:375883.955, 780.620, 375103.336
INFO:root:337687.346, 149.733, 337537.613
INFO:root:277079.929, 5711.533, 271368.395
INFO:root:211367.024, 8550.755, 202816.269
INFO:root:198190.504, 8274.345, 189916.158
INFO:root:192483.943, 8418.923, 184065.020
INFO:root:188769.150, 8600.759, 180168.391
INFO:root:186765.073, 8624.320, 178140.753
INFO:root:184670.743, 8641.989, 176028.754
INFO:root:182626.064, 8737.257, 173888.807
INFO:root:180863.961, 8804.690, 172059.271
INFO:root:178883.173, 8755.184, 170127.988
INFO:root:177585.349, 8719.849, 168865.499
INFO:root:176378.818, 8700.473, 167678.345
INFO:root:174868.063, 8681.703, 166186.360
INFO:root:173435.819, 8636.632, 164799.187
INFO:root:172045.058, 8538.110, 163506.947
INFO:root:171475.389, 8427.337, 163048.052
INFO:root:169642.266, 8424.538, 161217.728
INFO:root:168738.214, 8450.245, 160287.970
INFO:root:167659.628, 8486.612, 159173.017
INFO:root:166597.272, 8534.867, 158062.405
INFO:root:165319.248, 8534.690, 156784.558
INFO:root:163864.018, 8387.801, 155476.217
INFO:root:162334.486, 8204.259, 154130.227
INFO:root:161022.660, 8121.707, 152900.952
INFO:root:160136.349, 8051.996, 152084.353
INFO:root:158775.337, 7981.866, 150793.471
INFO:root:157234.073, 7946.346, 149287.727
INFO:root:156298.586, 7951.141, 148347.444
INFO:root:155292.726, 7937.072, 147355.655
INFO:root:153800.258, 7935.315, 145864.942
INFO:root:152729.149, 7997.237, 144731.913
INFO:root:151986.226, 7997.174, 143989.052
INFO:root:150706.278, 7998.709, 142707.569
INFO:root:149446.737, 8017.372, 141429.365
INFO:root:148295.256, 8017.717, 140277.538
INFO:root:147166.273, 8055.827, 139110.445
INFO:root:146112.294, 8062.139, 138050.154
INFO:root:145343.222, 8053.484, 137289.737
INFO:root:143960.555, 8083.754, 135876.801
INFO:root:142945.532, 8088.424, 134857.107
INFO:root:142236.136, 8071.000, 134165.136
INFO:root:141254.460, 8049.121, 133205.339
INFO:root:139985.496, 8018.339, 131967.157
INFO:root:139312.102, 7992.580, 131319.523
INFO:root:138308.661, 8001.199, 130307.463
INFO:root:137303.418, 7986.307, 129317.111
INFO:root:136741.171, 7963.674, 128777.496
INFO:root:135781.094, 8009.432, 127771.663
INFO:root:134599.456, 8007.081, 126592.374
INFO:root:134306.501, 7980.320, 126326.181
INFO:root:133485.135, 8004.820, 125480.315
INFO:root:132435.980, 7988.768, 124447.211
INFO:root:131519.831, 8012.538, 123507.294
INFO:root:131140.348, 8002.480, 123137.867
INFO:root:129880.914, 8024.610, 121856.305
INFO:root:129562.366, 8049.684, 121512.682
INFO:root:128889.208, 8033.657, 120855.550
INFO:root:127628.483, 8046.214, 119582.269
INFO:root:127256.409, 8027.379, 119229.030
INFO:root:126596.111, 8041.239, 118554.872
INFO:root:126059.916, 8033.649, 118026.267
INFO:root:125419.192, 8048.973, 117370.220
INFO:root:125048.980, 8047.684, 117001.296
INFO:root:123788.633, 8046.878, 115741.755
INFO:root:123877.849, 8027.864, 115849.985
INFO:root:123013.976, 8025.404, 114988.572
INFO:root:122146.730, 8045.766, 114100.964
INFO:root:121718.168, 8052.549, 113665.619
INFO:root:121574.542, 8021.811, 113552.731
INFO:root:120744.133, 8035.066, 112709.066
INFO:root:120636.212, 8025.273, 112610.939
INFO:root:120041.673, 8039.018, 112002.654
INFO:root:119134.872, 8021.804, 111113.068
INFO:root:118428.697, 8028.755, 110399.942
INFO:root:118277.578, 8002.979, 110274.599
INFO:root:118303.961, 8031.614, 110272.347
INFO:root:117410.402, 8016.778, 109393.624
INFO:root:117499.187, 7996.704, 109502.482
INFO:root:116364.246, 8013.651, 108350.595
INFO:root:115682.571, 8007.636, 107674.936
INFO:root:115139.108, 8007.866, 107131.241
INFO:root:115392.662, 8015.645, 107377.017
INFO:root:115143.624, 8002.704, 107140.920
INFO:root:114313.312, 8015.833, 106297.479
INFO:root:114248.302, 8000.045, 106248.256
INFO:root:113681.183, 7997.975, 105683.207
INFO:root:113263.694, 7985.885, 105277.809
INFO:root:112859.659, 7990.366, 104869.294
INFO:root:112530.580, 7993.282, 104537.297
INFO:root:111964.091, 7981.929, 103982.162
INFO:root:112265.580, 7977.624, 104287.956
INFO:root:111516.721, 7985.276, 103531.445
INFO:root:111048.876, 7978.627, 103070.249
INFO:root:111241.244, 7976.181, 103265.063
INFO:root:111112.559, 7975.168, 103137.391
INFO:root:110268.698, 7967.823, 102300.875
INFO:root:109837.820, 7966.949, 101870.871
INFO:root:109467.611, 7953.980, 101513.631
INFO:root:109073.038, 7933.788, 101139.250
INFO:root:109280.032, 7923.317, 101356.715
INFO:root:109091.195, 7933.348, 101157.847
INFO:root:108274.088, 7916.772, 100357.317
INFO:root:108305.145, 7929.543, 100375.602
INFO:root:107553.215, 7915.452, 99637.763
INFO:root:107429.055, 7925.435, 99503.620
INFO:root:107751.982, 7918.826, 99833.156
INFO:root:107237.060, 7913.872, 99323.188
INFO:root:107864.488, 7904.715, 99959.773
INFO:root:106597.563, 7897.060, 98700.503
INFO:root:106115.346, 7894.548, 98220.798
INFO:root:106047.394, 7891.482, 98155.911
INFO:root:106022.549, 7884.088, 98138.461
INFO:root:105477.341, 7884.273, 97593.069
INFO:root:105596.184, 7888.206, 97707.977
INFO:root:105171.391, 7860.129, 97311.262
INFO:root:104557.959, 7861.242, 96696.716
INFO:root:105008.778, 7848.546, 97160.233
INFO:root:104776.229, 7864.545, 96911.684
INFO:root:104113.885, 7855.074, 96258.811
INFO:root:104128.223, 7847.793, 96280.430
INFO:root:103708.793, 7859.966, 95848.827
INFO:root:103560.644, 7847.423, 95713.220
INFO:root:103941.786, 7833.109, 96108.677
INFO:root:103158.742, 7821.676, 95337.067
INFO:root:102430.836, 7809.279, 94621.558
INFO:root:102328.699, 7815.705, 94512.994
INFO:root:102657.353, 7808.819, 94848.535
INFO:root:102412.965, 7805.667, 94607.298
INFO:root:102709.026, 7797.747, 94911.279
INFO:root:102600.098, 7785.457, 94814.640
INFO:root:101542.778, 7779.966, 93762.812
INFO:root:101338.277, 7786.497, 93551.780
INFO:root:101526.644, 7772.961, 93753.683
INFO:root:101535.600, 7785.276, 93750.325
INFO:root:101054.527, 7780.429, 93274.099
INFO:root:100759.068, 7748.159, 93010.909
INFO:root:100940.732, 7759.545, 93181.186
INFO:root:100878.793, 7770.430, 93108.363
INFO:root:100694.226, 7762.226, 92932.000
INFO:root:100105.462, 7732.232, 92373.230
INFO:root:100160.398, 7748.121, 92412.277
INFO:root:100172.089, 7747.323, 92424.766
INFO:root:99956.523, 7722.626, 92233.897
INFO:root:99933.732, 7713.585, 92220.147
INFO:root:99473.142, 7711.286, 91761.856
INFO:root:99284.326, 7706.146, 91578.180
INFO:root:99351.874, 7697.484, 91654.389
INFO:root:98958.064, 7702.269, 91255.796
INFO:root:98229.892, 7690.297, 90539.595
INFO:root:98852.733, 7685.331, 91167.402
INFO:root:98993.067, 7702.650, 91290.416
INFO:root:98876.400, 7681.492, 91194.909
INFO:root:98153.960, 7669.448, 90484.513
INFO:root:97558.613, 7653.569, 89905.044
INFO:root:98156.098, 7675.981, 90480.118
INFO:root:97984.928, 7648.674, 90336.254
INFO:root:97866.846, 7636.249, 90230.597
INFO:root:97331.642, 7654.372, 89677.270
INFO:root:97466.966, 7633.040, 89833.926
INFO:root:97537.930, 7634.769, 89903.161
INFO:root:97560.748, 7616.030, 89944.719
INFO:root:96913.686, 7629.203, 89284.483
INFO:root:97044.724, 7612.804, 89431.920
INFO:root:96827.014, 7635.920, 89191.094
INFO:root:96680.094, 7606.812, 89073.282
INFO:root:96536.854, 7610.268, 88926.586
INFO:root:96397.095, 7605.305, 88791.790
INFO:root:96416.110, 7591.418, 88824.692
INFO:root:96182.758, 7590.219, 88592.539
INFO:root:96237.235, 7588.053, 88649.182
INFO:root:96169.167, 7575.430, 88593.737
INFO:root:95877.113, 7565.763, 88311.349
INFO:root:95843.723, 7560.782, 88282.941
INFO:root:95444.196, 7559.803, 87884.393
INFO:root:95569.204, 7565.633, 88003.571
INFO:root:95577.202, 7563.650, 88013.552
INFO:root:95221.607, 7551.362, 87670.245
INFO:root:94970.404, 7544.326, 87426.079
INFO:root:94791.195, 7528.294, 87262.901
INFO:root:94722.733, 7520.706, 87202.026
INFO:root:94977.379, 7534.825, 87442.554
INFO:root:94823.359, 7520.367, 87302.991
INFO:root:94706.517, 7503.368, 87203.148
INFO:root:94687.639, 7515.165, 87172.474
INFO:root:94325.242, 7506.033, 86819.209
INFO:root:94452.781, 7493.152, 86959.629
INFO:root:94223.583, 7484.755, 86738.828
INFO:root:94049.399, 7471.579, 86577.820
INFO:root:93766.252, 7476.087, 86290.165
INFO:root:93812.915, 7500.234, 86312.681
INFO:root:94421.711, 7482.778, 86938.933
INFO:root:93921.787, 7478.047, 86443.740
INFO:root:93327.923, 7454.131, 85873.792
INFO:root:93566.393, 7463.737, 86102.656
INFO:root:93519.275, 7465.963, 86053.311
INFO:root:92922.912, 7439.429, 85483.483
INFO:root:93482.012, 7434.679, 86047.333
INFO:root:92927.578, 7440.320, 85487.258
INFO:root:92866.144, 7420.240, 85445.904
INFO:root:92663.718, 7424.101, 85239.617
INFO:root:92672.467, 7421.522, 85250.945
INFO:root:92745.109, 7412.378, 85332.732
INFO:root:92549.057, 7406.051, 85143.005
INFO:root:92430.746, 7398.798, 85031.948
INFO:root:93056.211, 7415.781, 85640.430
INFO:root:92628.165, 7387.375, 85240.790
INFO:root:92058.882, 7388.496, 84670.386
INFO:root:92450.621, 7389.892, 85060.729
INFO:root:92050.826, 7372.406, 84678.421
INFO:root:91970.959, 7384.461, 84586.497
INFO:root:91540.060, 7351.124, 84188.936
INFO:root:91762.608, 7342.117, 84420.491
INFO:root:91988.248, 7373.630, 84614.618
INFO:root:91692.848, 7364.608, 84328.240
INFO:root:91928.048, 7345.152, 84582.896
INFO:root:91709.368, 7327.968, 84381.400
INFO:root:91565.363, 7328.697, 84236.666
INFO:root:91486.486, 7344.075, 84142.410
INFO:root:91598.262, 7325.515, 84272.747
INFO:root:90871.382, 7316.869, 83554.513
INFO:root:90814.574, 7314.975, 83499.599
INFO:root:90708.757, 7302.822, 83405.935
INFO:root:90627.175, 7297.397, 83329.778
INFO:root:90806.488, 7306.721, 83499.768
INFO:root:90763.334, 7277.163, 83486.171
INFO:root:90873.600, 7282.489, 83591.111
INFO:root:90185.577, 7275.448, 82910.129
INFO:root:90692.625, 7279.037, 83413.588
INFO:root:90441.134, 7276.425, 83164.710
INFO:root:90336.670, 7274.478, 83062.193
INFO:root:90450.003, 7265.532, 83184.471
INFO:root:90449.493, 7264.290, 83185.203
INFO:root:90584.190, 7259.256, 83324.933
INFO:root:90264.135, 7251.509, 83012.627
INFO:root:90460.677, 7238.529, 83222.148
INFO:root:89750.991, 7232.911, 82518.080
INFO:root:89521.098, 7227.367, 82293.731
INFO:root:89921.658, 7229.952, 82691.706
INFO:root:89672.097, 7222.331, 82449.766
INFO:root:89707.662, 7228.789, 82478.873
INFO:root:89334.021, 7209.087, 82124.934
INFO:root:89285.413, 7205.531, 82079.882
INFO:root:89620.913, 7222.887, 82398.026
INFO:root:89418.043, 7185.861, 82232.182
INFO:root:89519.801, 7201.849, 82317.953
INFO:root:89105.265, 7202.862, 81902.402
INFO:root:88839.319, 7178.495, 81660.824
INFO:root:88857.837, 7179.887, 81677.950
INFO:root:88848.876, 7178.096, 81670.780
INFO:root:88687.484, 7146.728, 81540.756
INFO:root:89017.098, 7168.234, 81848.864
INFO:root:88789.188, 7163.583, 81625.605
INFO:root:88963.747, 7153.839, 81809.909
INFO:root:89160.820, 7169.499, 81991.321
INFO:root:88495.977, 7130.482, 81365.494
INFO:root:88850.600, 7154.608, 81695.992
INFO:root:88306.683, 7130.544, 81176.139
INFO:root:88481.661, 7142.225, 81339.436
INFO:root:88297.925, 7112.518, 81185.407
INFO:root:88402.533, 7110.691, 81291.842
INFO:root:88757.663, 7128.636, 81629.027
INFO:root:88657.648, 7139.841, 81517.807
INFO:root:88063.687, 7103.283, 80960.404
INFO:root:88042.615, 7091.504, 80951.111
INFO:root:87994.966, 7106.130, 80888.835
INFO:root:87687.601, 7081.651, 80605.950
INFO:root:87911.808, 7089.651, 80822.156
INFO:root:87723.502, 7077.160, 80646.342
INFO:root:87619.086, 7078.477, 80540.610
INFO:root:87656.337, 7084.008, 80572.328
INFO:root:87635.319, 7061.607, 80573.711
INFO:root:87548.677, 7076.992, 80471.685
INFO:root:87437.142, 7054.266, 80382.876
INFO:root:87540.330, 7068.885, 80471.446
INFO:root:87667.577, 7057.331, 80610.247
INFO:root:87259.283, 7046.485, 80212.797
INFO:root:87057.411, 7030.042, 80027.369
INFO:root:87085.500, 7028.449, 80057.051
INFO:root:87271.191, 7036.815, 80234.376
INFO:root:87184.260, 7034.828, 80149.432
INFO:root:87527.277, 7020.332, 80506.945
INFO:root:87302.393, 7018.637, 80283.756
INFO:root:87245.810, 7018.885, 80226.924
INFO:root:86828.719, 7006.493, 79822.226
INFO:root:86604.566, 7008.035, 79596.531
INFO:root:86549.940, 7001.305, 79548.635
INFO:root:87091.867, 7005.429, 80086.438
INFO:root:86578.555, 6969.684, 79608.871
INFO:root:86211.045, 6966.516, 79244.530
INFO:root:87129.604, 6995.536, 80134.068
INFO:root:86936.700, 6999.441, 79937.259
INFO:root:86780.354, 6987.719, 79792.636
INFO:root:86486.445, 6970.524, 79515.921
INFO:root:86075.347, 6952.136, 79123.210
INFO:root:86282.829, 6964.373, 79318.456
INFO:root:86361.798, 6950.371, 79411.426
INFO:root:85813.529, 6926.252, 78887.276
INFO:root:86495.220, 6969.073, 79526.147
INFO:root:86457.447, 6956.702, 79500.745
INFO:root:85818.556, 6937.188, 78881.368
INFO:root:85659.205, 6921.341, 78737.864
INFO:root:85758.748, 6921.310, 78837.439
INFO:root:85946.952, 6934.059, 79012.893
INFO:root:85817.006, 6944.474, 78872.532
INFO:root:86464.644, 6937.610, 79527.035
INFO:root:85899.981, 6912.117, 78987.864
INFO:root:85691.693, 6918.683, 78773.010
INFO:root:85679.012, 6919.341, 78759.671
INFO:root:85662.520, 6898.221, 78764.299
INFO:root:85874.133, 6903.055, 78971.078
INFO:root:85362.182, 6890.531, 78471.650
INFO:root:85555.124, 6887.680, 78667.444
INFO:root:85556.633, 6876.752, 78679.880
INFO:root:85113.840, 6871.678, 78242.161
INFO:root:85013.721, 6864.949, 78148.771
INFO:root:85599.467, 6866.620, 78732.847
INFO:root:85151.282, 6868.844, 78282.438
INFO:root:85252.039, 6865.888, 78386.151
INFO:root:85210.480, 6855.963, 78354.517
INFO:root:84939.380, 6856.416, 78082.964
INFO:root:85243.264, 6855.078, 78388.186
INFO:root:85086.883, 6848.612, 78238.271
INFO:root:84973.089, 6844.642, 78128.447
INFO:root:85122.183, 6829.350, 78292.833
INFO:root:85095.286, 6859.727, 78235.558
INFO:root:84857.102, 6831.644, 78025.458
INFO:root:85079.059, 6832.614, 78246.446
INFO:root:84937.826, 6840.481, 78097.344
INFO:root:84551.959, 6804.260, 77747.699
INFO:root:84279.946, 6799.045, 77480.902
INFO:root:84530.843, 6806.052, 77724.791
INFO:root:84721.385, 6817.249, 77904.135
INFO:root:85010.766, 6829.928, 78180.837
INFO:root:84359.457, 6787.130, 77572.327
INFO:root:84241.397, 6789.064, 77452.332
INFO:root:84519.024, 6791.340, 77727.685
INFO:root:84357.119, 6783.065, 77574.053
INFO:root:84591.303, 6802.977, 77788.327
INFO:root:84489.046, 6797.403, 77691.643
INFO:root:84309.168, 6775.427, 77533.740
INFO:root:84216.797, 6778.773, 77438.025
INFO:root:84171.351, 6777.971, 77393.380
INFO:root:84235.050, 6773.971, 77461.078
INFO:root:84118.188, 6765.211, 77352.976
INFO:root:84110.937, 6766.800, 77344.136
INFO:root:84093.162, 6747.659, 77345.504
INFO:root:83954.245, 6755.815, 77198.430
INFO:root:83631.572, 6725.026, 76906.547
INFO:root:83724.194, 6751.602, 76972.592
INFO:root:83584.775, 6726.478, 76858.297
INFO:root:83752.976, 6727.370, 77025.606
INFO:root:83891.810, 6743.930, 77147.879
INFO:root:83982.458, 6733.120, 77249.338
INFO:root:83607.705, 6730.499, 76877.206
INFO:root:83355.103, 6704.388, 76650.715
INFO:root:83569.711, 6728.814, 76840.897
INFO:root:83701.932, 6711.540, 76990.392
INFO:root:83443.634, 6704.244, 76739.389
INFO:root:83528.111, 6719.718, 76808.393
INFO:root:83634.251, 6722.983, 76911.268
INFO:root:83733.243, 6711.858, 77021.385
INFO:root:83784.002, 6701.332, 77082.670
INFO:root:83400.048, 6690.488, 76709.561
INFO:root:83169.134, 6678.547, 76490.588
INFO:root:83246.314, 6674.617, 76571.697
INFO:root:82952.541, 6684.470, 76268.071
INFO:root:83244.373, 6687.294, 76557.078
INFO:root:83483.721, 6673.014, 76810.708
INFO:root:82929.472, 6659.890, 76269.582
INFO:root:82910.903, 6671.625, 76239.278
INFO:root:82914.909, 6647.813, 76267.096
INFO:root:82993.910, 6649.520, 76344.389
INFO:root:82980.977, 6637.862, 76343.115
INFO:root:82856.394, 6642.591, 76213.803
INFO:root:83006.111, 6650.149, 76355.962
INFO:root:83086.851, 6662.061, 76424.790
INFO:root:83193.125, 6656.893, 76536.232
INFO:root:82814.971, 6627.284, 76187.688
INFO:root:82737.898, 6645.642, 76092.256
INFO:root:82933.169, 6639.496, 76293.673
INFO:root:83149.790, 6639.464, 76510.326
INFO:root:82839.643, 6644.924, 76194.719
INFO:root:82393.445, 6607.509, 75785.936
INFO:root:82448.883, 6621.235, 75827.647
INFO:root:82229.857, 6595.372, 75634.485
INFO:root:82382.672, 6605.037, 75777.635
INFO:root:82781.094, 6619.052, 76162.042
INFO:root:82810.316, 6614.019, 76196.298
INFO:root:82788.224, 6620.244, 76167.981
INFO:root:82357.955, 6593.638, 75764.317
INFO:root:82149.578, 6570.250, 75579.328
INFO:root:82696.592, 6594.213, 76102.378
INFO:root:82281.162, 6587.175, 75693.987
INFO:root:82093.388, 6582.962, 75510.425
INFO:root:82186.003, 6590.022, 75595.982
INFO:root:82310.522, 6578.263, 75732.259
INFO:root:82217.076, 6559.399, 75657.677
INFO:root:82302.160, 6579.748, 75722.412
INFO:root:81879.148, 6543.837, 75335.312
INFO:root:81960.039, 6562.445, 75397.594
INFO:root:81917.324, 6546.497, 75370.827
INFO:root:82034.908, 6556.522, 75478.386
INFO:root:82075.110, 6549.560, 75525.550
INFO:root:81878.321, 6551.328, 75326.993
INFO:root:82184.663, 6536.268, 75648.395
INFO:root:81894.454, 6541.136, 75353.319
INFO:root:81878.189, 6542.478, 75335.711
INFO:root:81826.923, 6527.962, 75298.962
INFO:root:82044.001, 6535.310, 75508.691
INFO:root:81684.446, 6534.416, 75150.030
INFO:root:81592.293, 6523.789, 75068.504
INFO:root:81767.813, 6521.366, 75246.447
INFO:root:81482.925, 6502.765, 74980.160
INFO:root:81415.170, 6508.542, 74906.628
INFO:root:81649.426, 6498.036, 75151.390
INFO:root:81305.197, 6488.876, 74816.321
INFO:root:81352.017, 6487.471, 74864.546
INFO:root:81470.977, 6496.623, 74974.355
INFO:root:81571.408, 6518.561, 75052.846
INFO:root:81839.403, 6518.452, 75320.951
INFO:root:81758.182, 6514.116, 75244.065
INFO:root:81812.813, 6501.877, 75310.936
INFO:root:81324.482, 6476.240, 74848.242
INFO:root:80966.681, 6467.065, 74499.617
INFO:root:81173.920, 6468.038, 74705.882
INFO:root:81275.407, 6467.184, 74808.223
INFO:root:81148.514, 6460.140, 74688.374
INFO:root:81609.761, 6477.977, 75131.784
INFO:root:81191.277, 6466.649, 74724.628
INFO:root:80809.481, 6453.167, 74356.313
INFO:root:81154.191, 6467.917, 74686.274
INFO:root:81002.705, 6446.035, 74556.670
INFO:root:81266.310, 6459.722, 74806.587
INFO:root:81091.527, 6453.442, 74638.085
INFO:root:81050.849, 6447.153, 74603.696
INFO:root:80951.689, 6440.767, 74510.921
INFO:root:80914.203, 6421.759, 74492.444
INFO:root:81058.719, 6411.893, 74646.826
INFO:root:81092.498, 6444.589, 74647.909
INFO:root:80640.975, 6419.657, 74221.317
INFO:root:80779.672, 6433.373, 74346.299
INFO:root:81294.998, 6446.558, 74848.441
INFO:root:80945.982, 6422.093, 74523.889
INFO:root:80579.095, 6405.680, 74173.415
INFO:root:81087.418, 6436.378, 74651.039
INFO:root:80558.724, 6401.578, 74157.146
INFO:root:80971.189, 6426.932, 74544.257
INFO:root:80464.543, 6377.542, 74087.001
INFO:root:80321.591, 6377.323, 73944.268
INFO:root:80504.509, 6402.534, 74101.975
INFO:root:80829.707, 6405.450, 74424.257
INFO:root:80481.004, 6404.676, 74076.327
INFO:root:80542.539, 6389.690, 74152.849
INFO:root:80825.897, 6384.035, 74441.862
INFO:root:80761.871, 6391.391, 74370.480
INFO:root:80543.021, 6390.111, 74152.910
INFO:root:80040.487, 6359.560, 73680.927
INFO:root:80177.228, 6370.406, 73806.823
INFO:root:80509.613, 6389.663, 74119.950
INFO:root:80282.772, 6371.905, 73910.867
INFO:root:79929.001, 6343.584, 73585.417
INFO:root:80335.858, 6366.923, 73968.935
INFO:root:80606.593, 6376.536, 74230.057
INFO:root:80494.335, 6367.779, 74126.556
INFO:root:80250.238, 6350.439, 73899.799
INFO:root:80362.294, 6377.772, 73984.522
INFO:root:80598.571, 6373.950, 74224.621
INFO:root:80259.075, 6336.136, 73922.939
INFO:root:80221.738, 6344.396, 73877.342
INFO:root:80019.464, 6343.083, 73676.382
INFO:root:79754.031, 6321.679, 73432.352
INFO:root:79770.545, 6333.357, 73437.188
INFO:root:79885.755, 6326.500, 73559.255
INFO:root:79851.481, 6337.855, 73513.626
INFO:root:79989.204, 6318.554, 73670.650
INFO:root:79921.018, 6318.006, 73603.011
INFO:root:80088.883, 6340.894, 73747.990
INFO:root:80264.326, 6324.346, 73939.980
INFO:root:79996.883, 6332.152, 73664.730
INFO:root:79935.037, 6311.126, 73623.911
INFO:root:79918.060, 6313.683, 73604.376
INFO:root:79808.953, 6302.713, 73506.239
INFO:root:79732.199, 6311.459, 73420.740
INFO:root:79502.088, 6279.660, 73222.428
INFO:root:79724.552, 6306.815, 73417.738
INFO:root:79644.009, 6288.913, 73355.096
INFO:root:80205.966, 6328.205, 73877.761
INFO:root:79905.972, 6291.189, 73614.783
INFO:root:79512.759, 6273.368, 73239.390
INFO:root:79390.338, 6270.148, 73120.191
INFO:root:79447.329, 6271.786, 73175.542
INFO:root:79647.034, 6276.524, 73370.510
INFO:root:79844.472, 6274.092, 73570.380
INFO:root:79452.952, 6265.268, 73187.684
INFO:root:79430.630, 6266.558, 73164.072
INFO:root:79362.360, 6260.148, 73102.212
INFO:root:79110.978, 6254.828, 72856.149
INFO:root:79403.973, 6265.910, 73138.063
INFO:root:79369.164, 6254.672, 73114.491
INFO:root:79733.876, 6273.443, 73460.434
INFO:root:79547.084, 6254.312, 73292.772
INFO:root:79063.426, 6238.180, 72825.246
INFO:root:79433.977, 6250.815, 73183.161
INFO:root:79555.690, 6231.855, 73323.835
INFO:root:79410.328, 6229.421, 73180.907
INFO:root:79144.997, 6238.796, 72906.201
INFO:root:79090.335, 6233.357, 72856.978
INFO:root:79214.249, 6224.631, 72989.619
INFO:root:79303.191, 6232.353, 73070.838
INFO:root:79282.268, 6221.915, 73060.353
INFO:root:79028.532, 6225.341, 72803.190
INFO:root:79256.060, 6225.885, 73030.175
INFO:root:78866.455, 6192.409, 72674.047
INFO:root:78985.992, 6216.603, 72769.390
INFO:root:79043.199, 6227.917, 72815.281
INFO:root:78914.063, 6202.991, 72711.072
INFO:root:79069.363, 6210.379, 72858.983
INFO:root:79169.065, 6194.873, 72974.192
INFO:root:79015.552, 6199.268, 72816.285
INFO:root:78779.786, 6200.100, 72579.686
INFO:root:78658.345, 6177.706, 72480.640
INFO:root:79139.373, 6211.712, 72927.661
INFO:root:79062.568, 6195.672, 72866.896
INFO:root:78778.814, 6188.033, 72590.781
INFO:root:78848.153, 6184.279, 72663.873
INFO:root:78958.464, 6190.005, 72768.460
INFO:root:78768.958, 6177.795, 72591.163
INFO:root:78764.217, 6164.596, 72599.621
INFO:root:78772.641, 6171.058, 72601.583
INFO:root:78823.061, 6195.856, 72627.205
INFO:root:78621.897, 6169.458, 72452.438
INFO:root:78693.531, 6181.294, 72512.236
INFO:root:78634.791, 6165.923, 72468.868
INFO:root:78956.355, 6170.653, 72785.702
INFO:root:78666.821, 6155.922, 72510.898
INFO:root:78534.080, 6159.911, 72374.170
INFO:root:78135.765, 6121.843, 72013.922
INFO:root:78322.363, 6141.806, 72180.557
INFO:root:78884.219, 6170.303, 72713.916
INFO:root:78644.658, 6148.204, 72496.454
INFO:root:78500.078, 6147.522, 72352.556
INFO:root:78524.274, 6151.444, 72372.829
INFO:root:78577.066, 6131.575, 72445.491
INFO:root:78654.437, 6152.147, 72502.290
INFO:root:78415.740, 6121.687, 72294.053
INFO:root:78481.970, 6132.511, 72349.460
INFO:root:78242.716, 6108.023, 72134.693
INFO:root:78322.389, 6135.803, 72186.585
INFO:root:78172.270, 6100.034, 72072.236
INFO:root:78071.861, 6098.933, 71972.928
INFO:root:78260.364, 6097.593, 72162.771
INFO:root:78462.691, 6124.233, 72338.459
INFO:root:78332.826, 6133.828, 72198.998
INFO:root:78150.932, 6115.786, 72035.147
INFO:root:77960.566, 6104.376, 71856.189
INFO:root:78461.726, 6114.824, 72346.902
INFO:root:78299.686, 6114.940, 72184.746
INFO:root:78173.690, 6094.357, 72079.333
INFO:root:78429.601, 6102.886, 72326.716
INFO:root:78317.500, 6100.470, 72217.031
INFO:root:77900.031, 6079.736, 71820.295
INFO:root:77665.954, 6069.436, 71596.518
INFO:root:77874.347, 6078.094, 71796.253
INFO:root:77842.216, 6078.716, 71763.500
INFO:root:78156.077, 6095.666, 72060.411
INFO:root:78029.378, 6083.540, 71945.837
INFO:root:77849.205, 6065.227, 71783.978
INFO:root:78138.006, 6078.529, 72059.477
INFO:root:78223.227, 6078.209, 72145.018
INFO:root:78080.274, 6070.078, 72010.195
INFO:root:77704.448, 6042.889, 71661.559
INFO:root:77634.879, 6056.564, 71578.315
INFO:root:78084.454, 6065.328, 72019.125
INFO:root:78072.336, 6061.766, 72010.570
INFO:root:77837.169, 6044.805, 71792.364
INFO:root:77882.977, 6069.781, 71813.196
INFO:root:77664.938, 6058.943, 71605.995
INFO:root:77882.362, 6066.660, 71815.702
INFO:root:78002.519, 6051.490, 71951.028
INFO:root:77871.270, 6050.570, 71820.700
INFO:root:77820.153, 6050.249, 71769.903
INFO:root:77614.118, 6018.036, 71596.082
INFO:root:77571.266, 6022.941, 71548.324
INFO:root:77685.559, 6038.282, 71647.277
INFO:root:77844.802, 6031.757, 71813.046
INFO:root:77512.817, 6018.732, 71494.085
INFO:root:77707.257, 6015.912, 71691.344
INFO:root:77858.025, 6028.627, 71829.397
INFO:root:77591.482, 6010.176, 71581.306
INFO:root:77262.301, 5995.897, 71266.405
INFO:root:77524.561, 6009.385, 71515.176
INFO:root:77691.699, 6016.569, 71675.129
INFO:root:77451.032, 6014.778, 71436.253
INFO:root:77383.992, 6001.913, 71382.079
INFO:root:77368.233, 5999.165, 71369.069
INFO:root:77303.760, 6003.866, 71299.894
INFO:root:77434.232, 6000.150, 71434.082
INFO:root:77630.363, 6006.730, 71623.633
INFO:root:77524.184, 6004.307, 71519.877
INFO:root:77224.439, 5977.950, 71246.489
INFO:root:77543.165, 6003.838, 71539.327
INFO:root:77552.701, 6011.328, 71541.374
INFO:root:77323.100, 5983.990, 71339.110
INFO:root:77422.112, 5998.785, 71423.327
INFO:root:77173.502, 5986.540, 71186.962
INFO:root:77177.008, 5966.020, 71210.988
INFO:root:77398.199, 5987.706, 71410.493
INFO:root:77214.879, 5962.839, 71252.040
INFO:root:77448.912, 5979.098, 71469.815
INFO:root:77371.698, 5961.582, 71410.116
INFO:root:77105.957, 5957.599, 71148.358
INFO:root:77151.705, 5973.467, 71178.238
INFO:root:77083.996, 5956.077, 71127.920
INFO:root:77206.077, 5965.107, 71240.969
INFO:root:77660.742, 5990.781, 71669.960
INFO:root:77146.725, 5951.586, 71195.138
INFO:root:77017.174, 5955.853, 71061.321
INFO:root:76727.522, 5939.836, 70787.685
INFO:root:76780.028, 5924.315, 70855.713
INFO:root:77056.313, 5953.066, 71103.248
INFO:root:77265.818, 5969.090, 71296.727
INFO:root:77233.716, 5945.869, 71287.847
INFO:root:76930.733, 5926.291, 71004.442
INFO:root:76764.941, 5923.645, 70841.296
INFO:root:76893.694, 5923.548, 70970.145
INFO:root:77368.145, 5948.502, 71419.644
INFO:root:77027.550, 5928.528, 71099.022
INFO:root:77066.294, 5943.657, 71122.637
INFO:root:76946.807, 5932.055, 71014.752
INFO:root:76807.423, 5924.306, 70883.117
INFO:root:76743.318, 5905.040, 70838.278
INFO:root:76674.061, 5909.685, 70764.376
INFO:root:76888.517, 5915.088, 70973.429
INFO:root:76881.869, 5907.719, 70974.150
INFO:root:77016.766, 5928.268, 71088.499
INFO:root:76948.912, 5929.885, 71019.027
INFO:root:76826.037, 5909.557, 70916.480
INFO:root:76643.824, 5893.956, 70749.868
INFO:root:76555.455, 5893.462, 70661.993
INFO:root:76891.588, 5921.140, 70970.448
INFO:root:76981.843, 5917.272, 71064.571
INFO:root:76814.386, 5906.887, 70907.499
INFO:root:77125.645, 5926.000, 71199.645
INFO:root:76861.563, 5904.692, 70956.872
INFO:root:76773.304, 5890.503, 70882.801
INFO:root:76538.257, 5886.263, 70651.994
INFO:root:76564.032, 5884.169, 70679.864
INFO:root:76556.955, 5895.725, 70661.231
INFO:root:76357.447, 5860.027, 70497.420
INFO:root:76684.820, 5879.530, 70805.290
INFO:root:76397.948, 5877.408, 70520.540
INFO:root:76337.218, 5858.250, 70478.968
INFO:root:76479.292, 5863.739, 70615.553
INFO:root:76715.003, 5886.063, 70828.941
INFO:root:76691.117, 5884.625, 70806.493
INFO:root:76660.929, 5894.836, 70766.094
INFO:root:76935.176, 5904.414, 71030.762
INFO:root:76274.146, 5854.870, 70419.277
INFO:root:76203.502, 5845.420, 70358.083
INFO:root:76682.548, 5887.286, 70795.262
INFO:root:76434.406, 5836.626, 70597.780
INFO:root:76340.657, 5842.653, 70498.004
INFO:root:76347.366, 5852.966, 70494.400
INFO:root:76298.331, 5852.127, 70446.204
INFO:root:76190.747, 5828.015, 70362.732
INFO:root:76254.681, 5837.529, 70417.152
INFO:root:76308.547, 5842.814, 70465.733
INFO:root:76163.040, 5844.584, 70318.456
INFO:root:76401.701, 5838.814, 70562.888
INFO:root:76533.571, 5857.205, 70676.366
INFO:root:76563.106, 5864.534, 70698.572
INFO:root:76349.965, 5834.338, 70515.627
INFO:root:76704.973, 5870.588, 70834.385
INFO:root:76457.655, 5852.704, 70604.951
INFO:root:76168.395, 5828.346, 70340.049
INFO:root:76300.396, 5817.589, 70482.806
INFO:root:76135.977, 5814.582, 70321.395
INFO:root:76095.315, 5810.498, 70284.816
INFO:root:76001.052, 5800.602, 70200.450
INFO:root:76064.676, 5819.986, 70244.690
INFO:root:76170.368, 5820.582, 70349.786
INFO:root:76041.642, 5813.281, 70228.360
INFO:root:76317.020, 5827.182, 70489.838
INFO:root:76254.554, 5812.022, 70442.531
INFO:root:76121.291, 5809.381, 70311.910
INFO:root:76431.102, 5831.438, 70599.664
INFO:root:76254.313, 5816.234, 70438.078
INFO:root:76002.625, 5805.986, 70196.639
INFO:root:75618.503, 5761.728, 69856.774
INFO:root:75801.412, 5792.397, 70009.015
INFO:root:75830.009, 5794.303, 70035.706
INFO:root:76175.414, 5799.420, 70375.994
INFO:root:75948.826, 5795.648, 70153.178
INFO:root:76008.046, 5792.062, 70215.984
INFO:root:76301.001, 5822.214, 70478.787
INFO:root:76018.121, 5793.267, 70224.854
INFO:root:76002.850, 5793.948, 70208.903
INFO:root:76205.911, 5802.382, 70403.529
INFO:root:75737.962, 5767.727, 69970.235
INFO:root:75628.832, 5764.236, 69864.597
INFO:root:75800.559, 5766.275, 70034.284
INFO:root:75894.132, 5776.011, 70118.121
INFO:root:76196.828, 5787.099, 70409.729
INFO:root:75854.270, 5772.361, 70081.909
INFO:root:75683.813, 5757.974, 69925.839
INFO:root:75636.128, 5770.523, 69865.605
INFO:root:76037.496, 5785.319, 70252.177
INFO:root:75822.611, 5758.666, 70063.945
INFO:root:75674.107, 5745.602, 69928.505
INFO:root:75545.447, 5750.577, 69794.870
INFO:root:76161.711, 5773.957, 70387.754
INFO:root:75925.362, 5781.268, 70144.093
INFO:root:75697.108, 5738.090, 69959.018
INFO:root:75628.478, 5760.555, 69867.924
INFO:root:75718.370, 5746.062, 69972.308
INFO:root:75654.875, 5757.364, 69897.511
INFO:root:75762.801, 5756.402, 70006.399
INFO:root:75588.001, 5742.564, 69845.437
INFO:root:75781.542, 5754.464, 70027.078
INFO:root:75546.666, 5734.209, 69812.456
INFO:root:75599.188, 5729.100, 69870.089
INFO:root:75662.726, 5735.424, 69927.303
INFO:root:75818.655, 5751.223, 70067.432
INFO:root:75583.397, 5730.606, 69852.791
INFO:root:75466.758, 5726.755, 69740.002
INFO:root:75458.607, 5729.105, 69729.503
INFO:root:75436.452, 5721.133, 69715.318
INFO:root:75576.570, 5716.093, 69860.478
INFO:root:75553.079, 5727.139, 69825.941
INFO:root:75673.311, 5746.108, 69927.203
INFO:root:75681.538, 5733.377, 69948.161
INFO:root:75563.854, 5703.670, 69860.184
INFO:root:75347.573, 5714.954, 69632.620
INFO:root:75378.181, 5707.211, 69670.970
INFO:root:75599.852, 5712.874, 69886.978
INFO:root:75741.878, 5747.607, 69994.271
INFO:root:75476.308, 5713.752, 69762.556
INFO:root:75377.436, 5723.590, 69653.846
INFO:root:75303.868, 5687.543, 69616.325
INFO:root:75663.607, 5740.431, 69923.176
INFO:root:75364.019, 5695.501, 69668.519
INFO:root:75400.942, 5702.133, 69698.809
INFO:root:75541.448, 5721.607, 69819.840
INFO:root:75279.595, 5692.752, 69586.843
INFO:root:75294.734, 5689.218, 69605.516
INFO:root:74987.664, 5647.558, 69340.107
INFO:root:75092.974, 5672.863, 69420.111
INFO:root:75289.299, 5690.983, 69598.316
INFO:root:75199.042, 5686.857, 69512.185
INFO:root:75200.009, 5680.085, 69519.924
INFO:root:75317.288, 5688.437, 69628.852
INFO:root:75271.566, 5697.314, 69574.251
INFO:root:75387.569, 5701.935, 69685.634
INFO:root:75308.540, 5689.840, 69618.700
INFO:root:75119.687, 5666.279, 69453.407
INFO:root:75194.657, 5669.892, 69524.765
INFO:root:74947.774, 5664.717, 69283.057
INFO:root:74955.211, 5640.804, 69314.407
INFO:root:75598.352, 5703.699, 69894.654
INFO:root:75522.355, 5696.085, 69826.270
INFO:root:75031.787, 5641.323, 69390.464
INFO:root:75308.097, 5667.696, 69640.401
INFO:root:75062.874, 5658.906, 69403.968
INFO:root:75410.333, 5685.188, 69725.145
INFO:root:75117.521, 5649.546, 69467.975
INFO:root:75090.230, 5652.541, 69437.689
INFO:root:74814.662, 5629.729, 69184.934
INFO:root:74680.763, 5623.275, 69057.488
INFO:root:75206.293, 5672.452, 69533.841
INFO:root:75319.710, 5683.280, 69636.431
INFO:root:75143.303, 5652.855, 69490.449
INFO:root:75153.792, 5655.414, 69498.378
INFO:root:74730.522, 5623.710, 69106.812
INFO:root:74922.287, 5657.875, 69264.412
INFO:root:74991.642, 5638.862, 69352.780
INFO:root:75092.943, 5639.211, 69453.732
INFO:root:75064.165, 5627.651, 69436.514
INFO:root:74934.266, 5637.587, 69296.679
INFO:root:74901.084, 5648.615, 69252.469
INFO:root:74833.734, 5616.380, 69217.354
INFO:root:75063.977, 5632.163, 69431.814
INFO:root:75564.610, 5677.906, 69886.703
INFO:root:75204.296, 5662.943, 69541.353
INFO:root:74822.065, 5618.536, 69203.528
INFO:root:74745.293, 5615.706, 69129.587
INFO:root:74703.233, 5601.596, 69101.637
INFO:root:74410.366, 5580.423, 68829.943
INFO:root:74437.491, 5594.602, 68842.888
INFO:root:74705.380, 5611.526, 69093.854
INFO:root:75068.160, 5636.365, 69431.794
INFO:root:74905.940, 5620.114, 69285.826
INFO:root:74768.525, 5617.914, 69150.611
INFO:root:74811.601, 5622.883, 69188.718
INFO:root:74992.128, 5635.323, 69356.805
INFO:root:74705.905, 5609.351, 69096.554
INFO:root:74678.469, 5602.595, 69075.874
INFO:root:74709.339, 5603.891, 69105.449
INFO:root:74771.161, 5614.869, 69156.291
INFO:root:74874.957, 5601.378, 69273.578
INFO:root:74747.808, 5587.737, 69160.070
INFO:root:74600.075, 5587.631, 69012.444
INFO:root:74633.355, 5602.861, 69030.494
INFO:root:74608.561, 5592.643, 69015.918
INFO:root:74919.790, 5642.744, 69277.046
INFO:root:74664.678, 5593.673, 69071.005
INFO:root:74855.142, 5615.475, 69239.668
INFO:root:74711.508, 5581.694, 69129.814
INFO:root:74464.126, 5561.392, 68902.734
INFO:root:74468.944, 5584.790, 68884.155
INFO:root:74434.530, 5586.318, 68848.212
INFO:root:74544.855, 5571.265, 68973.590
INFO:root:74627.100, 5585.528, 69041.571
INFO:root:74847.680, 5610.444, 69237.236
INFO:root:74760.152, 5591.863, 69168.289
INFO:root:74675.030, 5587.133, 69087.898
INFO:root:74562.262, 5582.354, 68979.907
INFO:root:74544.069, 5571.499, 68972.570
INFO:root:74490.906, 5562.739, 68928.167
INFO:root:74250.223, 5548.003, 68702.220
INFO:root:74443.023, 5580.122, 68862.901
INFO:root:74754.528, 5590.950, 69163.578
INFO:root:74604.232, 5572.794, 69031.437
INFO:root:74321.129, 5551.284, 68769.845
INFO:root:74265.116, 5548.801, 68716.315
INFO:root:74397.086, 5557.006, 68840.080
INFO:root:74176.308, 5522.905, 68653.403
INFO:root:74165.286, 5529.060, 68636.226
INFO:root:74446.566, 5566.110, 68880.457
INFO:root:74418.548, 5562.266, 68856.282
INFO:root:74887.501, 5578.713, 69308.788
INFO:root:74754.198, 5552.485, 69201.714
INFO:root:74562.284, 5553.249, 69009.036
INFO:root:74047.374, 5509.182, 68538.192
INFO:root:73948.122, 5504.016, 68444.107
INFO:root:74121.346, 5525.259, 68596.087
INFO:root:74306.701, 5558.564, 68748.136
INFO:root:74309.894, 5531.352, 68778.542
INFO:root:74403.471, 5541.131, 68862.340
INFO:root:74394.645, 5554.169, 68840.477
INFO:root:74490.043, 5552.387, 68937.656
INFO:root:74431.174, 5553.604, 68877.570
INFO:root:74428.129, 5546.322, 68881.807
INFO:root:74144.538, 5515.149, 68629.389
INFO:root:74197.066, 5503.298, 68693.767
INFO:root:74196.546, 5516.134, 68680.412
INFO:root:74268.711, 5535.755, 68732.956
INFO:root:74435.486, 5544.304, 68891.182
INFO:root:74227.424, 5520.884, 68706.540
INFO:root:74158.374, 5508.214, 68650.160
INFO:root:74024.345, 5507.641, 68516.704
INFO:root:74049.508, 5523.702, 68525.806
INFO:root:74500.222, 5535.538, 68964.684
INFO:root:74343.526, 5528.462, 68815.063
INFO:root:74385.910, 5551.209, 68834.702
INFO:root:74369.650, 5539.481, 68830.170
INFO:root:74467.676, 5524.587, 68943.089
INFO:root:74211.256, 5539.719, 68671.537
INFO:root:73806.021, 5488.195, 68317.826
INFO:root:73940.773, 5497.590, 68443.184
INFO:root:73860.145, 5478.417, 68381.728
INFO:root:73734.158, 5469.917, 68264.241
INFO:root:74086.707, 5506.683, 68580.023
INFO:root:74044.910, 5487.698, 68557.212
INFO:root:74202.334, 5511.309, 68691.024
INFO:root:74251.504, 5506.350, 68745.154
INFO:root:74132.150, 5487.239, 68644.911
INFO:root:74285.874, 5520.829, 68765.045
INFO:root:73912.936, 5477.885, 68435.051
INFO:root:73863.357, 5470.618, 68392.739
INFO:root:74245.095, 5503.977, 68741.118
INFO:root:74020.606, 5500.004, 68520.603
INFO:root:73897.819, 5488.590, 68409.229
INFO:root:73964.956, 5479.478, 68485.478
INFO:root:73780.487, 5476.058, 68304.428
INFO:root:73665.347, 5442.631, 68222.716
INFO:root:73907.950, 5489.272, 68418.678
INFO:root:74083.026, 5485.049, 68597.977
INFO:root:73917.574, 5474.609, 68442.965
INFO:root:73846.443, 5464.401, 68382.041
INFO:root:73970.695, 5487.687, 68483.008
INFO:root:74152.876, 5501.813, 68651.063
INFO:root:73970.187, 5471.725, 68498.462
INFO:root:73810.208, 5448.622, 68361.586
INFO:root:73921.396, 5468.742, 68452.654
INFO:root:74152.077, 5488.247, 68663.830
INFO:root:73966.717, 5477.851, 68488.867
INFO:root:73776.116, 5457.448, 68318.667
INFO:root:73726.756, 5457.965, 68268.790
INFO:root:73734.905, 5454.770, 68280.135
INFO:root:73722.745, 5448.373, 68274.372
INFO:root:74079.858, 5476.288, 68603.569
INFO:root:74008.065, 5465.172, 68542.893
INFO:root:73965.581, 5454.517, 68511.064
INFO:root:73640.311, 5428.257, 68212.053
INFO:root:73613.108, 5451.858, 68161.250
INFO:root:73725.880, 5445.996, 68279.884
INFO:root:73827.977, 5446.462, 68381.515
INFO:root:73562.411, 5428.566, 68133.845
INFO:root:73551.713, 5418.353, 68133.360
INFO:root:73869.402, 5464.374, 68405.028
INFO:root:73623.936, 5422.833, 68201.103
INFO:root:73507.966, 5426.554, 68081.412
INFO:root:73678.693, 5434.759, 68243.934
INFO:root:73906.383, 5475.359, 68431.023
INFO:root:73825.650, 5460.546, 68365.105
INFO:root:73594.886, 5420.100, 68174.786
INFO:root:73724.539, 5440.286, 68284.254
INFO:root:73537.380, 5413.823, 68123.557
INFO:root:73636.409, 5430.879, 68205.530
INFO:root:73708.341, 5443.091, 68265.250
INFO:root:73827.219, 5433.408, 68393.810
INFO:root:73873.821, 5426.627, 68447.195
INFO:root:73598.126, 5425.023, 68173.104
INFO:root:73419.616, 5419.294, 68000.323
INFO:root:73474.528, 5408.916, 68065.612
INFO:root:73382.158, 5399.811, 67982.346
INFO:root:73625.346, 5429.756, 68195.590
INFO:root:73892.307, 5430.677, 68461.630
INFO:root:73591.009, 5421.532, 68169.477
INFO:root:73417.902, 5398.844, 68019.058
INFO:root:73311.438, 5388.049, 67923.389
INFO:root:73525.081, 5411.779, 68113.302
INFO:root:73935.756, 5427.496, 68508.259
INFO:root:73895.135, 5443.107, 68452.028
INFO:root:73209.107, 5368.793, 67840.314
INFO:root:73299.759, 5384.912, 67914.847
INFO:root:73313.122, 5390.063, 67923.059
INFO:root:73915.622, 5432.973, 68482.649
INFO:root:73663.584, 5425.174, 68238.410
INFO:root:73728.466, 5413.237, 68315.229
INFO:root:73503.541, 5416.908, 68086.632
INFO:root:73426.973, 5397.354, 68029.619
INFO:root:73297.990, 5381.572, 67916.418
INFO:root:73236.477, 5363.095, 67873.382
INFO:root:73383.000, 5389.444, 67993.556
INFO:root:73564.903, 5398.640, 68166.263
INFO:root:73820.283, 5422.858, 68397.424
INFO:root:73389.685, 5377.012, 68012.673
INFO:root:73351.185, 5395.303, 67955.882
INFO:root:73433.426, 5378.044, 68055.381
INFO:root:73245.962, 5358.090, 67887.871
INFO:root:73343.288, 5384.529, 67958.759
INFO:root:73421.661, 5391.236, 68030.425
INFO:root:73297.319, 5385.498, 67911.821
INFO:root:73350.021, 5384.978, 67965.042
INFO:root:73325.129, 5367.408, 67957.720
INFO:root:73123.990, 5345.738, 67778.252
INFO:root:73319.503, 5374.159, 67945.345
INFO:root:73273.040, 5377.512, 67895.528
INFO:root:73955.982, 5428.632, 68527.350
INFO:root:73656.743, 5397.993, 68258.750
INFO:root:73178.500, 5354.224, 67824.276
INFO:root:73117.356, 5364.703, 67752.653
INFO:root:73118.371, 5367.750, 67750.621
INFO:root:73117.397, 5357.195, 67760.201
INFO:root:72993.139, 5346.903, 67646.236
INFO:root:73500.394, 5390.663, 68109.731
INFO:root:73116.840, 5332.438, 67784.402
INFO:root:73107.443, 5345.567, 67761.876
INFO:root:73254.395, 5359.866, 67894.529
INFO:root:73157.763, 5344.613, 67813.150
INFO:root:73160.864, 5355.083, 67805.781
INFO:root:73587.734, 5385.694, 68202.040
INFO:root:73629.441, 5388.488, 68240.953
INFO:root:73268.340, 5344.585, 67923.754
INFO:root:73130.434, 5332.113, 67798.322
INFO:root:73037.294, 5333.047, 67704.247
INFO:root:73109.499, 5364.505, 67744.994
INFO:root:73242.187, 5341.928, 67900.259
INFO:root:72965.078, 5327.194, 67637.885
INFO:root:72950.724, 5324.862, 67625.862
INFO:root:73164.687, 5351.394, 67813.294
INFO:root:73241.006, 5342.805, 67898.201
INFO:root:73361.445, 5359.947, 68001.498
INFO:root:73390.679, 5346.773, 68043.905
INFO:root:73158.824, 5333.595, 67825.230
INFO:root:72912.669, 5334.682, 67577.987
INFO:root:72948.919, 5333.884, 67615.035
INFO:root:72919.840, 5324.672, 67595.169
INFO:root:72957.317, 5324.281, 67633.036
INFO:root:73012.030, 5310.669, 67701.361
INFO:root:73174.282, 5342.361, 67831.921
INFO:root:73101.641, 5325.900, 67775.742
INFO:root:72960.746, 5329.384, 67631.362
INFO:root:73088.807, 5326.502, 67762.305
INFO:root:73109.610, 5333.171, 67776.438
INFO:root:73103.739, 5314.370, 67789.370
INFO:root:73108.043, 5336.601, 67771.442
INFO:root:73153.240, 5347.722, 67805.518
INFO:root:72887.413, 5311.758, 67575.655
INFO:root:72822.044, 5298.563, 67523.480
INFO:root:72759.884, 5295.629, 67464.255
INFO:root:73049.241, 5303.484, 67745.757
INFO:root:72984.196, 5328.234, 67655.962
INFO:root:73079.987, 5327.332, 67752.655
INFO:root:73103.069, 5324.902, 67778.167
INFO:root:73153.610, 5311.420, 67842.190
INFO:root:72924.857, 5300.665, 67624.193
INFO:root:Finished training.
INFO:root:Saved model to saves/v0/vrnn_state_dict_v0_beta=1.0_999.pth
