INFO:root:Namespace(batch_size=50, beta=1.5, clip=10, device=device(type='cuda'), epochs=1000, hdim=1024, learning_rate=0.001, model='VRNN', nlayers=3, save_every=1, version='v0', xdim=64, zdim=32)
INFO:root:Starting VRNN training for 1000 epochs.
INFO:root:Train Loss, KLD, Reconstruction Loss
INFO:root:372856.415, 420.424, 372225.778
INFO:root:337496.580, 211.262, 337179.686
INFO:root:271008.160, 4949.036, 263584.607
INFO:root:211100.569, 6517.307, 201324.609
INFO:root:201002.205, 6489.020, 191268.675
INFO:root:197169.397, 6597.904, 187272.541
INFO:root:193240.052, 6718.278, 183162.634
INFO:root:190278.702, 6832.580, 180029.832
INFO:root:187379.723, 6944.007, 176963.712
INFO:root:184324.028, 7009.094, 173810.387
INFO:root:181715.450, 7011.336, 171198.446
INFO:root:179164.342, 6812.771, 168945.185
INFO:root:176784.920, 6647.694, 166813.379
INFO:root:174119.074, 6444.946, 164451.656
INFO:root:171892.963, 6149.148, 162669.241
INFO:root:169306.829, 5859.620, 160517.398
INFO:root:167165.896, 5708.840, 158602.635
INFO:root:165053.119, 5680.810, 156531.904
INFO:root:163497.436, 5629.794, 155052.745
INFO:root:162021.833, 5606.685, 153611.806
INFO:root:159934.614, 5598.951, 151536.189
INFO:root:158534.416, 5584.035, 150158.364
INFO:root:156870.591, 5575.514, 148507.321
INFO:root:155736.952, 5566.921, 147386.571
INFO:root:153781.039, 5566.774, 145430.878
INFO:root:152818.213, 5548.642, 144495.250
INFO:root:151493.996, 5567.880, 143142.176
INFO:root:150571.416, 5558.207, 142234.106
INFO:root:148772.884, 5565.084, 140425.257
INFO:root:147423.840, 5569.628, 139069.398
INFO:root:146462.370, 5554.177, 138131.106
INFO:root:144787.894, 5563.128, 136443.202
INFO:root:144371.587, 5558.215, 136034.266
INFO:root:142943.164, 5557.882, 134606.341
INFO:root:141838.368, 5564.297, 133491.923
INFO:root:141062.809, 5559.166, 132724.060
INFO:root:140005.289, 5548.164, 131683.042
INFO:root:138704.667, 5547.705, 130383.109
INFO:root:137549.213, 5567.296, 129198.269
INFO:root:136950.501, 5565.643, 128602.037
INFO:root:136106.078, 5555.676, 127772.563
INFO:root:135276.871, 5561.257, 126934.984
INFO:root:134814.746, 5563.630, 126469.301
INFO:root:133229.226, 5556.453, 124894.548
INFO:root:132386.804, 5555.104, 124054.147
INFO:root:131942.606, 5542.359, 123629.067
INFO:root:130822.213, 5565.303, 122474.258
INFO:root:129773.444, 5550.686, 121447.416
INFO:root:129337.214, 5547.987, 121015.234
INFO:root:128644.019, 5542.709, 120329.955
INFO:root:127556.313, 5540.777, 119245.148
INFO:root:127638.881, 5529.984, 119343.904
INFO:root:126894.738, 5535.414, 118591.617
INFO:root:125602.435, 5533.195, 117302.643
INFO:root:125068.808, 5511.685, 116801.280
INFO:root:125101.142, 5508.308, 116838.680
INFO:root:124156.809, 5524.628, 115869.866
INFO:root:122794.291, 5508.021, 114532.260
INFO:root:122155.108, 5512.402, 113886.505
INFO:root:121859.841, 5510.437, 113594.185
INFO:root:121988.368, 5507.279, 113727.450
INFO:root:121224.798, 5482.588, 113000.917
INFO:root:120447.200, 5489.192, 112213.412
INFO:root:120277.219, 5488.607, 112044.308
INFO:root:119106.670, 5485.485, 110878.442
INFO:root:118555.813, 5486.573, 110325.954
INFO:root:118711.379, 5478.687, 110493.348
INFO:root:118421.861, 5467.480, 110220.641
INFO:root:117184.410, 5462.252, 108991.032
INFO:root:116894.768, 5459.897, 108704.922
INFO:root:116347.597, 5459.551, 108158.270
INFO:root:116287.455, 5458.123, 108100.271
INFO:root:115914.795, 5444.530, 107748.000
INFO:root:115505.165, 5445.811, 107336.449
INFO:root:115089.275, 5430.106, 106944.116
INFO:root:114383.600, 5427.066, 106243.001
INFO:root:113988.336, 5421.334, 105856.336
INFO:root:113686.626, 5412.928, 105567.234
INFO:root:113433.314, 5430.102, 105288.161
INFO:root:112982.756, 5414.309, 104861.292
INFO:root:112703.227, 5393.645, 104612.760
INFO:root:112470.554, 5399.571, 104371.197
INFO:root:112148.087, 5386.155, 104068.855
INFO:root:111524.753, 5385.053, 103447.174
INFO:root:111498.194, 5384.640, 103421.234
INFO:root:111391.489, 5400.959, 103290.050
INFO:root:110989.076, 5377.087, 102923.445
INFO:root:110153.077, 5358.275, 102115.665
INFO:root:110643.154, 5355.024, 102610.618
INFO:root:109622.078, 5368.681, 101569.057
INFO:root:109240.619, 5348.229, 101218.275
INFO:root:108665.722, 5332.321, 100667.240
INFO:root:108828.456, 5334.321, 100826.975
INFO:root:108607.423, 5325.593, 100619.033
INFO:root:108506.137, 5329.163, 100512.393
INFO:root:108044.478, 5317.169, 100068.724
INFO:root:107456.896, 5315.753, 99483.266
INFO:root:107551.121, 5312.136, 99582.918
INFO:root:107192.739, 5298.861, 99244.448
INFO:root:107165.411, 5307.042, 99204.847
INFO:root:107078.631, 5301.862, 99125.837
INFO:root:106576.506, 5290.685, 98640.479
INFO:root:106691.438, 5295.328, 98748.446
INFO:root:106159.176, 5271.031, 98252.629
INFO:root:105546.517, 5252.792, 97667.328
INFO:root:105407.850, 5248.242, 97535.487
INFO:root:105035.654, 5251.897, 97157.808
INFO:root:105743.997, 5255.274, 97861.086
INFO:root:105273.590, 5264.510, 97376.825
INFO:root:104721.354, 5248.691, 96848.317
INFO:root:104097.971, 5227.277, 96257.056
INFO:root:104266.233, 5240.498, 96405.486
INFO:root:104137.271, 5236.769, 96282.118
INFO:root:103570.318, 5203.313, 95765.348
INFO:root:103416.280, 5213.363, 95596.234
INFO:root:103911.981, 5196.850, 96116.706
INFO:root:103234.691, 5193.024, 95445.155
INFO:root:103233.679, 5200.919, 95432.301
INFO:root:102634.777, 5173.507, 94874.517
INFO:root:102270.091, 5190.698, 94484.044
INFO:root:102693.362, 5178.670, 94925.357
INFO:root:102367.066, 5167.006, 94616.557
INFO:root:101725.359, 5161.328, 93983.367
INFO:root:101861.403, 5150.052, 94136.324
INFO:root:101774.870, 5146.619, 94054.941
INFO:root:102002.853, 5160.290, 94262.419
INFO:root:101479.978, 5144.843, 93762.714
INFO:root:100800.348, 5114.296, 93128.904
INFO:root:100490.530, 5126.909, 92800.166
INFO:root:100523.696, 5113.535, 92853.393
INFO:root:100964.031, 5111.121, 93297.349
INFO:root:100944.712, 5107.325, 93283.724
INFO:root:100893.221, 5102.695, 93239.178
INFO:root:100524.091, 5095.846, 92880.323
INFO:root:100031.326, 5076.062, 92417.233
INFO:root:99607.389, 5081.101, 91985.737
INFO:root:99455.845, 5065.250, 91857.970
INFO:root:99623.330, 5059.895, 92033.488
INFO:root:99361.856, 5056.657, 91776.871
INFO:root:99581.350, 5056.313, 91996.881
INFO:root:99026.931, 5056.866, 91441.632
INFO:root:99040.412, 5050.915, 91464.040
INFO:root:99133.973, 5047.283, 91563.048
INFO:root:98675.538, 5026.629, 91135.595
INFO:root:98002.304, 4996.331, 90507.807
INFO:root:97929.658, 5003.178, 90424.891
INFO:root:98288.635, 5016.380, 90764.064
INFO:root:98553.833, 5014.826, 91031.593
INFO:root:97950.427, 5010.033, 90435.377
INFO:root:97544.250, 4995.269, 90051.347
INFO:root:97801.403, 4994.450, 90309.729
INFO:root:97762.736, 4982.663, 90288.742
INFO:root:97319.242, 4975.659, 89855.754
INFO:root:97020.710, 4974.891, 89558.373
INFO:root:97272.470, 4976.642, 89807.506
INFO:root:96920.716, 4960.380, 89480.146
INFO:root:96940.282, 4959.100, 89501.631
INFO:root:96897.995, 4958.986, 89459.516
INFO:root:96709.648, 4943.485, 89294.420
INFO:root:96453.005, 4945.312, 89035.037
INFO:root:96769.340, 4932.601, 89370.438
INFO:root:96022.871, 4909.500, 88658.621
INFO:root:95815.196, 4917.723, 88438.612
INFO:root:96296.439, 4924.459, 88909.750
INFO:root:95990.480, 4905.706, 88631.922
INFO:root:96135.219, 4899.365, 88786.171
INFO:root:95816.155, 4896.885, 88470.828
INFO:root:95595.479, 4881.438, 88273.321
INFO:root:94844.283, 4882.052, 87521.206
INFO:root:94999.696, 4882.383, 87676.121
INFO:root:95541.601, 4877.798, 88224.905
INFO:root:95338.986, 4861.434, 88046.836
INFO:root:95170.403, 4867.540, 87869.093
INFO:root:95203.937, 4866.764, 87903.790
INFO:root:94631.873, 4851.098, 87355.226
INFO:root:94738.772, 4851.857, 87460.986
INFO:root:94346.476, 4839.668, 87086.973
INFO:root:94485.039, 4851.122, 87208.357
INFO:root:94694.975, 4850.055, 87419.893
INFO:root:94469.681, 4838.964, 87211.235
INFO:root:94282.097, 4829.761, 87037.456
INFO:root:94244.659, 4811.391, 87027.572
INFO:root:93874.568, 4820.376, 86644.005
INFO:root:93704.083, 4817.103, 86478.429
INFO:root:93650.239, 4805.142, 86442.526
INFO:root:94186.916, 4800.103, 86986.762
INFO:root:93733.967, 4781.089, 86562.334
INFO:root:93345.783, 4775.025, 86183.245
INFO:root:93045.985, 4765.979, 85897.016
INFO:root:93405.408, 4768.349, 86252.885
INFO:root:93312.746, 4768.944, 86159.329
INFO:root:92925.352, 4752.511, 85796.586
INFO:root:93175.507, 4770.942, 86019.094
INFO:root:92936.949, 4762.233, 85793.599
INFO:root:92296.102, 4724.668, 85209.100
INFO:root:92455.209, 4743.989, 85339.226
INFO:root:92733.436, 4749.543, 85609.121
INFO:root:92567.141, 4738.603, 85459.237
INFO:root:92547.854, 4718.225, 85470.517
INFO:root:92417.397, 4719.307, 85338.437
INFO:root:92996.951, 4734.656, 85894.968
INFO:root:92481.755, 4711.823, 85414.021
INFO:root:92205.834, 4686.244, 85176.468
INFO:root:92314.032, 4713.913, 85243.164
INFO:root:92110.040, 4692.144, 85071.824
INFO:root:91730.249, 4702.067, 84677.149
INFO:root:91248.221, 4681.351, 84226.195
INFO:root:91066.152, 4669.612, 84061.734
INFO:root:91483.210, 4667.695, 84481.667
INFO:root:91700.668, 4670.561, 84694.826
INFO:root:91729.362, 4675.314, 84716.391
INFO:root:91480.938, 4660.852, 84489.660
INFO:root:91211.753, 4651.535, 84234.450
INFO:root:90861.394, 4647.759, 83889.755
INFO:root:91135.983, 4640.629, 84175.040
INFO:root:90816.592, 4628.131, 83874.396
INFO:root:90711.442, 4628.453, 83768.763
INFO:root:90583.739, 4629.352, 83639.711
INFO:root:90929.701, 4630.621, 83983.769
INFO:root:90809.325, 4614.367, 83887.774
INFO:root:90737.324, 4610.412, 83821.705
INFO:root:90658.689, 4607.516, 83747.416
INFO:root:90536.822, 4604.887, 83629.491
INFO:root:90755.091, 4595.616, 83861.667
INFO:root:90196.651, 4589.471, 83312.445
INFO:root:90355.928, 4607.319, 83444.950
INFO:root:90030.667, 4580.195, 83160.374
INFO:root:89792.289, 4574.468, 82930.587
INFO:root:90142.393, 4586.246, 83263.024
INFO:root:89958.894, 4567.415, 83107.771
INFO:root:89882.580, 4566.975, 83032.117
INFO:root:90055.839, 4562.770, 83211.683
INFO:root:89586.818, 4551.343, 82759.804
INFO:root:89642.922, 4553.095, 82813.279
INFO:root:89629.654, 4539.288, 82820.722
INFO:root:89661.505, 4546.765, 82841.358
INFO:root:89398.950, 4543.522, 82583.667
INFO:root:89296.466, 4529.390, 82502.382
INFO:root:89166.585, 4519.287, 82387.655
INFO:root:89017.406, 4510.059, 82252.318
INFO:root:89068.746, 4512.006, 82300.736
INFO:root:89161.441, 4500.572, 82410.582
INFO:root:89338.366, 4509.264, 82574.470
INFO:root:89304.047, 4501.698, 82551.500
INFO:root:89114.348, 4509.043, 82350.784
INFO:root:88259.524, 4474.380, 81547.954
INFO:root:88518.543, 4485.981, 81789.572
INFO:root:88613.817, 4485.913, 81884.948
INFO:root:88876.201, 4492.763, 82137.056
INFO:root:88694.915, 4480.103, 81974.761
INFO:root:89105.364, 4496.198, 82361.067
INFO:root:88694.333, 4464.254, 81997.953
INFO:root:88523.427, 4458.640, 81835.467
INFO:root:88141.167, 4444.553, 81474.338
INFO:root:88227.284, 4444.006, 81561.275
INFO:root:88012.782, 4431.710, 81365.217
INFO:root:87946.980, 4427.858, 81305.193
INFO:root:87908.316, 4419.513, 81279.046
INFO:root:88003.262, 4428.990, 81359.777
INFO:root:87839.935, 4423.641, 81204.474
INFO:root:87643.471, 4420.897, 81012.125
INFO:root:87660.295, 4417.841, 81033.533
INFO:root:87965.450, 4420.615, 81334.528
INFO:root:87918.545, 4426.600, 81278.645
INFO:root:87672.463, 4410.637, 81056.508
INFO:root:87641.558, 4411.188, 81024.776
INFO:root:88187.900, 4427.985, 81545.922
INFO:root:87668.087, 4385.495, 81089.844
INFO:root:87199.992, 4384.915, 80622.620
INFO:root:87262.142, 4389.930, 80677.248
INFO:root:87440.682, 4393.576, 80850.318
INFO:root:87443.508, 4382.520, 80869.728
INFO:root:87251.475, 4370.549, 80695.652
INFO:root:87264.790, 4380.557, 80693.955
INFO:root:86968.324, 4361.303, 80426.370
INFO:root:86823.453, 4368.137, 80271.248
INFO:root:86856.081, 4348.094, 80333.939
INFO:root:86682.734, 4343.862, 80166.940
INFO:root:86768.838, 4341.954, 80255.907
INFO:root:86795.025, 4350.406, 80269.416
INFO:root:87156.696, 4370.297, 80601.250
INFO:root:86984.804, 4355.588, 80451.421
INFO:root:86641.548, 4333.954, 80140.617
INFO:root:86804.236, 4332.815, 80305.013
INFO:root:86540.039, 4330.586, 80044.161
INFO:root:86249.692, 4321.746, 79767.073
INFO:root:86273.527, 4319.663, 79794.033
INFO:root:86339.858, 4304.674, 79882.847
INFO:root:86531.003, 4316.857, 80055.718
INFO:root:86569.524, 4302.578, 80115.657
INFO:root:85947.161, 4285.721, 79518.579
INFO:root:85782.504, 4293.758, 79341.867
INFO:root:85982.795, 4308.094, 79520.654
INFO:root:86274.786, 4305.046, 79817.218
INFO:root:86264.590, 4307.680, 79803.071
INFO:root:85930.223, 4295.884, 79486.397
INFO:root:85975.666, 4283.526, 79550.376
INFO:root:86142.208, 4286.626, 79712.269
INFO:root:85768.066, 4271.500, 79360.816
INFO:root:85983.328, 4277.906, 79566.469
INFO:root:85733.686, 4262.365, 79340.138
INFO:root:85930.544, 4267.328, 79529.552
INFO:root:85497.127, 4256.798, 79111.931
INFO:root:85546.436, 4253.865, 79165.639
INFO:root:85672.520, 4254.868, 79290.218
INFO:root:85369.425, 4246.694, 78999.384
INFO:root:85255.087, 4238.721, 78897.005
INFO:root:85569.101, 4246.908, 79198.738
INFO:root:85268.997, 4220.084, 78938.872
INFO:root:85189.365, 4224.275, 78852.953
INFO:root:85014.622, 4216.389, 78690.040
INFO:root:85212.651, 4217.342, 78886.638
INFO:root:85365.150, 4224.036, 79029.096
INFO:root:85365.186, 4233.499, 79014.937
INFO:root:85264.643, 4210.162, 78949.401
INFO:root:85410.611, 4231.510, 79063.345
INFO:root:85153.755, 4218.986, 78825.276
INFO:root:84702.426, 4204.972, 78394.968
INFO:root:84900.992, 4213.965, 78580.045
INFO:root:84938.946, 4206.938, 78628.539
INFO:root:84650.940, 4182.136, 78377.737
INFO:root:84704.282, 4193.005, 78414.775
INFO:root:84495.819, 4176.561, 78230.978
INFO:root:84448.086, 4178.395, 78180.493
INFO:root:84655.894, 4181.496, 78383.650
INFO:root:84875.076, 4188.633, 78592.127
INFO:root:84628.588, 4175.622, 78365.155
INFO:root:84535.177, 4183.694, 78259.636
INFO:root:84567.637, 4168.841, 78314.376
INFO:root:84491.201, 4176.903, 78225.846
INFO:root:84244.122, 4153.305, 78014.164
INFO:root:84269.823, 4161.527, 78027.532
INFO:root:84398.872, 4159.404, 78159.766
INFO:root:84605.976, 4173.583, 78345.602
INFO:root:83976.840, 4141.228, 77764.999
INFO:root:83972.035, 4137.280, 77766.115
INFO:root:83893.605, 4131.695, 77696.063
INFO:root:84222.948, 4137.057, 78017.362
INFO:root:84037.017, 4135.677, 77833.502
INFO:root:84177.821, 4139.602, 77968.419
INFO:root:84037.560, 4127.953, 77845.630
INFO:root:84157.069, 4127.525, 77965.781
INFO:root:84151.557, 4131.638, 77954.099
INFO:root:83833.113, 4117.759, 77656.475
INFO:root:83616.481, 4104.531, 77459.685
INFO:root:83662.960, 4113.832, 77492.212
INFO:root:83661.196, 4105.163, 77503.452
INFO:root:83707.403, 4108.805, 77544.195
INFO:root:83780.788, 4113.384, 77610.711
INFO:root:83689.169, 4102.122, 77535.987
INFO:root:83821.945, 4103.794, 77666.255
INFO:root:83363.383, 4084.223, 77237.049
INFO:root:83372.477, 4100.751, 77221.351
INFO:root:83460.516, 4090.720, 77324.436
INFO:root:83310.891, 4085.030, 77183.346
INFO:root:83137.873, 4074.585, 77025.995
INFO:root:83871.073, 4103.590, 77715.688
INFO:root:83283.829, 4074.597, 77171.934
INFO:root:83429.274, 4088.152, 77297.046
INFO:root:83323.707, 4070.148, 77218.485
INFO:root:83154.461, 4069.569, 77050.108
INFO:root:83209.450, 4078.763, 77091.306
INFO:root:83110.187, 4066.088, 77011.055
INFO:root:83407.285, 4070.026, 77302.246
INFO:root:83081.341, 4058.276, 76993.927
INFO:root:83090.127, 4056.026, 77006.088
INFO:root:83136.457, 4044.642, 77069.493
INFO:root:83027.285, 4052.638, 76948.327
INFO:root:82943.041, 4051.170, 76866.285
INFO:root:83060.105, 4044.808, 76992.892
INFO:root:83360.475, 4049.046, 77286.906
INFO:root:83075.581, 4044.624, 77008.644
INFO:root:82754.551, 4034.467, 76702.851
INFO:root:82484.652, 4017.944, 76457.735
INFO:root:82764.845, 4040.092, 76704.707
INFO:root:82734.265, 4022.509, 76700.502
INFO:root:82688.745, 4016.493, 76664.006
INFO:root:82626.697, 4011.416, 76609.573
INFO:root:82765.567, 4026.528, 76725.776
INFO:root:82660.682, 4024.352, 76624.155
INFO:root:82503.329, 4006.533, 76493.529
INFO:root:82207.548, 3997.579, 76211.180
INFO:root:82164.023, 4000.566, 76163.174
INFO:root:82318.402, 3988.931, 76335.006
INFO:root:82421.250, 4001.013, 76419.731
INFO:root:82333.960, 3990.099, 76348.811
INFO:root:82435.347, 3995.747, 76441.726
INFO:root:82429.578, 3990.853, 76443.299
INFO:root:82213.793, 3989.127, 76230.103
INFO:root:81980.926, 3980.083, 76010.802
INFO:root:82333.875, 3998.282, 76336.453
INFO:root:82214.859, 3981.083, 76243.234
INFO:root:82119.695, 3968.698, 76166.648
INFO:root:82347.456, 3970.329, 76391.962
INFO:root:81974.028, 3964.668, 76027.026
INFO:root:81901.420, 3959.622, 75961.986
INFO:root:81850.823, 3963.247, 75905.952
INFO:root:81981.294, 3950.095, 76056.151
INFO:root:82388.954, 3978.495, 76421.211
INFO:root:81875.942, 3949.953, 75951.012
INFO:root:81866.299, 3957.872, 75929.492
INFO:root:81689.621, 3943.098, 75774.973
INFO:root:81510.548, 3940.784, 75599.373
INFO:root:81633.128, 3946.851, 75712.851
INFO:root:81892.584, 3970.053, 75937.505
INFO:root:81806.252, 3948.679, 75883.234
INFO:root:82155.597, 3960.318, 76215.119
INFO:root:81919.298, 3953.242, 75989.435
INFO:root:81543.878, 3933.324, 75643.892
INFO:root:81741.790, 3927.856, 75850.006
INFO:root:81615.714, 3934.671, 75713.707
INFO:root:81425.163, 3925.030, 75537.617
INFO:root:81638.490, 3942.262, 75725.097
INFO:root:81203.632, 3909.469, 75339.428
INFO:root:81238.040, 3917.630, 75361.594
INFO:root:81363.849, 3923.539, 75478.540
INFO:root:81665.333, 3923.298, 75780.386
INFO:root:81397.373, 3921.646, 75514.904
INFO:root:81680.495, 3934.351, 75778.968
INFO:root:81518.194, 3924.192, 75631.905
INFO:root:81227.085, 3899.915, 75377.212
INFO:root:81155.940, 3895.575, 75312.578
INFO:root:81021.836, 3894.089, 75180.703
INFO:root:81429.990, 3910.533, 75564.191
INFO:root:81115.889, 3886.330, 75286.394
INFO:root:81013.548, 3883.948, 75187.627
INFO:root:81091.123, 3898.826, 75242.884
INFO:root:81287.891, 3891.796, 75450.197
INFO:root:80956.491, 3882.483, 75132.766
INFO:root:80925.892, 3876.998, 75110.395
INFO:root:80979.265, 3880.804, 75158.058
INFO:root:81039.202, 3883.166, 75214.453
INFO:root:80793.669, 3882.752, 74969.541
INFO:root:80805.861, 3875.955, 74991.929
INFO:root:81015.829, 3873.906, 75204.969
INFO:root:80911.334, 3861.156, 75119.600
INFO:root:80876.243, 3878.091, 75059.106
INFO:root:81045.071, 3886.483, 75215.346
INFO:root:80892.064, 3870.660, 75086.074
INFO:root:81158.129, 3883.488, 75332.896
INFO:root:80661.244, 3852.326, 74882.755
INFO:root:80600.005, 3853.922, 74819.122
INFO:root:80630.804, 3858.462, 74843.110
INFO:root:80586.709, 3843.088, 74822.076
INFO:root:80538.433, 3851.763, 74760.789
INFO:root:80656.384, 3856.625, 74871.447
INFO:root:80748.120, 3864.423, 74951.486
INFO:root:80540.003, 3833.905, 74789.145
INFO:root:80587.348, 3821.252, 74855.469
INFO:root:80817.327, 3863.800, 75021.627
INFO:root:80198.096, 3817.700, 74471.547
INFO:root:80365.964, 3838.674, 74607.954
INFO:root:80353.470, 3828.969, 74610.016
INFO:root:80596.677, 3835.598, 74843.280
INFO:root:80466.355, 3828.873, 74723.046
INFO:root:80229.695, 3811.973, 74511.735
INFO:root:80347.354, 3817.196, 74621.560
INFO:root:80508.576, 3831.845, 74760.809
INFO:root:80284.562, 3815.647, 74561.092
INFO:root:80323.629, 3835.522, 74570.346
INFO:root:80044.432, 3804.561, 74337.590
INFO:root:80182.496, 3811.618, 74465.069
INFO:root:80275.625, 3808.102, 74563.471
INFO:root:80354.789, 3812.803, 74635.585
INFO:root:80285.220, 3815.410, 74562.106
INFO:root:80305.292, 3823.577, 74569.926
INFO:root:80015.189, 3803.726, 74309.600
INFO:root:79737.800, 3774.252, 74076.422
INFO:root:79964.585, 3802.840, 74260.325
INFO:root:79986.199, 3791.692, 74298.661
INFO:root:80134.210, 3795.438, 74441.053
INFO:root:79812.455, 3792.027, 74124.415
INFO:root:79862.243, 3789.986, 74177.265
INFO:root:79945.524, 3790.929, 74259.131
INFO:root:79834.054, 3790.448, 74148.383
INFO:root:79985.870, 3789.515, 74301.597
INFO:root:80104.295, 3800.854, 74403.014
INFO:root:80013.491, 3773.257, 74353.604
INFO:root:79734.042, 3765.450, 74085.866
INFO:root:79682.765, 3766.994, 74032.273
INFO:root:79681.413, 3766.204, 74032.108
INFO:root:79705.160, 3778.211, 74037.844
INFO:root:79751.918, 3771.456, 74094.734
INFO:root:79782.931, 3770.383, 74127.357
INFO:root:79790.589, 3783.776, 74114.926
INFO:root:79570.302, 3755.954, 73936.370
INFO:root:79744.008, 3765.825, 74095.271
INFO:root:79696.143, 3757.462, 74059.950
INFO:root:79718.798, 3757.424, 74082.662
INFO:root:79796.563, 3761.088, 74154.930
INFO:root:79674.687, 3753.939, 74043.778
INFO:root:79565.802, 3746.586, 73945.923
INFO:root:79358.993, 3737.199, 73753.195
INFO:root:79374.450, 3728.833, 73781.201
INFO:root:79612.158, 3747.842, 73990.395
INFO:root:79365.914, 3737.413, 73759.793
INFO:root:79327.084, 3741.820, 73714.355
INFO:root:79339.225, 3742.177, 73725.959
INFO:root:79616.069, 3750.912, 73989.701
INFO:root:79449.752, 3742.869, 73835.449
INFO:root:79320.609, 3732.094, 73722.468
INFO:root:79057.881, 3727.151, 73467.155
INFO:root:79038.106, 3721.514, 73455.834
INFO:root:79256.310, 3734.241, 73654.948
INFO:root:79459.072, 3728.874, 73865.761
INFO:root:79057.604, 3723.545, 73472.286
INFO:root:79205.246, 3738.064, 73598.150
INFO:root:79491.790, 3743.480, 73876.570
INFO:root:79320.029, 3732.061, 73721.938
INFO:root:79140.771, 3723.017, 73556.246
INFO:root:78956.978, 3704.415, 73400.355
INFO:root:79188.423, 3710.445, 73622.756
INFO:root:79031.095, 3711.027, 73464.554
INFO:root:79103.674, 3714.614, 73531.753
INFO:root:79139.942, 3710.945, 73573.525
INFO:root:78960.958, 3706.152, 73401.730
INFO:root:78759.658, 3690.677, 73223.643
INFO:root:78986.629, 3698.306, 73439.171
INFO:root:78944.748, 3697.069, 73399.144
INFO:root:78963.953, 3693.510, 73423.688
INFO:root:78840.478, 3686.271, 73311.072
INFO:root:78969.046, 3698.397, 73421.450
INFO:root:78870.384, 3685.150, 73342.659
INFO:root:78819.338, 3692.981, 73279.867
INFO:root:78963.022, 3691.443, 73425.857
INFO:root:78771.761, 3667.918, 73269.883
INFO:root:78701.294, 3672.115, 73193.122
INFO:root:78836.796, 3673.980, 73325.826
INFO:root:78677.414, 3672.762, 73168.271
INFO:root:78718.302, 3689.278, 73184.384
INFO:root:78638.899, 3684.807, 73111.689
INFO:root:78831.512, 3686.109, 73302.348
INFO:root:79141.129, 3698.900, 73592.778
INFO:root:78896.994, 3687.488, 73365.762
INFO:root:78607.538, 3659.286, 73118.609
INFO:root:78528.552, 3660.484, 73037.825
INFO:root:78707.926, 3673.129, 73198.232
INFO:root:78435.547, 3660.201, 72945.245
INFO:root:78419.614, 3651.085, 72942.987
INFO:root:78577.543, 3658.066, 73090.444
INFO:root:78446.805, 3660.690, 72955.769
INFO:root:78621.777, 3655.445, 73138.609
INFO:root:78382.224, 3644.002, 72916.221
INFO:root:78295.409, 3642.034, 72832.358
INFO:root:78515.772, 3653.524, 73035.486
INFO:root:78651.840, 3672.031, 73143.792
INFO:root:78647.947, 3668.869, 73144.643
INFO:root:78604.650, 3654.842, 73122.387
INFO:root:78327.618, 3631.907, 72879.758
INFO:root:78266.112, 3636.208, 72811.800
INFO:root:78206.457, 3632.496, 72757.714
INFO:root:78339.317, 3638.776, 72881.153
INFO:root:78287.922, 3639.904, 72828.066
INFO:root:78151.011, 3635.573, 72697.652
INFO:root:78407.348, 3650.769, 72931.195
INFO:root:78191.216, 3633.763, 72740.572
INFO:root:77980.793, 3610.784, 72564.617
INFO:root:78352.426, 3653.470, 72872.220
INFO:root:78099.730, 3623.995, 72663.738
INFO:root:78422.814, 3644.109, 72956.650
INFO:root:78193.938, 3623.630, 72758.493
INFO:root:78113.532, 3612.098, 72695.385
INFO:root:78066.587, 3608.022, 72654.554
INFO:root:78038.990, 3609.822, 72624.257
INFO:root:77650.205, 3583.038, 72275.648
INFO:root:77714.487, 3595.215, 72321.665
INFO:root:78098.162, 3614.064, 72677.065
INFO:root:78074.520, 3630.683, 72628.496
INFO:root:78237.995, 3626.907, 72797.634
INFO:root:78112.414, 3608.840, 72699.155
INFO:root:78105.068, 3620.379, 72674.500
INFO:root:77948.766, 3595.358, 72555.728
INFO:root:78094.411, 3618.491, 72666.674
INFO:root:78068.380, 3614.395, 72646.787
INFO:root:77857.573, 3592.836, 72468.319
INFO:root:78049.788, 3604.857, 72642.504
INFO:root:77898.934, 3596.014, 72504.913
INFO:root:77855.766, 3606.959, 72445.328
INFO:root:77814.681, 3588.803, 72431.477
INFO:root:77841.735, 3585.185, 72463.957
INFO:root:77578.361, 3581.359, 72206.323
INFO:root:77712.324, 3586.583, 72332.450
INFO:root:77880.866, 3599.616, 72481.442
INFO:root:77800.093, 3586.297, 72420.647
INFO:root:78116.758, 3592.847, 72727.488
INFO:root:77849.265, 3591.356, 72462.231
INFO:root:77715.709, 3584.663, 72338.714
INFO:root:77587.430, 3585.944, 72208.513
INFO:root:77560.312, 3557.456, 72224.127
INFO:root:77572.885, 3569.935, 72217.982
INFO:root:77651.150, 3584.823, 72273.915
INFO:root:77782.244, 3580.732, 72411.146
INFO:root:77549.317, 3572.236, 72190.963
INFO:root:77436.128, 3560.303, 72095.673
INFO:root:77470.377, 3566.598, 72120.480
INFO:root:77521.171, 3568.483, 72168.448
INFO:root:77279.649, 3565.840, 71930.889
INFO:root:77523.890, 3569.724, 72169.304
INFO:root:77470.499, 3563.576, 72125.135
INFO:root:77546.973, 3583.210, 72172.158
INFO:root:77775.549, 3570.713, 72419.478
INFO:root:77738.109, 3568.276, 72385.696
INFO:root:77488.572, 3553.367, 72158.521
INFO:root:77237.976, 3545.522, 71919.693
INFO:root:77212.828, 3547.182, 71892.054
INFO:root:77315.360, 3542.701, 72001.308
INFO:root:77428.436, 3564.351, 72081.910
INFO:root:77351.731, 3551.122, 72025.048
INFO:root:77487.607, 3553.829, 72156.863
INFO:root:77534.955, 3554.318, 72203.477
INFO:root:77543.549, 3558.315, 72206.076
INFO:root:77161.147, 3530.500, 71865.397
INFO:root:77027.282, 3529.004, 71733.776
INFO:root:77313.048, 3548.393, 71990.459
INFO:root:77257.058, 3535.875, 71953.245
INFO:root:77245.107, 3533.320, 71945.127
INFO:root:77354.547, 3544.943, 72037.133
INFO:root:77134.034, 3519.746, 71854.416
INFO:root:77303.488, 3544.322, 71987.004
INFO:root:77220.057, 3523.084, 71935.431
INFO:root:77143.353, 3535.816, 71839.630
INFO:root:77115.985, 3527.578, 71824.617
INFO:root:77134.966, 3526.576, 71845.102
INFO:root:77165.065, 3531.636, 71867.612
INFO:root:77242.887, 3538.647, 71934.916
INFO:root:77112.037, 3510.783, 71845.863
INFO:root:76990.229, 3519.591, 71710.843
INFO:root:76891.105, 3516.461, 71616.414
INFO:root:77020.025, 3523.275, 71735.113
INFO:root:77098.035, 3523.076, 71813.421
INFO:root:77033.319, 3505.098, 71775.672
INFO:root:77105.953, 3518.071, 71828.847
INFO:root:76956.565, 3497.270, 71710.660
INFO:root:76847.016, 3502.169, 71593.763
INFO:root:76879.036, 3499.971, 71629.080
INFO:root:77098.765, 3510.317, 71833.291
INFO:root:77136.457, 3516.489, 71861.724
INFO:root:77237.821, 3517.143, 71962.106
INFO:root:76820.978, 3493.127, 71581.286
INFO:root:76850.394, 3507.049, 71589.820
INFO:root:76725.072, 3487.899, 71493.224
INFO:root:77059.132, 3514.307, 71787.672
INFO:root:76825.723, 3493.606, 71585.313
INFO:root:76775.340, 3501.089, 71523.707
INFO:root:76939.516, 3509.684, 71674.990
INFO:root:76749.613, 3483.204, 71524.807
INFO:root:76883.358, 3502.558, 71629.521
INFO:root:76753.999, 3479.564, 71534.653
INFO:root:76587.778, 3479.890, 71367.943
INFO:root:76663.503, 3496.544, 71418.688
INFO:root:76495.511, 3470.216, 71290.188
INFO:root:76916.281, 3493.501, 71676.029
INFO:root:76758.069, 3492.979, 71518.601
INFO:root:76592.860, 3477.797, 71376.164
INFO:root:76624.980, 3477.954, 71408.049
INFO:root:76680.790, 3480.236, 71460.435
INFO:root:76611.436, 3473.476, 71401.222
INFO:root:76596.830, 3476.901, 71381.479
INFO:root:76664.654, 3486.042, 71435.591
INFO:root:76398.641, 3461.969, 71205.687
INFO:root:76578.121, 3475.325, 71365.134
INFO:root:76663.229, 3480.825, 71441.991
INFO:root:76627.905, 3478.715, 71409.832
INFO:root:76574.636, 3471.841, 71366.874
INFO:root:76790.448, 3477.448, 71574.276
INFO:root:76850.310, 3484.455, 71623.627
INFO:root:76592.881, 3466.052, 71393.803
INFO:root:76368.292, 3458.309, 71180.828
INFO:root:76336.271, 3458.079, 71149.154
INFO:root:76428.986, 3453.558, 71248.649
INFO:root:76633.890, 3469.523, 71429.606
INFO:root:76585.113, 3456.797, 71399.918
INFO:root:76901.561, 3483.585, 71676.184
INFO:root:76576.809, 3462.814, 71382.588
INFO:root:76253.492, 3452.661, 71074.501
INFO:root:76500.333, 3460.524, 71309.547
INFO:root:76585.201, 3460.998, 71393.703
INFO:root:76513.123, 3454.247, 71331.751
INFO:root:76287.079, 3442.614, 71123.158
INFO:root:76095.664, 3428.136, 70953.460
INFO:root:76040.530, 3428.691, 70897.493
INFO:root:76218.201, 3441.733, 71055.602
INFO:root:76167.628, 3429.284, 71023.703
INFO:root:76323.209, 3455.831, 71139.463
INFO:root:76285.558, 3439.964, 71125.613
INFO:root:76268.351, 3433.901, 71117.499
INFO:root:76381.355, 3450.614, 71205.433
INFO:root:76232.265, 3438.709, 71074.201
INFO:root:76496.039, 3461.547, 71303.718
INFO:root:76266.201, 3438.130, 71109.006
INFO:root:76111.672, 3432.202, 70963.369
INFO:root:76234.620, 3434.855, 71082.337
INFO:root:76410.735, 3427.890, 71268.899
INFO:root:76368.558, 3431.843, 71220.793
INFO:root:76021.761, 3428.012, 70879.743
INFO:root:75908.796, 3417.568, 70782.445
INFO:root:76102.741, 3424.724, 70965.656
INFO:root:76214.948, 3421.836, 71082.194
INFO:root:76187.949, 3430.147, 71042.728
INFO:root:76083.508, 3422.692, 70949.471
INFO:root:75954.214, 3420.635, 70823.262
INFO:root:76196.151, 3425.890, 71057.316
INFO:root:76120.720, 3420.238, 70990.363
INFO:root:76014.093, 3411.651, 70896.616
INFO:root:76047.433, 3421.070, 70915.828
INFO:root:75865.378, 3401.699, 70762.830
INFO:root:76096.459, 3420.040, 70966.399
INFO:root:75964.649, 3400.970, 70863.195
INFO:root:76100.122, 3423.332, 70965.124
INFO:root:76039.660, 3403.684, 70934.133
INFO:root:75872.351, 3396.511, 70777.584
INFO:root:75975.894, 3412.309, 70857.431
INFO:root:75950.673, 3397.143, 70854.959
INFO:root:75856.953, 3401.420, 70754.823
INFO:root:75850.890, 3406.029, 70741.846
INFO:root:75716.777, 3394.615, 70624.855
INFO:root:75599.592, 3385.397, 70521.495
INFO:root:76241.649, 3430.375, 71096.087
INFO:root:75992.875, 3406.102, 70883.721
INFO:root:76014.393, 3406.759, 70904.255
INFO:root:75809.533, 3386.223, 70730.198
INFO:root:75893.031, 3396.200, 70798.731
INFO:root:75956.076, 3402.084, 70852.951
INFO:root:75651.546, 3375.952, 70587.618
INFO:root:75793.671, 3395.328, 70700.679
INFO:root:75514.069, 3381.043, 70442.505
INFO:root:75782.685, 3396.615, 70687.763
INFO:root:75782.255, 3393.185, 70692.478
INFO:root:75633.873, 3365.451, 70585.697
INFO:root:75733.191, 3375.052, 70670.613
INFO:root:75930.466, 3401.073, 70828.856
INFO:root:75635.912, 3367.577, 70584.546
INFO:root:75665.235, 3386.940, 70584.825
INFO:root:75525.497, 3366.301, 70476.045
INFO:root:75637.885, 3375.605, 70574.478
INFO:root:75647.999, 3366.340, 70598.489
INFO:root:75639.988, 3368.744, 70586.871
INFO:root:75916.186, 3381.838, 70843.428
INFO:root:75959.754, 3392.877, 70870.438
INFO:root:75575.218, 3366.732, 70525.119
INFO:root:75559.313, 3375.283, 70496.389
INFO:root:75514.720, 3361.911, 70471.854
INFO:root:75462.603, 3365.640, 70414.142
INFO:root:75567.378, 3369.331, 70513.382
INFO:root:75512.478, 3363.967, 70466.527
INFO:root:75512.557, 3350.198, 70487.261
INFO:root:75555.855, 3364.641, 70508.893
INFO:root:75587.006, 3366.302, 70537.554
INFO:root:75529.735, 3366.229, 70480.392
INFO:root:75347.042, 3349.141, 70323.330
INFO:root:75263.457, 3335.237, 70260.601
INFO:root:75719.892, 3375.603, 70656.487
INFO:root:75932.916, 3380.502, 70862.162
INFO:root:75554.405, 3357.765, 70517.757
INFO:root:75578.107, 3359.713, 70538.538
INFO:root:75276.880, 3345.172, 70259.122
INFO:root:75289.433, 3348.646, 70266.463
INFO:root:75301.258, 3355.570, 70267.904
INFO:root:75283.889, 3338.990, 70275.404
INFO:root:75179.113, 3332.780, 70179.944
INFO:root:75270.289, 3337.639, 70263.830
INFO:root:75419.339, 3358.029, 70382.296
INFO:root:75402.095, 3360.703, 70361.041
INFO:root:75228.303, 3330.924, 70231.918
INFO:root:75333.032, 3333.757, 70332.396
INFO:root:75322.225, 3344.430, 70305.580
INFO:root:75327.302, 3333.188, 70327.520
INFO:root:75469.150, 3354.940, 70436.741
INFO:root:75504.362, 3355.779, 70470.694
INFO:root:75355.856, 3345.943, 70336.941
INFO:root:75336.562, 3346.297, 70317.117
INFO:root:75312.787, 3333.332, 70312.790
INFO:root:75182.536, 3326.270, 70193.130
INFO:root:75229.083, 3333.719, 70228.504
INFO:root:75143.657, 3322.375, 70160.094
INFO:root:75044.959, 3312.592, 70076.071
INFO:root:75371.684, 3336.047, 70367.613
INFO:root:75410.252, 3348.289, 70387.819
INFO:root:75236.036, 3325.983, 70247.062
INFO:root:75216.705, 3322.243, 70233.341
INFO:root:74877.051, 3299.186, 69928.273
INFO:root:75092.930, 3317.706, 70116.370
INFO:root:75132.068, 3314.388, 70160.486
INFO:root:75134.042, 3323.317, 70149.066
INFO:root:75039.913, 3301.238, 70088.056
INFO:root:75189.303, 3334.914, 70186.931
INFO:root:75012.805, 3309.453, 70048.626
INFO:root:74965.828, 3313.783, 69995.154
INFO:root:74950.455, 3299.746, 70000.836
INFO:root:75240.358, 3326.021, 70251.326
INFO:root:75252.527, 3325.420, 70264.397
INFO:root:75151.108, 3306.100, 70191.957
INFO:root:75069.185, 3309.824, 70104.449
INFO:root:74996.626, 3307.117, 70035.951
INFO:root:75111.968, 3320.074, 70131.857
INFO:root:75168.762, 3316.132, 70194.565
INFO:root:75026.394, 3312.651, 70057.417
INFO:root:74896.840, 3302.223, 69943.506
INFO:root:74935.582, 3310.273, 69970.173
INFO:root:74807.254, 3303.392, 69852.166
INFO:root:74867.378, 3295.320, 69924.398
INFO:root:75087.394, 3316.627, 70112.455
INFO:root:74886.559, 3303.487, 69931.329
INFO:root:74956.257, 3297.960, 70009.318
INFO:root:75044.727, 3306.400, 70085.127
INFO:root:74983.607, 3303.616, 70028.184
INFO:root:75058.359, 3307.912, 70096.490
INFO:root:74865.645, 3282.978, 69941.178
INFO:root:74743.904, 3293.097, 69804.259
INFO:root:74709.142, 3291.207, 69772.331
INFO:root:74968.178, 3293.349, 70028.154
INFO:root:75181.245, 3314.689, 70209.212
INFO:root:75170.745, 3308.228, 70208.403
INFO:root:75014.307, 3305.783, 70055.632
INFO:root:74725.805, 3285.287, 69797.874
INFO:root:74557.433, 3279.976, 69637.469
INFO:root:74435.282, 3264.877, 69537.967
INFO:root:74749.151, 3294.761, 69807.010
INFO:root:74707.317, 3290.495, 69771.575
INFO:root:74944.388, 3298.764, 69996.243
INFO:root:75089.908, 3304.348, 70133.386
INFO:root:74824.081, 3293.964, 69883.135
INFO:root:74743.577, 3276.273, 69829.167
INFO:root:74506.832, 3268.898, 69603.486
INFO:root:74556.936, 3270.737, 69650.829
INFO:root:74667.304, 3279.943, 69747.390
INFO:root:74724.164, 3264.860, 69826.874
INFO:root:74655.631, 3271.232, 69748.783
INFO:root:74746.426, 3295.806, 69802.717
INFO:root:74670.782, 3283.630, 69745.337
INFO:root:74712.897, 3277.419, 69796.769
INFO:root:74677.151, 3270.580, 69771.281
INFO:root:74641.941, 3269.811, 69737.224
INFO:root:74716.655, 3265.113, 69818.985
INFO:root:74662.237, 3257.702, 69775.683
INFO:root:74440.517, 3245.147, 69572.798
INFO:root:74414.481, 3246.761, 69544.339
INFO:root:74473.601, 3257.491, 69587.365
INFO:root:74552.186, 3255.747, 69668.565
INFO:root:74428.211, 3258.197, 69540.917
INFO:root:74556.235, 3265.840, 69657.476
INFO:root:74818.851, 3277.029, 69903.308
INFO:root:74788.635, 3272.021, 69880.603
INFO:root:74628.377, 3255.502, 69745.123
INFO:root:74623.581, 3257.696, 69737.037
INFO:root:74545.235, 3252.372, 69666.677
INFO:root:74512.754, 3251.522, 69635.470
INFO:root:74635.228, 3267.754, 69733.597
INFO:root:74368.570, 3247.878, 69496.754
INFO:root:74392.195, 3247.636, 69520.742
INFO:root:74520.360, 3254.298, 69638.913
INFO:root:74455.386, 3246.470, 69585.682
INFO:root:74387.852, 3241.526, 69525.562
INFO:root:74720.545, 3270.348, 69815.024
INFO:root:74457.335, 3251.020, 69580.805
INFO:root:74309.885, 3240.421, 69449.253
INFO:root:74233.609, 3228.385, 69391.031
INFO:root:74341.403, 3244.722, 69474.320
INFO:root:74626.960, 3267.257, 69726.075
INFO:root:74304.117, 3235.553, 69450.786
INFO:root:74303.056, 3238.972, 69444.598
INFO:root:74275.244, 3233.868, 69424.442
INFO:root:74554.446, 3260.732, 69663.347
INFO:root:74450.476, 3241.968, 69587.524
INFO:root:74254.154, 3227.832, 69412.407
INFO:root:74283.520, 3237.498, 69427.273
INFO:root:74154.966, 3220.411, 69324.349
INFO:root:74180.845, 3225.030, 69343.300
INFO:root:74387.761, 3239.737, 69528.156
INFO:root:74206.844, 3224.473, 69370.134
INFO:root:74134.847, 3224.551, 69298.021
INFO:root:74408.370, 3242.303, 69544.915
INFO:root:74361.424, 3245.163, 69493.680
INFO:root:74407.162, 3229.982, 69562.189
INFO:root:74115.588, 3224.559, 69278.749
INFO:root:74200.117, 3224.874, 69362.806
INFO:root:74261.109, 3219.163, 69432.365
INFO:root:74335.236, 3233.105, 69485.579
INFO:root:74299.780, 3227.830, 69458.035
INFO:root:74203.796, 3218.556, 69375.962
INFO:root:74318.210, 3230.581, 69472.337
INFO:root:74219.535, 3223.416, 69384.412
INFO:root:74176.219, 3220.981, 69344.748
INFO:root:74136.562, 3225.156, 69298.827
INFO:root:74071.884, 3210.884, 69255.558
INFO:root:74242.578, 3223.084, 69407.952
INFO:root:74218.618, 3215.992, 69394.630
INFO:root:74139.428, 3216.788, 69314.246
INFO:root:74204.143, 3222.756, 69370.008
INFO:root:74044.694, 3212.769, 69225.541
INFO:root:74046.390, 3208.653, 69233.411
INFO:root:73999.640, 3201.563, 69197.296
INFO:root:74031.934, 3197.242, 69236.071
INFO:root:74139.379, 3214.169, 69318.126
INFO:root:74177.046, 3218.678, 69349.029
INFO:root:74211.546, 3217.937, 69384.641
INFO:root:74079.192, 3203.510, 69273.927
INFO:root:74018.481, 3199.351, 69219.456
INFO:root:73889.124, 3203.027, 69084.584
INFO:root:74011.103, 3199.849, 69211.329
INFO:root:74024.221, 3208.260, 69211.831
INFO:root:74007.379, 3196.730, 69212.285
INFO:root:74148.157, 3212.179, 69329.890
INFO:root:74148.404, 3202.453, 69344.725
INFO:root:74116.472, 3208.275, 69304.060
INFO:root:73931.616, 3198.407, 69134.006
INFO:root:73988.196, 3202.917, 69183.820
INFO:root:73907.732, 3196.460, 69113.042
INFO:root:73854.954, 3181.831, 69082.207
INFO:root:73967.983, 3204.063, 69161.889
INFO:root:74077.234, 3208.106, 69265.074
INFO:root:73902.994, 3198.933, 69104.595
INFO:root:73900.910, 3194.571, 69109.053
INFO:root:73647.252, 3176.199, 68882.953
INFO:root:73988.686, 3195.809, 69194.973
INFO:root:74046.871, 3203.620, 69241.441
INFO:root:74084.758, 3201.645, 69282.292
INFO:root:73846.509, 3180.365, 69075.962
INFO:root:73886.305, 3190.765, 69100.157
INFO:root:74108.598, 3193.971, 69317.642
INFO:root:73728.447, 3180.515, 68957.674
INFO:root:74142.143, 3199.445, 69342.975
INFO:root:74022.052, 3199.554, 69222.720
INFO:root:73875.712, 3185.914, 69096.841
INFO:root:73629.600, 3158.463, 68891.905
INFO:root:73811.433, 3182.988, 69036.951
INFO:root:73873.047, 3184.409, 69096.434
INFO:root:73908.090, 3194.989, 69115.607
INFO:root:73645.961, 3167.691, 68894.425
INFO:root:73810.937, 3190.482, 69025.215
INFO:root:73764.674, 3165.477, 69016.458
INFO:root:73793.354, 3180.657, 69022.368
INFO:root:73599.769, 3164.773, 68852.610
INFO:root:73674.092, 3173.688, 68913.561
INFO:root:73660.970, 3177.814, 68894.249
INFO:root:73779.987, 3170.791, 69023.801
INFO:root:73752.719, 3165.121, 69005.038
INFO:root:74075.505, 3179.042, 69306.942
INFO:root:73831.725, 3168.020, 69079.695
INFO:root:73729.046, 3175.306, 68966.086
INFO:root:73705.305, 3159.400, 68966.206
INFO:root:73590.993, 3161.740, 68848.383
INFO:root:73783.153, 3165.332, 69035.155
INFO:root:73652.965, 3169.083, 68899.340
INFO:root:73809.386, 3180.883, 69038.061
INFO:root:73559.804, 3155.553, 68826.474
INFO:root:73576.944, 3160.653, 68835.964
INFO:root:73464.040, 3147.973, 68742.080
INFO:root:73869.161, 3165.249, 69121.287
INFO:root:73817.353, 3163.736, 69071.750
INFO:root:73631.757, 3156.284, 68897.331
INFO:root:73646.917, 3154.243, 68915.552
INFO:root:73820.167, 3168.936, 69066.762
INFO:root:73557.070, 3146.767, 68836.919
INFO:root:73538.003, 3150.843, 68811.739
INFO:root:73449.418, 3138.417, 68741.793
INFO:root:73486.092, 3147.960, 68764.152
INFO:root:73658.031, 3154.608, 68926.118
INFO:root:73817.252, 3165.365, 69069.206
INFO:root:73616.259, 3162.207, 68872.948
INFO:root:73640.810, 3153.802, 68910.107
INFO:root:73676.262, 3164.936, 68928.858
INFO:root:73660.234, 3160.602, 68919.332
INFO:root:73332.104, 3125.734, 68643.502
INFO:root:73403.616, 3132.117, 68705.441
INFO:root:73746.123, 3147.428, 69024.981
INFO:root:73906.510, 3171.940, 69148.599
INFO:root:73305.516, 3130.830, 68609.272
INFO:root:73143.188, 3109.533, 68478.889
INFO:root:73375.928, 3138.706, 68667.870
INFO:root:73534.897, 3142.165, 68821.649
INFO:root:73657.331, 3152.389, 68928.747
INFO:root:73670.370, 3151.570, 68943.015
INFO:root:73511.359, 3136.611, 68806.443
INFO:root:73320.522, 3124.549, 68633.698
INFO:root:73200.507, 3126.031, 68511.461
INFO:root:73357.736, 3129.826, 68662.997
INFO:root:73318.809, 3118.482, 68641.086
INFO:root:73532.116, 3135.757, 68828.480
INFO:root:73607.268, 3147.880, 68885.448
INFO:root:73444.309, 3130.417, 68748.683
INFO:root:73352.465, 3128.509, 68659.702
INFO:root:73455.184, 3140.703, 68744.130
INFO:root:73469.310, 3138.350, 68761.785
INFO:root:73319.270, 3119.687, 68639.740
INFO:root:73670.271, 3145.690, 68951.737
INFO:root:73465.213, 3123.576, 68779.848
INFO:root:73321.218, 3130.742, 68625.105
INFO:root:73093.960, 3103.571, 68438.603
INFO:root:73131.616, 3115.335, 68458.614
INFO:root:73188.800, 3118.054, 68511.719
INFO:root:73228.338, 3115.009, 68555.824
INFO:root:73335.799, 3129.811, 68641.083
INFO:root:73153.940, 3110.243, 68488.575
INFO:root:73396.858, 3122.553, 68713.029
INFO:root:73177.803, 3106.357, 68518.267
INFO:root:73389.609, 3119.629, 68710.165
INFO:root:73497.807, 3126.607, 68807.896
INFO:root:73389.888, 3124.109, 68703.725
INFO:root:73268.419, 3113.906, 68597.561
INFO:root:Finished training.
INFO:root:Saved model to saves/v0/vrnn_state_dict_v0_beta=1.5_999.pth
