INFO:root:Namespace(batch_size=52, beta_end=0.1, beta_start=0, clip=10, device=device(type='cuda'), epochs=100, learning_rate=0.0001, model='cdna', save_every=100, stage=3)
INFO:root:State Dictionary Path (Stochastic) is: saves/sv2p/stage2/sv2p_state_dict_99.pth
INFO:root:Starting SV2P training on Stage 3 for 100 epochs.
INFO:root:Train Loss, KLD, MSE
INFO:root:187.70546994, 205.98800748, 187.63582155, 0.00100000
INFO:root:182.49090725, 27.29666293, 182.45428642, 0.00200000
INFO:root:183.99576884, 6.30750691, 183.98046051, 0.00300000
INFO:root:185.99980769, 3.07138549, 185.98920046, 0.00400000
INFO:root:186.83805172, 1.86300314, 186.82974813, 0.00500000
INFO:root:187.26873709, 1.25914568, 187.26184740, 0.00600000
INFO:root:184.77398471, 0.97568494, 184.76765451, 0.00700000
INFO:root:184.10192994, 0.76424722, 184.09622385, 0.00800000
INFO:root:182.80154331, 0.61659871, 182.79631121, 0.00900000
INFO:root:183.51543242, 0.48636158, 183.51081769, 0.01000000
INFO:root:183.41398664, 0.38950407, 183.40990387, 0.01100000
INFO:root:183.06799465, 0.34414793, 183.06403254, 0.01200000
INFO:root:182.54081656, 0.30459280, 182.53701677, 0.01300000
INFO:root:183.39531190, 0.25426846, 183.39188297, 0.01400000
INFO:root:182.93337416, 0.22427754, 182.93012150, 0.01500000
INFO:root:182.52194240, 0.21661199, 182.51858792, 0.01600000
INFO:root:182.00594418, 0.19995722, 182.00265319, 0.01700000
INFO:root:188.01923230, 0.17310805, 188.01620545, 0.01800000
INFO:root:184.00713410, 0.14849440, 184.00438743, 0.01900000
INFO:root:180.25793501, 0.13581948, 180.25528752, 0.02000000
INFO:root:179.84851749, 0.12314740, 179.84599322, 0.02100000
INFO:root:178.25366202, 0.12159324, 178.25105382, 0.02200000
INFO:root:199.52376495, 0.10406067, 199.52142430, 0.02300000
INFO:root:280.12057565, 0.10911348, 280.11801498, 0.02400000
INFO:root:203.31144644, 0.09521306, 203.30911658, 0.02500000
INFO:root:186.12033327, 0.08987189, 186.11803919, 0.02600000
INFO:root:180.49426524, 0.08409615, 180.49203667, 0.02700000
INFO:root:177.31574276, 0.07684713, 177.31363047, 0.02800000
INFO:root:175.38668306, 0.07340366, 175.38459296, 0.02900000
INFO:root:174.88134739, 0.06479386, 174.87943671, 0.03000000
INFO:root:174.45394231, 0.08012386, 174.45149968, 0.03100000
INFO:root:174.35669314, 0.06451596, 174.35466091, 0.03200000
INFO:root:174.66413844, 0.06011682, 174.66218497, 0.03300000
INFO:root:175.80276472, 0.06463289, 175.80060437, 0.03400000
INFO:root:177.75746681, 0.05693753, 177.75550132, 0.03500000
INFO:root:177.24738277, 0.05246257, 177.24551988, 0.03600000
INFO:root:177.61983087, 0.05005357, 177.61800297, 0.03700000
INFO:root:177.93446078, 0.05300921, 177.93247582, 0.03800000
INFO:root:177.58401761, 0.05425642, 177.58193172, 0.03900000
INFO:root:176.51451295, 0.04720350, 176.51264831, 0.04000000
INFO:root:177.00626514, 0.04617056, 177.00439506, 0.04100000
INFO:root:177.13514552, 0.04908517, 177.13311162, 0.04200000
INFO:root:176.72573607, 0.04071411, 176.72400551, 0.04300000
INFO:root:177.83550078, 0.03919083, 177.83379636, 0.04400000
INFO:root:176.98028529, 0.05015315, 176.97805646, 0.04500000
INFO:root:177.15630402, 0.03365535, 177.15477297, 0.04600000
INFO:root:177.05477388, 0.03881571, 177.05296948, 0.04700000
INFO:root:179.35310758, 0.03688479, 179.35135554, 0.04800000
INFO:root:177.74631307, 0.03336022, 177.74469485, 0.04900000
INFO:root:176.21840931, 0.04107771, 176.21638103, 0.05000000
INFO:root:175.51968629, 0.03595346, 175.51787120, 0.05100000
INFO:root:175.08637036, 0.03260179, 175.08469110, 0.05200000
INFO:root:175.15669443, 0.03618230, 175.15479761, 0.05300000
INFO:root:175.54468159, 0.02968880, 175.54309284, 0.05400000
INFO:root:176.28474909, 0.03028603, 176.28309754, 0.05500000
INFO:root:176.85507834, 0.02971143, 176.85343012, 0.05600000
INFO:root:176.08739033, 0.02957884, 176.08571932, 0.05700000
INFO:root:176.10774573, 0.02734691, 176.10617486, 0.05800000
INFO:root:176.78432026, 0.02624374, 176.78278500, 0.05900000
INFO:root:175.66064339, 0.02653560, 175.65906349, 0.06000000
INFO:root:174.58811731, 0.03285718, 174.58613367, 0.06100000
INFO:root:174.49731059, 0.02656951, 174.49567519, 0.06200000
INFO:root:173.83286382, 0.02349626, 173.83139555, 0.06300000
INFO:root:173.08327905, 0.02484895, 173.08170091, 0.06400000
INFO:root:173.85960616, 0.02958117, 173.85769934, 0.06500000
INFO:root:174.07962580, 0.02253933, 174.07814912, 0.06600000
INFO:root:174.01778964, 0.02227566, 174.01630831, 0.06700000
INFO:root:174.17594664, 0.02465574, 174.17428256, 0.06800000
INFO:root:174.95398002, 0.02032835, 174.95258752, 0.06900000
INFO:root:174.36940371, 0.02271149, 174.36782512, 0.07000000
INFO:root:173.74721808, 0.01973879, 173.74582742, 0.07100000
INFO:root:172.78012576, 0.02274830, 172.77850009, 0.07200000
INFO:root:174.14607914, 0.02234678, 174.14445917, 0.07300000
INFO:root:173.64855106, 0.02803946, 173.64649130, 0.07400000
INFO:root:173.99590310, 0.01952094, 173.99444975, 0.07500000
INFO:root:174.20064492, 0.02051734, 174.19909808, 0.07600000
INFO:root:174.27046116, 0.01750052, 174.26912224, 0.07700000
INFO:root:172.99512315, 0.01969919, 172.99359710, 0.07800000
INFO:root:172.10971990, 0.02160562, 172.10802276, 0.07900000
INFO:root:170.95709334, 0.02016481, 170.95549257, 0.08000000
INFO:root:170.84416357, 0.01870488, 170.84265830, 0.08100000
INFO:root:171.00476539, 0.01673630, 171.00340104, 0.08200000
INFO:root:171.02489226, 0.01841531, 171.02337348, 0.08300000
INFO:root:172.02549489, 0.01822010, 172.02397428, 0.08400000
INFO:root:172.89209537, 0.01940096, 172.89045663, 0.08500000
INFO:root:172.98767256, 0.01477314, 172.98640986, 0.08600000
INFO:root:172.75894200, 0.01714750, 172.75745786, 0.08700000
INFO:root:171.90714036, 0.01707616, 171.90564701, 0.08800000
INFO:root:171.57489575, 0.01570188, 171.57350650, 0.08900000
INFO:root:173.35955758, 0.01411167, 173.35829531, 0.09000000
INFO:root:172.50387573, 0.01551424, 172.50247149, 0.09100000
INFO:root:171.79911414, 0.01842922, 171.79742953, 0.09200000
INFO:root:171.55971983, 0.01497393, 171.55833391, 0.09300000
INFO:root:171.97928356, 0.01798073, 171.97760325, 0.09400000
INFO:root:170.36932750, 0.01421687, 170.36798332, 0.09500000
INFO:root:170.61446223, 0.02299438, 170.61227075, 0.09600000
INFO:root:170.92798939, 0.01247764, 170.92678509, 0.09700000
INFO:root:171.27160443, 0.01535412, 171.27010854, 0.09800000
INFO:root:170.97688267, 0.01172558, 170.97572827, 0.09900000
INFO:root:172.09985606, 0.01381451, 172.09848163, 0.10000000
INFO:root:Finished training
INFO:root:Saved model. Final Checkpoint.
INFO:root:Completed 3 training
