INFO:root:Namespace(batch_size=50, beta=0.3, clip=10, device=device(type='cuda'), epochs=150, hdim=1024, learning_rate=0.0001, model='VRNN', nlayers=1, save_every=100, step_size=1000000, version='v1', xdim=64, zdim=32)
INFO:root:Starting VRNN training for 150 epochs.
INFO:root:Train Loss, KLD, MSE
INFO:root:272.38492711, 0.01127509, 272.38154390
INFO:root:264.73844333, 0.00071101, 264.73823081
INFO:root:261.61063071, 0.00042822, 261.61050229
INFO:root:259.69337099, 0.00185003, 259.69281599
INFO:root:258.39180188, 0.00023113, 258.39173321
INFO:root:257.45470785, 0.00025775, 257.45463138
INFO:root:256.74052616, 0.00026612, 256.74044656
INFO:root:256.18548991, 0.00032796, 256.18539157
INFO:root:255.71694158, 0.00203277, 255.71633318
INFO:root:255.31645016, 0.00068796, 255.31624451
INFO:root:254.97606032, 0.00083281, 254.97581058
INFO:root:254.68207406, 0.00130884, 254.68168132
INFO:root:254.40718664, 0.00079476, 254.40694792
INFO:root:254.17233658, 0.00127895, 254.17195282
INFO:root:253.94835748, 0.00086819, 253.94809723
INFO:root:253.73616630, 0.00106009, 253.73584764
INFO:root:253.55110143, 0.00108357, 253.55077735
INFO:root:253.35954531, 0.00091057, 253.35927200
INFO:root:253.19475878, 0.00099954, 253.19445979
INFO:root:253.02863032, 0.00329799, 253.02764096
INFO:root:252.85283822, 0.00027523, 252.85275608
INFO:root:252.71019313, 0.00084129, 252.70993974
INFO:root:252.57694134, 0.00093719, 252.57666050
INFO:root:252.41927151, 0.00078887, 252.41903483
INFO:root:252.28413493, 0.00134748, 252.28373057
INFO:root:252.14794634, 0.00078370, 252.14771152
INFO:root:252.01881968, 0.00122043, 252.01845398
INFO:root:251.89450590, 0.00121518, 251.89414122
INFO:root:251.76834937, 0.00069171, 251.76814219
INFO:root:251.66147614, 0.00185103, 251.66092088
INFO:root:251.56540137, 0.00092819, 251.56512282
INFO:root:251.45369424, 0.00049933, 251.45354462
INFO:root:251.34181434, 0.00143080, 251.34138565
INFO:root:251.22767156, 0.00076774, 251.22744191
INFO:root:251.13087277, 0.00098240, 251.13057734
INFO:root:251.04369202, 0.00259295, 251.04291467
INFO:root:250.92780889, 0.00053413, 250.92764926
INFO:root:250.82671772, 0.00078791, 250.82648197
INFO:root:250.74296739, 0.00092086, 250.74269138
INFO:root:250.64665578, 0.00338894, 250.64563972
INFO:root:250.56019728, 0.00034041, 250.56009513
INFO:root:250.47457106, 0.00056093, 250.47440347
INFO:root:250.38522966, 0.00184880, 250.38467543
INFO:root:250.29256499, 0.00060794, 250.29238273
INFO:root:250.21525998, 0.00229095, 250.21457172
INFO:root:250.13923196, 0.00043120, 250.13910234
INFO:root:250.06173274, 0.00083395, 250.06148207
INFO:root:249.99637629, 0.00180186, 249.99583486
INFO:root:249.92196189, 0.00143215, 249.92153202
INFO:root:249.83880319, 0.00041856, 249.83867713
INFO:root:249.77255842, 0.00144688, 249.77212363
INFO:root:249.68249580, 0.00132222, 249.68209881
INFO:root:249.61658893, 0.00146359, 249.61615016
INFO:root:249.53945601, 0.00088074, 249.53919279
INFO:root:249.47176760, 0.00151334, 249.47131373
INFO:root:249.40031679, 0.00109361, 249.39998830
INFO:root:249.34589208, 0.00102793, 249.34558385
INFO:root:249.26974623, 0.00115128, 249.26940121
INFO:root:249.20859773, 0.00168599, 249.20809182
INFO:root:249.12801717, 0.00098807, 249.12772132
INFO:root:249.07657971, 0.00114075, 249.07623732
INFO:root:249.01246202, 0.00104463, 249.01214820
INFO:root:248.94047063, 0.00179001, 248.93993327
INFO:root:248.88737912, 0.00090613, 248.88710785
INFO:root:248.84043452, 0.00119015, 248.84007696
INFO:root:248.78182797, 0.00145381, 248.78139148
INFO:root:248.72425986, 0.00077755, 248.72402674
INFO:root:248.64744093, 0.00215862, 248.64679277
INFO:root:248.59127062, 0.00074763, 248.59104580
INFO:root:248.53738090, 0.00128619, 248.53699553
INFO:root:248.47693914, 0.00155528, 248.47647196
INFO:root:248.41426231, 0.00106009, 248.41394441
INFO:root:248.37200097, 0.00133785, 248.37160009
INFO:root:248.30937508, 0.00103508, 248.30906414
INFO:root:248.25145281, 0.00144134, 248.25102047
INFO:root:248.20924861, 0.00140928, 248.20882543
INFO:root:248.15362201, 0.00090074, 248.15335227
INFO:root:248.10484712, 0.00197737, 248.10425381
INFO:root:248.07623283, 0.00136415, 248.07582440
INFO:root:248.01041005, 0.00080997, 248.01016668
INFO:root:247.95151003, 0.00156494, 247.95104048
INFO:root:247.88873223, 0.00108902, 247.88840569
INFO:root:247.84142753, 0.00169039, 247.84092102
INFO:root:247.77856005, 0.00090167, 247.77828912
INFO:root:247.73845766, 0.00115192, 247.73811247
INFO:root:247.69332928, 0.00186618, 247.69276971
INFO:root:247.65367864, 0.00074161, 247.65345586
INFO:root:247.64077827, 0.00183902, 247.64022649
INFO:root:247.56514503, 0.00088572, 247.56487910
INFO:root:247.51311239, 0.00173396, 247.51259299
INFO:root:247.46753913, 0.00107213, 247.46721802
INFO:root:247.43420724, 0.00140113, 247.43378703
INFO:root:247.37278756, 0.00138650, 247.37237150
INFO:root:247.32866737, 0.00176754, 247.32813746
INFO:root:247.28072713, 0.00104771, 247.28041255
INFO:root:247.25338635, 0.00106524, 247.25306719
INFO:root:247.19305013, 0.00178938, 247.19251370
INFO:root:247.14643784, 0.00089747, 247.14616911
INFO:root:247.11874703, 0.00262121, 247.11796002
INFO:root:247.06976785, 0.00089834, 247.06949878
INFO:root:247.03533028, 0.00101052, 247.03502740
INFO:root:246.97846544, 0.00168247, 246.97796004
INFO:root:246.93224886, 0.00082533, 246.93200082
INFO:root:246.89948654, 0.00216800, 246.89883558
INFO:root:246.84903920, 0.00074475, 246.84881575
INFO:root:246.81419169, 0.00219461, 246.81353294
INFO:root:246.76382582, 0.00144147, 246.76339298
INFO:root:246.73576558, 0.00087498, 246.73550296
INFO:root:246.69649658, 0.00204325, 246.69588377
INFO:root:246.64929894, 0.00183399, 246.64874844
INFO:root:246.60903541, 0.00108043, 246.60871124
INFO:root:246.56668667, 0.00154683, 246.56622306
INFO:root:246.53765547, 0.00101025, 246.53735233
INFO:root:246.48813239, 0.00134717, 246.48772812
INFO:root:246.46461495, 0.00280265, 246.46377470
INFO:root:246.42922363, 0.00043797, 246.42909173
INFO:root:246.38471866, 0.00104394, 246.38440569
INFO:root:246.35385310, 0.00467790, 246.35244963
INFO:root:246.32027367, 0.00030271, 246.32018365
INFO:root:246.28918720, 0.00039529, 246.28906826
INFO:root:246.24719077, 0.00113922, 246.24684838
INFO:root:246.20596102, 0.00181224, 246.20541695
INFO:root:246.16350004, 0.00133248, 246.16310001
INFO:root:246.13681861, 0.00088677, 246.13655285
INFO:root:246.07566138, 0.00175010, 246.07513648
INFO:root:246.05258162, 0.00182365, 246.05203434
INFO:root:246.00635317, 0.00112799, 246.00601442
INFO:root:245.97036099, 0.00178543, 245.96982617
INFO:root:245.93985926, 0.00115663, 245.93951238
INFO:root:245.92686174, 0.00164573, 245.92636863
INFO:root:245.87578710, 0.00171783, 245.87527178
INFO:root:245.83605677, 0.00231960, 245.83536029
INFO:root:245.82095337, 0.00084232, 245.82070067
INFO:root:245.77952983, 0.00098582, 245.77923414
INFO:root:245.74382206, 0.00155216, 245.74335615
INFO:root:245.69165514, 0.00152786, 245.69119653
INFO:root:245.66800113, 0.00178550, 245.66746529
INFO:root:245.65284237, 0.00216653, 245.65219311
INFO:root:245.60626746, 0.00113635, 245.60592668
INFO:root:245.57898068, 0.00123489, 245.57861031
INFO:root:245.55393168, 0.00178237, 245.55339745
INFO:root:245.52287225, 0.00169470, 245.52236286
INFO:root:245.49834510, 0.00160261, 245.49786394
INFO:root:245.44332470, 0.00224075, 245.44265213
INFO:root:245.39088872, 0.00149192, 245.39044122
INFO:root:245.35740475, 0.00144898, 245.35697005
INFO:root:245.35213937, 0.00141966, 245.35171382
INFO:root:245.31719589, 0.00133296, 245.31679543
INFO:root:245.28431396, 0.00142303, 245.28388714
INFO:root:245.26805640, 0.01217418, 245.26440353
INFO:root:Finished training.
INFO:root:Saved model to saves/v1/finetuned4/vrnn_state_dict_v1_beta=0.3_step=1000000_149.pth
