INFO:root:Namespace(batch_size=50, beta=1.5, clip=10, device=device(type='cuda'), epochs=1000, hdim=1024, learning_rate=0.001, model='VRNN', nlayers=1, save_every=1, version='v1', xdim=64, zdim=32)
INFO:root:Starting VRNN training for 1000 epochs.
INFO:root:Train Loss, KLD, Reconstruction Loss
INFO:root:379409.848, 786.521, 378230.068
INFO:root:290180.898, 541.811, 289368.182
INFO:root:203560.005, 1623.364, 201124.959
INFO:root:189225.259, 2399.220, 185626.430
INFO:root:180395.232, 3052.037, 175817.177
INFO:root:173581.015, 3609.464, 168166.819
INFO:root:167961.538, 3984.125, 161985.351
INFO:root:163066.599, 4260.213, 156676.279
INFO:root:159164.043, 4441.527, 152501.752
INFO:root:156196.797, 4569.637, 149342.341
INFO:root:153058.105, 4672.509, 146049.342
INFO:root:150450.296, 4762.183, 143307.022
INFO:root:147982.055, 4836.397, 140727.460
INFO:root:146068.247, 4885.153, 138740.518
INFO:root:144022.705, 4956.329, 136588.212
INFO:root:142501.173, 4965.472, 135052.965
INFO:root:140556.151, 5024.198, 133019.854
INFO:root:139374.169, 5051.574, 131796.808
INFO:root:137474.197, 5057.369, 129888.145
INFO:root:136081.882, 5102.368, 128428.330
INFO:root:135418.399, 5114.901, 127746.047
INFO:root:133571.110, 5131.491, 125873.873
INFO:root:132125.271, 5165.446, 124377.102
INFO:root:131185.523, 5175.941, 123421.612
INFO:root:130314.373, 5185.201, 122536.571
INFO:root:129044.760, 5209.629, 121230.316
INFO:root:128626.586, 5203.130, 120821.891
INFO:root:127201.829, 5210.011, 119386.813
INFO:root:125953.050, 5250.182, 118077.778
INFO:root:125205.166, 5274.524, 117293.380
INFO:root:124319.706, 5275.997, 116405.710
INFO:root:123830.387, 5278.548, 115912.565
INFO:root:122790.899, 5309.413, 114826.780
INFO:root:122206.946, 5300.356, 114256.411
INFO:root:121454.451, 5314.457, 113482.765
INFO:root:120601.613, 5331.523, 112604.328
INFO:root:120169.434, 5333.759, 112168.795
INFO:root:119251.046, 5345.616, 111232.621
INFO:root:118741.403, 5360.555, 110700.572
INFO:root:117975.117, 5363.440, 109929.958
INFO:root:117022.135, 5366.935, 108971.732
INFO:root:116917.877, 5369.277, 108863.962
INFO:root:116289.292, 5381.248, 108217.420
INFO:root:115752.224, 5388.233, 107669.874
INFO:root:115402.606, 5376.030, 107338.561
INFO:root:114556.008, 5384.116, 106479.834
INFO:root:113768.435, 5394.563, 105676.591
INFO:root:114027.501, 5388.700, 105944.451
INFO:root:113063.643, 5409.677, 104949.127
INFO:root:112513.238, 5410.939, 104396.829
INFO:root:111912.027, 5415.822, 103788.294
INFO:root:111834.991, 5407.779, 103723.323
INFO:root:111416.110, 5404.830, 103308.865
INFO:root:110979.931, 5421.223, 102848.096
INFO:root:110544.783, 5419.302, 102415.831
INFO:root:109998.863, 5430.041, 101853.802
INFO:root:109451.932, 5420.100, 101321.782
INFO:root:109257.840, 5422.136, 101124.636
INFO:root:108662.229, 5425.489, 100523.995
INFO:root:108649.857, 5429.298, 100505.911
INFO:root:108359.941, 5432.245, 100211.574
INFO:root:107637.776, 5427.668, 99496.275
INFO:root:107239.933, 5432.006, 99091.924
INFO:root:107193.022, 5441.294, 99031.081
INFO:root:106777.795, 5437.659, 98621.306
INFO:root:106336.380, 5430.628, 98190.438
INFO:root:105858.934, 5432.131, 97710.738
INFO:root:105750.328, 5423.101, 97615.675
INFO:root:105459.108, 5418.675, 97331.095
INFO:root:105340.305, 5426.712, 97200.237
INFO:root:105078.726, 5419.031, 96950.180
INFO:root:104667.640, 5420.932, 96536.242
INFO:root:104106.371, 5426.284, 95966.946
INFO:root:103940.049, 5428.003, 95798.044
INFO:root:103908.551, 5407.801, 95796.849
INFO:root:103311.934, 5411.698, 95194.387
INFO:root:103098.671, 5407.862, 94986.878
INFO:root:103106.997, 5412.962, 94987.554
INFO:root:102685.825, 5424.213, 94549.505
INFO:root:102622.081, 5418.865, 94493.783
INFO:root:102007.950, 5409.591, 93893.564
INFO:root:101830.873, 5403.270, 93725.968
INFO:root:101732.801, 5402.371, 93629.244
INFO:root:101432.978, 5395.817, 93339.252
INFO:root:101137.885, 5396.848, 93042.613
INFO:root:100829.826, 5397.868, 92733.024
INFO:root:101031.199, 5400.641, 92930.237
INFO:root:100738.190, 5396.545, 92643.372
INFO:root:100255.353, 5385.486, 92177.124
INFO:root:100070.868, 5386.858, 91990.581
INFO:root:100116.129, 5381.127, 92044.438
INFO:root:99773.565, 5377.651, 91707.089
INFO:root:99435.363, 5368.285, 91382.935
INFO:root:99386.560, 5368.135, 91334.357
INFO:root:98879.239, 5360.165, 90838.992
INFO:root:98935.587, 5372.756, 90876.453
INFO:root:98777.238, 5370.344, 90721.722
INFO:root:98865.978, 5370.064, 90810.881
INFO:root:98410.100, 5353.751, 90379.474
INFO:root:98494.714, 5355.401, 90461.613
INFO:root:98226.141, 5335.790, 90222.455
INFO:root:97868.484, 5340.711, 89857.417
INFO:root:97690.601, 5345.276, 89672.687
INFO:root:97351.275, 5335.112, 89348.607
INFO:root:97567.163, 5335.803, 89563.459
INFO:root:97019.258, 5331.140, 89022.548
INFO:root:96937.121, 5322.146, 88953.902
INFO:root:96917.822, 5314.155, 88946.588
INFO:root:96727.695, 5316.955, 88752.262
INFO:root:96401.813, 5307.984, 88439.837
INFO:root:96430.044, 5302.821, 88475.813
INFO:root:96461.358, 5308.768, 88498.206
INFO:root:96033.544, 5294.293, 88092.103
INFO:root:95877.959, 5299.627, 87928.519
INFO:root:96193.800, 5294.236, 88252.445
INFO:root:95544.271, 5292.135, 87606.068
INFO:root:95770.021, 5284.069, 87843.918
INFO:root:95528.090, 5266.561, 87628.249
INFO:root:95040.974, 5284.602, 87114.071
INFO:root:95088.487, 5268.739, 87185.378
INFO:root:95144.708, 5264.194, 87248.417
INFO:root:94706.509, 5256.918, 86821.131
INFO:root:94715.995, 5255.772, 86832.338
INFO:root:94883.946, 5248.044, 87011.879
INFO:root:94276.111, 5239.991, 86416.125
INFO:root:94276.832, 5241.520, 86414.551
INFO:root:94205.794, 5234.998, 86353.296
INFO:root:94144.479, 5228.200, 86302.180
INFO:root:93922.340, 5225.689, 86083.806
INFO:root:93771.044, 5223.345, 85936.026
INFO:root:93704.496, 5213.756, 85883.863
INFO:root:93878.868, 5214.632, 86056.920
INFO:root:93642.527, 5210.823, 85826.293
INFO:root:93320.197, 5206.931, 85509.800
INFO:root:93207.403, 5199.839, 85407.644
INFO:root:93046.952, 5199.566, 85247.603
INFO:root:92982.126, 5182.151, 85208.899
INFO:root:92987.010, 5179.282, 85218.087
INFO:root:92740.740, 5179.951, 84970.814
INFO:root:92637.915, 5175.548, 84874.592
INFO:root:92622.815, 5165.689, 84874.282
INFO:root:93152.428, 5170.697, 85396.383
INFO:root:92541.506, 5155.748, 84807.883
INFO:root:92135.299, 5150.508, 84409.536
INFO:root:92113.032, 5137.218, 84407.205
INFO:root:92262.639, 5136.903, 84557.284
INFO:root:92031.482, 5142.067, 84318.381
INFO:root:92005.636, 5135.164, 84302.891
INFO:root:91766.880, 5119.672, 84087.372
INFO:root:91607.727, 5133.012, 83908.209
INFO:root:91574.921, 5121.412, 83892.803
INFO:root:91445.721, 5114.788, 83773.539
INFO:root:91261.529, 5113.913, 83590.659
INFO:root:91351.634, 5105.834, 83692.883
INFO:root:91297.053, 5102.420, 83643.424
INFO:root:91321.828, 5095.758, 83678.191
INFO:root:91020.858, 5091.828, 83383.116
INFO:root:91030.673, 5082.893, 83406.333
INFO:root:90868.926, 5093.593, 83228.537
INFO:root:90759.031, 5070.240, 83153.672
INFO:root:90835.603, 5082.469, 83211.900
INFO:root:90706.971, 5067.635, 83105.518
INFO:root:90493.051, 5057.071, 82907.444
INFO:root:90636.571, 5061.971, 83043.615
INFO:root:90487.848, 5058.018, 82900.821
INFO:root:90390.365, 5054.347, 82808.844
INFO:root:90403.966, 5037.636, 82847.513
INFO:root:89970.696, 5028.772, 82427.538
INFO:root:89950.240, 5033.027, 82400.700
INFO:root:90193.578, 5035.620, 82640.148
INFO:root:89938.302, 5017.308, 82412.340
INFO:root:89849.177, 5022.591, 82315.291
INFO:root:89680.809, 5014.060, 82159.719
INFO:root:89709.988, 5021.267, 82178.088
INFO:root:89806.725, 5007.081, 82296.104
INFO:root:89280.780, 4993.318, 81790.802
INFO:root:89505.239, 5006.164, 81995.993
INFO:root:89325.075, 4983.631, 81849.630
INFO:root:88911.082, 4978.533, 81443.282
INFO:root:89209.485, 4980.153, 81739.256
INFO:root:89249.762, 4976.805, 81784.554
INFO:root:89131.932, 4972.569, 81673.077
INFO:root:89153.068, 4983.261, 81678.177
INFO:root:88958.075, 4969.804, 81503.369
INFO:root:88739.114, 4958.442, 81301.451
INFO:root:88549.823, 4954.816, 81117.599
INFO:root:88818.016, 4949.186, 81394.238
INFO:root:88674.462, 4942.814, 81260.241
INFO:root:88668.412, 4936.550, 81263.587
INFO:root:88611.313, 4937.983, 81204.339
INFO:root:88569.912, 4928.959, 81176.474
INFO:root:88339.366, 4928.379, 80946.797
INFO:root:88348.204, 4914.992, 80975.716
INFO:root:88355.391, 4916.204, 80981.085
INFO:root:88210.339, 4915.444, 80837.174
INFO:root:88093.392, 4908.180, 80731.122
INFO:root:88144.218, 4903.543, 80788.903
INFO:root:88206.908, 4900.483, 80856.184
INFO:root:87969.150, 4886.076, 80640.036
INFO:root:87759.536, 4896.093, 80415.397
INFO:root:87665.671, 4892.650, 80326.695
INFO:root:87961.233, 4884.988, 80633.750
INFO:root:87768.647, 4876.937, 80453.241
INFO:root:87603.687, 4882.613, 80279.768
INFO:root:87417.052, 4855.165, 80134.305
INFO:root:87263.125, 4863.177, 79968.360
INFO:root:87389.802, 4856.411, 80105.185
INFO:root:87354.550, 4862.557, 80060.715
INFO:root:87484.792, 4867.531, 80183.495
INFO:root:87274.770, 4849.734, 80000.169
INFO:root:87364.475, 4846.199, 80095.176
INFO:root:87234.969, 4838.714, 79976.898
INFO:root:87078.763, 4832.336, 79830.259
INFO:root:87080.069, 4828.250, 79837.693
INFO:root:87084.181, 4828.526, 79841.391
INFO:root:86995.976, 4812.678, 79776.960
INFO:root:86726.133, 4810.005, 79511.125
INFO:root:86744.881, 4800.705, 79543.823
INFO:root:86694.889, 4819.695, 79465.347
INFO:root:87072.399, 4799.151, 79873.672
INFO:root:86534.029, 4785.826, 79355.291
INFO:root:86797.340, 4801.039, 79595.781
INFO:root:86409.113, 4790.132, 79223.915
INFO:root:86487.475, 4782.851, 79313.199
INFO:root:86249.458, 4775.623, 79086.024
INFO:root:86632.994, 4783.281, 79458.072
INFO:root:86430.815, 4780.580, 79259.945
INFO:root:86283.882, 4775.498, 79120.634
INFO:root:86532.697, 4760.215, 79392.375
INFO:root:86116.621, 4747.299, 78995.672
INFO:root:86005.355, 4762.760, 78861.215
INFO:root:86024.568, 4753.125, 78894.880
INFO:root:85974.543, 4744.088, 78858.411
INFO:root:86251.844, 4745.073, 79134.233
INFO:root:86164.025, 4749.042, 79040.461
INFO:root:85876.152, 4739.893, 78766.313
INFO:root:85648.915, 4733.272, 78549.007
INFO:root:85688.012, 4726.660, 78598.023
INFO:root:85908.648, 4727.181, 78817.877
INFO:root:85946.829, 4720.530, 78866.034
INFO:root:85820.840, 4712.871, 78751.534
INFO:root:85625.069, 4703.501, 78569.818
INFO:root:85408.408, 4702.216, 78355.085
INFO:root:85357.017, 4699.119, 78308.338
INFO:root:85534.698, 4693.552, 78494.370
INFO:root:85360.019, 4702.669, 78306.015
INFO:root:85322.284, 4703.180, 78267.514
INFO:root:85132.015, 4686.451, 78102.338
INFO:root:85209.805, 4680.262, 78189.412
INFO:root:85032.661, 4677.934, 78015.760
INFO:root:85419.209, 4686.659, 78389.220
INFO:root:85276.560, 4674.620, 78264.629
INFO:root:85166.959, 4665.187, 78169.180
INFO:root:85087.556, 4665.634, 78089.105
INFO:root:85104.190, 4676.434, 78089.538
INFO:root:85094.903, 4656.601, 78110.002
INFO:root:85109.427, 4648.598, 78136.531
INFO:root:84977.285, 4656.739, 77992.177
INFO:root:84710.236, 4644.531, 77743.440
INFO:root:84712.104, 4645.529, 77743.810
INFO:root:84782.553, 4646.578, 77812.687
INFO:root:84463.996, 4627.007, 77523.485
INFO:root:84871.735, 4635.033, 77919.186
INFO:root:84593.884, 4629.752, 77649.257
INFO:root:84510.369, 4615.987, 77586.389
INFO:root:84507.989, 4618.161, 77580.748
INFO:root:84914.508, 4618.185, 77987.230
INFO:root:84636.189, 4618.210, 77708.874
INFO:root:84411.946, 4606.471, 77502.240
INFO:root:84304.630, 4599.300, 77405.679
INFO:root:84370.666, 4595.271, 77477.760
INFO:root:84368.740, 4599.500, 77469.490
INFO:root:84330.100, 4590.554, 77444.269
INFO:root:84269.155, 4593.614, 77378.734
INFO:root:84287.127, 4582.456, 77413.442
INFO:root:84261.503, 4576.069, 77397.400
INFO:root:84158.322, 4587.793, 77276.633
INFO:root:84089.492, 4570.311, 77234.025
INFO:root:83900.697, 4563.283, 77055.772
INFO:root:83937.218, 4561.291, 77095.281
INFO:root:83781.831, 4563.656, 76936.346
INFO:root:83735.733, 4561.837, 76892.978
INFO:root:83885.832, 4552.343, 77057.317
INFO:root:84015.512, 4558.667, 77177.511
INFO:root:83910.608, 4552.619, 77081.678
INFO:root:83667.947, 4546.763, 76847.803
INFO:root:83769.351, 4536.056, 76965.267
INFO:root:83977.033, 4542.637, 77163.077
INFO:root:83797.578, 4537.244, 76991.712
INFO:root:83722.370, 4539.007, 76913.859
INFO:root:83565.527, 4526.081, 76776.406
INFO:root:83743.698, 4527.282, 76952.775
INFO:root:83374.159, 4516.328, 76599.667
INFO:root:83399.980, 4519.136, 76621.276
INFO:root:83445.780, 4513.235, 76675.929
INFO:root:83368.278, 4507.747, 76606.658
INFO:root:83403.733, 4505.836, 76644.980
INFO:root:83509.461, 4503.299, 76754.513
INFO:root:83388.515, 4511.711, 76620.950
INFO:root:83188.348, 4488.591, 76455.462
INFO:root:83254.767, 4498.675, 76506.754
INFO:root:83495.773, 4491.992, 76757.786
INFO:root:83416.357, 4481.562, 76694.014
INFO:root:83214.070, 4478.079, 76496.952
INFO:root:83254.045, 4484.030, 76528.000
INFO:root:83054.594, 4471.958, 76346.657
INFO:root:83008.065, 4466.683, 76308.040
INFO:root:82929.790, 4465.129, 76232.097
INFO:root:82853.400, 4470.161, 76148.159
INFO:root:83096.371, 4467.905, 76394.513
INFO:root:82889.659, 4456.454, 76204.978
INFO:root:82875.329, 4456.674, 76190.318
INFO:root:82993.696, 4463.745, 76298.079
INFO:root:82696.166, 4452.018, 76018.140
INFO:root:82652.633, 4438.279, 75995.214
INFO:root:82718.054, 4441.651, 76055.577
INFO:root:82814.696, 4448.060, 76142.606
INFO:root:82731.716, 4436.154, 76077.485
INFO:root:82664.667, 4443.050, 76000.091
INFO:root:82628.733, 4430.053, 75983.654
INFO:root:83005.583, 4444.344, 76339.067
INFO:root:82624.142, 4423.143, 75989.428
INFO:root:82637.574, 4428.401, 75994.972
INFO:root:82383.367, 4414.142, 75762.154
INFO:root:82430.163, 4414.236, 75808.809
INFO:root:82546.354, 4409.706, 75931.796
INFO:root:82274.586, 4398.480, 75676.866
INFO:root:82344.031, 4402.338, 75740.524
INFO:root:82444.234, 4402.695, 75840.192
INFO:root:82505.462, 4398.233, 75908.112
INFO:root:82493.166, 4394.841, 75900.905
INFO:root:82201.265, 4376.115, 75637.092
INFO:root:82216.206, 4395.028, 75623.663
INFO:root:82230.874, 4383.868, 75655.072
INFO:root:82096.386, 4376.239, 75532.028
INFO:root:82126.770, 4379.107, 75558.110
INFO:root:82099.014, 4377.498, 75532.767
INFO:root:82260.887, 4382.438, 75687.231
INFO:root:82136.904, 4375.474, 75573.693
INFO:root:82027.439, 4364.793, 75480.251
INFO:root:81908.181, 4353.174, 75378.420
INFO:root:82153.338, 4371.516, 75596.065
INFO:root:81963.762, 4351.058, 75437.175
INFO:root:81957.171, 4346.536, 75437.367
INFO:root:81927.019, 4361.313, 75385.050
INFO:root:81815.636, 4354.557, 75283.801
INFO:root:81976.031, 4342.131, 75462.835
INFO:root:81853.522, 4331.882, 75355.699
INFO:root:81795.573, 4344.613, 75278.653
INFO:root:82093.301, 4344.208, 75576.989
INFO:root:81818.846, 4332.625, 75319.908
INFO:root:81674.005, 4341.891, 75161.168
INFO:root:81531.671, 4327.674, 75040.160
INFO:root:81515.635, 4320.233, 75035.286
INFO:root:81642.359, 4321.658, 75159.872
INFO:root:81688.885, 4321.535, 75206.583
INFO:root:81534.327, 4308.379, 75071.759
INFO:root:81421.056, 4307.133, 74960.357
INFO:root:81707.302, 4321.515, 75225.030
INFO:root:81354.278, 4300.851, 74903.002
INFO:root:81339.079, 4301.039, 74887.521
INFO:root:81530.158, 4297.002, 75084.655
INFO:root:81619.593, 4303.816, 75163.869
INFO:root:81471.861, 4293.381, 75031.790
INFO:root:81283.446, 4287.461, 74852.254
INFO:root:81269.888, 4287.684, 74838.362
INFO:root:81245.038, 4286.902, 74814.685
INFO:root:81328.557, 4301.272, 74876.649
INFO:root:81207.134, 4279.422, 74788.002
INFO:root:81475.084, 4290.253, 75039.704
INFO:root:81227.351, 4271.195, 74820.558
INFO:root:81266.241, 4280.879, 74844.922
INFO:root:81270.820, 4279.962, 74850.878
INFO:root:81185.859, 4275.289, 74772.927
INFO:root:81119.236, 4272.799, 74710.038
INFO:root:81346.250, 4278.168, 74928.998
INFO:root:80960.583, 4259.598, 74571.186
INFO:root:80949.991, 4254.806, 74567.782
INFO:root:81137.883, 4266.836, 74737.629
INFO:root:80975.919, 4236.665, 74620.922
INFO:root:80904.793, 4245.399, 74536.694
INFO:root:80988.201, 4251.898, 74610.354
INFO:root:81026.182, 4245.055, 74658.599
INFO:root:81105.426, 4255.026, 74722.887
INFO:root:80811.055, 4236.158, 74456.818
INFO:root:80779.553, 4234.957, 74427.118
INFO:root:80699.128, 4226.157, 74359.891
INFO:root:80865.796, 4239.894, 74505.955
INFO:root:80730.053, 4232.612, 74381.135
INFO:root:80837.123, 4234.944, 74484.707
INFO:root:80773.636, 4221.568, 74441.285
INFO:root:80713.481, 4221.682, 74380.957
INFO:root:80732.877, 4224.073, 74396.767
INFO:root:80680.057, 4215.222, 74357.225
INFO:root:80646.551, 4215.534, 74323.250
INFO:root:80737.660, 4220.827, 74406.420
INFO:root:80609.859, 4213.279, 74289.940
INFO:root:80733.646, 4206.878, 74423.328
INFO:root:80384.691, 4200.514, 74083.921
INFO:root:80435.074, 4209.465, 74120.876
INFO:root:80822.535, 4202.229, 74519.192
INFO:root:80424.794, 4200.130, 74124.599
INFO:root:80405.483, 4195.665, 74111.985
INFO:root:80420.638, 4199.459, 74121.449
INFO:root:80348.941, 4183.839, 74073.182
INFO:root:80528.004, 4188.644, 74245.038
INFO:root:80620.001, 4199.302, 74321.048
INFO:root:80250.274, 4181.349, 73978.251
INFO:root:80363.006, 4178.446, 74095.337
INFO:root:80304.860, 4175.446, 74041.691
INFO:root:80172.501, 4167.132, 73921.804
INFO:root:80188.841, 4169.042, 73935.278
INFO:root:80359.242, 4169.430, 74105.096
INFO:root:80305.407, 4176.056, 74041.324
INFO:root:80044.995, 4156.482, 73810.273
INFO:root:80212.718, 4159.965, 73972.771
INFO:root:80439.695, 4163.714, 74194.125
INFO:root:80101.252, 4161.252, 73859.375
INFO:root:80177.038, 4150.430, 73951.394
INFO:root:79972.409, 4142.906, 73758.050
INFO:root:80126.319, 4152.874, 73897.008
INFO:root:80152.986, 4148.914, 73929.614
INFO:root:80079.699, 4156.259, 73845.311
INFO:root:80110.529, 4157.487, 73874.298
INFO:root:80137.025, 4146.816, 73916.801
INFO:root:80052.400, 4136.976, 73846.935
INFO:root:80154.661, 4153.692, 73924.123
INFO:root:79894.859, 4129.007, 73701.348
INFO:root:79677.335, 4126.955, 73486.903
INFO:root:79960.926, 4149.923, 73736.041
INFO:root:79684.728, 4124.981, 73497.257
INFO:root:79798.343, 4115.562, 73625.000
INFO:root:79933.124, 4129.558, 73738.787
INFO:root:79708.759, 4106.750, 73548.634
INFO:root:79888.684, 4116.938, 73713.277
INFO:root:80000.295, 4124.744, 73813.179
INFO:root:79565.455, 4106.087, 73406.325
INFO:root:79833.783, 4127.734, 73642.181
INFO:root:79840.675, 4107.758, 73679.039
INFO:root:79646.287, 4104.258, 73489.900
INFO:root:79692.592, 4110.150, 73527.366
INFO:root:79748.601, 4115.457, 73575.416
INFO:root:79780.864, 4096.848, 73635.592
INFO:root:79740.698, 4105.993, 73581.708
INFO:root:79613.768, 4095.927, 73469.878
INFO:root:79562.371, 4099.545, 73413.053
INFO:root:79522.483, 4091.053, 73385.904
INFO:root:79391.131, 4089.621, 73256.700
INFO:root:79373.578, 4083.576, 73248.214
INFO:root:79513.476, 4083.827, 73387.735
INFO:root:79738.254, 4095.548, 73594.932
INFO:root:79465.344, 4085.517, 73337.068
INFO:root:79463.436, 4070.384, 73357.861
INFO:root:79386.174, 4073.962, 73275.231
INFO:root:79347.334, 4078.787, 73229.154
INFO:root:79527.999, 4081.866, 73405.200
INFO:root:79508.939, 4073.239, 73399.081
INFO:root:79257.618, 4062.196, 73164.325
INFO:root:79355.208, 4065.846, 73256.439
INFO:root:79326.766, 4061.838, 73234.009
INFO:root:79335.165, 4070.259, 73229.777
INFO:root:79453.625, 4070.361, 73348.084
INFO:root:79259.700, 4054.223, 73178.366
INFO:root:79305.611, 4067.823, 73203.876
INFO:root:79130.700, 4044.193, 73064.411
INFO:root:79281.632, 4050.669, 73205.628
INFO:root:79081.599, 4042.104, 73018.443
INFO:root:79216.915, 4049.757, 73142.279
INFO:root:79142.512, 4046.973, 73072.054
INFO:root:79358.333, 4046.711, 73288.266
INFO:root:79193.018, 4042.753, 73128.889
INFO:root:79099.806, 4037.359, 73043.766
INFO:root:79191.788, 4042.329, 73128.295
INFO:root:79158.344, 4036.530, 73103.549
INFO:root:79082.812, 4031.784, 73035.136
INFO:root:79182.867, 4036.051, 73128.790
INFO:root:78980.147, 4031.655, 72932.665
INFO:root:78872.648, 4013.385, 72852.571
INFO:root:79078.833, 4034.565, 73026.985
INFO:root:78808.335, 4022.357, 72774.800
INFO:root:78943.595, 4022.690, 72909.561
INFO:root:79089.301, 4027.689, 73047.768
INFO:root:78958.397, 4014.440, 72936.738
INFO:root:78905.237, 4016.446, 72880.568
INFO:root:79114.334, 4027.204, 73073.529
INFO:root:78938.572, 4016.713, 72913.503
INFO:root:78884.099, 4009.423, 72869.964
INFO:root:78780.640, 3999.273, 72781.730
INFO:root:78825.911, 4002.850, 72821.637
INFO:root:78937.009, 4003.076, 72932.394
INFO:root:78832.361, 3999.819, 72832.632
INFO:root:78661.099, 3997.579, 72664.731
INFO:root:78785.926, 3997.730, 72789.330
INFO:root:78717.536, 3997.642, 72721.073
INFO:root:78823.459, 3998.931, 72825.063
INFO:root:78569.675, 3982.659, 72595.687
INFO:root:78580.673, 3986.464, 72600.977
INFO:root:78728.094, 3987.050, 72747.520
INFO:root:78706.022, 3984.505, 72729.266
INFO:root:78557.370, 3978.427, 72589.730
INFO:root:78743.681, 3982.984, 72769.206
INFO:root:78528.620, 3966.605, 72578.712
INFO:root:78436.407, 3977.657, 72469.922
INFO:root:78500.182, 3984.202, 72523.879
INFO:root:78459.759, 3969.780, 72505.089
INFO:root:78634.074, 3973.041, 72674.512
INFO:root:78675.347, 3974.964, 72712.902
INFO:root:78552.049, 3978.276, 72584.635
INFO:root:78508.061, 3977.487, 72541.829
INFO:root:78734.138, 3972.609, 72775.224
INFO:root:78635.911, 3967.809, 72684.198
INFO:root:78450.662, 3956.268, 72516.261
INFO:root:78459.740, 3963.647, 72514.270
INFO:root:78431.625, 3953.793, 72500.936
INFO:root:78378.338, 3956.958, 72442.901
INFO:root:78241.790, 3952.798, 72312.593
INFO:root:78450.250, 3960.406, 72509.641
INFO:root:78214.623, 3937.937, 72307.719
INFO:root:78285.247, 3952.264, 72356.851
INFO:root:78385.632, 3962.403, 72442.028
INFO:root:78423.136, 3951.101, 72496.484
INFO:root:78561.221, 3951.749, 72633.597
INFO:root:78213.477, 3928.195, 72321.184
INFO:root:78194.649, 3936.273, 72290.239
INFO:root:78137.695, 3942.638, 72223.738
INFO:root:78236.066, 3933.477, 72335.850
INFO:root:78239.054, 3933.883, 72338.230
INFO:root:78123.637, 3934.397, 72222.041
INFO:root:78342.615, 3935.447, 72439.444
INFO:root:78370.431, 3942.118, 72457.255
INFO:root:78189.813, 3921.593, 72307.424
INFO:root:78036.477, 3922.561, 72152.635
INFO:root:78086.690, 3918.893, 72208.350
INFO:root:78224.396, 3931.099, 72327.747
INFO:root:78280.772, 3937.098, 72375.125
INFO:root:77891.530, 3910.967, 72025.079
INFO:root:78221.292, 3930.484, 72325.566
INFO:root:78252.074, 3929.535, 72357.771
INFO:root:77996.540, 3912.716, 72127.466
INFO:root:78000.208, 3912.405, 72131.600
INFO:root:78034.441, 3917.510, 72158.177
INFO:root:78027.260, 3913.449, 72157.087
INFO:root:78015.775, 3903.267, 72160.875
INFO:root:78153.134, 3914.706, 72281.075
INFO:root:77836.307, 3897.754, 71989.677
INFO:root:78065.992, 3913.766, 72195.342
INFO:root:78051.888, 3905.046, 72194.318
INFO:root:78012.852, 3904.679, 72155.833
INFO:root:77920.295, 3889.951, 72085.368
INFO:root:78075.780, 3897.463, 72229.586
INFO:root:77936.451, 3896.578, 72091.584
INFO:root:77830.378, 3889.866, 71995.579
INFO:root:77841.861, 3887.711, 72010.294
INFO:root:77729.733, 3877.852, 71912.955
INFO:root:77546.855, 3875.096, 71734.211
INFO:root:77724.515, 3878.126, 71907.326
INFO:root:77845.711, 3885.708, 72017.149
INFO:root:77922.305, 3895.533, 72079.005
INFO:root:77889.963, 3886.681, 72059.942
INFO:root:77725.421, 3875.723, 71911.838
INFO:root:77631.831, 3868.622, 71828.899
INFO:root:77752.510, 3876.700, 71937.460
INFO:root:77704.393, 3872.620, 71895.463
INFO:root:77709.767, 3880.924, 71888.380
INFO:root:77837.025, 3874.165, 72025.777
INFO:root:77901.987, 3882.550, 72078.162
INFO:root:77749.929, 3863.041, 71955.367
INFO:root:77784.401, 3870.411, 71978.784
INFO:root:77595.974, 3862.664, 71801.979
INFO:root:77586.136, 3864.918, 71788.760
INFO:root:77611.960, 3866.981, 71811.488
INFO:root:77522.331, 3855.153, 71739.602
INFO:root:77476.438, 3846.351, 71706.911
INFO:root:77811.685, 3866.163, 72012.441
INFO:root:77632.244, 3859.921, 71842.363
INFO:root:77484.295, 3849.736, 71709.692
INFO:root:77502.988, 3849.738, 71728.381
INFO:root:77500.885, 3860.529, 71710.091
INFO:root:77481.123, 3846.079, 71712.004
INFO:root:77417.260, 3848.855, 71643.977
INFO:root:77410.649, 3845.929, 71641.756
INFO:root:77530.993, 3843.699, 71765.445
INFO:root:77541.486, 3842.870, 71777.181
INFO:root:77307.768, 3828.410, 71565.154
INFO:root:77460.841, 3835.116, 71708.166
INFO:root:77470.961, 3836.062, 71716.868
INFO:root:77340.099, 3833.473, 71589.889
INFO:root:77531.985, 3840.925, 71770.598
INFO:root:77377.052, 3840.847, 71615.781
INFO:root:77215.880, 3832.748, 71466.758
INFO:root:77306.972, 3829.665, 71562.475
INFO:root:77375.200, 3830.269, 71629.796
INFO:root:77482.600, 3832.148, 71734.378
INFO:root:77459.736, 3835.751, 71706.109
INFO:root:77178.950, 3818.309, 71451.486
INFO:root:77146.367, 3817.886, 71419.537
INFO:root:77269.996, 3824.345, 71533.479
INFO:root:77181.426, 3813.118, 71461.749
INFO:root:77193.162, 3815.485, 71469.934
INFO:root:77374.138, 3824.620, 71637.207
INFO:root:77362.254, 3818.569, 71634.400
INFO:root:77228.151, 3808.951, 71514.725
INFO:root:77406.018, 3815.300, 71683.068
INFO:root:77170.641, 3808.533, 71457.842
INFO:root:77113.513, 3798.284, 71416.088
INFO:root:77205.180, 3795.640, 71511.720
INFO:root:77089.843, 3797.468, 71393.641
INFO:root:77166.285, 3798.298, 71468.838
INFO:root:76996.254, 3795.209, 71303.441
INFO:root:77097.910, 3805.939, 71389.002
INFO:root:77169.293, 3808.458, 71456.606
INFO:root:77173.806, 3804.992, 71466.319
INFO:root:77123.293, 3797.984, 71426.317
INFO:root:76997.699, 3798.417, 71300.074
INFO:root:77248.132, 3798.148, 71550.909
INFO:root:77089.239, 3795.288, 71396.307
INFO:root:77051.012, 3801.391, 71348.925
INFO:root:77021.109, 3787.184, 71340.333
INFO:root:76911.729, 3783.553, 71236.399
INFO:root:76873.107, 3782.654, 71199.125
INFO:root:76889.864, 3773.863, 71229.070
INFO:root:76842.511, 3778.027, 71175.470
INFO:root:77007.621, 3798.853, 71309.342
INFO:root:76927.197, 3779.327, 71258.207
INFO:root:77146.484, 3785.158, 71468.747
INFO:root:77082.698, 3779.393, 71413.609
INFO:root:76776.084, 3772.871, 71116.778
INFO:root:76894.878, 3778.091, 71227.742
INFO:root:76965.423, 3781.839, 71292.664
INFO:root:77048.939, 3783.693, 71373.399
INFO:root:77022.645, 3775.082, 71360.022
INFO:root:76885.047, 3772.185, 71226.769
INFO:root:76871.750, 3763.606, 71226.342
INFO:root:76865.218, 3767.175, 71214.456
INFO:root:76626.641, 3757.457, 70990.455
INFO:root:76727.302, 3762.532, 71083.504
INFO:root:76817.395, 3760.343, 71176.880
INFO:root:76845.631, 3774.041, 71184.569
INFO:root:76795.947, 3746.927, 71175.556
INFO:root:76805.367, 3763.944, 71159.450
INFO:root:76841.181, 3765.636, 71192.728
INFO:root:76642.322, 3751.566, 71014.973
INFO:root:76872.923, 3765.106, 71225.264
INFO:root:76798.058, 3755.533, 71164.759
INFO:root:76582.504, 3739.130, 70973.810
INFO:root:76483.103, 3746.720, 70863.023
INFO:root:76632.861, 3748.250, 71010.487
INFO:root:76761.599, 3754.896, 71129.255
INFO:root:76920.746, 3751.777, 71293.082
INFO:root:76852.776, 3762.098, 71209.629
INFO:root:76633.234, 3743.710, 71017.668
INFO:root:76491.721, 3729.681, 70897.199
INFO:root:76358.663, 3729.366, 70764.613
INFO:root:76713.121, 3747.834, 71091.371
INFO:root:76500.087, 3729.070, 70906.482
INFO:root:76633.400, 3747.072, 71012.791
INFO:root:76563.025, 3744.338, 70946.519
INFO:root:76644.267, 3745.511, 71026.001
INFO:root:76547.894, 3731.191, 70951.108
INFO:root:76573.852, 3731.855, 70976.070
INFO:root:76500.132, 3728.442, 70907.469
INFO:root:76503.904, 3729.908, 70909.042
INFO:root:76607.430, 3736.636, 71002.476
INFO:root:76747.232, 3738.432, 71139.584
INFO:root:76597.811, 3727.763, 71006.167
INFO:root:76382.433, 3720.917, 70801.057
INFO:root:76392.053, 3718.667, 70814.052
INFO:root:76381.090, 3721.204, 70799.284
INFO:root:76502.261, 3722.989, 70917.778
INFO:root:76416.061, 3716.085, 70841.934
INFO:root:76364.030, 3718.945, 70785.613
INFO:root:76329.229, 3722.250, 70745.854
INFO:root:76522.237, 3724.219, 70935.909
INFO:root:76607.404, 3724.507, 71020.644
INFO:root:76414.571, 3713.959, 70843.633
INFO:root:76258.637, 3711.883, 70690.812
INFO:root:76376.602, 3716.281, 70802.181
INFO:root:76293.581, 3710.547, 70727.761
INFO:root:76400.325, 3710.949, 70833.902
INFO:root:76431.315, 3716.192, 70857.027
INFO:root:76500.490, 3724.418, 70913.863
INFO:root:76346.192, 3709.566, 70781.843
INFO:root:76253.959, 3709.930, 70689.064
INFO:root:76209.135, 3699.062, 70660.542
INFO:root:76376.129, 3703.970, 70820.175
INFO:root:76261.504, 3701.825, 70708.766
INFO:root:76280.289, 3707.407, 70719.179
INFO:root:76278.182, 3703.036, 70723.628
INFO:root:76201.527, 3691.055, 70664.945
INFO:root:76281.565, 3703.371, 70726.509
INFO:root:76337.896, 3707.561, 70776.554
INFO:root:76256.807, 3690.372, 70721.249
INFO:root:76446.831, 3706.159, 70887.591
INFO:root:76161.358, 3699.406, 70612.249
INFO:root:76355.433, 3703.825, 70799.695
INFO:root:76263.365, 3701.353, 70711.334
INFO:root:76291.418, 3697.883, 70744.593
INFO:root:76362.231, 3692.186, 70823.952
INFO:root:76130.442, 3686.215, 70601.119
INFO:root:75975.098, 3677.605, 70458.691
INFO:root:76001.897, 3680.063, 70481.801
INFO:root:75972.978, 3678.001, 70455.977
INFO:root:75992.660, 3677.594, 70476.268
INFO:root:76109.212, 3682.725, 70585.125
INFO:root:76087.945, 3681.279, 70566.026
INFO:root:76125.777, 3681.756, 70603.143
INFO:root:76053.688, 3678.085, 70536.560
INFO:root:76068.919, 3672.461, 70560.228
INFO:root:76090.363, 3674.190, 70579.078
INFO:root:75984.447, 3671.458, 70477.261
INFO:root:76057.884, 3680.669, 70536.880
INFO:root:76130.926, 3680.452, 70610.249
INFO:root:76140.729, 3669.935, 70635.827
INFO:root:75908.488, 3669.146, 70404.769
INFO:root:75943.378, 3675.101, 70430.727
INFO:root:75879.772, 3669.759, 70375.133
INFO:root:76011.641, 3668.570, 70508.786
INFO:root:76128.945, 3672.838, 70619.689
INFO:root:76056.764, 3677.407, 70540.654
INFO:root:75941.502, 3658.455, 70453.819
INFO:root:75925.730, 3662.563, 70431.886
INFO:root:76071.825, 3671.119, 70565.146
INFO:root:75973.735, 3663.187, 70478.955
INFO:root:76014.984, 3664.447, 70518.313
INFO:root:75806.645, 3651.580, 70329.276
INFO:root:75871.281, 3658.935, 70382.878
INFO:root:75800.652, 3661.871, 70307.845
INFO:root:75930.250, 3658.962, 70441.806
INFO:root:75911.823, 3645.336, 70443.819
INFO:root:76054.975, 3658.448, 70567.304
INFO:root:75855.896, 3654.704, 70373.839
INFO:root:75650.066, 3642.290, 70186.632
INFO:root:75706.937, 3634.948, 70254.515
INFO:root:75863.109, 3649.362, 70389.066
INFO:root:75800.360, 3645.640, 70331.900
INFO:root:75767.548, 3648.014, 70295.527
INFO:root:75834.738, 3645.131, 70367.041
INFO:root:75711.064, 3633.033, 70261.515
INFO:root:75876.295, 3647.709, 70404.731
INFO:root:75691.194, 3634.838, 70238.937
INFO:root:75832.454, 3640.177, 70372.189
INFO:root:75849.997, 3636.138, 70395.790
INFO:root:75841.944, 3638.061, 70384.853
INFO:root:75655.096, 3633.413, 70204.977
INFO:root:75611.012, 3628.442, 70168.350
INFO:root:75764.756, 3636.880, 70309.437
INFO:root:75714.955, 3637.499, 70258.707
INFO:root:75751.172, 3628.018, 70309.145
INFO:root:75633.772, 3630.762, 70187.628
INFO:root:75631.314, 3628.237, 70188.959
INFO:root:75549.921, 3627.809, 70108.207
INFO:root:75475.128, 3628.222, 70032.795
INFO:root:75609.093, 3624.988, 70171.610
INFO:root:75668.630, 3626.904, 70228.273
INFO:root:75805.052, 3632.344, 70356.537
INFO:root:75619.450, 3627.703, 70177.896
INFO:root:75520.236, 3616.713, 70095.167
INFO:root:75621.922, 3620.537, 70191.116
INFO:root:75688.290, 3629.473, 70244.081
INFO:root:75765.249, 3633.193, 70315.460
INFO:root:75600.389, 3614.366, 70178.840
INFO:root:75482.903, 3617.594, 70056.512
INFO:root:75741.219, 3629.097, 70297.573
INFO:root:75519.734, 3619.866, 70089.935
INFO:root:75471.453, 3608.062, 70059.360
INFO:root:75667.852, 3620.705, 70236.794
INFO:root:75482.584, 3615.040, 70060.023
INFO:root:75510.019, 3615.255, 70087.137
INFO:root:75357.209, 3605.345, 69949.191
INFO:root:75578.864, 3611.964, 70160.917
INFO:root:75387.688, 3606.811, 69977.472
INFO:root:75494.836, 3610.785, 70078.659
INFO:root:75451.112, 3608.399, 70038.513
INFO:root:75413.285, 3599.442, 70014.121
INFO:root:75676.356, 3613.676, 70255.843
INFO:root:75592.472, 3613.444, 70172.306
INFO:root:75427.990, 3608.023, 70015.956
INFO:root:75540.245, 3616.722, 70115.162
INFO:root:75440.989, 3599.832, 70041.240
INFO:root:75375.764, 3591.405, 69988.657
INFO:root:75267.550, 3603.433, 69862.401
INFO:root:75395.028, 3598.333, 69997.529
INFO:root:75392.135, 3597.511, 69995.868
INFO:root:75462.711, 3598.291, 70065.275
INFO:root:75371.960, 3592.647, 69982.990
INFO:root:75367.713, 3598.229, 69970.369
INFO:root:75408.365, 3599.358, 70009.327
INFO:root:75352.041, 3592.876, 69962.726
INFO:root:75396.076, 3595.281, 70003.154
INFO:root:75244.119, 3594.400, 69852.519
INFO:root:75281.578, 3588.827, 69898.337
INFO:root:75555.198, 3592.078, 70167.082
INFO:root:75191.892, 3579.585, 69822.515
INFO:root:75270.819, 3589.749, 69886.194
INFO:root:75297.748, 3594.064, 69906.653
INFO:root:75364.617, 3589.215, 69980.794
INFO:root:75372.788, 3588.421, 69990.155
INFO:root:75414.022, 3589.982, 70029.049
INFO:root:75430.113, 3592.377, 70041.547
INFO:root:75289.261, 3583.464, 69914.064
INFO:root:75097.806, 3571.960, 69739.866
INFO:root:75335.721, 3588.453, 69953.042
INFO:root:75306.489, 3585.431, 69928.343
INFO:root:75369.945, 3596.752, 69974.817
INFO:root:75026.524, 3564.529, 69679.730
INFO:root:75230.753, 3577.913, 69863.885
INFO:root:75152.051, 3575.048, 69789.480
INFO:root:75218.190, 3577.801, 69851.489
INFO:root:75113.606, 3564.845, 69766.338
INFO:root:75310.684, 3577.427, 69944.543
INFO:root:75198.851, 3574.678, 69836.834
INFO:root:75181.031, 3567.858, 69829.244
INFO:root:75254.184, 3576.399, 69889.586
INFO:root:75207.816, 3575.568, 69844.464
INFO:root:74994.192, 3560.889, 69652.858
INFO:root:75129.913, 3572.620, 69770.983
INFO:root:74993.775, 3553.953, 69662.845
INFO:root:75184.464, 3574.396, 69822.869
INFO:root:75163.066, 3557.939, 69826.158
INFO:root:75261.321, 3573.420, 69901.191
INFO:root:75084.943, 3558.192, 69747.655
INFO:root:75180.284, 3554.090, 69849.149
INFO:root:75094.660, 3559.875, 69754.848
INFO:root:75037.139, 3549.594, 69712.748
INFO:root:74975.261, 3560.360, 69634.720
INFO:root:75004.986, 3563.304, 69660.030
INFO:root:74996.751, 3556.140, 69662.541
INFO:root:75046.372, 3556.825, 69711.135
INFO:root:75015.808, 3556.905, 69680.450
INFO:root:75010.766, 3552.403, 69682.161
INFO:root:74969.256, 3544.872, 69651.948
INFO:root:74969.295, 3544.905, 69651.938
INFO:root:75086.317, 3544.004, 69770.310
INFO:root:75087.570, 3555.946, 69753.651
INFO:root:75100.135, 3556.497, 69765.389
INFO:root:74979.795, 3552.552, 69650.967
INFO:root:74958.352, 3546.830, 69638.107
INFO:root:74967.132, 3548.699, 69644.083
INFO:root:74920.810, 3543.423, 69605.676
INFO:root:74804.336, 3537.985, 69497.358
INFO:root:74926.623, 3545.683, 69608.100
INFO:root:75044.152, 3548.733, 69721.052
INFO:root:74987.112, 3545.926, 69668.223
INFO:root:74784.617, 3522.613, 69500.698
INFO:root:74825.837, 3531.672, 69528.329
INFO:root:74860.131, 3535.469, 69556.927
INFO:root:74878.632, 3540.155, 69568.399
INFO:root:74860.922, 3535.950, 69556.996
INFO:root:74902.308, 3527.357, 69611.272
INFO:root:74804.162, 3540.821, 69492.930
INFO:root:74863.759, 3535.882, 69559.936
INFO:root:75079.345, 3548.208, 69757.032
INFO:root:75115.061, 3544.627, 69798.121
INFO:root:74943.939, 3535.435, 69640.786
INFO:root:74865.888, 3538.597, 69557.992
INFO:root:74820.141, 3535.973, 69516.182
INFO:root:74875.421, 3534.067, 69574.321
INFO:root:74602.700, 3513.843, 69331.935
INFO:root:74868.019, 3525.384, 69579.943
INFO:root:74856.833, 3529.734, 69562.232
INFO:root:74780.564, 3528.056, 69488.481
INFO:root:74751.695, 3526.109, 69462.532
INFO:root:74800.330, 3522.111, 69517.164
INFO:root:74899.500, 3527.594, 69608.109
INFO:root:74687.826, 3512.016, 69419.803
INFO:root:74773.174, 3531.677, 69475.659
INFO:root:74565.026, 3507.450, 69303.851
INFO:root:74701.513, 3522.635, 69417.560
INFO:root:74816.849, 3523.698, 69531.302
INFO:root:74771.344, 3515.343, 69498.330
INFO:root:74751.586, 3514.611, 69479.669
INFO:root:74724.779, 3518.307, 69447.319
INFO:root:74840.315, 3518.249, 69562.941
INFO:root:74810.116, 3514.365, 69538.569
INFO:root:74685.048, 3514.427, 69413.408
INFO:root:74635.290, 3519.371, 69356.234
INFO:root:74673.953, 3515.873, 69400.144
INFO:root:74747.389, 3521.135, 69465.686
INFO:root:74744.531, 3515.614, 69471.110
INFO:root:74484.535, 3505.942, 69225.623
INFO:root:74705.982, 3520.385, 69425.404
INFO:root:74760.642, 3511.741, 69493.031
INFO:root:74598.684, 3502.248, 69345.313
INFO:root:74689.033, 3507.021, 69428.502
INFO:root:74681.786, 3515.464, 69408.590
INFO:root:74466.403, 3491.948, 69228.480
INFO:root:74512.469, 3500.546, 69261.651
INFO:root:74525.922, 3498.247, 69278.552
INFO:root:74706.073, 3503.445, 69450.904
INFO:root:74617.777, 3506.300, 69358.326
INFO:root:74595.934, 3500.256, 69345.550
INFO:root:74453.651, 3495.017, 69211.125
INFO:root:74584.881, 3495.119, 69342.203
INFO:root:74476.644, 3492.647, 69237.674
INFO:root:74550.231, 3500.701, 69299.179
INFO:root:74645.131, 3508.388, 69382.549
INFO:root:74455.666, 3493.129, 69215.973
INFO:root:74536.948, 3495.466, 69293.750
INFO:root:74562.032, 3502.200, 69308.731
INFO:root:74514.869, 3489.760, 69280.229
INFO:root:74645.614, 3498.263, 69398.219
INFO:root:74670.641, 3503.109, 69415.978
INFO:root:74581.943, 3503.082, 69327.321
INFO:root:74498.997, 3489.007, 69265.487
INFO:root:74431.517, 3491.852, 69193.738
INFO:root:74450.832, 3484.484, 69224.105
INFO:root:74422.562, 3480.742, 69201.449
INFO:root:74309.479, 3484.518, 69082.701
INFO:root:74431.203, 3483.925, 69205.315
INFO:root:74597.053, 3493.801, 69356.352
INFO:root:74640.163, 3492.820, 69400.933
INFO:root:74564.891, 3482.235, 69341.538
INFO:root:74402.330, 3476.914, 69186.959
INFO:root:74492.999, 3485.171, 69265.242
INFO:root:74176.508, 3461.708, 68983.947
INFO:root:74265.940, 3474.493, 69054.200
INFO:root:74359.770, 3480.637, 69138.814
INFO:root:74375.920, 3485.083, 69148.295
INFO:root:74327.539, 3467.801, 69125.838
INFO:root:74611.288, 3486.497, 69381.541
INFO:root:74481.004, 3483.411, 69255.887
INFO:root:74258.218, 3465.857, 69059.432
INFO:root:74302.845, 3469.763, 69098.201
INFO:root:74465.680, 3480.372, 69245.122
INFO:root:74359.577, 3477.214, 69143.756
INFO:root:74379.760, 3475.296, 69166.816
INFO:root:74351.168, 3477.921, 69134.286
INFO:root:74288.998, 3466.502, 69089.245
INFO:root:74263.665, 3462.899, 69069.317
INFO:root:74359.267, 3472.284, 69150.842
INFO:root:74206.077, 3462.526, 69012.287
INFO:root:74353.997, 3471.173, 69147.238
INFO:root:74722.422, 3485.102, 69494.768
INFO:root:74425.259, 3475.636, 69211.804
INFO:root:74477.776, 3479.915, 69257.904
INFO:root:74199.475, 3461.138, 69007.769
INFO:root:74076.227, 3451.546, 68898.908
INFO:root:74449.102, 3477.939, 69232.194
INFO:root:74258.991, 3457.922, 69072.109
INFO:root:74149.095, 3454.390, 68967.510
INFO:root:74234.320, 3462.826, 69040.081
INFO:root:74441.832, 3476.509, 69227.068
INFO:root:74286.977, 3471.350, 69079.953
INFO:root:74090.544, 3453.753, 68909.916
INFO:root:74304.727, 3468.028, 69102.685
INFO:root:74240.875, 3452.907, 69061.514
INFO:root:74183.111, 3451.869, 69005.307
INFO:root:74023.627, 3446.306, 68854.168
INFO:root:74172.985, 3457.597, 68986.590
INFO:root:74098.247, 3444.186, 68931.969
INFO:root:74003.653, 3439.096, 68845.009
INFO:root:74433.084, 3463.257, 69238.198
INFO:root:74382.238, 3467.054, 69181.657
INFO:root:74316.442, 3461.726, 69123.853
INFO:root:74186.297, 3459.208, 68997.486
INFO:root:74149.583, 3457.454, 68963.402
INFO:root:74103.083, 3447.307, 68932.122
INFO:root:74083.863, 3446.486, 68914.133
INFO:root:74186.604, 3458.873, 68998.294
INFO:root:74165.506, 3446.589, 68995.622
INFO:root:74120.120, 3438.512, 68962.351
INFO:root:74135.975, 3448.203, 68963.671
INFO:root:74079.352, 3450.342, 68903.838
INFO:root:74062.172, 3450.062, 68887.079
INFO:root:74090.469, 3438.940, 68932.059
INFO:root:74094.816, 3437.734, 68938.215
INFO:root:74193.639, 3443.591, 69028.252
INFO:root:74273.621, 3445.581, 69105.250
INFO:root:74103.491, 3442.695, 68939.448
INFO:root:74057.732, 3440.063, 68897.638
INFO:root:73952.408, 3434.529, 68800.614
INFO:root:73926.442, 3434.744, 68774.326
INFO:root:74059.666, 3435.946, 68905.747
INFO:root:74141.009, 3430.114, 68995.838
INFO:root:74164.209, 3445.931, 68995.313
INFO:root:74223.387, 3444.970, 69055.933
INFO:root:74151.004, 3439.025, 68992.467
INFO:root:74028.411, 3433.063, 68878.817
INFO:root:73823.976, 3429.659, 68679.488
INFO:root:73763.466, 3425.393, 68625.377
INFO:root:74020.450, 3437.262, 68864.558
INFO:root:73991.607, 3431.520, 68844.327
INFO:root:73964.803, 3424.669, 68827.799
INFO:root:74226.600, 3442.382, 69063.027
INFO:root:73985.916, 3430.928, 68839.523
INFO:root:73953.178, 3431.181, 68806.407
INFO:root:74032.334, 3422.959, 68897.895
INFO:root:74087.084, 3431.634, 68939.633
INFO:root:73947.447, 3426.898, 68807.100
INFO:root:73896.487, 3421.571, 68764.131
INFO:root:73824.469, 3416.414, 68699.848
INFO:root:73765.447, 3416.539, 68640.639
INFO:root:73839.177, 3417.715, 68712.605
INFO:root:73954.524, 3423.129, 68819.831
INFO:root:74043.810, 3427.832, 68902.062
INFO:root:73944.908, 3419.420, 68815.778
INFO:root:74124.925, 3425.016, 68987.401
INFO:root:73919.490, 3419.833, 68789.740
INFO:root:73803.751, 3418.008, 68676.739
INFO:root:73802.254, 3421.255, 68670.371
INFO:root:Finished training.
INFO:root:Saved model to saves/v1/vrnn_state_dict_v1_beta=1.5_999.pth
