INFO:root:Namespace(batch_size=50, beta=2.5, clip=10, device=device(type='cuda'), epochs=1000, hdim=1024, learning_rate=0.001, model='VRNN', nlayers=1, save_every=100, version='v1', xdim=64, zdim=32)
INFO:root:Starting VRNN training for 1000 epochs.
INFO:root:Train Loss, KLD, Reconstruction Loss
INFO:root:371543.417, 197.371, 371049.989
INFO:root:228932.612, 903.254, 226674.478
INFO:root:196043.619, 1149.867, 193168.951
INFO:root:186518.317, 1521.927, 182713.499
INFO:root:179592.939, 1946.054, 174727.804
INFO:root:174297.856, 2276.094, 168607.621
INFO:root:169891.392, 2506.582, 163624.936
INFO:root:166089.652, 2690.566, 159363.236
INFO:root:162398.361, 2834.541, 155312.008
INFO:root:159902.696, 2915.118, 152614.902
INFO:root:157298.722, 2980.495, 149847.485
INFO:root:155049.820, 3052.591, 147418.343
INFO:root:152894.655, 3109.906, 145119.891
INFO:root:151007.218, 3142.287, 143151.500
INFO:root:149487.694, 3197.230, 141494.619
INFO:root:147691.555, 3223.055, 139633.917
INFO:root:146153.154, 3243.003, 138045.648
INFO:root:144944.767, 3271.911, 136764.989
INFO:root:143419.169, 3279.288, 135220.950
INFO:root:142625.613, 3310.767, 134348.694
INFO:root:141133.309, 3327.819, 132813.760
INFO:root:139993.421, 3348.885, 131621.209
INFO:root:138677.073, 3370.680, 130250.373
INFO:root:137904.295, 3380.279, 129453.598
INFO:root:136859.443, 3390.450, 128383.318
INFO:root:135970.986, 3395.555, 127482.097
INFO:root:135291.964, 3408.491, 126770.737
INFO:root:133891.929, 3420.711, 125340.152
INFO:root:133247.983, 3439.555, 124649.095
INFO:root:132361.932, 3448.941, 123739.581
INFO:root:131599.433, 3445.479, 122985.736
INFO:root:131030.891, 3445.669, 122416.718
INFO:root:130058.794, 3459.890, 121409.070
INFO:root:129250.149, 3473.647, 120566.031
INFO:root:128574.151, 3465.831, 119909.572
INFO:root:127767.385, 3469.427, 119093.817
INFO:root:127773.879, 3474.469, 119087.706
INFO:root:126678.831, 3477.684, 117984.622
INFO:root:126036.314, 3486.704, 117319.552
INFO:root:125405.377, 3494.187, 116669.909
INFO:root:125074.094, 3486.444, 116357.985
INFO:root:124484.040, 3492.766, 115752.125
INFO:root:123922.136, 3486.705, 115205.373
INFO:root:123327.483, 3491.366, 114599.069
INFO:root:122852.858, 3484.141, 114142.505
INFO:root:122550.288, 3480.398, 113849.293
INFO:root:121573.793, 3491.547, 112844.925
INFO:root:121465.436, 3485.191, 112752.458
INFO:root:121141.372, 3482.502, 112435.118
INFO:root:120545.247, 3472.321, 111864.446
INFO:root:119864.732, 3479.479, 111166.033
INFO:root:119457.712, 3473.545, 110773.849
INFO:root:118920.959, 3481.677, 110216.766
INFO:root:118634.333, 3481.436, 109930.744
INFO:root:118199.689, 3474.065, 109514.526
INFO:root:118007.823, 3465.832, 109343.243
INFO:root:117573.534, 3467.760, 108904.133
INFO:root:117125.083, 3459.300, 108476.833
INFO:root:116571.933, 3453.978, 107936.988
INFO:root:116301.466, 3461.299, 107648.219
INFO:root:116061.639, 3456.734, 107419.805
INFO:root:115785.220, 3446.894, 107167.984
INFO:root:115328.163, 3442.264, 106722.504
INFO:root:115425.322, 3434.817, 106838.279
INFO:root:114388.976, 3436.377, 105798.034
INFO:root:114372.475, 3434.616, 105785.934
INFO:root:113846.474, 3427.655, 105277.336
INFO:root:113601.856, 3426.334, 105036.021
INFO:root:113623.753, 3419.121, 105075.950
INFO:root:113049.779, 3414.401, 104513.778
INFO:root:112479.429, 3399.647, 103980.312
INFO:root:112315.722, 3409.008, 103793.202
INFO:root:112178.227, 3399.612, 103679.197
INFO:root:111903.983, 3400.808, 103401.964
INFO:root:111576.699, 3393.171, 103093.771
INFO:root:111540.261, 3392.815, 103058.224
INFO:root:110906.255, 3369.927, 102481.438
INFO:root:110752.458, 3369.162, 102329.553
INFO:root:110508.991, 3369.185, 102086.029
INFO:root:110101.192, 3358.854, 101704.058
INFO:root:110028.824, 3348.907, 101656.555
INFO:root:109758.411, 3357.527, 101364.593
INFO:root:109415.050, 3335.803, 101075.544
INFO:root:109098.915, 3334.799, 100761.917
INFO:root:108775.440, 3330.544, 100449.080
INFO:root:108764.104, 3320.713, 100462.321
INFO:root:108350.845, 3324.972, 100038.414
INFO:root:108419.887, 3312.037, 100139.794
INFO:root:108045.881, 3313.517, 99762.087
INFO:root:107724.283, 3301.412, 99470.753
INFO:root:107785.848, 3298.394, 99539.863
INFO:root:107322.609, 3294.805, 99085.596
INFO:root:107129.090, 3279.291, 98930.863
INFO:root:106910.907, 3278.300, 98715.158
INFO:root:106825.817, 3273.957, 98640.925
INFO:root:106486.133, 3262.496, 98329.894
INFO:root:106480.565, 3257.463, 98336.907
INFO:root:106072.389, 3246.841, 97955.286
INFO:root:105943.013, 3250.934, 97815.678
INFO:root:105588.388, 3233.716, 97504.097
INFO:root:105520.969, 3228.012, 97450.938
INFO:root:105362.413, 3216.587, 97320.946
INFO:root:105098.095, 3214.961, 97060.693
INFO:root:105036.503, 3209.990, 97011.529
INFO:root:104730.013, 3202.280, 96724.313
INFO:root:104776.911, 3188.233, 96806.329
INFO:root:104209.887, 3184.283, 96249.180
INFO:root:104349.169, 3181.344, 96395.809
INFO:root:104071.798, 3181.903, 96117.040
INFO:root:103766.467, 3166.082, 95851.262
INFO:root:103658.349, 3157.365, 95764.937
INFO:root:103585.003, 3150.694, 95708.268
INFO:root:103250.496, 3150.079, 95375.298
INFO:root:103275.118, 3132.934, 95442.783
INFO:root:103208.759, 3126.314, 95392.973
INFO:root:102872.865, 3124.932, 95060.534
INFO:root:102749.015, 3108.726, 94977.201
INFO:root:102864.068, 3107.357, 95095.675
INFO:root:102471.767, 3111.315, 94693.479
INFO:root:102153.027, 3089.360, 94429.628
INFO:root:102037.035, 3087.437, 94318.441
INFO:root:101908.937, 3080.055, 94208.798
INFO:root:102031.923, 3072.083, 94351.716
INFO:root:101855.099, 3070.383, 94179.141
INFO:root:101524.927, 3059.093, 93877.195
INFO:root:101378.920, 3044.028, 93768.848
INFO:root:101146.878, 3046.377, 93530.936
INFO:root:101088.171, 3032.724, 93506.361
INFO:root:101038.395, 3029.196, 93465.405
INFO:root:100976.737, 3025.146, 93413.872
INFO:root:100782.619, 3012.126, 93252.304
INFO:root:100536.889, 3001.545, 93033.026
INFO:root:100288.982, 3001.939, 92784.135
INFO:root:100243.211, 2990.631, 92766.633
INFO:root:100133.287, 2979.924, 92683.477
INFO:root:100132.699, 2971.793, 92703.217
INFO:root:100325.815, 2967.495, 92907.078
INFO:root:99714.764, 2954.343, 92328.907
INFO:root:99331.969, 2949.957, 91957.077
INFO:root:99556.470, 2948.734, 92184.635
INFO:root:99693.050, 2936.585, 92351.587
INFO:root:99691.147, 2934.627, 92354.580
INFO:root:99274.492, 2929.170, 91951.566
INFO:root:98911.332, 2909.465, 91637.669
INFO:root:98822.365, 2907.687, 91553.147
INFO:root:98851.062, 2899.575, 91602.125
INFO:root:98719.431, 2890.968, 91492.011
INFO:root:98478.416, 2880.468, 91277.246
INFO:root:98498.781, 2881.431, 91295.204
INFO:root:98423.503, 2860.218, 91272.957
INFO:root:98085.767, 2865.058, 90923.121
INFO:root:98187.428, 2853.041, 91054.825
INFO:root:98052.100, 2852.694, 90920.366
INFO:root:97999.779, 2842.144, 90894.419
INFO:root:97839.453, 2829.489, 90765.729
INFO:root:97646.525, 2825.061, 90583.873
INFO:root:97603.279, 2817.661, 90559.126
INFO:root:97482.876, 2807.796, 90463.386
INFO:root:97396.910, 2798.309, 90401.137
INFO:root:96967.676, 2792.095, 89987.438
INFO:root:97272.344, 2793.777, 90287.902
INFO:root:96984.831, 2776.024, 90044.771
INFO:root:96922.962, 2773.436, 89989.371
INFO:root:96836.227, 2760.278, 89935.532
INFO:root:96755.658, 2752.982, 89873.202
INFO:root:96721.044, 2748.957, 89848.650
INFO:root:96485.801, 2737.508, 89642.032
INFO:root:96406.523, 2733.229, 89573.449
INFO:root:96497.804, 2732.506, 89666.539
INFO:root:96346.934, 2721.731, 89542.607
INFO:root:96169.971, 2718.045, 89374.859
INFO:root:95920.851, 2701.903, 89166.094
INFO:root:95913.178, 2695.682, 89173.973
INFO:root:96013.911, 2696.743, 89272.054
INFO:root:95928.341, 2685.940, 89213.490
INFO:root:96000.474, 2684.309, 89289.700
INFO:root:95488.334, 2665.131, 88825.506
INFO:root:95501.446, 2667.655, 88832.307
INFO:root:95300.710, 2661.296, 88647.469
INFO:root:95400.088, 2653.420, 88766.536
INFO:root:95278.512, 2645.592, 88664.532
INFO:root:95063.852, 2640.957, 88461.458
INFO:root:94978.213, 2633.761, 88393.810
INFO:root:95060.303, 2628.125, 88489.991
INFO:root:94859.513, 2622.586, 88303.049
INFO:root:94731.350, 2612.400, 88200.350
INFO:root:95090.587, 2601.429, 88587.014
INFO:root:94661.670, 2590.232, 88186.089
INFO:root:94540.807, 2592.934, 88058.473
INFO:root:94290.030, 2585.370, 87826.605
INFO:root:94292.616, 2584.194, 87832.130
INFO:root:94450.746, 2570.585, 88024.284
INFO:root:94446.001, 2575.143, 88008.144
INFO:root:94002.149, 2559.761, 87602.747
INFO:root:93989.460, 2560.222, 87588.906
INFO:root:93910.355, 2546.140, 87545.004
INFO:root:93927.618, 2542.272, 87571.938
INFO:root:93933.357, 2541.279, 87580.159
INFO:root:93761.290, 2531.713, 87432.007
INFO:root:93480.929, 2521.794, 87176.445
INFO:root:93445.318, 2518.671, 87148.640
INFO:root:93662.169, 2514.729, 87375.346
INFO:root:93662.599, 2505.251, 87399.470
INFO:root:93405.527, 2498.619, 87158.980
INFO:root:93045.944, 2491.846, 86816.328
INFO:root:93049.531, 2488.108, 86829.262
INFO:root:93178.757, 2481.100, 86976.006
INFO:root:93095.419, 2480.023, 86895.362
INFO:root:92817.160, 2481.606, 86613.145
INFO:root:93063.930, 2469.589, 86889.958
INFO:root:92983.956, 2460.558, 86832.561
INFO:root:93024.515, 2464.127, 86864.198
INFO:root:92556.545, 2451.107, 86428.777
INFO:root:92578.487, 2444.403, 86467.479
INFO:root:92319.831, 2447.194, 86201.845
INFO:root:92164.277, 2436.387, 86073.311
INFO:root:92143.007, 2429.191, 86070.031
INFO:root:92342.026, 2428.886, 86269.812
INFO:root:92333.961, 2426.923, 86266.654
INFO:root:92111.883, 2410.842, 86084.778
INFO:root:92130.931, 2418.484, 86084.721
INFO:root:92105.281, 2408.696, 86083.542
INFO:root:91958.610, 2406.325, 85942.799
INFO:root:91829.158, 2394.298, 85843.413
INFO:root:91930.369, 2393.347, 85947.001
INFO:root:91662.526, 2389.927, 85687.710
INFO:root:91452.333, 2378.635, 85505.745
INFO:root:91550.540, 2383.813, 85591.007
INFO:root:91532.727, 2380.510, 85581.453
INFO:root:91603.942, 2374.482, 85667.738
INFO:root:91509.521, 2367.351, 85591.145
INFO:root:91426.737, 2364.574, 85515.303
INFO:root:91128.302, 2354.775, 85241.364
INFO:root:91202.870, 2356.998, 85310.375
INFO:root:91383.778, 2358.506, 85487.514
INFO:root:91191.676, 2354.950, 85304.300
INFO:root:91045.345, 2340.128, 85195.026
INFO:root:91158.256, 2339.868, 85308.585
INFO:root:90762.221, 2333.138, 84929.376
INFO:root:90730.615, 2337.063, 84887.958
INFO:root:90796.154, 2329.411, 84972.625
INFO:root:90766.738, 2330.889, 84939.515
INFO:root:90585.625, 2325.471, 84771.947
INFO:root:90510.266, 2319.950, 84710.392
INFO:root:90444.381, 2314.199, 84658.883
INFO:root:90452.196, 2311.364, 84673.786
INFO:root:90050.145, 2307.274, 84281.960
INFO:root:90261.329, 2309.375, 84487.891
INFO:root:90205.248, 2303.591, 84446.270
INFO:root:90180.478, 2304.870, 84418.303
INFO:root:90158.649, 2297.048, 84416.029
INFO:root:90208.234, 2295.181, 84470.280
INFO:root:90070.301, 2295.503, 84331.544
INFO:root:90079.132, 2287.372, 84360.703
INFO:root:89845.306, 2284.949, 84132.933
INFO:root:89767.941, 2287.357, 84049.549
INFO:root:89693.785, 2283.913, 83984.002
INFO:root:89619.860, 2287.186, 83901.895
INFO:root:89734.056, 2278.831, 84036.979
INFO:root:89641.488, 2271.882, 83961.782
INFO:root:89520.121, 2273.424, 83836.561
INFO:root:89464.004, 2271.064, 83786.345
INFO:root:89575.246, 2264.430, 83914.171
INFO:root:89263.402, 2265.098, 83600.657
INFO:root:89481.023, 2264.951, 83818.646
INFO:root:89148.818, 2256.360, 83507.918
INFO:root:89243.985, 2260.332, 83593.154
INFO:root:89195.937, 2253.745, 83561.574
INFO:root:89208.708, 2251.601, 83579.706
INFO:root:89090.839, 2248.086, 83470.624
INFO:root:88889.815, 2249.722, 83265.509
INFO:root:89008.920, 2243.893, 83399.187
INFO:root:88904.279, 2239.606, 83305.264
INFO:root:88834.796, 2240.209, 83234.272
INFO:root:89067.911, 2242.795, 83460.924
INFO:root:88718.833, 2233.760, 83134.433
INFO:root:88569.903, 2232.750, 82988.027
INFO:root:88710.593, 2230.685, 83133.880
INFO:root:88667.542, 2233.123, 83084.735
INFO:root:88604.254, 2229.212, 83031.225
INFO:root:88400.532, 2222.655, 82843.895
INFO:root:88302.571, 2221.746, 82748.206
INFO:root:88317.467, 2223.803, 82757.960
INFO:root:88215.797, 2222.250, 82660.172
INFO:root:88292.284, 2223.884, 82732.574
INFO:root:88407.176, 2214.606, 82870.662
INFO:root:88225.849, 2213.646, 82691.734
INFO:root:87828.292, 2212.104, 82298.033
INFO:root:87843.067, 2214.451, 82306.941
INFO:root:87845.699, 2209.284, 82322.490
INFO:root:87976.718, 2207.800, 82457.218
INFO:root:87924.348, 2210.221, 82398.794
INFO:root:87917.992, 2209.315, 82394.704
INFO:root:87680.879, 2207.999, 82160.882
INFO:root:87891.801, 2205.240, 82378.702
INFO:root:87757.887, 2208.154, 82237.502
INFO:root:87852.383, 2197.908, 82357.613
INFO:root:87477.163, 2193.847, 81992.547
INFO:root:87423.311, 2190.845, 81946.198
INFO:root:87707.221, 2197.884, 82212.511
INFO:root:87544.197, 2186.393, 82078.215
INFO:root:87390.975, 2196.288, 81900.255
INFO:root:87408.840, 2190.828, 81931.769
INFO:root:87231.181, 2195.977, 81741.239
INFO:root:87092.675, 2187.536, 81623.834
INFO:root:87256.149, 2191.550, 81777.274
INFO:root:87221.222, 2188.716, 81749.432
INFO:root:87111.839, 2180.766, 81659.924
INFO:root:86975.657, 2184.214, 81515.122
INFO:root:87091.852, 2188.222, 81621.297
INFO:root:86966.902, 2188.628, 81495.331
INFO:root:87013.625, 2180.136, 81563.285
INFO:root:87216.200, 2184.496, 81754.959
INFO:root:87035.957, 2175.648, 81596.838
INFO:root:86926.933, 2176.018, 81486.887
INFO:root:86716.734, 2180.132, 81266.404
INFO:root:86592.673, 2170.353, 81166.791
INFO:root:86658.948, 2177.096, 81216.208
INFO:root:87016.684, 2170.867, 81589.517
INFO:root:86833.239, 2172.070, 81403.065
INFO:root:86570.752, 2171.879, 81141.056
INFO:root:86561.678, 2173.002, 81129.173
INFO:root:86506.295, 2163.279, 81098.096
INFO:root:86525.815, 2171.481, 81097.113
INFO:root:86331.144, 2166.546, 80914.779
INFO:root:86367.927, 2171.632, 80938.847
INFO:root:86365.369, 2162.857, 80958.227
INFO:root:86559.049, 2166.866, 81141.885
INFO:root:86184.843, 2166.469, 80768.670
INFO:root:86070.364, 2160.660, 80668.713
INFO:root:86137.717, 2160.158, 80737.321
INFO:root:85875.967, 2160.480, 80474.768
INFO:root:86172.201, 2163.430, 80763.627
INFO:root:85984.622, 2156.143, 80594.264
INFO:root:85885.311, 2156.098, 80495.068
INFO:root:85987.490, 2160.808, 80585.469
INFO:root:86001.257, 2160.850, 80599.132
INFO:root:86050.109, 2153.870, 80665.433
INFO:root:85989.693, 2153.354, 80606.310
INFO:root:85729.807, 2157.209, 80336.785
INFO:root:85739.332, 2155.072, 80351.653
INFO:root:85851.410, 2149.354, 80478.024
INFO:root:85943.709, 2148.793, 80571.727
INFO:root:85797.089, 2148.822, 80425.033
INFO:root:85458.632, 2148.387, 80087.665
INFO:root:85771.872, 2150.813, 80394.839
INFO:root:85630.764, 2151.085, 80253.051
INFO:root:85322.641, 2148.478, 79951.446
INFO:root:85561.748, 2145.429, 80198.175
INFO:root:85530.693, 2148.753, 80158.812
INFO:root:85514.004, 2143.672, 80154.824
INFO:root:85423.957, 2140.131, 80073.631
INFO:root:85597.560, 2139.061, 80249.907
INFO:root:85391.390, 2145.707, 80027.122
INFO:root:85393.580, 2142.285, 80037.867
INFO:root:85284.029, 2145.771, 79919.602
INFO:root:85187.319, 2134.915, 79850.032
INFO:root:85171.375, 2134.934, 79834.040
INFO:root:85248.460, 2136.217, 79907.917
INFO:root:85221.917, 2140.933, 79869.585
INFO:root:85010.394, 2138.370, 79664.470
INFO:root:84978.344, 2131.361, 79649.942
INFO:root:84950.985, 2133.599, 79616.988
INFO:root:84915.033, 2135.815, 79575.497
INFO:root:84934.171, 2131.615, 79605.133
INFO:root:85136.874, 2132.912, 79804.595
INFO:root:84939.925, 2126.588, 79623.454
INFO:root:84908.076, 2130.993, 79580.595
INFO:root:84572.099, 2128.748, 79250.231
INFO:root:84572.932, 2130.346, 79247.068
INFO:root:84772.499, 2127.573, 79453.566
INFO:root:84936.187, 2131.677, 79606.996
INFO:root:84971.186, 2123.714, 79661.900
INFO:root:84764.437, 2126.741, 79447.584
INFO:root:84752.707, 2122.413, 79446.675
INFO:root:84626.099, 2120.195, 79325.612
INFO:root:84370.015, 2120.618, 79068.470
INFO:root:84345.096, 2120.587, 79043.628
INFO:root:84443.710, 2123.967, 79133.792
INFO:root:84345.775, 2117.924, 79050.966
INFO:root:84777.566, 2120.101, 79477.313
INFO:root:84282.155, 2120.255, 78981.516
INFO:root:84131.937, 2114.945, 78844.575
INFO:root:84187.347, 2112.307, 78906.579
INFO:root:84088.878, 2112.069, 78808.706
INFO:root:84448.291, 2117.139, 79155.444
INFO:root:84257.422, 2110.813, 78980.391
INFO:root:84161.727, 2119.557, 78862.834
INFO:root:84241.233, 2112.804, 78959.224
INFO:root:84259.976, 2117.838, 78965.380
INFO:root:84162.624, 2113.653, 78878.492
INFO:root:84134.084, 2110.145, 78858.722
INFO:root:84217.327, 2112.349, 78936.455
INFO:root:84221.677, 2106.273, 78955.996
INFO:root:84233.134, 2110.363, 78957.227
INFO:root:83988.054, 2105.885, 78723.341
INFO:root:83716.308, 2109.261, 78443.154
INFO:root:83804.661, 2108.516, 78533.370
INFO:root:84060.800, 2104.853, 78798.669
INFO:root:83862.848, 2100.751, 78610.971
INFO:root:83979.479, 2101.894, 78724.744
INFO:root:83761.353, 2103.385, 78502.890
INFO:root:83566.161, 2107.524, 78297.350
INFO:root:83832.276, 2105.301, 78569.023
INFO:root:83714.807, 2105.939, 78449.960
INFO:root:83466.770, 2101.090, 78214.044
INFO:root:83826.119, 2098.005, 78581.107
INFO:root:83680.802, 2102.462, 78424.647
INFO:root:83618.113, 2098.655, 78371.476
INFO:root:83406.798, 2097.109, 78164.026
INFO:root:83409.428, 2094.163, 78174.020
INFO:root:83551.676, 2096.066, 78311.510
INFO:root:83315.301, 2091.600, 78086.302
INFO:root:83287.723, 2094.269, 78052.050
INFO:root:83477.999, 2096.735, 78236.162
INFO:root:83369.675, 2092.725, 78137.863
INFO:root:83659.394, 2099.092, 78411.664
INFO:root:83292.115, 2094.865, 78054.954
INFO:root:83227.959, 2097.546, 77984.094
INFO:root:83346.228, 2093.469, 78112.556
INFO:root:83316.097, 2090.220, 78090.546
INFO:root:83387.252, 2091.179, 78159.305
INFO:root:83094.535, 2090.406, 77868.521
INFO:root:83045.810, 2091.083, 77818.103
INFO:root:83254.923, 2089.157, 78032.031
INFO:root:83355.570, 2090.261, 78129.917
INFO:root:83149.922, 2085.019, 77937.375
INFO:root:82962.737, 2086.456, 77746.596
INFO:root:82905.577, 2085.026, 77693.012
INFO:root:83013.657, 2086.234, 77798.071
INFO:root:83205.877, 2089.990, 77980.902
INFO:root:83197.038, 2080.899, 77994.790
INFO:root:82843.462, 2078.868, 77646.293
INFO:root:82879.865, 2084.380, 77668.915
INFO:root:83076.681, 2093.036, 77844.091
INFO:root:82906.640, 2082.526, 77700.325
INFO:root:82845.363, 2078.838, 77648.268
INFO:root:82981.687, 2084.842, 77769.583
INFO:root:82988.313, 2083.787, 77778.844
INFO:root:82705.241, 2075.659, 77516.093
INFO:root:82803.837, 2076.818, 77611.792
INFO:root:82753.808, 2079.734, 77554.474
INFO:root:82626.390, 2076.519, 77435.094
INFO:root:82630.970, 2078.056, 77435.831
INFO:root:82543.075, 2073.703, 77358.818
INFO:root:82592.533, 2078.625, 77395.970
INFO:root:82429.240, 2080.297, 77228.497
INFO:root:82543.575, 2075.839, 77353.977
INFO:root:82470.820, 2075.337, 77282.477
INFO:root:82429.394, 2075.791, 77239.917
INFO:root:82716.597, 2071.792, 77537.118
INFO:root:82436.277, 2071.550, 77257.402
INFO:root:82478.586, 2077.025, 77286.024
INFO:root:82497.345, 2072.395, 77316.357
INFO:root:82737.841, 2079.101, 77540.089
INFO:root:82471.730, 2070.339, 77295.883
INFO:root:82455.702, 2066.449, 77289.579
INFO:root:82296.197, 2078.183, 77100.739
INFO:root:82205.234, 2072.096, 77024.995
INFO:root:82234.218, 2070.322, 77058.413
INFO:root:82238.035, 2066.236, 77072.445
INFO:root:82216.640, 2068.744, 77044.781
INFO:root:82155.554, 2068.801, 76983.552
INFO:root:82233.688, 2070.468, 77057.518
INFO:root:82387.875, 2070.385, 77211.912
INFO:root:82162.136, 2064.625, 77000.573
INFO:root:82215.342, 2065.367, 77051.925
INFO:root:82025.205, 2061.928, 76870.386
INFO:root:81888.931, 2064.943, 76726.573
INFO:root:82127.841, 2063.875, 76968.154
INFO:root:82258.794, 2063.633, 77099.712
INFO:root:81865.808, 2066.947, 76698.441
INFO:root:82096.630, 2066.665, 76929.968
INFO:root:81953.333, 2065.828, 76788.763
INFO:root:81899.324, 2055.401, 76760.823
INFO:root:82042.984, 2062.955, 76885.596
INFO:root:81957.738, 2062.342, 76801.882
INFO:root:81930.787, 2058.978, 76783.341
INFO:root:81862.064, 2055.434, 76723.480
INFO:root:81440.282, 2054.028, 76305.213
INFO:root:81638.133, 2060.423, 76487.074
INFO:root:81911.247, 2062.137, 76755.904
INFO:root:81922.710, 2064.900, 76760.459
INFO:root:81895.448, 2060.939, 76743.099
INFO:root:81754.223, 2056.347, 76613.355
INFO:root:81772.190, 2054.812, 76635.159
INFO:root:81789.057, 2055.357, 76650.664
INFO:root:81861.144, 2060.737, 76709.302
INFO:root:81646.782, 2056.602, 76505.277
INFO:root:81853.068, 2057.143, 76710.211
INFO:root:81485.806, 2052.268, 76355.136
INFO:root:81358.055, 2055.405, 76219.542
INFO:root:81391.128, 2051.289, 76262.905
INFO:root:81388.827, 2052.636, 76257.238
INFO:root:81505.311, 2051.923, 76375.502
INFO:root:81733.992, 2052.597, 76602.499
INFO:root:81447.070, 2048.736, 76325.231
INFO:root:81462.063, 2051.702, 76332.807
INFO:root:81509.729, 2045.323, 76396.421
INFO:root:81538.799, 2053.828, 76404.230
INFO:root:81536.686, 2047.981, 76416.734
INFO:root:81436.505, 2047.886, 76316.789
INFO:root:81428.251, 2051.419, 76299.704
INFO:root:81315.614, 2051.243, 76187.506
INFO:root:81441.825, 2049.477, 76318.131
INFO:root:81171.415, 2043.791, 76061.938
INFO:root:81083.445, 2045.162, 75970.539
INFO:root:81265.442, 2052.457, 76134.299
INFO:root:81368.964, 2047.317, 76250.672
INFO:root:81483.770, 2047.588, 76364.799
INFO:root:81374.402, 2046.196, 76258.912
INFO:root:81106.113, 2049.955, 75981.226
INFO:root:81101.541, 2043.185, 75993.577
INFO:root:81106.127, 2044.239, 75995.528
INFO:root:81183.607, 2043.417, 76075.066
INFO:root:81163.896, 2043.621, 76054.842
INFO:root:81298.965, 2042.766, 76192.049
INFO:root:81124.516, 2039.323, 76026.208
INFO:root:81137.308, 2039.084, 76039.598
INFO:root:81000.682, 2046.455, 75884.545
INFO:root:81012.928, 2043.727, 75903.611
INFO:root:81190.469, 2041.241, 76087.368
INFO:root:80978.733, 2040.380, 75877.783
INFO:root:80889.462, 2041.946, 75784.597
INFO:root:80836.158, 2038.362, 75740.253
INFO:root:80850.473, 2038.107, 75755.205
INFO:root:80940.465, 2039.417, 75841.922
INFO:root:81016.820, 2048.212, 75896.290
INFO:root:80885.169, 2039.847, 75785.553
INFO:root:80918.908, 2034.646, 75832.294
INFO:root:80919.317, 2038.765, 75822.405
INFO:root:81012.853, 2043.431, 75904.275
INFO:root:80855.299, 2031.186, 75777.333
INFO:root:80740.855, 2034.406, 75654.841
INFO:root:80787.668, 2036.575, 75696.230
INFO:root:80776.881, 2030.756, 75699.991
INFO:root:80793.888, 2036.894, 75701.654
INFO:root:80842.988, 2031.810, 75763.463
INFO:root:80849.868, 2034.310, 75764.092
INFO:root:80616.676, 2035.124, 75528.866
INFO:root:80589.640, 2026.608, 75523.119
INFO:root:80555.992, 2032.592, 75474.512
INFO:root:80654.677, 2033.861, 75570.025
INFO:root:80455.926, 2027.606, 75386.910
INFO:root:80409.429, 2031.282, 75331.224
INFO:root:80725.575, 2029.732, 75651.246
INFO:root:80755.202, 2026.422, 75689.147
INFO:root:80553.465, 2026.786, 75486.501
INFO:root:80485.353, 2030.491, 75409.127
INFO:root:80438.479, 2029.021, 75365.925
INFO:root:80310.630, 2026.404, 75244.620
INFO:root:80363.795, 2028.022, 75293.739
INFO:root:80566.186, 2028.284, 75495.476
INFO:root:80505.391, 2026.215, 75439.854
INFO:root:80608.289, 2028.711, 75536.512
INFO:root:80686.618, 2029.136, 75613.778
INFO:root:80295.288, 2022.583, 75238.831
INFO:root:80363.616, 2031.002, 75286.112
INFO:root:80437.771, 2021.473, 75384.089
INFO:root:80349.818, 2024.822, 75287.762
INFO:root:80382.418, 2023.505, 75323.655
INFO:root:80385.734, 2026.422, 75319.679
INFO:root:80272.247, 2024.312, 75211.467
INFO:root:80204.176, 2023.145, 75146.314
INFO:root:80190.037, 2022.891, 75132.810
INFO:root:80093.593, 2017.092, 75050.864
INFO:root:80356.395, 2022.721, 75299.593
INFO:root:80258.955, 2020.056, 75208.815
INFO:root:80305.588, 2020.634, 75254.004
INFO:root:80176.049, 2018.014, 75131.014
INFO:root:80159.111, 2017.580, 75115.160
INFO:root:80271.514, 2021.242, 75218.409
INFO:root:80214.911, 2020.164, 75164.500
INFO:root:80156.084, 2020.268, 75105.414
INFO:root:80007.599, 2015.131, 74969.772
INFO:root:80242.117, 2019.575, 75193.180
INFO:root:80101.172, 2014.272, 75065.491
INFO:root:79995.025, 2019.003, 74947.518
INFO:root:80079.515, 2018.254, 75033.879
INFO:root:80067.095, 2014.031, 75032.017
INFO:root:79974.650, 2012.858, 74942.504
INFO:root:79805.224, 2015.173, 74767.293
INFO:root:79816.718, 2012.558, 74785.323
INFO:root:79828.529, 2014.824, 74791.470
INFO:root:80026.945, 2017.411, 74983.418
INFO:root:80239.386, 2013.159, 75206.488
INFO:root:80023.064, 2015.232, 74984.983
INFO:root:79968.224, 2009.130, 74945.399
INFO:root:79959.965, 2011.933, 74930.133
INFO:root:79786.829, 2009.115, 74764.041
INFO:root:79955.727, 2015.964, 74915.817
INFO:root:79939.897, 2013.086, 74907.183
INFO:root:79905.219, 2011.179, 74877.273
INFO:root:79878.329, 2009.337, 74854.987
INFO:root:79948.999, 2010.899, 74921.751
INFO:root:79848.514, 2016.589, 74807.042
INFO:root:79694.842, 2013.025, 74662.280
INFO:root:79745.074, 2009.981, 74720.121
INFO:root:79637.101, 2010.870, 74609.924
INFO:root:79634.719, 2014.082, 74599.514
INFO:root:79693.145, 2010.457, 74667.002
INFO:root:79711.881, 2006.825, 74694.818
INFO:root:79773.760, 2008.065, 74753.598
INFO:root:79571.461, 2003.365, 74563.050
INFO:root:79605.664, 2007.128, 74587.844
INFO:root:79629.669, 2004.216, 74619.129
INFO:root:79575.198, 2007.581, 74556.246
INFO:root:79551.842, 2002.926, 74544.527
INFO:root:79638.166, 2007.872, 74618.487
INFO:root:79651.967, 2006.506, 74635.703
INFO:root:79570.207, 2000.570, 74568.783
INFO:root:79608.521, 2006.256, 74592.880
INFO:root:79478.668, 2005.533, 74464.836
INFO:root:79457.943, 2008.550, 74436.569
INFO:root:79557.797, 2006.780, 74540.848
INFO:root:79521.907, 2007.309, 74503.637
INFO:root:79397.638, 2002.174, 74392.203
INFO:root:79410.619, 1999.779, 74411.171
INFO:root:79529.328, 2004.132, 74518.999
INFO:root:79419.517, 1996.603, 74428.009
INFO:root:79461.070, 1997.997, 74466.079
INFO:root:79525.816, 2001.970, 74520.891
INFO:root:79353.032, 2003.395, 74344.544
INFO:root:79479.214, 1996.287, 74488.496
INFO:root:79369.279, 1999.594, 74370.294
INFO:root:79489.798, 2003.672, 74480.618
INFO:root:79489.711, 2000.332, 74488.882
INFO:root:79197.873, 1996.780, 74205.922
INFO:root:79152.749, 1993.243, 74169.642
INFO:root:79204.529, 1997.309, 74211.255
INFO:root:79393.011, 2001.692, 74388.780
INFO:root:79243.047, 2000.019, 74242.999
INFO:root:79675.912, 1999.729, 74676.590
INFO:root:79374.094, 2000.461, 74372.941
INFO:root:79167.450, 1996.395, 74176.462
INFO:root:79208.008, 1990.022, 74232.954
INFO:root:79188.834, 1994.811, 74201.806
INFO:root:78989.348, 1992.811, 74007.320
INFO:root:79070.080, 1994.018, 74085.034
INFO:root:79204.393, 1996.404, 74213.384
INFO:root:79082.220, 1992.137, 74101.876
INFO:root:79271.788, 1994.842, 74284.682
INFO:root:79294.009, 1995.801, 74304.505
INFO:root:79334.213, 1990.174, 74358.777
INFO:root:79049.439, 1994.855, 74062.302
INFO:root:79073.213, 1995.739, 74083.865
INFO:root:79027.263, 1987.292, 74059.033
INFO:root:79008.634, 1990.521, 74032.332
INFO:root:78881.369, 1993.707, 73897.100
INFO:root:78943.763, 1993.203, 73960.756
INFO:root:79057.806, 1987.730, 74088.481
INFO:root:79047.466, 1990.793, 74070.484
INFO:root:79125.019, 1992.859, 74142.871
INFO:root:78961.331, 1991.032, 73983.751
INFO:root:78946.911, 1991.232, 73968.830
INFO:root:78863.690, 1991.967, 73883.771
INFO:root:78802.327, 1990.340, 73826.477
INFO:root:79099.049, 1994.675, 74112.362
INFO:root:79071.735, 1987.558, 74102.839
INFO:root:78835.905, 1986.547, 73869.536
INFO:root:78814.404, 1986.212, 73848.873
INFO:root:78790.380, 1990.540, 73814.030
INFO:root:78780.448, 1988.261, 73809.796
INFO:root:78885.956, 1991.731, 73906.628
INFO:root:78836.313, 1985.116, 73873.521
INFO:root:78723.390, 1984.966, 73760.974
INFO:root:78629.780, 1981.802, 73675.274
INFO:root:78908.180, 1985.852, 73943.550
INFO:root:78905.585, 1989.723, 73931.277
INFO:root:78854.626, 1988.944, 73882.266
INFO:root:78920.079, 1982.331, 73964.252
INFO:root:78820.868, 1991.490, 73842.143
INFO:root:78762.693, 1987.021, 73795.139
INFO:root:78640.419, 1984.494, 73679.185
INFO:root:78890.084, 1985.515, 73926.296
INFO:root:78870.037, 1977.692, 73925.807
INFO:root:78579.472, 1978.773, 73632.539
INFO:root:78589.986, 1989.930, 73615.161
INFO:root:78665.106, 1979.915, 73715.318
INFO:root:78442.639, 1983.122, 73484.835
INFO:root:78463.594, 1975.671, 73524.415
INFO:root:78586.793, 1982.812, 73629.763
INFO:root:78732.517, 1985.537, 73768.674
INFO:root:78613.620, 1978.893, 73666.389
INFO:root:78657.398, 1980.437, 73706.305
INFO:root:78490.215, 1984.414, 73529.181
INFO:root:78469.539, 1985.096, 73506.800
INFO:root:78472.486, 1982.436, 73516.396
INFO:root:78458.938, 1981.490, 73505.212
INFO:root:78735.495, 1984.625, 73773.933
INFO:root:78729.315, 1978.691, 73782.586
INFO:root:78610.139, 1979.790, 73660.665
INFO:root:78558.997, 1981.011, 73606.470
INFO:root:78474.217, 1982.299, 73518.469
INFO:root:78608.827, 1976.627, 73667.258
INFO:root:78514.602, 1976.321, 73573.799
INFO:root:78490.217, 1976.377, 73549.274
INFO:root:78527.382, 1982.892, 73570.152
INFO:root:78518.458, 1972.577, 73587.016
INFO:root:78492.938, 1976.084, 73552.728
INFO:root:78293.082, 1973.828, 73358.511
INFO:root:78343.767, 1974.042, 73408.663
INFO:root:78418.630, 1980.346, 73467.767
INFO:root:78271.699, 1975.224, 73333.640
INFO:root:78178.460, 1975.530, 73239.634
INFO:root:78280.363, 1975.291, 73342.135
INFO:root:78247.619, 1973.142, 73314.763
INFO:root:78202.303, 1970.726, 73275.488
INFO:root:78456.101, 1970.664, 73529.442
INFO:root:78433.131, 1972.475, 73501.944
INFO:root:78251.642, 1972.085, 73321.431
INFO:root:78230.707, 1977.344, 73287.347
INFO:root:78212.026, 1970.038, 73286.932
INFO:root:78270.410, 1971.594, 73341.426
INFO:root:78333.319, 1971.225, 73405.257
INFO:root:78259.645, 1965.138, 73346.799
INFO:root:78316.303, 1973.664, 73382.144
INFO:root:78259.866, 1967.828, 73340.296
INFO:root:78142.451, 1970.950, 73215.075
INFO:root:78185.325, 1973.502, 73251.568
INFO:root:78190.493, 1970.022, 73265.438
INFO:root:78166.621, 1967.254, 73248.485
INFO:root:78132.164, 1971.748, 73202.795
INFO:root:78258.517, 1972.966, 73326.101
INFO:root:78131.716, 1971.537, 73202.873
INFO:root:78086.112, 1966.629, 73169.540
INFO:root:78270.808, 1973.676, 73336.617
INFO:root:78160.389, 1968.555, 73239.000
INFO:root:78117.413, 1965.487, 73203.695
INFO:root:78040.594, 1973.186, 73107.628
INFO:root:78004.004, 1969.869, 73079.332
INFO:root:78018.040, 1969.112, 73095.260
INFO:root:77977.787, 1966.464, 73061.627
INFO:root:78094.946, 1964.947, 73182.577
INFO:root:77985.017, 1965.751, 73070.640
INFO:root:78096.365, 1965.524, 73182.554
INFO:root:78108.182, 1968.126, 73187.867
INFO:root:77960.289, 1968.171, 73039.861
INFO:root:77816.978, 1960.476, 72915.789
INFO:root:77861.350, 1966.929, 72944.026
INFO:root:78075.905, 1965.906, 73161.140
INFO:root:77961.757, 1961.466, 73058.093
INFO:root:77931.684, 1964.204, 73021.174
INFO:root:77988.938, 1960.994, 73086.452
INFO:root:77973.482, 1960.282, 73072.778
INFO:root:77965.280, 1964.291, 73054.552
INFO:root:78054.907, 1966.490, 73138.682
INFO:root:77998.835, 1963.849, 73089.213
INFO:root:78074.886, 1970.230, 73149.310
INFO:root:77694.643, 1958.561, 72798.241
INFO:root:77770.179, 1965.650, 72856.054
INFO:root:77779.972, 1967.028, 72862.403
INFO:root:78095.621, 1962.163, 73190.214
INFO:root:78129.197, 1963.320, 73220.897
INFO:root:77610.123, 1960.479, 72708.925
INFO:root:77904.301, 1959.577, 73005.359
INFO:root:77903.945, 1961.410, 73000.419
INFO:root:77759.033, 1962.186, 72853.568
INFO:root:77564.654, 1955.655, 72675.516
INFO:root:77727.302, 1959.361, 72828.899
INFO:root:77712.480, 1957.437, 72818.887
INFO:root:77870.358, 1960.006, 72970.343
INFO:root:77843.590, 1962.032, 72938.511
INFO:root:77608.206, 1958.013, 72713.172
INFO:root:77611.168, 1953.633, 72727.086
INFO:root:77734.440, 1958.772, 72837.510
INFO:root:77588.633, 1959.646, 72689.517
INFO:root:77774.785, 1960.624, 72873.225
INFO:root:77760.893, 1958.183, 72865.436
INFO:root:77810.043, 1966.468, 72893.874
INFO:root:77710.739, 1957.071, 72818.061
INFO:root:77594.220, 1959.433, 72695.636
INFO:root:77728.317, 1953.778, 72843.871
INFO:root:77566.240, 1958.015, 72671.204
INFO:root:77508.599, 1955.866, 72618.933
INFO:root:77674.180, 1949.498, 72800.434
INFO:root:77627.741, 1958.167, 72732.324
INFO:root:77602.421, 1958.110, 72707.146
INFO:root:77603.573, 1955.753, 72714.190
INFO:root:77549.480, 1956.486, 72658.265
INFO:root:77657.433, 1956.416, 72766.394
INFO:root:77528.474, 1953.749, 72644.102
INFO:root:77428.216, 1953.386, 72544.752
INFO:root:77638.538, 1957.178, 72745.593
INFO:root:77391.786, 1953.986, 72506.820
INFO:root:77439.583, 1947.961, 72569.682
INFO:root:77621.665, 1954.489, 72735.442
INFO:root:77587.573, 1949.737, 72713.230
INFO:root:77663.898, 1956.288, 72773.179
INFO:root:77495.537, 1954.159, 72610.140
INFO:root:77280.420, 1947.845, 72410.807
INFO:root:77291.224, 1948.835, 72419.136
INFO:root:77361.244, 1954.654, 72474.608
INFO:root:77521.948, 1954.929, 72634.626
INFO:root:77697.629, 1955.519, 72808.831
INFO:root:77369.866, 1949.562, 72495.963
INFO:root:77343.092, 1950.169, 72467.669
INFO:root:77399.496, 1948.233, 72528.912
INFO:root:77516.812, 1956.955, 72624.424
INFO:root:77377.461, 1947.380, 72509.011
INFO:root:77248.672, 1946.400, 72382.670
INFO:root:77349.623, 1950.215, 72474.086
INFO:root:77366.720, 1948.810, 72494.695
INFO:root:77310.573, 1948.017, 72440.531
INFO:root:77353.959, 1946.488, 72487.739
INFO:root:77474.621, 1953.952, 72589.741
INFO:root:77474.664, 1947.514, 72605.878
INFO:root:77267.139, 1945.328, 72403.820
INFO:root:77270.105, 1946.406, 72404.090
INFO:root:77107.863, 1947.200, 72239.863
INFO:root:77125.027, 1947.007, 72257.510
INFO:root:77327.567, 1947.091, 72459.841
INFO:root:77438.387, 1951.063, 72560.730
INFO:root:77433.254, 1946.208, 72567.734
INFO:root:77222.504, 1947.351, 72354.127
INFO:root:77173.636, 1946.956, 72306.246
INFO:root:77418.466, 1948.169, 72548.044
INFO:root:77325.394, 1944.067, 72465.226
INFO:root:77241.093, 1948.064, 72370.933
INFO:root:76995.414, 1948.402, 72124.408
INFO:root:77115.746, 1944.559, 72254.349
INFO:root:77267.260, 1951.632, 72388.179
INFO:root:77198.278, 1948.708, 72326.508
INFO:root:77060.355, 1940.142, 72210.000
INFO:root:77095.770, 1941.488, 72242.049
INFO:root:77362.570, 1947.721, 72493.268
INFO:root:77273.014, 1941.923, 72418.207
INFO:root:77169.715, 1942.820, 72312.663
INFO:root:77091.175, 1944.922, 72228.871
INFO:root:77140.990, 1938.565, 72294.577
INFO:root:77278.145, 1951.798, 72398.650
INFO:root:77317.104, 1945.546, 72453.239
INFO:root:77190.352, 1943.779, 72330.904
INFO:root:76886.014, 1935.529, 72047.191
INFO:root:76930.610, 1944.801, 72068.609
INFO:root:76839.077, 1939.839, 71989.480
INFO:root:77002.443, 1941.714, 72148.158
INFO:root:77072.499, 1940.893, 72220.266
INFO:root:77163.069, 1945.712, 72298.788
INFO:root:77126.251, 1941.204, 72273.240
INFO:root:76897.304, 1938.973, 72049.872
INFO:root:76851.766, 1940.655, 72000.129
INFO:root:76907.831, 1938.834, 72060.745
INFO:root:77193.930, 1943.842, 72334.325
INFO:root:76971.484, 1942.743, 72114.625
INFO:root:76930.167, 1938.357, 72084.275
INFO:root:76944.786, 1938.613, 72098.255
INFO:root:77097.931, 1942.897, 72240.689
INFO:root:76997.333, 1935.645, 72158.221
INFO:root:77109.360, 1938.673, 72262.678
INFO:root:77180.375, 1940.416, 72329.335
INFO:root:76918.952, 1940.345, 72068.089
INFO:root:76895.785, 1937.178, 72052.840
INFO:root:76860.967, 1942.691, 72004.239
INFO:root:76697.448, 1934.473, 71861.265
INFO:root:76747.374, 1936.499, 71906.126
INFO:root:77011.400, 1939.262, 72163.246
INFO:root:76873.477, 1939.579, 72024.530
INFO:root:76812.838, 1936.373, 71971.906
INFO:root:76852.121, 1935.505, 72013.359
INFO:root:76875.445, 1933.867, 72040.778
INFO:root:76879.354, 1936.430, 72038.280
INFO:root:76882.457, 1939.224, 72034.396
INFO:root:76831.055, 1940.454, 71979.920
INFO:root:76861.876, 1935.280, 72023.676
INFO:root:76752.936, 1935.078, 71915.241
INFO:root:76751.081, 1935.858, 71911.435
INFO:root:76716.108, 1936.952, 71873.728
INFO:root:76870.166, 1934.466, 72034.002
INFO:root:76827.681, 1930.056, 72002.540
INFO:root:76757.599, 1934.031, 71922.522
INFO:root:76683.956, 1933.314, 71850.671
INFO:root:76691.797, 1932.120, 71861.498
INFO:root:76803.590, 1935.547, 71964.721
INFO:root:76684.478, 1934.394, 71848.493
INFO:root:76820.618, 1933.455, 71986.980
INFO:root:77103.156, 1942.254, 72247.521
INFO:root:76655.985, 1929.197, 71832.992
INFO:root:76800.626, 1934.254, 71964.989
INFO:root:76614.974, 1930.450, 71788.848
INFO:root:76557.593, 1932.556, 71726.203
INFO:root:76614.315, 1931.561, 71785.413
INFO:root:76656.284, 1931.707, 71827.015
INFO:root:76805.255, 1940.188, 71954.785
INFO:root:76693.107, 1936.269, 71852.433
INFO:root:76733.777, 1930.200, 71908.276
INFO:root:76723.168, 1930.591, 71896.690
INFO:root:76691.944, 1931.740, 71862.594
INFO:root:76376.596, 1925.359, 71563.199
INFO:root:76460.724, 1923.773, 71651.291
INFO:root:76554.356, 1931.784, 71724.895
INFO:root:76663.411, 1933.232, 71830.332
INFO:root:76477.171, 1924.273, 71666.487
INFO:root:76695.482, 1934.189, 71860.009
INFO:root:76593.428, 1931.524, 71764.617
INFO:root:76505.175, 1926.185, 71689.714
INFO:root:76826.394, 1929.422, 72002.840
INFO:root:76785.658, 1927.777, 71966.215
INFO:root:76635.054, 1925.519, 71821.257
INFO:root:76588.771, 1925.515, 71774.983
INFO:root:76497.692, 1929.508, 71673.921
INFO:root:76311.392, 1926.882, 71494.187
INFO:root:76531.599, 1925.467, 71717.933
INFO:root:76612.094, 1931.691, 71782.866
INFO:root:76578.153, 1929.242, 71755.047
INFO:root:76348.718, 1923.712, 71539.439
INFO:root:76367.943, 1926.734, 71551.108
INFO:root:76506.159, 1929.384, 71682.699
INFO:root:76424.575, 1931.417, 71596.033
INFO:root:76438.603, 1923.033, 71631.021
INFO:root:76603.838, 1926.847, 71786.720
INFO:root:76483.168, 1923.904, 71673.408
INFO:root:76695.229, 1933.386, 71861.765
INFO:root:76437.365, 1925.323, 71624.057
INFO:root:76191.016, 1921.665, 71386.854
INFO:root:76366.164, 1926.430, 71550.089
INFO:root:76210.842, 1922.363, 71404.935
INFO:root:76424.632, 1929.132, 71601.802
INFO:root:76556.672, 1930.561, 71730.269
INFO:root:76550.168, 1929.206, 71727.151
INFO:root:76461.569, 1921.126, 71658.755
INFO:root:76361.511, 1926.389, 71545.539
INFO:root:76354.517, 1923.035, 71546.931
INFO:root:76458.982, 1924.928, 71646.662
INFO:root:76507.492, 1928.660, 71685.841
INFO:root:76233.372, 1919.594, 71434.388
INFO:root:76322.268, 1923.596, 71513.279
INFO:root:76258.942, 1923.220, 71450.891
INFO:root:76383.568, 1919.827, 71584.000
INFO:root:76286.798, 1922.667, 71480.131
INFO:root:76198.619, 1918.131, 71403.291
INFO:root:76216.102, 1920.831, 71414.023
INFO:root:76253.343, 1925.430, 71439.768
INFO:root:76253.943, 1921.178, 71451.000
INFO:root:76281.210, 1918.886, 71483.996
INFO:root:76364.066, 1921.379, 71560.619
INFO:root:76226.979, 1916.909, 71434.705
INFO:root:76207.408, 1919.056, 71409.768
INFO:root:76115.137, 1919.838, 71315.542
INFO:root:76135.825, 1922.578, 71329.381
INFO:root:76225.678, 1913.821, 71441.126
INFO:root:76320.068, 1924.398, 71509.072
INFO:root:76243.189, 1920.562, 71441.785
INFO:root:76269.612, 1922.023, 71464.554
INFO:root:76413.983, 1928.296, 71593.244
INFO:root:76198.514, 1916.922, 71406.208
INFO:root:76161.169, 1918.993, 71363.687
INFO:root:76155.177, 1915.605, 71366.165
INFO:root:76132.007, 1919.580, 71333.058
INFO:root:76127.795, 1919.773, 71328.363
INFO:root:76185.894, 1922.861, 71378.741
INFO:root:76231.756, 1923.375, 71423.318
INFO:root:76118.888, 1913.806, 71334.373
INFO:root:76087.679, 1918.512, 71291.399
INFO:root:76163.397, 1923.919, 71353.598
INFO:root:76106.319, 1915.611, 71317.292
INFO:root:76167.860, 1919.924, 71368.050
INFO:root:76129.830, 1919.075, 71332.142
INFO:root:76187.628, 1918.139, 71392.280
INFO:root:76047.044, 1913.442, 71263.439
INFO:root:75986.465, 1911.756, 71207.075
INFO:root:76043.132, 1917.036, 71250.541
INFO:root:76167.141, 1915.322, 71378.837
INFO:root:76084.270, 1916.173, 71293.837
INFO:root:76109.129, 1918.965, 71311.717
INFO:root:76089.759, 1915.666, 71300.595
INFO:root:75983.216, 1916.278, 71192.520
INFO:root:76015.387, 1912.246, 71234.774
INFO:root:76083.310, 1914.646, 71296.695
INFO:root:76101.651, 1922.855, 71294.515
INFO:root:76058.231, 1915.970, 71268.306
INFO:root:76002.680, 1913.613, 71218.648
INFO:root:76001.253, 1919.816, 71201.712
INFO:root:76051.271, 1917.001, 71258.769
INFO:root:76089.775, 1913.925, 71304.961
INFO:root:76056.061, 1912.448, 71274.940
INFO:root:76062.985, 1913.631, 71278.907
INFO:root:75944.854, 1912.146, 71164.489
INFO:root:75892.820, 1912.735, 71110.983
INFO:root:75866.154, 1914.421, 71080.102
INFO:root:75862.418, 1913.315, 71079.129
INFO:root:75803.584, 1910.275, 71027.897
INFO:root:76056.448, 1913.155, 71273.562
INFO:root:75987.203, 1909.619, 71213.155
INFO:root:76023.605, 1918.105, 71228.342
INFO:root:76022.427, 1913.095, 71239.688
INFO:root:75895.100, 1911.943, 71115.243
INFO:root:75815.810, 1915.063, 71028.153
INFO:root:75996.207, 1915.583, 71207.250
INFO:root:75953.947, 1908.036, 71183.857
INFO:root:76063.357, 1913.361, 71279.954
INFO:root:75863.619, 1908.682, 71091.916
INFO:root:75762.847, 1914.405, 70976.835
INFO:root:75741.845, 1907.646, 70972.731
INFO:root:75786.006, 1912.312, 71005.226
INFO:root:75895.367, 1912.425, 71114.304
INFO:root:75859.355, 1913.461, 71075.702
INFO:root:75824.527, 1908.126, 71054.212
INFO:root:75699.499, 1907.309, 70931.225
INFO:root:75924.680, 1912.095, 71144.442
INFO:root:Finished training.
INFO:root:Saved model to saves/v1/vrnn_state_dict_v1_beta=2.5_999.pth
