INFO:root:Namespace(K=3, a_dim=2, batch_size=32, clip=150, dataset='BouncingBall', device=device(type='cuda'), epochs=100, initial='False', learning_rate=0.007, model='KVAE', save_every=10, scale=0.3, subdirectory='v1/finetuned6', x_dim=1, z_dim=4)
INFO:root:Starting KVAE training for 100 epochs.
INFO:root:Train Loss, Reconstruction Loss, log q(a), ELBO_KF, MSE
INFO:root:1584.91196859, 3344.51184004, 39.10776099, -542.45061720, 948.89415851, [0.007]
INFO:root:454.61491123, 1085.52438189, 96.65923703, -32.29834557, 331.44109362, [0.007]
INFO:root:363.61201425, 792.62171024, 111.44558752, -14.37990457, 235.95629049, [0.007]
INFO:root:304.57639755, 607.26918990, 122.34588438, -0.04975004, 183.78314384, [0.007]
INFO:root:284.44186811, 539.77125613, 127.74300426, 5.23252030, 162.65975616, [0.007]
INFO:root:280.42474124, 527.11197972, 130.21460629, 7.92346501, 156.00639236, [0.007]
INFO:root:261.66483772, 463.89927337, 134.29943070, 11.80438043, 140.40105472, [0.007]
INFO:root:253.78407335, 438.06277768, 136.77372223, 14.40848696, 133.64282127, [0.007]
INFO:root:249.60139061, 424.00774600, 138.43844283, 16.03938118, 128.84285414, [0.007]
INFO:root:260.19095726, 460.13806386, 137.64961599, 15.50008258, 136.61012682, [0.007]
INFO:root:239.51097184, 387.57980590, 140.74245558, 17.50543009, 117.87981083, [0.007]
INFO:root:224.77684934, 331.10510673, 146.08995178, 20.64463825, 100.50672915, [0.0059499999999999996]
INFO:root:230.59729176, 354.10427681, 146.29109216, 21.92508713, 107.41571479, [0.0059499999999999996]
INFO:root:231.23879357, 358.69202918, 144.96316733, 21.33198703, 107.80788512, [0.0059499999999999996]
INFO:root:224.70613770, 334.12262996, 146.32040859, 21.85106341, 101.47879665, [0.0059499999999999996]
INFO:root:223.46144499, 328.27682295, 147.89514516, 22.91675097, 99.81979263, [0.0059499999999999996]
INFO:root:218.54800105, 310.07126829, 149.04473945, 23.51812245, 94.09631842, [0.0059499999999999996]
INFO:root:221.32165387, 321.53776628, 148.94814015, 24.08782002, 97.31204158, [0.0059499999999999996]
INFO:root:218.78176820, 311.60779452, 149.76037773, 24.46095146, 94.13240202, [0.0059499999999999996]
INFO:root:222.27663408, 322.97680240, 150.63104502, 25.24745492, 97.41784819, [0.0059499999999999996]
INFO:root:213.86465649, 295.38466008, 150.42199000, 25.17273486, 88.97040448, [0.0059499999999999996]
INFO:root:212.41581803, 285.85795330, 152.97024609, 26.31181765, 86.02142934, [0.0050574999999999995]
INFO:root:205.26159166, 257.23880254, 155.28270041, 27.19275253, 77.58900870, [0.0050574999999999995]
INFO:root:214.08115884, 294.58763430, 153.00560183, 27.30073672, 88.49747752, [0.0050574999999999995]
INFO:root:208.65860634, 271.53613301, 154.59970151, 27.40193829, 82.23092217, [0.0050574999999999995]
INFO:root:207.79233433, 270.11415763, 154.41493191, 27.65684830, 81.74248219, [0.0050574999999999995]
INFO:root:211.58175533, 283.88366504, 154.24648804, 27.82983588, 85.31949834, [0.0050574999999999995]
INFO:root:204.32476202, 256.22320430, 155.43400247, 27.97620492, 77.20907399, [0.0050574999999999995]
INFO:root:216.13352483, 299.55878636, 154.19344006, 27.92755473, 89.37679591, [0.0050574999999999995]
INFO:root:203.81156895, 254.92275484, 155.33036936, 27.99562948, 76.90338549, [0.0050574999999999995]
INFO:root:204.77039260, 256.58320861, 156.29225905, 28.49683165, 77.39241079, [0.0050574999999999995]
INFO:root:199.78081716, 236.99157807, 157.65840388, 28.97506220, 71.32231222, [0.004298875]
INFO:root:199.56272082, 236.70326867, 157.98125704, 29.42951987, 71.26545173, [0.004298875]
INFO:root:200.30295481, 237.65704121, 158.70979943, 29.70395956, 71.72234030, [0.004298875]
INFO:root:197.75465803, 229.82022217, 158.60141952, 29.79283103, 69.21270069, [0.004298875]
INFO:root:201.07019141, 241.57198175, 158.53513066, 29.93653674, 72.83339642, [0.004298875]
INFO:root:200.21531266, 239.71360725, 158.29718924, 29.99596224, 72.20054748, [0.004298875]
INFO:root:198.78427450, 232.89914847, 158.88026570, 29.96573817, 70.17200811, [0.004298875]
INFO:root:199.79401768, 237.13927082, 158.59791550, 29.94568156, 71.25836541, [0.004298875]
INFO:root:199.18167710, 235.11134358, 158.62412284, 29.97585152, 70.82792918, [0.004298875]
INFO:root:195.65177531, 219.93178809, 160.09610629, 30.42386963, 66.20571185, [0.004298875]
INFO:root:193.72212391, 211.81895700, 160.92849926, 30.75206485, 63.69605612, [0.0036540437499999997]
INFO:root:198.05043411, 228.59354379, 160.37670411, 30.90433577, 68.91258869, [0.0036540437499999997]
INFO:root:192.06941140, 206.47577743, 160.94420651, 30.81753034, 61.98845335, [0.0036540437499999997]
INFO:root:195.23128960, 217.76303125, 160.93809509, 31.03571795, 65.53166812, [0.0036540437499999997]
INFO:root:194.68533514, 215.44942964, 161.23728494, 31.18678051, 64.79216649, [0.0036540437499999997]
INFO:root:193.46448263, 211.16033516, 161.20039416, 31.08401434, 63.52240776, [0.0036540437499999997]
INFO:root:194.04898291, 213.21824066, 161.26207467, 31.17856629, 64.19565379, [0.0036540437499999997]
INFO:root:192.46647759, 206.79318618, 161.70917786, 31.28065873, 62.17258730, [0.0036540437499999997]
INFO:root:197.51232418, 225.54816717, 161.07379979, 31.22592826, 67.73440508, [0.0036540437499999997]
INFO:root:194.26641457, 216.51194895, 160.86981299, 31.55698576, 65.14936585, [0.0036540437499999997]
INFO:root:189.16880190, 193.11029808, 162.80839724, 31.57268706, 57.88517742, [0.0031059371874999995]
INFO:root:192.57374194, 206.10108563, 162.45547329, 31.71205938, 61.96841411, [0.0031059371874999995]
INFO:root:191.82612347, 204.13051890, 162.51230473, 31.92533879, 61.20620112, [0.0031059371874999995]
INFO:root:191.29732152, 200.92430081, 162.74090328, 31.72087412, 60.34828231, [0.0031059371874999995]
INFO:root:190.18483055, 196.46553995, 163.14614074, 31.90097420, 58.96056984, [0.0031059371874999995]
INFO:root:191.65329690, 203.00565804, 162.64177331, 31.89017627, 61.05289155, [0.0031059371874999995]
INFO:root:190.83574808, 199.80589953, 162.83911650, 31.94514058, 59.98173573, [0.0031059371874999995]
INFO:root:190.68914732, 198.97069133, 162.92162574, 31.92368767, 59.71748735, [0.0031059371874999995]
INFO:root:191.03207561, 200.26900446, 162.99703731, 32.04566544, 60.21181352, [0.0031059371874999995]
INFO:root:190.98943139, 199.84458480, 163.08113225, 32.04507824, 60.06940285, [0.0031059371874999995]
INFO:root:188.37278659, 189.48548538, 163.62933725, 32.10219817, 56.76766723, [0.0026400466093749993]
INFO:root:189.19423644, 193.60844753, 163.20264281, 32.09094253, 58.02983718, [0.0026400466093749993]
INFO:root:189.08026702, 190.45332629, 164.43877291, 32.49450622, 57.13472996, [0.0026400466093749993]
INFO:root:188.62458808, 190.71317474, 163.67903917, 32.26840525, 57.23741009, [0.0026400466093749993]
INFO:root:189.04125534, 192.30124871, 163.67097639, 32.32009794, 57.69276984, [0.0026400466093749993]
INFO:root:188.06398389, 187.28360634, 164.36800367, 32.48910407, 56.17374509, [0.0026400466093749993]
INFO:root:188.54129783, 189.69594572, 164.10268224, 32.47017034, 56.85754831, [0.0026400466093749993]
INFO:root:188.98909318, 190.55694877, 164.48049590, 32.65848948, 57.22258297, [0.0026400466093749993]
INFO:root:188.40520359, 189.69927935, 163.98936926, 32.49395136, 56.93108893, [0.0026400466093749993]
INFO:root:188.08743268, 187.57597278, 164.45442044, 32.63978171, 56.27874292, [0.0026400466093749993]
INFO:root:187.01722234, 183.86977272, 164.55444092, 32.69815225, 55.09264514, [0.0022440396179687493]
INFO:root:187.07293897, 182.92832206, 164.98103776, 32.78659759, 54.84334880, [0.0022440396179687493]
INFO:root:185.44272923, 176.73268678, 165.31479335, 32.89187212, 52.90732818, [0.0022440396179687493]
INFO:root:186.61968509, 180.57646184, 165.49791632, 33.05117152, 54.12393469, [0.0022440396179687493]
INFO:root:187.47471931, 184.28183018, 165.13454791, 32.94437986, 55.27129057, [0.0022440396179687493]
INFO:root:187.36581636, 185.03310811, 164.79419282, 32.93831080, 55.50274991, [0.0022440396179687493]
INFO:root:187.77553891, 184.97416697, 165.28542043, 33.00213375, 55.47211320, [0.0022440396179687493]
INFO:root:185.57822124, 178.22656972, 165.01347785, 32.90323007, 53.35508949, [0.0022440396179687493]
INFO:root:187.41293783, 184.15181364, 165.11901417, 32.95162209, 55.22062163, [0.0022440396179687493]
INFO:root:186.94001281, 182.48465780, 165.15190242, 32.95728882, 54.73781491, [0.0022440396179687493]
INFO:root:185.71004125, 177.80766218, 165.41668570, 33.04894482, 53.26239538, [0.0019074336752734368]
INFO:root:185.59021521, 176.01488044, 166.03722555, 33.25147577, 52.71644654, [0.0019074336752734368]
INFO:root:185.58652316, 177.10169539, 165.65630250, 33.20029030, 53.07652999, [0.0019074336752734368]
INFO:root:185.06133989, 174.00549321, 166.21361105, 33.35392137, 52.10417382, [0.0019074336752734368]
INFO:root:185.74432212, 177.67522472, 165.69413553, 33.25238252, 53.22130317, [0.0019074336752734368]
INFO:root:184.99203337, 173.87375034, 166.17898082, 33.34907443, 52.05811051, [0.0019074336752734368]
INFO:root:185.56114636, 175.93225107, 166.18174763, 33.40027864, 52.73666988, [0.0019074336752734368]
INFO:root:184.95922607, 174.00550506, 166.16879779, 33.41122530, 52.10837676, [0.0019074336752734368]
INFO:root:186.46698199, 179.95144073, 165.81103979, 33.32949233, 53.98044196, [0.0019074336752734368]
INFO:root:185.12257677, 174.71763679, 166.03789996, 33.33061668, 52.34856478, [0.0019074336752734368]
INFO:root:184.02890071, 170.15665575, 166.47671299, 33.49481126, 50.89251523, [0.0016213186239824214]
INFO:root:183.87426957, 168.85939421, 166.71401237, 33.49756299, 50.52159128, [0.0016213186239824214]
INFO:root:185.58698847, 176.10462450, 166.28591782, 33.53031881, 52.77885532, [0.0016213186239824214]
INFO:root:183.88943118, 169.35093908, 166.65709518, 33.57294791, 50.68370072, [0.0016213186239824214]
INFO:root:185.17362140, 174.23777318, 166.44659380, 33.54430672, 52.18472356, [0.0016213186239824214]
INFO:root:183.87628496, 168.94420967, 166.79849233, 33.60547245, 50.55341183, [0.0016213186239824214]
INFO:root:184.81677383, 173.24017982, 166.42576414, 33.58104625, 51.88141828, [0.0016213186239824214]
INFO:root:185.10516023, 174.02741814, 166.49775223, 33.60081928, 52.13875073, [0.0016213186239824214]
INFO:root:183.59060073, 168.32484977, 166.68665033, 33.59350636, 50.35294964, [0.0016213186239824214]
INFO:root:Finished training.
INFO:root:Saved model. Final Checkpoint saves/BouncingBall/kvae/v1/finetuned6/scale=0.3/kvae_state_dict_scale=0.3_99.pth
