INFO:root:Namespace(batch_size=50, beta=0.5, clip=10, device=device(type='cuda'), epochs=500, hdim=1024, learning_rate=0.001, model='VRNN', nlayers=1, save_every=100, step_size=1000000, version='v1', xdim=64, zdim=32)
INFO:root:Starting VRNN training for 500 epochs.
INFO:root:Train Loss, KLD, MSE
INFO:root:340.98277266, 30.29146916, 325.83703732
INFO:root:313.97641296, 1.84767216, 313.05257789
INFO:root:317.05512797, 0.76288321, 316.67368656
INFO:root:320.39094933, 0.44197011, 320.16996324
INFO:root:321.51399689, 0.30706609, 321.36046278
INFO:root:320.81854943, 0.29475221, 320.67117310
INFO:root:320.80341899, 0.51044891, 320.54819404
INFO:root:320.29408315, 0.20026056, 320.19395243
INFO:root:319.63986867, 0.27816453, 319.50078701
INFO:root:319.05796305, 0.35711547, 318.87940335
INFO:root:318.50428111, 0.17677157, 318.41589491
INFO:root:318.84895935, 0.34288173, 318.67751821
INFO:root:319.38995599, 0.22049686, 319.27970700
INFO:root:320.02250214, 0.24990595, 319.89754944
INFO:root:318.59258931, 0.22539276, 318.47989180
INFO:root:317.35137499, 0.27534208, 317.21370460
INFO:root:317.41316901, 0.18102995, 317.32265439
INFO:root:317.94697656, 0.19301604, 317.85046997
INFO:root:318.38757528, 0.29149482, 318.24182858
INFO:root:317.85984870, 0.25522174, 317.73223707
INFO:root:317.33445774, 0.19705838, 317.23592801
INFO:root:317.22608456, 0.12164392, 317.16526269
INFO:root:317.76973572, 0.17706758, 317.68120151
INFO:root:317.10666877, 0.23995434, 316.98669162
INFO:root:316.83780060, 0.25569277, 316.70995433
INFO:root:316.93524119, 0.15468567, 316.85789795
INFO:root:316.89040188, 0.21386843, 316.78346693
INFO:root:316.68195428, 0.22180023, 316.57105340
INFO:root:317.27648349, 0.11133396, 317.22081689
INFO:root:316.52339935, 0.31278517, 316.36700592
INFO:root:315.74918586, 0.09587819, 315.70124749
INFO:root:316.74623939, 0.36911999, 316.56167874
INFO:root:315.65169423, 0.33998203, 315.48170234
INFO:root:315.11671482, 0.03384155, 315.09979435
INFO:root:315.17459361, 0.05935972, 315.14491289
INFO:root:315.26245524, 0.32967674, 315.09761759
INFO:root:315.26155226, 0.05947664, 315.23181424
INFO:root:315.71500990, 0.27607379, 315.57697330
INFO:root:315.31248050, 0.07891674, 315.27302212
INFO:root:315.13124084, 0.22368431, 315.01939935
INFO:root:314.74677429, 0.21337203, 314.64008857
INFO:root:314.25484856, 0.25354574, 314.12807549
INFO:root:314.55785539, 0.08345039, 314.51613024
INFO:root:314.94741211, 0.24907390, 314.82287377
INFO:root:315.39979299, 0.13424739, 315.33266924
INFO:root:314.62888811, 0.13467756, 314.56154853
INFO:root:314.30236308, 0.17777437, 314.21347538
INFO:root:313.76642219, 0.21794607, 313.65744985
INFO:root:314.20537194, 0.24464061, 314.08305206
INFO:root:314.08523983, 0.09150132, 314.03948924
INFO:root:313.71810099, 0.15901355, 313.63859372
INFO:root:313.84641317, 0.32691135, 313.68295780
INFO:root:312.38984358, 0.09293475, 312.34337599
INFO:root:312.50378554, 0.06267455, 312.47244873
INFO:root:312.76293115, 0.26338414, 312.63123881
INFO:root:312.77124363, 0.09771712, 312.72238515
INFO:root:312.48218689, 0.26964805, 312.34736277
INFO:root:312.26332737, 0.06149616, 312.23257887
INFO:root:312.73309886, 0.17311508, 312.64654134
INFO:root:312.41242845, 0.18556139, 312.31964671
INFO:root:312.31276381, 0.15052954, 312.23749915
INFO:root:312.05772400, 0.15759574, 311.97892592
INFO:root:311.44925808, 0.12421410, 311.38715159
INFO:root:311.35455237, 0.29760326, 311.20575205
INFO:root:311.55340712, 0.10239130, 311.50221117
INFO:root:311.83784197, 0.17658705, 311.74954851
INFO:root:311.65150638, 0.11184263, 311.59558580
INFO:root:310.77660133, 0.14875363, 310.70222456
INFO:root:311.78533563, 0.20659124, 311.68204007
INFO:root:312.38908929, 0.15954954, 312.30931464
INFO:root:311.70502692, 0.11686221, 311.64659576
INFO:root:311.09205000, 0.21693367, 310.98358324
INFO:root:310.88353136, 0.10310625, 310.83197784
INFO:root:310.27396308, 0.23271599, 310.15760566
INFO:root:310.62022790, 0.07179548, 310.58433007
INFO:root:310.06883460, 0.14482933, 309.99641961
INFO:root:310.14636892, 0.22306945, 310.03483361
INFO:root:309.96384294, 0.06845140, 309.92961680
INFO:root:310.44340193, 0.18191004, 310.35244751
INFO:root:311.30921224, 0.11289857, 311.25276320
INFO:root:311.10297733, 0.19145052, 311.00725199
INFO:root:309.82684750, 0.17437047, 309.73966336
INFO:root:309.83402066, 0.09924553, 309.78439772
INFO:root:309.87754584, 0.10528059, 309.82490641
INFO:root:309.06812320, 0.25921874, 308.93851318
INFO:root:308.48829583, 0.05846902, 308.45906203
INFO:root:309.16343248, 0.27613992, 309.02536350
INFO:root:309.53038296, 0.06326618, 309.49875014
INFO:root:310.11144121, 0.11608588, 310.05339898
INFO:root:308.78631660, 0.19928694, 308.68667314
INFO:root:307.56149139, 0.06721566, 307.52788391
INFO:root:307.84410180, 0.19205224, 307.74807688
INFO:root:308.55791914, 0.26322816, 308.42630547
INFO:root:308.64442512, 0.19530821, 308.54677124
INFO:root:308.56258308, 0.02016088, 308.55250414
INFO:root:308.81018965, 0.12208630, 308.74914653
INFO:root:307.62324982, 0.34892267, 307.44878845
INFO:root:307.27527042, 0.02161381, 307.26446381
INFO:root:307.68879242, 0.09760720, 307.63998854
INFO:root:307.90716960, 0.11549974, 307.84942017
INFO:root:307.52491845, 0.15973478, 307.44505073
INFO:root:307.67991520, 0.13041325, 307.61470812
INFO:root:308.49660594, 0.13975226, 308.42673035
INFO:root:307.57843170, 0.12690423, 307.51497955
INFO:root:307.04292467, 0.16800144, 306.95892470
INFO:root:307.73315057, 0.14291963, 307.66169027
INFO:root:306.85812632, 0.12873097, 306.79376119
INFO:root:306.88042382, 0.09394101, 306.83345337
INFO:root:306.40978682, 0.25847105, 306.28055115
INFO:root:306.81181420, 0.07931546, 306.77215627
INFO:root:306.57297499, 0.03216738, 306.55689172
INFO:root:307.49770508, 0.32411266, 307.33564809
INFO:root:306.00326318, 0.02174643, 305.99238993
INFO:root:305.77953915, 0.08749514, 305.73579119
INFO:root:306.66873474, 0.27860914, 306.52942912
INFO:root:306.59961853, 0.02580434, 306.58671722
INFO:root:306.10249363, 0.21385286, 305.99556630
INFO:root:305.24032135, 0.09147023, 305.19458618
INFO:root:305.84520772, 0.05880839, 305.81580421
INFO:root:305.71394026, 0.19046410, 305.61870728
INFO:root:306.24050768, 0.19850160, 306.14125688
INFO:root:305.94820251, 0.06399028, 305.91620789
INFO:root:305.23730299, 0.15279235, 305.16090630
INFO:root:304.92262726, 0.11462899, 304.86531186
INFO:root:305.05252957, 0.16820410, 304.96842821
INFO:root:304.52937859, 0.04009046, 304.50933312
INFO:root:305.37445017, 0.27328874, 305.23780585
INFO:root:305.10498149, 0.03600276, 305.08698001
INFO:root:305.65647803, 0.13569131, 305.58863220
INFO:root:304.38047485, 0.07059456, 304.34517873
INFO:root:304.18614112, 0.22905812, 304.07161187
INFO:root:305.39819556, 0.05443875, 305.37097694
INFO:root:305.16114180, 0.25491719, 305.03368259
INFO:root:304.48785824, 0.09885777, 304.43843011
INFO:root:304.13512760, 0.05817591, 304.10603875
INFO:root:303.22876655, 0.17134328, 303.14309438
INFO:root:304.21709273, 0.08073059, 304.17672729
INFO:root:305.14199778, 0.20686229, 305.03856727
INFO:root:304.54316966, 0.03968371, 304.52332764
INFO:root:303.86157650, 0.11903245, 303.80206011
INFO:root:304.16996307, 0.15473675, 304.09259491
INFO:root:303.48706529, 0.14646565, 303.41383243
INFO:root:302.76253018, 0.11688980, 302.70408529
INFO:root:302.59472283, 0.07343223, 302.55800663
INFO:root:303.69582163, 0.11010247, 303.64077081
INFO:root:303.57125448, 0.15525509, 303.49362539
INFO:root:303.62905104, 0.16916582, 303.54446750
INFO:root:302.76261461, 0.04744503, 302.73889228
INFO:root:303.80522054, 0.14759137, 303.73142514
INFO:root:303.52330424, 0.15524489, 303.44568108
INFO:root:302.23433651, 0.12966268, 302.16950429
INFO:root:301.49192997, 0.12969468, 301.42708299
INFO:root:302.08244375, 0.06115950, 302.05186344
INFO:root:302.79293959, 0.12771982, 302.72907952
INFO:root:302.71839973, 0.19915167, 302.61882426
INFO:root:301.91686079, 0.02210962, 301.90580631
INFO:root:302.18185679, 0.17302223, 302.09534573
INFO:root:302.53003048, 0.07651044, 302.49177500
INFO:root:303.29075487, 0.14322203, 303.21914334
INFO:root:302.09905328, 0.10482328, 302.04664171
INFO:root:302.27070414, 0.18844358, 302.17648180
INFO:root:301.77141147, 0.02370964, 301.75955675
INFO:root:300.89881287, 0.17351779, 300.81205275
INFO:root:300.94611715, 0.09298685, 300.89962362
INFO:root:301.73261804, 0.17065672, 301.64729089
INFO:root:301.91850366, 0.03605517, 301.90047574
INFO:root:301.06519385, 0.15418214, 300.98810255
INFO:root:301.41741791, 0.06695569, 301.38394012
INFO:root:301.48067407, 0.22261875, 301.36936425
INFO:root:300.81992323, 0.04396915, 300.79793786
INFO:root:300.46832021, 0.12947125, 300.40358395
INFO:root:301.37368300, 0.13363632, 301.30686527
INFO:root:301.65856205, 0.12699482, 301.59506463
INFO:root:300.62621019, 0.05077532, 300.60082228
INFO:root:300.49595676, 0.15003646, 300.42093777
INFO:root:300.93184153, 0.06931277, 300.89718441
INFO:root:301.37612356, 0.17387383, 301.28918694
INFO:root:301.18878666, 0.04869180, 301.16444041
INFO:root:301.00891130, 0.10577793, 300.95602146
INFO:root:300.26852620, 0.11828368, 300.20938416
INFO:root:301.21074015, 0.11272398, 301.15437758
INFO:root:300.20354835, 0.13964210, 300.13372684
INFO:root:299.56205105, 0.05895545, 299.53257446
INFO:root:299.99893307, 0.14769454, 299.92508545
INFO:root:300.13522373, 0.13744860, 300.06649950
INFO:root:300.13622335, 0.09226167, 300.09009230
INFO:root:299.32381507, 0.07646224, 299.28558316
INFO:root:300.14415165, 0.15530043, 300.06650085
INFO:root:299.61710392, 0.04400855, 299.59509939
INFO:root:299.49909193, 0.26953283, 299.36432563
INFO:root:299.41330143, 0.01457783, 299.40601179
INFO:root:298.98240611, 0.09443836, 298.93518694
INFO:root:299.59324239, 0.10927106, 299.53860745
INFO:root:299.07726593, 0.10687311, 299.02382880
INFO:root:300.46432190, 0.11507247, 300.40678643
INFO:root:299.10613793, 0.09613224, 299.05807241
INFO:root:298.74895359, 0.09604344, 298.70093146
INFO:root:298.24805739, 0.17372829, 298.16119385
INFO:root:299.31572062, 0.07140590, 299.28001709
INFO:root:299.43194580, 0.06541386, 299.39923943
INFO:root:298.42948880, 0.09241936, 298.38327993
INFO:root:298.61207971, 0.14579166, 298.53918372
INFO:root:298.71174842, 0.08873718, 298.66738044
INFO:root:299.00028212, 0.12881815, 298.93587257
INFO:root:298.17886319, 0.06325554, 298.14723477
INFO:root:297.93561893, 0.19185883, 297.83969014
INFO:root:298.90783827, 0.04383109, 298.88592156
INFO:root:298.37274916, 0.11825587, 298.31362220
INFO:root:297.80818125, 0.07948214, 297.76844092
INFO:root:297.44358961, 0.12646249, 297.38035804
INFO:root:297.82475925, 0.11241148, 297.76855367
INFO:root:297.91030460, 0.07925573, 297.87067786
INFO:root:296.95637716, 0.07905954, 296.91684757
INFO:root:297.13420919, 0.12656903, 297.07092421
INFO:root:298.08771464, 0.09367629, 298.04087541
INFO:root:297.93006931, 0.07442974, 297.89285431
INFO:root:297.81142493, 0.11382469, 297.75451236
INFO:root:297.46943715, 0.14131873, 297.39877862
INFO:root:296.89261661, 0.06518070, 296.86002672
INFO:root:297.21603631, 0.14749248, 297.14228956
INFO:root:297.50269250, 0.06758655, 297.46889869
INFO:root:297.52926585, 0.11832846, 297.47010159
INFO:root:297.38238864, 0.11115362, 297.32681139
INFO:root:297.01465386, 0.09303140, 296.96813778
INFO:root:296.35215081, 0.07567540, 296.31431308
INFO:root:297.01968587, 0.12872317, 296.95532396
INFO:root:296.51273668, 0.06781881, 296.47882809
INFO:root:296.34908837, 0.08499997, 296.30658925
INFO:root:296.31230079, 0.08647051, 296.26906501
INFO:root:296.73644460, 0.11477515, 296.67905731
INFO:root:296.27170275, 0.08540780, 296.22899899
INFO:root:296.13455302, 0.06001552, 296.10454508
INFO:root:296.73690219, 0.13643820, 296.66868337
INFO:root:296.63268687, 0.07575186, 296.59481184
INFO:root:296.72847104, 0.11525904, 296.67084130
INFO:root:297.03861711, 0.09580397, 296.99071520
INFO:root:295.45970476, 0.14002782, 295.38969116
INFO:root:295.20197771, 0.08294324, 295.16050635
INFO:root:294.90256941, 0.05865869, 294.87323998
INFO:root:295.66991272, 0.17208543, 295.58387078
INFO:root:295.66057977, 0.13919219, 295.59098324
INFO:root:297.08891771, 0.02862146, 297.07460649
INFO:root:296.59020793, 0.08584679, 296.54728360
INFO:root:295.85011020, 0.11629794, 295.79196082
INFO:root:294.65868361, 0.13476564, 294.59130164
INFO:root:295.17396427, 0.03798786, 295.15496962
INFO:root:295.97360297, 0.08977387, 295.92871535
INFO:root:296.14343346, 0.07116037, 296.10785353
INFO:root:295.31631622, 0.13476484, 295.24893443
INFO:root:294.63836890, 0.04220610, 294.61726583
INFO:root:295.26194272, 0.11519411, 295.20434604
INFO:root:294.35477804, 0.09968770, 294.30493401
INFO:root:295.21790195, 0.07321692, 295.18129340
INFO:root:295.74063534, 0.09330818, 295.69398126
INFO:root:294.81607259, 0.15550332, 294.73832092
INFO:root:294.60881009, 0.05873291, 294.57944285
INFO:root:294.41267073, 0.11714081, 294.35409987
INFO:root:293.92548150, 0.03388319, 293.90853848
INFO:root:294.52669864, 0.08066044, 294.48636898
INFO:root:294.71828088, 0.15285276, 294.64185333
INFO:root:294.49731072, 0.06365167, 294.46548462
INFO:root:294.49840902, 0.11220463, 294.44230618
INFO:root:294.18864695, 0.08224306, 294.14752621
INFO:root:294.81823239, 0.07244278, 294.78201023
INFO:root:294.70331794, 0.08536349, 294.66063673
INFO:root:293.93061608, 0.09333335, 293.88394877
INFO:root:293.99893273, 0.10095247, 293.94845598
INFO:root:293.69755995, 0.10391185, 293.64560394
INFO:root:293.84159495, 0.04713825, 293.81802504
INFO:root:294.77107510, 0.09990439, 294.72112444
INFO:root:293.86970571, 0.19007596, 293.77466685
INFO:root:293.53280775, 0.02147239, 293.52207133
INFO:root:293.78143633, 0.07537457, 293.74374864
INFO:root:293.49829390, 0.07542426, 293.46058163
INFO:root:293.84227905, 0.07875997, 293.80289951
INFO:root:293.12062768, 0.13676353, 293.05224542
INFO:root:293.22209201, 0.07576690, 293.18420902
INFO:root:293.34236230, 0.12782228, 293.27845137
INFO:root:293.05957608, 0.06428675, 293.02743157
INFO:root:293.43083649, 0.09571106, 293.38298221
INFO:root:294.36808082, 0.07563470, 294.33026276
INFO:root:293.35324368, 0.07685219, 293.31481764
INFO:root:292.69864214, 0.07803464, 292.65962457
INFO:root:293.15599450, 0.09649651, 293.10774553
INFO:root:293.18037788, 0.10977254, 293.12549133
INFO:root:292.05600976, 0.05339420, 292.02931383
INFO:root:292.59675496, 0.13427758, 292.52961595
INFO:root:292.67783813, 0.08397648, 292.63585002
INFO:root:292.28450996, 0.02811243, 292.27045407
INFO:root:293.29700724, 0.18683399, 293.20358955
INFO:root:292.76583811, 0.03088792, 292.75039435
INFO:root:293.30564236, 0.08199931, 293.26464369
INFO:root:293.14006483, 0.09224356, 293.09394396
INFO:root:292.25976613, 0.11236967, 292.20358039
INFO:root:291.74830068, 0.06743984, 291.71458062
INFO:root:292.77702077, 0.04221421, 292.75591346
INFO:root:291.39127163, 0.14228551, 291.32012804
INFO:root:291.57186093, 0.05800996, 291.54285550
INFO:root:292.31571672, 0.07281913, 292.27930823
INFO:root:292.21052416, 0.11876223, 292.15114187
INFO:root:292.80278490, 0.03086727, 292.78735114
INFO:root:292.66870999, 0.09553217, 292.62094320
INFO:root:291.50176103, 0.06105340, 291.47123464
INFO:root:291.31882765, 0.14279231, 291.24743245
INFO:root:290.45739848, 0.08284386, 290.41597646
INFO:root:291.87779575, 0.08932058, 291.83313633
INFO:root:291.62070702, 0.15363560, 291.54389055
INFO:root:292.08899824, 0.02064804, 292.07867466
INFO:root:292.63363766, 0.08785742, 292.58970930
INFO:root:291.70738441, 0.08652501, 291.66412133
INFO:root:291.21901415, 0.08291930, 291.17755432
INFO:root:291.57794986, 0.06632831, 291.54478590
INFO:root:290.85105557, 0.09478571, 290.80366330
INFO:root:290.96013387, 0.06590695, 290.92718065
INFO:root:291.43930528, 0.10888221, 291.38486498
INFO:root:291.50531955, 0.05713182, 291.47675357
INFO:root:291.63422462, 0.06771769, 291.60036621
INFO:root:291.13355713, 0.11226382, 291.07742496
INFO:root:290.17586856, 0.02525119, 290.16324361
INFO:root:289.72407667, 0.11838983, 289.66488241
INFO:root:290.89541660, 0.05399680, 290.86841905
INFO:root:290.42668576, 0.10915572, 290.37210829
INFO:root:291.28831363, 0.04727656, 291.26467641
INFO:root:290.94114397, 0.11297795, 290.88465525
INFO:root:290.11252340, 0.09596487, 290.06454061
INFO:root:289.95000526, 0.04195222, 289.92902917
INFO:root:290.47589383, 0.09614038, 290.42782305
INFO:root:291.26949395, 0.07398251, 291.23250258
INFO:root:291.10391930, 0.06603870, 291.07089979
INFO:root:291.14028846, 0.07851026, 291.10103285
INFO:root:291.05632765, 0.04906793, 291.03179355
INFO:root:289.95822839, 0.13793112, 289.88926290
INFO:root:288.76513011, 0.01133901, 288.75946062
INFO:root:288.47723779, 0.08617417, 288.43415019
INFO:root:289.70921105, 0.12798347, 289.64521942
INFO:root:289.68991241, 0.04077405, 289.66952481
INFO:root:290.35581428, 0.06585937, 290.32288581
INFO:root:290.24855347, 0.07715812, 290.20997484
INFO:root:290.36940138, 0.10566445, 290.31656969
INFO:root:290.33564555, 0.03619951, 290.31754591
INFO:root:290.06200002, 0.13499619, 289.99450124
INFO:root:290.12338732, 0.04740028, 290.09968669
INFO:root:289.57698652, 0.14979257, 289.50208978
INFO:root:288.87771318, 0.04232265, 288.85655331
INFO:root:288.85042097, 0.01466165, 288.84308980
INFO:root:289.27421655, 0.10733507, 289.22054918
INFO:root:289.02644586, 0.06882345, 288.99203440
INFO:root:289.27302687, 0.06505561, 289.24049988
INFO:root:289.82324405, 0.06386364, 289.79131097
INFO:root:289.60405172, 0.08648460, 289.56080814
INFO:root:290.47821011, 0.08403189, 290.43619470
INFO:root:289.13447096, 0.03463395, 289.11715359
INFO:root:289.72282088, 0.11321666, 289.66621229
INFO:root:289.11593170, 0.08701187, 289.07242584
INFO:root:288.49575619, 0.08297857, 288.45426653
INFO:root:288.55696292, 0.01625904, 288.54883253
INFO:root:287.54006178, 0.10510004, 287.48751305
INFO:root:288.34040849, 0.03720365, 288.32180752
INFO:root:288.92547336, 0.07177165, 288.88958723
INFO:root:288.52202606, 0.09305048, 288.47550168
INFO:root:288.95296139, 0.05308611, 288.92641822
INFO:root:288.99873420, 0.07349214, 288.96198730
INFO:root:289.99478438, 0.06203895, 289.96376512
INFO:root:290.04565158, 0.06245883, 290.01442210
INFO:root:288.60895487, 0.08309587, 288.56740604
INFO:root:286.91342536, 0.05493555, 286.88595683
INFO:root:287.24517822, 0.07980187, 287.20527717
INFO:root:287.88264855, 0.05437747, 287.85545892
INFO:root:287.33073001, 0.08283514, 287.28931274
INFO:root:287.73456607, 0.06838904, 287.70037147
INFO:root:287.51292572, 0.10179604, 287.46202766
INFO:root:288.79569736, 0.03531889, 288.77803752
INFO:root:288.78536055, 0.08039478, 288.74516262
INFO:root:288.39864146, 0.04406739, 288.37660828
INFO:root:288.45799035, 0.07317296, 288.42140316
INFO:root:287.81315223, 0.04831127, 287.78899536
INFO:root:287.85333133, 0.08439222, 287.81113502
INFO:root:287.18314853, 0.09991396, 287.13319126
INFO:root:287.19679955, 0.01925464, 287.18717312
INFO:root:287.72416060, 0.10650627, 287.67090658
INFO:root:287.50910238, 0.05472703, 287.48174015
INFO:root:287.86642219, 0.06402607, 287.83440959
INFO:root:288.06439836, 0.10896048, 288.00991703
INFO:root:287.68440518, 0.05650589, 287.65615184
INFO:root:287.83916490, 0.04472702, 287.81680111
INFO:root:287.13509911, 0.06149728, 287.10434994
INFO:root:287.55051643, 0.06270270, 287.51916436
INFO:root:287.41248966, 0.07598161, 287.37449849
INFO:root:287.10732778, 0.06619680, 287.07422858
INFO:root:286.96757168, 0.06024624, 286.93744863
INFO:root:286.03846436, 0.02958854, 286.02366994
INFO:root:287.17632785, 0.09348310, 287.12958662
INFO:root:287.13778110, 0.04689930, 287.11433105
INFO:root:287.02155914, 0.05611096, 286.99350264
INFO:root:287.28173014, 0.05792438, 287.25276811
INFO:root:286.86282569, 0.08500954, 286.82032055
INFO:root:287.27190077, 0.08097682, 287.23141242
INFO:root:286.61999291, 0.05519491, 286.59239587
INFO:root:286.09190657, 0.05498147, 286.06441735
INFO:root:286.42594198, 0.08700673, 286.38243832
INFO:root:288.00703261, 0.05274764, 287.98065898
INFO:root:287.21900686, 0.04159257, 287.19820964
INFO:root:286.79363742, 0.10205425, 286.74261051
INFO:root:286.29113413, 0.02765204, 286.27730764
INFO:root:286.27701230, 0.11752084, 286.21825290
INFO:root:286.30820465, 0.02509165, 286.29565887
INFO:root:286.21920895, 0.04805272, 286.19518144
INFO:root:286.12334476, 0.09812097, 286.07428318
INFO:root:285.26899719, 0.03425434, 285.25187039
INFO:root:286.06200053, 0.05701838, 286.03349236
INFO:root:286.44950307, 0.08014994, 286.40942807
INFO:root:286.14210086, 0.04841980, 286.11789110
INFO:root:287.87051697, 0.07344916, 287.83379228
INFO:root:287.06954600, 0.08467961, 287.02720625
INFO:root:285.87792053, 0.04611768, 285.85486315
INFO:root:284.30184597, 0.06527320, 284.26921082
INFO:root:284.96479882, 0.04632094, 284.94163869
INFO:root:285.66220296, 0.06611690, 285.62914412
INFO:root:286.03478139, 0.04205483, 286.01375393
INFO:root:287.27145064, 0.10692235, 287.21799045
INFO:root:286.30206867, 0.02487825, 286.28962970
INFO:root:285.56553040, 0.11025312, 285.51040327
INFO:root:285.62156236, 0.01922871, 285.61194831
INFO:root:284.85979852, 0.10394094, 284.80782776
INFO:root:285.43607805, 0.02047072, 285.42584330
INFO:root:285.26586185, 0.05822124, 285.23675181
INFO:root:285.67256470, 0.06449938, 285.64031592
INFO:root:284.85575765, 0.05603288, 284.82774082
INFO:root:285.16495853, 0.04820889, 285.14085439
INFO:root:285.64442342, 0.07371017, 285.60756717
INFO:root:285.56174859, 0.05403516, 285.53473189
INFO:root:285.67746345, 0.02793139, 285.66349742
INFO:root:285.71523302, 0.13871715, 285.64587487
INFO:root:285.69635145, 0.02192097, 285.68539124
INFO:root:285.71603546, 0.17536141, 285.62835541
INFO:root:285.44320848, 0.00911882, 285.43864865
INFO:root:284.52111986, 0.01250941, 284.51486562
INFO:root:285.06489156, 0.08777758, 285.02100169
INFO:root:284.25142195, 0.01806377, 284.24239078
INFO:root:284.21422340, 0.07918636, 284.17463057
INFO:root:284.54991286, 0.08944639, 284.50518884
INFO:root:284.85698869, 0.02458759, 284.84469384
INFO:root:285.85454661, 0.10395297, 285.80257009
INFO:root:284.80018870, 0.01620025, 284.79208967
INFO:root:283.97815179, 0.05342123, 283.95144111
INFO:root:284.92773454, 0.04245547, 284.90650601
INFO:root:284.70637529, 0.10556596, 284.65359243
INFO:root:284.30047387, 0.01932656, 284.29081065
INFO:root:284.51126929, 0.10298903, 284.45977495
INFO:root:283.94553579, 0.01474917, 283.93816121
INFO:root:283.75514204, 0.07553663, 283.71737332
INFO:root:284.30301615, 0.05617270, 284.27492964
INFO:root:284.19111226, 0.04243756, 284.16989068
INFO:root:283.87233039, 0.05744513, 283.84360809
INFO:root:284.45073497, 0.07058815, 284.41544156
INFO:root:285.38648376, 0.06279735, 285.35508542
INFO:root:284.22791646, 0.06082765, 284.19750231
INFO:root:284.31076898, 0.04643873, 284.28754985
INFO:root:284.36257222, 0.07309413, 284.32602403
INFO:root:283.88786146, 0.03338110, 283.87117191
INFO:root:284.06436106, 0.10148922, 284.01361711
INFO:root:284.49660068, 0.02455802, 284.48432176
INFO:root:283.89242740, 0.05140555, 283.86672431
INFO:root:284.11937832, 0.03448392, 284.10213606
INFO:root:283.94342651, 0.09170633, 283.89757317
INFO:root:283.94776866, 0.04584219, 283.92484860
INFO:root:283.52726067, 0.04855913, 283.50298225
INFO:root:283.43640357, 0.09476928, 283.38901910
INFO:root:282.46917826, 0.01742444, 282.46046685
INFO:root:283.03100823, 0.06046613, 283.00077515
INFO:root:285.11340925, 0.04188510, 285.09246758
INFO:root:284.01844076, 0.06913753, 283.98387180
INFO:root:282.72105899, 0.03497179, 282.70357378
INFO:root:283.23679911, 0.10230600, 283.18564589
INFO:root:283.23123338, 0.02411057, 283.21917843
INFO:root:284.71320394, 0.06141059, 284.68249783
INFO:root:283.44361657, 0.07672529, 283.40525309
INFO:root:283.32574395, 0.03651114, 283.30748783
INFO:root:282.67065311, 0.06728258, 282.63701087
INFO:root:283.41105686, 0.03908832, 283.39151238
INFO:root:283.21251840, 0.08162731, 283.17170554
INFO:root:283.67575005, 0.03223741, 283.65963101
INFO:root:282.71666294, 0.07862645, 282.67734951
INFO:root:283.85603790, 0.09853284, 283.80676999
INFO:root:284.16080967, 0.00984396, 284.15588803
INFO:root:283.06502516, 0.02526935, 283.05239054
INFO:root:282.49233839, 0.05530518, 282.46468557
INFO:root:282.48433694, 0.11433054, 282.42717192
INFO:root:282.64466146, 0.03659792, 282.62636261
INFO:root:283.07769606, 0.03449673, 283.06044752
INFO:root:282.66177911, 0.05418573, 282.63468594
INFO:root:282.60717095, 0.07814188, 282.56809930
INFO:root:282.52217746, 0.03047903, 282.50693783
INFO:root:282.09286516, 0.05769135, 282.06401876
INFO:root:283.20405341, 0.06561621, 283.17124532
INFO:root:282.44937371, 0.05968456, 282.41953159
INFO:root:282.73745253, 0.02535266, 282.72477570
INFO:root:282.28427039, 0.06817911, 282.25018141
INFO:root:282.37263404, 0.05488469, 282.34519213
INFO:root:281.82951609, 0.05622555, 281.80140398
INFO:root:Finished training.
