INFO:root:Namespace(batch_size=52, beta_end=0.001, beta_start=0.001, clip=10, device=device(type='cuda'), epochs=200, learning_rate=1e-08, model='cdna', save_every=25, stage=3)
INFO:root:State Dictionary Path (Stochastic) is: saves/sv2p/stage3/final_beta=0.001/sv2p_cdna_state_dict_299.pth
INFO:root:Starting SV2P training on Stage 3 for 200 epochs.
INFO:root:Train Loss, KLD, MSE
INFO:root:154.43710169, 0.03634807, 154.43706863, 0.00100000
INFO:root:154.32572349, 0.03622739, 154.32569070, 0.00100000
INFO:root:154.29077245, 0.03620707, 154.29073974, 0.00100000
INFO:root:154.25615148, 0.03614774, 154.25611904, 0.00100000
INFO:root:154.41340111, 0.03616028, 154.41336823, 0.00100000
INFO:root:154.18045351, 0.03620723, 154.18042071, 0.00100000
INFO:root:154.27324650, 0.03622845, 154.27321353, 0.00100000
INFO:root:154.40858100, 0.03626678, 154.40854785, 0.00100000
INFO:root:154.49463846, 0.03621468, 154.49460584, 0.00100000
INFO:root:154.34426932, 0.03628184, 154.34423670, 0.00100000
INFO:root:154.37863834, 0.03632037, 154.37860563, 0.00100000
INFO:root:154.44811775, 0.03625950, 154.44808425, 0.00100000
INFO:root:154.32933860, 0.03623709, 154.32930580, 0.00100000
INFO:root:154.39791291, 0.03621765, 154.39788029, 0.00100000
INFO:root:154.24856629, 0.03608926, 154.24853367, 0.00100000
INFO:root:154.47992776, 0.03630578, 154.47989462, 0.00100000
INFO:root:154.31868533, 0.03624105, 154.31865289, 0.00100000
INFO:root:154.38796182, 0.03628494, 154.38792911, 0.00100000
INFO:root:154.35205683, 0.03616967, 154.35202342, 0.00100000
INFO:root:154.24377108, 0.03621192, 154.24373793, 0.00100000
INFO:root:154.43117883, 0.03612873, 154.43114612, 0.00100000
INFO:root:154.41556198, 0.03607506, 154.41552962, 0.00100000
INFO:root:154.10713047, 0.03609220, 154.10709837, 0.00100000
INFO:root:154.16659270, 0.03618618, 154.16656007, 0.00100000
INFO:root:154.36338324, 0.03612020, 154.36335053, 0.00100000
INFO:root:154.22067340, 0.03615604, 154.22064113, 0.00100000
INFO:root:154.34129298, 0.03630249, 154.34125975, 0.00100000
INFO:root:154.35589407, 0.03596878, 154.35586180, 0.00100000
INFO:root:154.08818107, 0.03614169, 154.08814862, 0.00100000
INFO:root:154.33227372, 0.03605416, 154.33224101, 0.00100000
INFO:root:154.29625904, 0.03625636, 154.29622641, 0.00100000
INFO:root:154.34756856, 0.03603696, 154.34753611, 0.00100000
INFO:root:154.36128770, 0.03612595, 154.36125508, 0.00100000
INFO:root:154.29771765, 0.03612771, 154.29768512, 0.00100000
INFO:root:154.34496807, 0.03620944, 154.34493519, 0.00100000
INFO:root:154.30884798, 0.03601538, 154.30881535, 0.00100000
INFO:root:154.18445377, 0.03611531, 154.18442088, 0.00100000
INFO:root:154.29532755, 0.03610921, 154.29529475, 0.00100000
INFO:root:154.46422840, 0.03619892, 154.46419534, 0.00100000
INFO:root:154.25912318, 0.03599875, 154.25909091, 0.00100000
INFO:root:154.37323761, 0.03605889, 154.37320499, 0.00100000
INFO:root:154.16215322, 0.03607489, 154.16212047, 0.00100000
INFO:root:154.28687874, 0.03613903, 154.28684620, 0.00100000
INFO:root:154.38998159, 0.03612312, 154.38994923, 0.00100000
INFO:root:154.40220800, 0.03612269, 154.40217555, 0.00100000
INFO:root:154.41488051, 0.03609040, 154.41484754, 0.00100000
INFO:root:154.39860771, 0.03608480, 154.39857492, 0.00100000
INFO:root:154.32763812, 0.03601325, 154.32760568, 0.00100000
INFO:root:154.26017630, 0.03606100, 154.26014367, 0.00100000
INFO:root:154.26901008, 0.03611780, 154.26897737, 0.00100000
INFO:root:154.47817976, 0.03596476, 154.47814722, 0.00100000
INFO:root:154.37031239, 0.03605328, 154.37028004, 0.00100000
INFO:root:154.38327596, 0.03593458, 154.38324387, 0.00100000
INFO:root:154.15046284, 0.03608774, 154.15043000, 0.00100000
INFO:root:154.29622431, 0.03588252, 154.29619230, 0.00100000
INFO:root:154.40031740, 0.03600545, 154.40028513, 0.00100000
INFO:root:154.52009355, 0.03600849, 154.52006092, 0.00100000
INFO:root:154.26773790, 0.03608823, 154.26770519, 0.00100000
INFO:root:154.28054038, 0.03607486, 154.28050793, 0.00100000
INFO:root:154.29169350, 0.03607269, 154.29166088, 0.00100000
INFO:root:154.40641697, 0.03593833, 154.40638496, 0.00100000
INFO:root:154.37918977, 0.03593544, 154.37915732, 0.00100000
INFO:root:154.42090396, 0.03607187, 154.42087116, 0.00100000
INFO:root:154.32224423, 0.03600071, 154.32221196, 0.00100000
INFO:root:154.50771981, 0.03608207, 154.50768701, 0.00100000
INFO:root:154.22143791, 0.03610190, 154.22140494, 0.00100000
INFO:root:154.24490558, 0.03608488, 154.24487313, 0.00100000
INFO:root:154.26791487, 0.03596552, 154.26788260, 0.00100000
INFO:root:154.52892435, 0.03599231, 154.52889182, 0.00100000
INFO:root:154.35500388, 0.03601277, 154.35497091, 0.00100000
INFO:root:154.35214084, 0.03591970, 154.35210805, 0.00100000
INFO:root:154.38051649, 0.03587513, 154.38048422, 0.00100000
INFO:root:154.19746666, 0.03600544, 154.19743369, 0.00100000
INFO:root:154.16293019, 0.03600942, 154.16289722, 0.00100000
INFO:root:154.24601088, 0.03586894, 154.24597896, 0.00100000
INFO:root:154.30472161, 0.03602873, 154.30468890, 0.00100000
INFO:root:154.11066257, 0.03594209, 154.11063078, 0.00100000
INFO:root:154.36697274, 0.03588697, 154.36694055, 0.00100000
INFO:root:154.36190550, 0.03597190, 154.36187306, 0.00100000
INFO:root:154.35010634, 0.03596741, 154.35007415, 0.00100000
INFO:root:154.46001119, 0.03593197, 154.45997900, 0.00100000
INFO:root:154.37212030, 0.03595036, 154.37208768, 0.00100000
INFO:root:154.19230463, 0.03592329, 154.19227162, 0.00100000
INFO:root:154.16127343, 0.03595985, 154.16124129, 0.00100000
INFO:root:154.32268577, 0.03603884, 154.32265411, 0.00100000
INFO:root:154.35870063, 0.03590617, 154.35866818, 0.00100000
INFO:root:154.33590269, 0.03603905, 154.33587041, 0.00100000
INFO:root:154.21428781, 0.03600604, 154.21425510, 0.00100000
INFO:root:154.47636378, 0.03598422, 154.47633116, 0.00100000
INFO:root:154.20141378, 0.03600340, 154.20138160, 0.00100000
INFO:root:154.29731549, 0.03592500, 154.29728295, 0.00100000
INFO:root:154.16369655, 0.03599303, 154.16366393, 0.00100000
INFO:root:154.40119066, 0.03579830, 154.40115848, 0.00100000
INFO:root:154.52451965, 0.03591197, 154.52448729, 0.00100000
INFO:root:154.26597902, 0.03578847, 154.26594693, 0.00100000
INFO:root:154.24005802, 0.03586270, 154.24002522, 0.00100000
INFO:root:154.40729137, 0.03581896, 154.40725901, 0.00100000
INFO:root:154.33680339, 0.03584064, 154.33677059, 0.00100000
INFO:root:154.25662801, 0.03577481, 154.25659592, 0.00100000
INFO:root:154.21073256, 0.03584143, 154.21070029, 0.00100000
INFO:root:154.08863002, 0.03580365, 154.08859770, 0.00100000
INFO:root:154.46251100, 0.03575505, 154.46247899, 0.00100000
INFO:root:154.36938468, 0.03599863, 154.36935206, 0.00100000
INFO:root:154.56194086, 0.03593144, 154.56190885, 0.00100000
INFO:root:154.36972563, 0.03581097, 154.36969336, 0.00100000
INFO:root:154.51649677, 0.03584096, 154.51646485, 0.00100000
INFO:root:154.55415441, 0.03590942, 154.55412214, 0.00100000
INFO:root:154.56962770, 0.03592685, 154.56959490, 0.00100000
INFO:root:154.16121367, 0.03580224, 154.16118118, 0.00100000
INFO:root:154.29252800, 0.03578482, 154.29249608, 0.00100000
INFO:root:154.41421675, 0.03583989, 154.41418475, 0.00100000
INFO:root:154.39895568, 0.03574827, 154.39892385, 0.00100000
INFO:root:154.36934960, 0.03586671, 154.36931768, 0.00100000
INFO:root:154.53525456, 0.03575864, 154.53522255, 0.00100000
INFO:root:154.48067887, 0.03578852, 154.48064677, 0.00100000
INFO:root:154.72460385, 0.03584227, 154.72457167, 0.00100000
INFO:root:154.33237457, 0.03578207, 154.33234256, 0.00100000
INFO:root:154.30258065, 0.03584617, 154.30254820, 0.00100000
INFO:root:154.31812725, 0.03573016, 154.31809550, 0.00100000
INFO:root:154.43920767, 0.03590680, 154.43917540, 0.00100000
INFO:root:154.28372447, 0.03570557, 154.28369237, 0.00100000
INFO:root:154.29762373, 0.03575899, 154.29759181, 0.00100000
INFO:root:154.47414398, 0.03587507, 154.47411162, 0.00100000
INFO:root:154.70988815, 0.03586397, 154.70985597, 0.00100000
INFO:root:154.20630812, 0.03574591, 154.20627616, 0.00100000
INFO:root:154.22274276, 0.03567976, 154.22271097, 0.00100000
INFO:root:154.39147151, 0.03581893, 154.39143898, 0.00100000
INFO:root:154.36292004, 0.03568991, 154.36288812, 0.00100000
INFO:root:154.50191270, 0.03567010, 154.50188078, 0.00100000
INFO:root:154.20884301, 0.03565851, 154.20881118, 0.00100000
INFO:root:154.43991036, 0.03574596, 154.43987844, 0.00100000
INFO:root:154.31725943, 0.03590345, 154.31722654, 0.00100000
INFO:root:154.38227099, 0.03573603, 154.38223880, 0.00100000
INFO:root:154.40026163, 0.03572019, 154.40023006, 0.00100000
INFO:root:154.46078991, 0.03581665, 154.46075825, 0.00100000
INFO:root:154.25193427, 0.03571606, 154.25190200, 0.00100000
INFO:root:154.44046915, 0.03569327, 154.44043705, 0.00100000
INFO:root:154.44060183, 0.03563652, 154.44057017, 0.00100000
INFO:root:154.36721679, 0.03557466, 154.36718513, 0.00100000
INFO:root:154.30394543, 0.03567394, 154.30391290, 0.00100000
INFO:root:154.31465210, 0.03578358, 154.31462009, 0.00100000
INFO:root:154.13487757, 0.03567393, 154.13484591, 0.00100000
INFO:root:154.54134956, 0.03580174, 154.54131721, 0.00100000
INFO:root:154.33000078, 0.03573398, 154.32996912, 0.00100000
INFO:root:154.47384687, 0.03567607, 154.47381539, 0.00100000
INFO:root:154.08719166, 0.03566392, 154.08716004, 0.00100000
INFO:root:154.15929948, 0.03576961, 154.15926725, 0.00100000
INFO:root:154.28537487, 0.03561263, 154.28534295, 0.00100000
INFO:root:154.20549980, 0.03571443, 154.20546797, 0.00100000
INFO:root:154.45010946, 0.03570963, 154.45007754, 0.00100000
INFO:root:154.63130819, 0.03581796, 154.63127627, 0.00100000
INFO:root:154.19101193, 0.03586340, 154.19097971, 0.00100000
INFO:root:154.50409883, 0.03570229, 154.50406647, 0.00100000
INFO:root:154.43351947, 0.03562752, 154.43348729, 0.00100000
INFO:root:154.23832580, 0.03560950, 154.23829361, 0.00100000
INFO:root:154.51076288, 0.03568610, 154.51073079, 0.00100000
INFO:root:154.62993236, 0.03558452, 154.62990097, 0.00100000
INFO:root:154.38841423, 0.03577010, 154.38838187, 0.00100000
INFO:root:154.58343699, 0.03560511, 154.58340533, 0.00100000
INFO:root:154.28322145, 0.03568675, 154.28318944, 0.00100000
INFO:root:154.55006417, 0.03568875, 154.55003208, 0.00100000
INFO:root:154.18838348, 0.03567990, 154.18835103, 0.00100000
INFO:root:154.46326552, 0.03559657, 154.46323368, 0.00100000
INFO:root:154.50374138, 0.03566151, 154.50370964, 0.00100000
INFO:root:154.47657750, 0.03570541, 154.47654566, 0.00100000
INFO:root:154.25387950, 0.03564368, 154.25384758, 0.00100000
INFO:root:154.43170166, 0.03565107, 154.43166974, 0.00100000
INFO:root:154.34599971, 0.03565012, 154.34596761, 0.00100000
INFO:root:154.31672414, 0.03555980, 154.31669231, 0.00100000
INFO:root:154.41322651, 0.03561697, 154.41319459, 0.00100000
INFO:root:154.35814719, 0.03551162, 154.35811554, 0.00100000
INFO:root:154.29432950, 0.03560045, 154.29429767, 0.00100000
INFO:root:154.41699368, 0.03547250, 154.41696220, 0.00100000
INFO:root:154.26314282, 0.03553957, 154.26311133, 0.00100000
INFO:root:154.31451197, 0.03556834, 154.31447970, 0.00100000
INFO:root:154.41245507, 0.03568441, 154.41242314, 0.00100000
INFO:root:154.23576294, 0.03549625, 154.23573163, 0.00100000
INFO:root:154.36085440, 0.03553964, 154.36082266, 0.00100000
INFO:root:154.41279067, 0.03561147, 154.41275840, 0.00100000
INFO:root:154.33752240, 0.03552988, 154.33749039, 0.00100000
INFO:root:154.30326528, 0.03559375, 154.30323335, 0.00100000
INFO:root:154.37334618, 0.03564506, 154.37331382, 0.00100000
INFO:root:154.17271660, 0.03564150, 154.17268490, 0.00100000
INFO:root:154.44067769, 0.03546824, 154.44064585, 0.00100000
INFO:root:154.48320875, 0.03569391, 154.48317710, 0.00100000
INFO:root:154.35072853, 0.03550486, 154.35069634, 0.00100000
INFO:root:154.41235676, 0.03554254, 154.41232449, 0.00100000
INFO:root:154.17560064, 0.03554967, 154.17556864, 0.00100000
INFO:root:154.28930331, 0.03541267, 154.28927191, 0.00100000
INFO:root:154.56092019, 0.03565306, 154.56088844, 0.00100000
INFO:root:154.31853950, 0.03552576, 154.31850767, 0.00100000
INFO:root:154.44887122, 0.03566220, 154.44883895, 0.00100000
INFO:root:154.12981761, 0.03560966, 154.12978538, 0.00100000
INFO:root:154.38110860, 0.03557940, 154.38107677, 0.00100000
INFO:root:154.32675574, 0.03543014, 154.32672400, 0.00100000
INFO:root:154.27913850, 0.03563247, 154.27910649, 0.00100000
INFO:root:154.49106431, 0.03558374, 154.49103222, 0.00100000
INFO:root:154.37378061, 0.03560295, 154.37374887, 0.00100000
INFO:root:154.46457506, 0.03565886, 154.46454278, 0.00100000
INFO:root:154.24094023, 0.03562296, 154.24090839, 0.00100000
INFO:root:Finished training
INFO:root:Saved model. Final Checkpoint.
INFO:root:Completed 3 training
