INFO:root:Namespace(batch_size=50, beta=5.0, clip=10, device=device(type='cuda'), epochs=150, hdim=1024, learning_rate=0.0001, model='VRNN', nlayers=1, save_every=100, version='v1', xdim=64, zdim=32)
INFO:root:Starting VRNN training for 150 epochs.
INFO:root:Train Loss, KLD, MSE
INFO:root:6.27380453, 1.11514737, 0.69806759
INFO:root:0.64612374, 0.04363899, 0.42792879
INFO:root:0.50567731, 0.01596323, 0.42586116
INFO:root:0.46852469, 0.00858080, 0.42562069
INFO:root:0.45268304, 0.00542780, 0.42554402
INFO:root:0.44577339, 0.00405200, 0.42551338
INFO:root:0.44188490, 0.00327749, 0.42549746
INFO:root:0.43873120, 0.00264841, 0.42548916
INFO:root:0.43761246, 0.00242578, 0.42548356
INFO:root:0.43573043, 0.00205013, 0.42547977
INFO:root:0.43518912, 0.00194234, 0.42547740
INFO:root:0.43435756, 0.00177638, 0.42547564
INFO:root:0.43302856, 0.00151083, 0.42547439
INFO:root:0.43350855, 0.00160704, 0.42547337
INFO:root:0.43239004, 0.00138351, 0.42547250
INFO:root:0.43185020, 0.00127565, 0.42547197
INFO:root:0.43184068, 0.00127385, 0.42547145
INFO:root:0.43185818, 0.00127742, 0.42547110
INFO:root:0.43124358, 0.00115456, 0.42547076
INFO:root:0.43013302, 0.00093250, 0.42547050
INFO:root:0.43078828, 0.00106359, 0.42547030
INFO:root:0.43053324, 0.00101261, 0.42547018
INFO:root:0.42961068, 0.00082814, 0.42547000
INFO:root:0.43005402, 0.00091683, 0.42546988
INFO:root:0.42974936, 0.00085592, 0.42546977
INFO:root:0.42955012, 0.00081609, 0.42546969
INFO:root:0.43160315, 0.00122671, 0.42546960
INFO:root:0.42808603, 0.00052330, 0.42546955
INFO:root:0.42827389, 0.00056088, 0.42546948
INFO:root:0.42881837, 0.00066979, 0.42546944
INFO:root:0.42804616, 0.00051535, 0.42546939
INFO:root:0.42845046, 0.00059622, 0.42546936
INFO:root:0.42791071, 0.00048828, 0.42546932
INFO:root:0.42813118, 0.00053238, 0.42546929
INFO:root:0.42785130, 0.00047641, 0.42546926
INFO:root:0.42758533, 0.00042322, 0.42546925
INFO:root:0.42748783, 0.00040372, 0.42546922
INFO:root:0.42747976, 0.00040211, 0.42546921
INFO:root:0.42743247, 0.00039266, 0.42546919
INFO:root:0.42710645, 0.00032745, 0.42546917
INFO:root:0.42715581, 0.00033733, 0.42546916
INFO:root:0.42690827, 0.00028783, 0.42546914
INFO:root:0.42706496, 0.00031916, 0.42546914
INFO:root:0.42681034, 0.00026824, 0.42546913
INFO:root:0.42676558, 0.00025929, 0.42546912
INFO:root:0.42660579, 0.00022733, 0.42546912
INFO:root:0.42660005, 0.00022619, 0.42546910
INFO:root:0.42654364, 0.00021491, 0.42546910
INFO:root:0.42623266, 0.00015271, 0.42546910
INFO:root:0.42649896, 0.00020597, 0.42546909
INFO:root:0.43116989, 0.00114016, 0.42546909
INFO:root:0.42521367, -0.00005108, 0.42546908
INFO:root:0.42552447, 0.00001108, 0.42546908
INFO:root:0.42554878, 0.00001594, 0.42546908
INFO:root:0.42568216, 0.00004262, 0.42546907
INFO:root:0.42581289, 0.00006876, 0.42546907
INFO:root:0.42568498, 0.00004318, 0.42546907
INFO:root:0.42586737, 0.00007966, 0.42546907
INFO:root:0.44607547, 0.00412128, 0.42546906
INFO:root:0.42560642, 0.00002747, 0.42546906
INFO:root:0.42502461, -0.00008889, 0.42546906
INFO:root:0.42500983, -0.00009185, 0.42546906
INFO:root:0.42501113, -0.00009159, 0.42546906
INFO:root:0.42505683, -0.00008245, 0.42546906
INFO:root:0.42511202, -0.00007141, 0.42546906
INFO:root:0.42510639, -0.00007253, 0.42546905
INFO:root:0.42517196, -0.00005942, 0.42546906
INFO:root:0.42523701, -0.00004641, 0.42546906
INFO:root:0.42528411, -0.00003699, 0.42546905
INFO:root:0.42525986, -0.00004184, 0.42546906
INFO:root:0.42523873, -0.00004607, 0.42546905
INFO:root:0.42529567, -0.00003468, 0.42546905
INFO:root:0.42519742, -0.00005432, 0.42546905
INFO:root:0.42524466, -0.00004488, 0.42546905
INFO:root:0.42601174, 0.00010854, 0.42546905
INFO:root:0.42512340, -0.00006913, 0.42546905
INFO:root:0.42509364, -0.00007508, 0.42546905
INFO:root:0.42518603, -0.00005660, 0.42546905
INFO:root:0.42513322, -0.00006717, 0.42546905
INFO:root:0.42521704, -0.00005040, 0.42546905
INFO:root:0.42522989, -0.00004783, 0.42546905
INFO:root:0.42519105, -0.00005560, 0.42546905
INFO:root:0.42600055, 0.00010630, 0.42546905
INFO:root:0.42678016, 0.00026222, 0.42546905
INFO:root:0.42495947, -0.00010192, 0.42546905
INFO:root:0.42498251, -0.00009731, 0.42546905
INFO:root:0.42498801, -0.00009621, 0.42546905
INFO:root:0.42507644, -0.00007852, 0.42546905
INFO:root:0.42515622, -0.00006256, 0.42546905
INFO:root:0.42503714, -0.00008638, 0.42546905
INFO:root:0.42504775, -0.00008426, 0.42546904
INFO:root:0.42510764, -0.00007228, 0.42546905
INFO:root:0.42536359, -0.00002109, 0.42546904
INFO:root:0.42498859, -0.00009609, 0.42546905
INFO:root:0.42502086, -0.00008964, 0.42546905
INFO:root:0.42553299, 0.00001279, 0.42546905
INFO:root:0.42495978, -0.00010185, 0.42546905
INFO:root:0.45392562, 0.00569131, 0.42546905
INFO:root:0.42505680, -0.00008245, 0.42546905
INFO:root:0.42498710, -0.00009639, 0.42546905
INFO:root:0.42497324, -0.00009916, 0.42546905
INFO:root:0.42496201, -0.00010141, 0.42546905
INFO:root:0.42496008, -0.00010179, 0.42546905
INFO:root:0.42495802, -0.00010221, 0.42546905
INFO:root:0.42495662, -0.00010249, 0.42546905
INFO:root:0.42495820, -0.00010217, 0.42546905
INFO:root:0.42495877, -0.00010206, 0.42546904
INFO:root:0.42496157, -0.00010149, 0.42546905
INFO:root:0.42496794, -0.00010022, 0.42546905
INFO:root:0.42496748, -0.00010031, 0.42546905
INFO:root:0.42496213, -0.00010138, 0.42546904
INFO:root:0.42497257, -0.00009930, 0.42546905
INFO:root:0.42497375, -0.00009906, 0.42546905
INFO:root:0.42507545, -0.00007872, 0.42546905
INFO:root:0.42501044, -0.00009172, 0.42546904
INFO:root:0.42496945, -0.00009992, 0.42546904
INFO:root:0.42499363, -0.00009508, 0.42546905
INFO:root:0.42500522, -0.00009277, 0.42546905
INFO:root:0.42498774, -0.00009626, 0.42546905
INFO:root:0.42547080, 0.00000035, 0.42546904
INFO:root:0.42495758, -0.00010229, 0.42546904
INFO:root:0.42515013, -0.00006378, 0.42546905
INFO:root:0.42497226, -0.00009936, 0.42546905
INFO:root:0.42497075, -0.00009966, 0.42546904
INFO:root:0.42506049, -0.00008171, 0.42546905
INFO:root:0.42499316, -0.00009518, 0.42546905
INFO:root:0.42498126, -0.00009756, 0.42546904
INFO:root:0.42612104, 0.00013040, 0.42546905
INFO:root:0.42497793, -0.00009822, 0.42546904
INFO:root:0.42496332, -0.00010115, 0.42546905
INFO:root:0.42496415, -0.00010098, 0.42546905
INFO:root:0.42499112, -0.00009558, 0.42546905
INFO:root:0.42503395, -0.00008702, 0.42546904
INFO:root:0.42496838, -0.00010013, 0.42546905
INFO:root:0.42498445, -0.00009692, 0.42546905
INFO:root:0.42509756, -0.00007430, 0.42546904
INFO:root:0.42496802, -0.00010020, 0.42546904
INFO:root:0.42602518, 0.00011123, 0.42546904
INFO:root:0.42498245, -0.00009732, 0.42546904
INFO:root:0.42496983, -0.00009984, 0.42546905
INFO:root:0.42497001, -0.00009981, 0.42546904
INFO:root:0.42497156, -0.00009950, 0.42546904
INFO:root:0.42497712, -0.00009838, 0.42546904
INFO:root:0.42497876, -0.00009806, 0.42546904
INFO:root:0.42545606, -0.00000260, 0.42546904
INFO:root:0.42497680, -0.00009845, 0.42546904
INFO:root:0.42496990, -0.00009983, 0.42546904
INFO:root:0.42498786, -0.00009624, 0.42546904
INFO:root:0.42496900, -0.00010001, 0.42546904
INFO:root:0.42511264, -0.00007128, 0.42546904
INFO:root:Finished training.
INFO:root:Saved model to saves/v1/vrnn_state_dict_v1_beta=5.0_149.pth
