Tue Apr 26 16:03:23 2022       
+-----------------------------------------------------------------------------+
| NVIDIA-SMI 470.103.01   Driver Version: 470.103.01   CUDA Version: 11.4     |
|-------------------------------+----------------------+----------------------+
| GPU  Name        Persistence-M| Bus-Id        Disp.A | Volatile Uncorr. ECC |
| Fan  Temp  Perf  Pwr:Usage/Cap|         Memory-Usage | GPU-Util  Compute M. |
|                               |                      |               MIG M. |
|===============================+======================+======================|
|   0  Tesla T4            On   | 00000000:00:06.0 Off |                    0 |
| N/A   38C    P8     9W /  70W |      0MiB / 15109MiB |      0%      Default |
|                               |                      |                  N/A |
+-------------------------------+----------------------+----------------------+
                                                                               
+-----------------------------------------------------------------------------+
| Processes:                                                                  |
|  GPU   GI   CI        PID   Type   Process name                  GPU Memory |
|        ID   ID                                                   Usage      |
|=============================================================================|
|  No running processes found                                                 |
+-----------------------------------------------------------------------------+
 16:03:23 up 43 days,  1:20,  2 users,  load average: 1.29, 1.52, 1.58
usage: main.py [-h] [--epochs EPOCHS] [--model MODEL] [--version VERSION]
               [--xdim XDIM] [--hdim HDIM] [--zdim ZDIM] [--nlayers NLAYERS]
               [--clip CLIP] [--beta BETA] [--save_every SAVE_EVERY]
               [--learning_rate LEARNING_RATE] [--batch_size BATCH_SIZE]
main.py: error: unrecognized arguments: -epochs 100
