INFO:root:Namespace(batch_size=52, beta_end=0.001, beta_start=0, clip=10, device=device(type='cuda'), epochs=1000, learning_rate=1e-06, model='cdna', save_every=25, stage=3)
INFO:root:State Dictionary Path (Stochastic) is: saves/sv2p/stage2/sv2p_state_dict_99.pth
INFO:root:Starting SV2P training on Stage 3 for 1000 epochs.
INFO:root:Train Loss, KLD, MSE
INFO:root:183.51526168, 10.75648467, 183.51525756, 0.00000100
INFO:root:182.06171575, 9.77173997, 182.06170058, 0.00000200
INFO:root:181.31372026, 9.21221169, 181.31369711, 0.00000300
INFO:root:180.72527480, 8.75541551, 180.72524446, 0.00000400
INFO:root:180.58948324, 8.36223687, 180.58944650, 0.00000500
INFO:root:180.01155608, 8.01136528, 180.01151056, 0.00000600
INFO:root:179.78734966, 7.69255732, 179.78730362, 0.00000700
INFO:root:179.71395848, 7.40390862, 179.71389893, 0.00000800
INFO:root:179.60649749, 7.13894807, 179.60643681, 0.00000900
INFO:root:179.31263294, 6.89005165, 179.31257173, 0.00001000
INFO:root:179.08288618, 6.65828007, 179.08281304, 0.00001100
INFO:root:178.94835075, 6.44317040, 178.94827490, 0.00001200
INFO:root:178.86457693, 6.24174509, 178.86450108, 0.00001300
INFO:root:178.69851439, 6.05366615, 178.69843678, 0.00001400
INFO:root:178.34638468, 5.87566310, 178.34629594, 0.00001500
INFO:root:178.50170583, 5.70720959, 178.50161480, 0.00001600
INFO:root:178.21942454, 5.54655988, 178.21933352, 0.00001700
INFO:root:178.15913216, 5.39499203, 178.15904113, 0.00001800
INFO:root:178.02241595, 5.25038541, 178.02232273, 0.00001900
INFO:root:177.87883627, 5.11372830, 177.87873393, 0.00002000
INFO:root:177.95660576, 4.98224085, 177.95649956, 0.00002100
INFO:root:177.83890867, 4.85641647, 177.83880238, 0.00002200
INFO:root:177.48219282, 4.73584950, 177.48208653, 0.00002300
INFO:root:177.50050082, 4.62058914, 177.50039454, 0.00002400
INFO:root:177.56812146, 4.50928460, 177.56801482, 0.00002500
INFO:root:177.36527805, 4.40313889, 177.36516878, 0.00002600
INFO:root:177.45023530, 4.30227310, 177.45012112, 0.00002700
INFO:root:177.37586019, 4.20458991, 177.37574075, 0.00002800
INFO:root:177.19163925, 4.11186891, 177.19151850, 0.00002900
INFO:root:177.26133281, 4.02372925, 177.26121144, 0.00003000
INFO:root:177.20255683, 3.93852135, 177.20243537, 0.00003100
INFO:root:177.12947644, 3.85607215, 177.12935498, 0.00003200
INFO:root:177.23916880, 3.77807778, 177.23904735, 0.00003300
INFO:root:177.04293911, 3.70179190, 177.04281757, 0.00003400
INFO:root:177.08494147, 3.63010904, 177.08481984, 0.00003500
INFO:root:176.96555513, 3.55886108, 176.96543244, 0.00003600
INFO:root:176.82595036, 3.49134456, 176.82582540, 0.00003700
INFO:root:176.93058452, 3.42642596, 176.93045693, 0.00003800
INFO:root:177.05897934, 3.36427059, 177.05884929, 0.00003900
INFO:root:176.81611274, 3.30235335, 176.81598041, 0.00004000
INFO:root:176.84787540, 3.24475354, 176.84774017, 0.00004100
INFO:root:176.57141105, 3.18929823, 176.57127547, 0.00004200
INFO:root:176.69906844, 3.13492087, 176.69893252, 0.00004300
INFO:root:176.80114904, 3.08232665, 176.80101276, 0.00004400
INFO:root:176.77624029, 3.03155159, 176.77610367, 0.00004500
INFO:root:176.71977892, 2.98274486, 176.71964238, 0.00004600
INFO:root:176.76066493, 2.93448244, 176.76052830, 0.00004700
INFO:root:176.59817259, 2.88778047, 176.59803597, 0.00004800
INFO:root:176.50882090, 2.84232925, 176.50868409, 0.00004900
INFO:root:176.46086875, 2.79913755, 176.46073194, 0.00005000
INFO:root:176.73222430, 2.75488013, 176.73208741, 0.00005100
INFO:root:176.49290133, 2.71313764, 176.49276418, 0.00005200
INFO:root:176.55744583, 2.67214706, 176.55730877, 0.00005300
INFO:root:176.27488410, 2.63262268, 176.27474669, 0.00005400
INFO:root:176.38094961, 2.59265800, 176.38081158, 0.00005500
INFO:root:176.55151902, 2.55459158, 176.55137994, 0.00005600
INFO:root:176.53177152, 2.51615137, 176.53163165, 0.00005700
INFO:root:176.32853085, 2.47962582, 176.32839045, 0.00005800
INFO:root:176.33431279, 2.44365771, 176.33417187, 0.00005900
INFO:root:176.23787856, 2.40795689, 176.23773676, 0.00006000
INFO:root:176.38117884, 2.37317763, 176.38103678, 0.00006100
INFO:root:176.29724945, 2.33827877, 176.29710651, 0.00006200
INFO:root:176.29384692, 2.30556843, 176.29370310, 0.00006300
INFO:root:176.16787194, 2.27295899, 176.16772777, 0.00006400
INFO:root:176.33763552, 2.24038904, 176.33749048, 0.00006500
INFO:root:176.06431571, 2.20880598, 176.06417031, 0.00006600
INFO:root:176.10058559, 2.17761317, 176.10044010, 0.00006700
INFO:root:176.09833834, 2.14616942, 176.09819303, 0.00006800
INFO:root:176.33181386, 2.11691647, 176.33166776, 0.00006900
INFO:root:176.08607465, 2.08770063, 176.08592820, 0.00007000
INFO:root:176.12427670, 2.05769792, 176.12413078, 0.00007100
INFO:root:176.07033092, 2.02909852, 176.07018490, 0.00007200
INFO:root:175.90259157, 2.00122554, 175.90244530, 0.00007300
INFO:root:176.02680741, 1.97319130, 176.02666114, 0.00007400
INFO:root:175.93320421, 1.94516892, 175.93305794, 0.00007500
INFO:root:176.00759344, 1.91855257, 176.00744734, 0.00007600
INFO:root:175.84586966, 1.89166344, 175.84572461, 0.00007700
INFO:root:176.05332806, 1.86508736, 176.05318276, 0.00007800
INFO:root:175.99312118, 1.83870491, 175.99297675, 0.00007900
INFO:root:175.99545420, 1.81373428, 175.99531055, 0.00008000
INFO:root:176.09121152, 1.78801126, 176.09106761, 0.00008100
INFO:root:175.95612230, 1.76271305, 175.95597980, 0.00008200
INFO:root:175.75747689, 1.73735752, 175.75733483, 0.00008300
INFO:root:175.76440324, 1.71295509, 175.76426179, 0.00008400
INFO:root:175.92477452, 1.68937276, 175.92463395, 0.00008500
INFO:root:175.99422078, 1.66491704, 175.99408099, 0.00008600
INFO:root:175.94930364, 1.64211829, 175.94916412, 0.00008700
INFO:root:175.74732392, 1.61836734, 175.74718484, 0.00008800
INFO:root:175.97774856, 1.59504876, 175.97761080, 0.00008900
INFO:root:175.70391188, 1.57238812, 175.70377402, 0.00009000
INFO:root:175.83773777, 1.54925823, 175.83760044, 0.00009100
INFO:root:175.64756915, 1.52762170, 175.64743209, 0.00009200
INFO:root:175.83799226, 1.50446579, 175.83785528, 0.00009300
INFO:root:176.06997698, 1.48331223, 176.06984027, 0.00009400
INFO:root:175.69752231, 1.46104491, 175.69738568, 0.00009500
INFO:root:175.76102386, 1.44042564, 175.76088723, 0.00009600
INFO:root:175.92599408, 1.41854614, 175.92585746, 0.00009700
INFO:root:175.83712707, 1.39776168, 175.83699044, 0.00009800
INFO:root:175.76798029, 1.37638597, 175.76784366, 0.00009900
INFO:root:175.62056566, 1.35629255, 175.62042903, 0.00010000
INFO:root:175.45798383, 1.33563984, 175.45784738, 0.00010100
INFO:root:175.86367403, 1.31553177, 175.86353767, 0.00010200
INFO:root:175.73983537, 1.29629622, 175.73969900, 0.00010300
INFO:root:175.95880811, 1.27577413, 175.95867236, 0.00010400
INFO:root:175.74361727, 1.25651265, 175.74348239, 0.00010500
INFO:root:175.84293646, 1.23671475, 175.84280466, 0.00010600
INFO:root:175.88779327, 1.21780817, 175.88766260, 0.00010700
INFO:root:175.89168057, 1.19855517, 175.89155175, 0.00010800
INFO:root:175.43469076, 1.17997096, 175.43456431, 0.00010900
INFO:root:175.61445644, 1.16083292, 175.61433235, 0.00011000
INFO:root:175.72150684, 1.14205759, 175.72138416, 0.00011100
INFO:root:175.78259365, 1.12383127, 175.78247140, 0.00011200
INFO:root:175.68296665, 1.10565292, 175.68284493, 0.00011300
INFO:root:175.80735524, 1.08778142, 175.80723361, 0.00011400
INFO:root:175.69832944, 1.07018490, 175.69820799, 0.00011500
INFO:root:176.00308473, 1.05244851, 176.00296327, 0.00011600
INFO:root:175.61059825, 1.03519628, 175.61047679, 0.00011700
INFO:root:175.59287016, 1.01799744, 175.59274871, 0.00011800
INFO:root:175.54692814, 1.00081731, 175.54680686, 0.00011900
INFO:root:175.71345108, 0.98445562, 175.71332997, 0.00012000
INFO:root:175.63063646, 0.96722797, 175.63051640, 0.00012100
INFO:root:175.53535391, 0.95094032, 175.53523544, 0.00012200
INFO:root:175.75042698, 0.93522738, 175.75031070, 0.00012300
INFO:root:175.96702760, 0.91890842, 175.96691500, 0.00012400
INFO:root:175.53371166, 0.90302650, 175.53360213, 0.00012500
INFO:root:175.45668959, 0.88662383, 175.45658155, 0.00012600
INFO:root:175.66777030, 0.87189319, 175.66766340, 0.00012700
INFO:root:175.55132487, 0.85599578, 175.55121849, 0.00012800
INFO:root:175.69649058, 0.84085893, 175.69638430, 0.00012900
INFO:root:175.39657260, 0.82598272, 175.39646631, 0.00013000
INFO:root:175.60956652, 0.81168204, 175.60946024, 0.00013100
INFO:root:175.43951258, 0.79735206, 175.43940630, 0.00013200
INFO:root:175.51910471, 0.78221968, 175.51899842, 0.00013300
INFO:root:175.52358114, 0.76782924, 175.52347512, 0.00013400
INFO:root:175.56747542, 0.75414564, 175.56737027, 0.00013500
INFO:root:175.35400268, 0.73984446, 175.35389955, 0.00013600
INFO:root:175.53959279, 0.72623767, 175.53949255, 0.00013700
INFO:root:175.62316500, 0.71211558, 175.62306871, 0.00013800
INFO:root:175.48655490, 0.69880343, 175.48646203, 0.00013900
INFO:root:175.44166337, 0.68580415, 175.44157129, 0.00014000
INFO:root:175.47195470, 0.67301359, 175.47186323, 0.00014100
INFO:root:175.21872737, 0.65945810, 175.21863626, 0.00014200
INFO:root:175.58195329, 0.64707960, 175.58186226, 0.00014300
INFO:root:175.41606289, 0.63444768, 175.41597187, 0.00014400
INFO:root:175.52676471, 0.62207914, 175.52667368, 0.00014500
INFO:root:175.14370377, 0.60945521, 175.14361270, 0.00014600
INFO:root:175.20394213, 0.59804722, 175.20385102, 0.00014700
INFO:root:175.31439551, 0.58533851, 175.31430492, 0.00014800
INFO:root:175.25763545, 0.57403821, 175.25754644, 0.00014900
INFO:root:175.44929803, 0.56263387, 175.44921270, 0.00015000
INFO:root:175.72480686, 0.55139111, 175.72472531, 0.00015100
INFO:root:175.23429730, 0.54012807, 175.23421934, 0.00015200
INFO:root:175.53323101, 0.52890132, 175.53315419, 0.00015300
INFO:root:175.43814306, 0.51760560, 175.43806721, 0.00015400
INFO:root:175.18045456, 0.50687209, 175.18037871, 0.00015500
INFO:root:175.46332725, 0.49669307, 175.46325140, 0.00015600
INFO:root:175.63917577, 0.48590998, 175.63909991, 0.00015700
INFO:root:175.36928023, 0.47609272, 175.36920438, 0.00015800
INFO:root:175.59448768, 0.46562383, 175.59441183, 0.00015900
INFO:root:175.20482960, 0.45572992, 175.20475374, 0.00016000
INFO:root:175.53243071, 0.44606735, 175.53235521, 0.00016100
INFO:root:175.14293188, 0.43671084, 175.14285743, 0.00016200
INFO:root:175.48612345, 0.42689932, 175.48605154, 0.00016300
INFO:root:175.45244081, 0.41776056, 175.45237232, 0.00016400
INFO:root:175.39438813, 0.40872267, 175.39432412, 0.00016500
INFO:root:175.18137667, 0.39971243, 175.18131475, 0.00016600
INFO:root:175.27189242, 0.39105273, 175.27183156, 0.00016700
INFO:root:175.26758207, 0.38225142, 175.26752139, 0.00016800
INFO:root:175.41736857, 0.37373161, 175.41730789, 0.00016900
INFO:root:175.37635102, 0.36539820, 175.37629033, 0.00017000
INFO:root:175.31010358, 0.35698763, 175.31004290, 0.00017100
INFO:root:175.20328916, 0.34895709, 175.20322848, 0.00017200
INFO:root:175.38455788, 0.34081395, 175.38449719, 0.00017300
INFO:root:175.29285887, 0.33320962, 175.29279818, 0.00017400
INFO:root:175.22052739, 0.32583194, 175.22046670, 0.00017500
INFO:root:175.41177596, 0.31843240, 175.41171545, 0.00017600
INFO:root:175.18799968, 0.31066638, 175.18794022, 0.00017700
INFO:root:175.33916009, 0.30359837, 175.33910387, 0.00017800
INFO:root:175.34810375, 0.29675160, 175.34805140, 0.00017900
INFO:root:175.26635532, 0.28947645, 175.26630752, 0.00018000
INFO:root:175.20621640, 0.28298124, 175.20616965, 0.00018100
INFO:root:175.31091466, 0.27654602, 175.31086898, 0.00018200
INFO:root:175.11052186, 0.26985029, 175.11047635, 0.00018300
INFO:root:175.41081062, 0.26341100, 175.41076511, 0.00018400
INFO:root:175.43356893, 0.25757298, 175.43352342, 0.00018500
INFO:root:175.32451849, 0.25094117, 175.32447298, 0.00018600
INFO:root:175.43783411, 0.24519550, 175.43778860, 0.00018700
INFO:root:175.15742317, 0.23949202, 175.15737766, 0.00018800
INFO:root:175.31171382, 0.23331781, 175.31166831, 0.00018900
INFO:root:175.56042138, 0.22823239, 175.56037587, 0.00019000
INFO:root:175.34979187, 0.22256814, 175.34974635, 0.00019100
INFO:root:175.41589434, 0.21736588, 175.41584883, 0.00019200
INFO:root:175.12662339, 0.21229551, 175.12657788, 0.00019300
INFO:root:175.37553572, 0.20722812, 175.37549091, 0.00019400
INFO:root:175.29818805, 0.20176634, 175.29814437, 0.00019500
INFO:root:175.27442073, 0.19743834, 175.27437934, 0.00019600
INFO:root:175.43215109, 0.19255377, 175.43211391, 0.00019700
INFO:root:175.35735891, 0.18811860, 175.35732524, 0.00019800
INFO:root:175.49297140, 0.18361997, 175.49293939, 0.00019900
INFO:root:175.24179139, 0.17934212, 175.24176060, 0.00020000
INFO:root:175.21093934, 0.17481839, 175.21090882, 0.00020100
INFO:root:175.32962475, 0.17073555, 175.32959440, 0.00020200
INFO:root:175.15837965, 0.16641295, 175.15834931, 0.00020300
INFO:root:175.41899960, 0.16298961, 175.41896925, 0.00020400
INFO:root:175.31865824, 0.15912432, 175.31862789, 0.00020500
INFO:root:175.43407896, 0.15539903, 175.43404862, 0.00020600
INFO:root:175.18099099, 0.15153851, 175.18096064, 0.00020700
INFO:root:175.54883803, 0.14788286, 175.54880769, 0.00020800
INFO:root:175.25407848, 0.14452927, 175.25404814, 0.00020900
INFO:root:175.42928305, 0.14110644, 175.42925271, 0.00021000
INFO:root:175.37489512, 0.13784853, 175.37486478, 0.00021100
INFO:root:175.31069683, 0.13495516, 175.31066649, 0.00021200
INFO:root:175.68364005, 0.13177046, 175.68360971, 0.00021300
INFO:root:175.69062481, 0.12900630, 175.69059446, 0.00021400
INFO:root:175.37615923, 0.12590812, 175.37612889, 0.00021500
INFO:root:175.66140914, 0.12315315, 175.66137879, 0.00021600
INFO:root:175.52351344, 0.12049844, 175.52348310, 0.00021700
INFO:root:175.35621108, 0.11787156, 175.35618074, 0.00021800
INFO:root:175.45539961, 0.11536555, 175.45536927, 0.00021900
INFO:root:175.35412326, 0.11278416, 175.35409309, 0.00022000
INFO:root:175.53264837, 0.11050939, 175.53261899, 0.00022100
INFO:root:175.37373940, 0.10814691, 175.37371037, 0.00022200
INFO:root:175.27405741, 0.10603450, 175.27402944, 0.00022300
INFO:root:175.53973362, 0.10394742, 175.53970828, 0.00022400
INFO:root:175.29887548, 0.10160790, 175.29885268, 0.00022500
INFO:root:175.41225135, 0.09965078, 175.41223083, 0.00022600
INFO:root:175.65076499, 0.09765176, 175.65074666, 0.00022700
INFO:root:175.78014277, 0.09608759, 175.78012602, 0.00022800
INFO:root:175.43984468, 0.09397566, 175.43982811, 0.00022900
INFO:root:175.56718419, 0.09200144, 175.56716875, 0.00023000
INFO:root:175.34312413, 0.09054888, 175.34310843, 0.00023100
INFO:root:175.37559501, 0.08892512, 175.37557948, 0.00023200
INFO:root:175.52858778, 0.08735324, 175.52857252, 0.00023300
INFO:root:175.23351647, 0.08602736, 175.23350122, 0.00023400
INFO:root:175.16129939, 0.08442797, 175.16128422, 0.00023500
INFO:root:175.08424277, 0.08301568, 175.08422759, 0.00023600
INFO:root:175.29211180, 0.08140651, 175.29209663, 0.00023700
INFO:root:175.75634248, 0.07994463, 175.75632731, 0.00023800
INFO:root:175.34878935, 0.07871041, 175.34877418, 0.00023900
INFO:root:175.43717562, 0.07745532, 175.43716045, 0.00024000
INFO:root:175.37464536, 0.07643183, 175.37463019, 0.00024100
INFO:root:175.50787468, 0.07506859, 175.50785950, 0.00024200
INFO:root:175.40239137, 0.07413978, 175.40237620, 0.00024300
INFO:root:175.43386078, 0.07278411, 175.43384561, 0.00024400
INFO:root:175.36194084, 0.07189787, 175.36192567, 0.00024500
INFO:root:175.36847652, 0.07065199, 175.36846135, 0.00024600
INFO:root:175.35035969, 0.06959673, 175.35034452, 0.00024700
INFO:root:175.46163949, 0.06886785, 175.46162432, 0.00024800
INFO:root:175.25973993, 0.06781487, 175.25972476, 0.00024900
INFO:root:175.38079948, 0.06684817, 175.38078431, 0.00025000
INFO:root:175.42079619, 0.06588491, 175.42078101, 0.00025100
INFO:root:175.38906106, 0.06500095, 175.38904589, 0.00025200
INFO:root:175.42163358, 0.06421981, 175.42161841, 0.00025300
INFO:root:175.58800892, 0.06331675, 175.58799375, 0.00025400
INFO:root:175.41333332, 0.06217242, 175.41331815, 0.00025500
INFO:root:175.40282291, 0.06164812, 175.40280774, 0.00025600
INFO:root:175.35660465, 0.06081033, 175.35658948, 0.00025700
INFO:root:175.40142077, 0.06004771, 175.40140560, 0.00025800
INFO:root:175.57711625, 0.05924360, 175.57710108, 0.00025900
INFO:root:175.52735112, 0.05846439, 175.52733595, 0.00026000
INFO:root:175.18252230, 0.05761739, 175.18250713, 0.00026100
INFO:root:175.41294528, 0.05714284, 175.41293010, 0.00026200
INFO:root:175.28803008, 0.05621077, 175.28801491, 0.00026300
INFO:root:175.46045983, 0.05557217, 175.46044466, 0.00026400
INFO:root:175.21255923, 0.05489906, 175.21254406, 0.00026500
INFO:root:175.14396089, 0.05430940, 175.14394572, 0.00026600
INFO:root:175.50757029, 0.05344122, 175.50755512, 0.00026700
INFO:root:175.55991898, 0.05301619, 175.55990381, 0.00026800
INFO:root:175.23644020, 0.05245247, 175.23642503, 0.00026900
INFO:root:175.47308727, 0.05166963, 175.47307210, 0.00027000
INFO:root:175.50863560, 0.05091147, 175.50862043, 0.00027100
INFO:root:175.25559936, 0.05052688, 175.25558419, 0.00027200
INFO:root:175.25768806, 0.04984684, 175.25767289, 0.00027300
INFO:root:175.24735698, 0.04935622, 175.24734181, 0.00027400
INFO:root:175.28607590, 0.04853727, 175.28606073, 0.00027500
INFO:root:175.41800164, 0.04811105, 175.41798646, 0.00027600
INFO:root:175.17948922, 0.04754397, 175.17947405, 0.00027700
INFO:root:175.30109765, 0.04704719, 175.30108248, 0.00027800
INFO:root:175.22030394, 0.04643979, 175.22028877, 0.00027900
INFO:root:175.24704436, 0.04604080, 175.24702918, 0.00028000
INFO:root:175.36405436, 0.04537250, 175.36403919, 0.00028100
INFO:root:175.25084081, 0.04493890, 175.25082564, 0.00028200
INFO:root:175.30034751, 0.04442344, 175.30033234, 0.00028300
INFO:root:175.59335301, 0.04397667, 175.59333784, 0.00028400
INFO:root:175.21444167, 0.04344358, 175.21442650, 0.00028500
INFO:root:175.42594840, 0.04298960, 175.42593322, 0.00028600
INFO:root:175.19466321, 0.04245695, 175.19464804, 0.00028700
INFO:root:175.22542063, 0.04190248, 175.22540546, 0.00028800
INFO:root:175.19925392, 0.04164810, 175.19923874, 0.00028900
INFO:root:175.18288623, 0.04111962, 175.18287106, 0.00029000
INFO:root:175.13877448, 0.04068667, 175.13875931, 0.00029100
INFO:root:175.23516793, 0.04015176, 175.23515276, 0.00029200
INFO:root:175.06244817, 0.03981331, 175.06243300, 0.00029300
INFO:root:175.07253774, 0.03943712, 175.07252257, 0.00029400
INFO:root:175.04526651, 0.03904681, 175.04525134, 0.00029500
INFO:root:175.21896231, 0.03874200, 175.21894714, 0.00029600
INFO:root:175.32241453, 0.03814446, 175.32239936, 0.00029700
INFO:root:175.26899474, 0.03778963, 175.26897957, 0.00029800
INFO:root:175.26689490, 0.03741566, 175.26687973, 0.00029900
INFO:root:175.12179644, 0.03703859, 175.12178127, 0.00030000
INFO:root:175.27505493, 0.03673087, 175.27503976, 0.00030100
INFO:root:175.49049614, 0.03615787, 175.49048097, 0.00030200
INFO:root:175.41999580, 0.03583386, 175.41998063, 0.00030300
INFO:root:175.24119884, 0.03550935, 175.24118366, 0.00030400
INFO:root:175.29327498, 0.03524273, 175.29325981, 0.00030500
INFO:root:175.09070833, 0.03470062, 175.09069316, 0.00030600
INFO:root:175.10210147, 0.03459807, 175.10208630, 0.00030700
INFO:root:175.19755773, 0.03423576, 175.19754256, 0.00030800
INFO:root:175.37000994, 0.03364651, 175.36999477, 0.00030900
INFO:root:175.11004954, 0.03338359, 175.11003437, 0.00031000
INFO:root:175.27792534, 0.03304578, 175.27791017, 0.00031100
INFO:root:175.00579474, 0.03287611, 175.00577957, 0.00031200
INFO:root:175.29085006, 0.03245976, 175.29083489, 0.00031300
INFO:root:175.29186275, 0.03214717, 175.29184758, 0.00031400
INFO:root:175.40579452, 0.03187021, 175.40577935, 0.00031500
INFO:root:175.04342739, 0.03172707, 175.04341222, 0.00031600
INFO:root:175.16859699, 0.03134364, 175.16858182, 0.00031700
INFO:root:175.21862205, 0.03108514, 175.21860688, 0.00031800
INFO:root:175.41853543, 0.03071532, 175.41852026, 0.00031900
INFO:root:175.09073192, 0.03027343, 175.09071675, 0.00032000
INFO:root:175.26030986, 0.03020806, 175.26029468, 0.00032100
INFO:root:175.13139624, 0.02979483, 175.13138107, 0.00032200
INFO:root:175.42220526, 0.02968325, 175.42219009, 0.00032300
INFO:root:175.07258922, 0.02925417, 175.07257405, 0.00032400
INFO:root:175.34049847, 0.02898539, 175.34048330, 0.00032500
INFO:root:175.17139619, 0.02886590, 175.17138102, 0.00032600
INFO:root:175.30583112, 0.02863325, 175.30581595, 0.00032700
INFO:root:175.34998251, 0.02822740, 175.34996734, 0.00032800
INFO:root:175.25789642, 0.02810473, 175.25788125, 0.00032900
INFO:root:175.14659303, 0.02783910, 175.14657786, 0.00033000
INFO:root:175.32003118, 0.02754994, 175.32001601, 0.00033100
INFO:root:175.28549861, 0.02734395, 175.28548344, 0.00033200
INFO:root:175.24496311, 0.02702188, 175.24494794, 0.00033300
INFO:root:175.45311649, 0.02677378, 175.45310132, 0.00033400
INFO:root:175.25534400, 0.02665960, 175.25532883, 0.00033500
INFO:root:175.30025964, 0.02647198, 175.30024447, 0.00033600
INFO:root:175.37627507, 0.02608870, 175.37625990, 0.00033700
INFO:root:175.26166727, 0.02590112, 175.26165228, 0.00033800
INFO:root:175.45271705, 0.02570932, 175.45270188, 0.00033900
INFO:root:175.25451257, 0.02551214, 175.25449757, 0.00034000
INFO:root:175.34399923, 0.02523293, 175.34398423, 0.00034100
INFO:root:175.23541514, 0.02527411, 175.23540015, 0.00034200
INFO:root:175.24294018, 0.02479261, 175.24292518, 0.00034300
INFO:root:174.97816564, 0.02470421, 174.97815064, 0.00034400
INFO:root:175.32531756, 0.02442378, 175.32530291, 0.00034500
INFO:root:175.36166531, 0.02423258, 175.36165102, 0.00034600
INFO:root:175.34858283, 0.02403132, 175.34856801, 0.00034700
INFO:root:175.41422544, 0.02378197, 175.41421114, 0.00034800
INFO:root:175.33208343, 0.02368165, 175.33206896, 0.00034900
INFO:root:175.30220470, 0.02368511, 175.30219093, 0.00035000
INFO:root:175.33311839, 0.02321703, 175.33310454, 0.00035100
INFO:root:175.19127673, 0.02300672, 175.19126331, 0.00035200
INFO:root:175.26521994, 0.02289742, 175.26520679, 0.00035300
INFO:root:175.42954193, 0.02279274, 175.42952912, 0.00035400
INFO:root:175.23662164, 0.02244223, 175.23660954, 0.00035500
INFO:root:175.63780397, 0.02235908, 175.63779195, 0.00035600
INFO:root:175.39337877, 0.02202278, 175.39336807, 0.00035700
INFO:root:175.31700757, 0.02202162, 175.31699626, 0.00035800
INFO:root:175.46564177, 0.02182589, 175.46563177, 0.00035900
INFO:root:175.08041062, 0.02170137, 175.08040044, 0.00036000
INFO:root:175.09278685, 0.02145842, 175.09277738, 0.00036100
INFO:root:175.47812881, 0.02129056, 175.47812056, 0.00036200
INFO:root:175.14252910, 0.02114650, 175.14252147, 0.00036300
INFO:root:175.29919399, 0.02104243, 175.29918636, 0.00036400
INFO:root:175.51877164, 0.02080280, 175.51876463, 0.00036500
INFO:root:175.41545359, 0.02062274, 175.41544772, 0.00036600
INFO:root:175.13631623, 0.02055696, 175.13631018, 0.00036700
INFO:root:175.30465786, 0.02032431, 175.30465260, 0.00036800
INFO:root:175.22218165, 0.02020321, 175.22217639, 0.00036900
INFO:root:175.28644334, 0.02006912, 175.28643860, 0.00037000
INFO:root:175.28656611, 0.01981304, 175.28656234, 0.00037100
INFO:root:175.31651894, 0.01969065, 175.31651604, 0.00037200
INFO:root:175.27188987, 0.01954767, 175.27188672, 0.00037300
INFO:root:175.28943880, 0.01956244, 175.28943502, 0.00037400
INFO:root:175.33961943, 0.01924384, 175.33961715, 0.00037500
INFO:root:175.27806731, 0.01915694, 175.27806460, 0.00037600
INFO:root:175.42200768, 0.01907870, 175.42200531, 0.00037700
INFO:root:175.25288347, 0.01892378, 175.25288110, 0.00037800
INFO:root:175.39305352, 0.01878535, 175.39305159, 0.00037900
INFO:root:175.72664853, 0.01859007, 175.72664660, 0.00038000
INFO:root:175.50601117, 0.01837969, 175.50600995, 0.00038100
INFO:root:175.31236863, 0.01837887, 175.31236688, 0.00038200
INFO:root:175.54842061, 0.01821937, 175.54841912, 0.00038300
INFO:root:175.44398744, 0.01823957, 175.44398542, 0.00038400
INFO:root:175.47718197, 0.01798567, 175.47718127, 0.00038500
INFO:root:175.43966850, 0.01785298, 175.43966701, 0.00038600
INFO:root:175.50956709, 0.01769516, 175.50956630, 0.00038700
INFO:root:175.41213402, 0.01763617, 175.41213305, 0.00038800
INFO:root:175.46458005, 0.01750665, 175.46457926, 0.00038900
INFO:root:175.33622338, 0.01735815, 175.33622259, 0.00039000
INFO:root:175.19556550, 0.01723930, 175.19556506, 0.00039100
INFO:root:175.45559385, 0.01707424, 175.45559342, 0.00039200
INFO:root:175.52866548, 0.01699762, 175.52866495, 0.00039300
INFO:root:175.39853809, 0.01685731, 175.39853738, 0.00039400
INFO:root:175.52166704, 0.01684158, 175.52166652, 0.00039500
INFO:root:175.40208418, 0.01663611, 175.40208409, 0.00039600
INFO:root:175.29887908, 0.01663848, 175.29887855, 0.00039700
INFO:root:175.39673527, 0.01650962, 175.39673474, 0.00039800
INFO:root:175.40136789, 0.01626338, 175.40136763, 0.00039900
INFO:root:175.48102114, 0.01610202, 175.48102114, 0.00040000
INFO:root:175.38956829, 0.01619605, 175.38956785, 0.00040100
INFO:root:175.31151747, 0.01589274, 175.31151730, 0.00040200
INFO:root:175.70673116, 0.01587217, 175.70673081, 0.00040300
INFO:root:175.56109751, 0.01570629, 175.56109733, 0.00040400
INFO:root:175.40851181, 0.01567092, 175.40851146, 0.00040500
INFO:root:175.53529174, 0.01570162, 175.53529112, 0.00040600
INFO:root:175.29722183, 0.01546892, 175.29722174, 0.00040700
INFO:root:175.52610463, 0.01541126, 175.52610428, 0.00040800
INFO:root:175.34668469, 0.01533603, 175.34668460, 0.00040900
INFO:root:175.42607520, 0.01531484, 175.42607511, 0.00041000
INFO:root:175.43026900, 0.01508129, 175.43026900, 0.00041100
INFO:root:175.48162754, 0.01495874, 175.48162745, 0.00041200
INFO:root:175.17462465, 0.01483410, 175.17462448, 0.00041300
INFO:root:175.47664774, 0.01468570, 175.47664765, 0.00041400
INFO:root:175.27347556, 0.01473114, 175.27347530, 0.00041500
INFO:root:175.49923075, 0.01467477, 175.49923066, 0.00041600
INFO:root:175.23193359, 0.01459039, 175.23193359, 0.00041700
INFO:root:175.39630180, 0.01445907, 175.39630171, 0.00041800
INFO:root:175.44135670, 0.01434288, 175.44135670, 0.00041900
INFO:root:175.32237954, 0.01430683, 175.32237928, 0.00042000
INFO:root:175.32762742, 0.01412792, 175.32762742, 0.00042100
INFO:root:175.39412523, 0.01402550, 175.39412514, 0.00042200
INFO:root:175.33578640, 0.01402776, 175.33578632, 0.00042300
INFO:root:175.24339864, 0.01389138, 175.24339864, 0.00042400
INFO:root:175.33481387, 0.01376616, 175.33481387, 0.00042500
INFO:root:175.36498550, 0.01378801, 175.36498550, 0.00042600
INFO:root:175.46756744, 0.01367254, 175.46756736, 0.00042700
INFO:root:175.03145433, 0.01363411, 175.03145433, 0.00042800
INFO:root:175.37261761, 0.01353568, 175.37261761, 0.00042900
INFO:root:175.31716831, 0.01350203, 175.31716814, 0.00043000
INFO:root:175.29360813, 0.01335350, 175.29360813, 0.00043100
INFO:root:175.14055712, 0.01333735, 175.14055704, 0.00043200
INFO:root:175.44318486, 0.01318553, 175.44318486, 0.00043300
INFO:root:175.25271063, 0.01316553, 175.25271063, 0.00043400
INFO:root:175.22189848, 0.01307119, 175.22189848, 0.00043500
INFO:root:175.38883998, 0.01289413, 175.38883998, 0.00043600
INFO:root:175.37797853, 0.01278765, 175.37797853, 0.00043700
INFO:root:175.20265014, 0.01275487, 175.20265014, 0.00043800
INFO:root:175.32868160, 0.01267258, 175.32868160, 0.00043900
INFO:root:175.34481706, 0.01268458, 175.34481689, 0.00044000
INFO:root:175.29012869, 0.01252224, 175.29012869, 0.00044100
INFO:root:175.26922029, 0.01254070, 175.26922029, 0.00044200
INFO:root:175.42235135, 0.01250038, 175.42235135, 0.00044300
INFO:root:175.41940457, 0.01235793, 175.41940457, 0.00044400
INFO:root:175.23594613, 0.01230998, 175.23594613, 0.00044500
INFO:root:175.21025147, 0.01225582, 175.21025147, 0.00044600
INFO:root:175.22418757, 0.01215388, 175.22418748, 0.00044700
INFO:root:175.31841103, 0.01213777, 175.31841103, 0.00044800
INFO:root:175.31434552, 0.01205863, 175.31434552, 0.00044900
INFO:root:175.26647300, 0.01190058, 175.26647300, 0.00045000
INFO:root:175.49373995, 0.01191784, 175.49373995, 0.00045100
INFO:root:175.16801856, 0.01188622, 175.16801856, 0.00045200
INFO:root:175.18382325, 0.01183119, 175.18382325, 0.00045300
INFO:root:175.33220734, 0.01169876, 175.33220725, 0.00045400
INFO:root:175.53174407, 0.01160704, 175.53174407, 0.00045500
INFO:root:175.30405119, 0.01162289, 175.30405110, 0.00045600
INFO:root:175.35210436, 0.01150776, 175.35210436, 0.00045700
INFO:root:175.57587117, 0.01145322, 175.57587117, 0.00045800
INFO:root:175.06781734, 0.01136885, 175.06781734, 0.00045900
INFO:root:175.20741675, 0.01127158, 175.20741675, 0.00046000
INFO:root:175.13406600, 0.01123715, 175.13406600, 0.00046100
INFO:root:175.09780717, 0.01120727, 175.09780717, 0.00046200
INFO:root:174.94796814, 0.01110004, 174.94796814, 0.00046300
INFO:root:175.33376356, 0.01108505, 175.33376356, 0.00046400
INFO:root:175.19442416, 0.01103562, 175.19442416, 0.00046500
INFO:root:175.17741508, 0.01090813, 175.17741508, 0.00046600
INFO:root:175.34416883, 0.01090613, 175.34416883, 0.00046700
INFO:root:175.26294068, 0.01088425, 175.26294059, 0.00046800
INFO:root:175.22191594, 0.01085754, 175.22191594, 0.00046900
INFO:root:175.58581806, 0.01074917, 175.58581806, 0.00047000
INFO:root:175.14327179, 0.01077150, 175.14327179, 0.00047100
INFO:root:175.36771296, 0.01059671, 175.36771296, 0.00047200
INFO:root:175.16101776, 0.01054101, 175.16101776, 0.00047300
INFO:root:175.16877212, 0.01053641, 175.16877212, 0.00047400
INFO:root:175.08281909, 0.01049138, 175.08281909, 0.00047500
INFO:root:175.14776769, 0.01039831, 175.14776769, 0.00047600
INFO:root:175.38624108, 0.01034261, 175.38624108, 0.00047700
INFO:root:175.16193583, 0.01040428, 175.16193583, 0.00047800
INFO:root:175.20490388, 0.01028850, 175.20490388, 0.00047900
INFO:root:175.32017421, 0.01019833, 175.32017421, 0.00048000
INFO:root:175.34998856, 0.01020199, 175.34998856, 0.00048100
INFO:root:175.15574734, 0.01009589, 175.15574734, 0.00048200
INFO:root:175.03527183, 0.01001454, 175.03527183, 0.00048300
INFO:root:175.33938941, 0.00991470, 175.33938941, 0.00048400
INFO:root:175.27425411, 0.00994722, 175.27425411, 0.00048500
INFO:root:175.19481203, 0.00993192, 175.19481203, 0.00048600
INFO:root:175.36835603, 0.00983587, 175.36835603, 0.00048700
INFO:root:175.31183730, 0.00980163, 175.31183730, 0.00048800
INFO:root:175.16695378, 0.00979764, 175.16695378, 0.00048900
INFO:root:175.37604426, 0.00964433, 175.37604426, 0.00049000
INFO:root:175.23765389, 0.00966095, 175.23765389, 0.00049100
INFO:root:175.11045837, 0.00969910, 175.11045837, 0.00049200
INFO:root:175.28731055, 0.00954395, 175.28731055, 0.00049300
INFO:root:175.14250981, 0.00954586, 175.14250981, 0.00049400
INFO:root:175.27508098, 0.00948898, 175.27508098, 0.00049500
INFO:root:175.39455256, 0.00944481, 175.39455256, 0.00049600
INFO:root:175.22115984, 0.00941325, 175.22115984, 0.00049700
INFO:root:175.34499035, 0.00932292, 175.34499035, 0.00049800
INFO:root:175.36538863, 0.00924435, 175.36538863, 0.00049900
INFO:root:175.43246513, 0.00920003, 175.43246513, 0.00050000
INFO:root:175.23731416, 0.00915506, 175.23731416, 0.00050100
INFO:root:175.35238341, 0.00917086, 175.35238332, 0.00050200
INFO:root:175.17895350, 0.00911677, 175.17895350, 0.00050300
INFO:root:175.18674767, 0.00907358, 175.18674767, 0.00050400
INFO:root:175.01746956, 0.00909573, 175.01746956, 0.00050500
INFO:root:175.22724029, 0.00906620, 175.22724029, 0.00050600
INFO:root:174.91262291, 0.00889731, 174.91262291, 0.00050700
INFO:root:175.16755229, 0.00895866, 175.16755229, 0.00050800
INFO:root:175.34627954, 0.00890029, 175.34627954, 0.00050900
INFO:root:175.26330233, 0.00875825, 175.26330233, 0.00051000
INFO:root:175.21942849, 0.00888457, 175.21942849, 0.00051100
INFO:root:175.13728219, 0.00871278, 175.13728219, 0.00051200
INFO:root:175.17957306, 0.00867474, 175.17957306, 0.00051300
INFO:root:175.00728090, 0.00854819, 175.00728090, 0.00051400
INFO:root:175.40527607, 0.00858900, 175.40527607, 0.00051500
INFO:root:175.21402223, 0.00869025, 175.21402223, 0.00051600
INFO:root:175.04718079, 0.00854675, 175.04718079, 0.00051700
INFO:root:175.20485626, 0.00849488, 175.20485626, 0.00051800
INFO:root:175.05845467, 0.00844942, 175.05845467, 0.00051900
INFO:root:175.23907295, 0.00844405, 175.23907295, 0.00052000
INFO:root:175.00661784, 0.00841691, 175.00661784, 0.00052100
INFO:root:175.14116248, 0.00831636, 175.14116248, 0.00052200
INFO:root:175.12984028, 0.00831878, 175.12984028, 0.00052300
INFO:root:175.18832634, 0.00824855, 175.18832634, 0.00052400
INFO:root:175.43658588, 0.00819893, 175.43658588, 0.00052500
INFO:root:175.04428188, 0.00817177, 175.04428188, 0.00052600
INFO:root:175.25444197, 0.00816676, 175.25444197, 0.00052700
INFO:root:175.27509825, 0.00812518, 175.27509825, 0.00052800
INFO:root:175.42207915, 0.00811648, 175.42207915, 0.00052900
INFO:root:175.10251223, 0.00806536, 175.10251223, 0.00053000
INFO:root:175.47319224, 0.00803466, 175.47319224, 0.00053100
INFO:root:175.32014220, 0.00795642, 175.32014220, 0.00053200
INFO:root:174.97027939, 0.00793854, 174.97027939, 0.00053300
INFO:root:174.97950359, 0.00788982, 174.97950359, 0.00053400
INFO:root:175.08166416, 0.00795893, 175.08166416, 0.00053500
INFO:root:175.22806567, 0.00785130, 175.22806567, 0.00053600
INFO:root:175.34804360, 0.00774091, 175.34804360, 0.00053700
INFO:root:175.35884208, 0.00779449, 175.35884208, 0.00053800
INFO:root:175.17818451, 0.00770590, 175.17818451, 0.00053900
INFO:root:175.26250361, 0.00771162, 175.26250361, 0.00054000
INFO:root:175.13348345, 0.00771023, 175.13348345, 0.00054100
INFO:root:175.09608442, 0.00767551, 175.09608442, 0.00054200
INFO:root:175.35971753, 0.00761608, 175.35971753, 0.00054300
INFO:root:175.22740603, 0.00754958, 175.22740603, 0.00054400
INFO:root:175.12614800, 0.00754225, 175.12614800, 0.00054500
INFO:root:175.11779943, 0.00749689, 175.11779943, 0.00054600
INFO:root:175.42512223, 0.00755650, 175.42512223, 0.00054700
INFO:root:175.05609087, 0.00750704, 175.05609087, 0.00054800
INFO:root:175.11968687, 0.00743345, 175.11968687, 0.00054900
INFO:root:175.20226174, 0.00745671, 175.20226174, 0.00055000
INFO:root:175.29625000, 0.00736554, 175.29625000, 0.00055100
INFO:root:175.33698404, 0.00734838, 175.33698404, 0.00055200
INFO:root:175.50772744, 0.00734561, 175.50772744, 0.00055300
INFO:root:175.41712101, 0.00731450, 175.41712101, 0.00055400
INFO:root:175.21797987, 0.00727259, 175.21797987, 0.00055500
INFO:root:175.12719481, 0.00724856, 175.12719481, 0.00055600
INFO:root:175.24585364, 0.00716788, 175.24585364, 0.00055700
INFO:root:175.21395234, 0.00718695, 175.21395234, 0.00055800
INFO:root:175.20151818, 0.00714099, 175.20151818, 0.00055900
