INFO:root:Namespace(K=3, a_dim=2, batch_size=32, clip=150, device=device(type='cuda'), epochs=150, learning_rate=1e-05, model='KVAE', save_every=10, scale=0.1, subdirectory='finetuned3', x_dim=1, z_dim=4)
INFO:root:Loaded State Dict from saves/kvae/finetuned2/scale=0.5/kvae_state_dict_scale=0.5_40.pth.
INFO:root:Starting KVAE training for 150 epochs.
INFO:root:Train Loss, Reconstruction Loss, log q(a), ELBO_KF, MSE
INFO:root:654.25506769, 6809.86584040, 18.30210688, 45.03363488, 1850.28759852
INFO:root:653.84565877, 6805.67164471, 18.28429610, 45.00581391, 1848.63733300
INFO:root:653.97207366, 6806.91560353, 18.29234972, 45.01184964, 1849.51168672
INFO:root:654.32924013, 6810.45516297, 18.28144445, 44.99773235, 1851.61899561
INFO:root:653.89124816, 6806.48688740, 18.29050149, 45.04795174, 1850.74202690
INFO:root:654.10179277, 6808.54380852, 18.29394025, 45.04653976, 1851.70782947
INFO:root:654.11399185, 6808.46010985, 18.29579865, 45.02783112, 1851.84893366
INFO:root:654.01470521, 6807.57189335, 18.27732646, 45.01981969, 1851.68222977
INFO:root:653.87252053, 6805.99269310, 18.29562120, 45.02238039, 1851.11239170
INFO:root:654.00172831, 6807.52911334, 18.28503751, 45.03623058, 1851.51893778
INFO:root:653.92462322, 6806.77294576, 18.29880277, 45.05148563, 1851.08640370
INFO:root:653.88206672, 6806.33405537, 18.28783190, 45.03918321, 1851.05876127
INFO:root:653.82103759, 6805.80432042, 18.27023049, 45.02963861, 1850.31130960
INFO:root:654.12683442, 6808.63134073, 18.29408431, 45.03039733, 1851.43787400
INFO:root:653.82932344, 6805.75660565, 18.28444354, 45.03079350, 1850.63165283
INFO:root:653.93304373, 6806.76674874, 18.28537909, 45.02902314, 1850.95300986
INFO:root:654.14589162, 6808.86364486, 18.28516346, 45.02564747, 1851.21158421
INFO:root:654.09064835, 6807.91515680, 18.28430868, 44.98518783, 1850.86421626
INFO:root:653.85871769, 6806.18869127, 18.29589342, 45.05605819, 1850.43757272
INFO:root:653.94091632, 6806.60934037, 18.28083574, 45.00086826, 1850.71296724
INFO:root:653.80106660, 6805.36737796, 18.27912738, 45.01480938, 1850.32987381
INFO:root:653.95117713, 6806.54305013, 18.30183761, 45.00497907, 1850.56728282
INFO:root:653.95845621, 6807.15136892, 18.29459105, 45.05128388, 1850.79488595
INFO:root:653.86359579, 6805.89435291, 18.28093517, 45.00678783, 1849.98952706
INFO:root:654.01968770, 6807.69296113, 18.28379060, 45.03341093, 1850.70455695
INFO:root:654.05830287, 6808.28737603, 18.28786616, 45.05831064, 1850.98803235
INFO:root:653.91043160, 6806.28073228, 18.27930844, 44.99696335, 1850.27607457
INFO:root:653.88842481, 6806.41720862, 18.30232351, 45.05563236, 1850.30999366
INFO:root:653.87693984, 6806.32351403, 18.28193050, 45.03735403, 1849.94920836
INFO:root:653.99831586, 6807.62586055, 18.26970054, 45.03398126, 1850.04270383
INFO:root:654.08715906, 6808.30403473, 18.28456525, 45.02782187, 1849.86674597
INFO:root:653.87323706, 6806.19157767, 18.30136612, 45.04730122, 1849.14061721
INFO:root:654.01086408, 6807.17858108, 18.27824197, 44.98524872, 1849.85541810
INFO:root:653.88803643, 6806.26853045, 18.27831394, 45.01714113, 1849.79956141
INFO:root:653.94692342, 6806.97911126, 18.30642683, 45.05742782, 1850.04004512
INFO:root:653.79656494, 6805.34247735, 18.28289403, 45.02059018, 1849.54838703
INFO:root:654.09296903, 6808.39911625, 18.27539357, 45.02234651, 1850.47823209
INFO:root:654.01257066, 6807.53344207, 18.30050036, 45.04128616, 1849.97145200
INFO:root:654.07236960, 6808.03839068, 18.26660012, 44.99808401, 1850.05876647
INFO:root:653.89228326, 6806.40430380, 18.30093539, 45.04909572, 1849.28895082
INFO:root:653.98261990, 6807.29724208, 18.28279221, 45.02990854, 1849.82203750
INFO:root:653.95534668, 6807.12936856, 18.28868703, 45.04628785, 1849.78437058
INFO:root:653.78582014, 6805.37071455, 18.29567097, 45.04693444, 1849.03644751
INFO:root:653.84732606, 6805.78644794, 18.29866734, 45.02999652, 1849.21999711
INFO:root:654.09956573, 6808.55262183, 18.27642225, 45.03213299, 1850.03259883
INFO:root:654.02749952, 6807.50535551, 18.28607838, 45.00912698, 1849.55015705
INFO:root:653.99352995, 6807.29651312, 18.30257653, 45.03871046, 1849.40328006
INFO:root:653.81794544, 6805.50096271, 18.29105059, 45.02321229, 1849.04687846
INFO:root:653.97087793, 6806.98558705, 18.28586236, 45.01355637, 1849.69298451
INFO:root:654.04789988, 6807.75068913, 18.29889612, 45.02607473, 1849.35663837
INFO:root:654.01580238, 6807.37025051, 18.28430713, 45.00554196, 1849.47594349
INFO:root:653.89700309, 6806.37257418, 18.28739922, 45.02766978, 1849.23204744
INFO:root:653.86476159, 6806.09145058, 18.29090835, 45.03530568, 1849.13978652
INFO:root:654.07269331, 6808.04859957, 18.28035291, 45.01253189, 1849.76924599
INFO:root:654.14878257, 6808.95120650, 18.28519694, 45.03154861, 1850.03637739
INFO:root:654.11761384, 6808.31759405, 18.29193476, 45.00609382, 1849.68294184
INFO:root:653.97440293, 6807.05492645, 18.29341999, 45.02452138, 1849.01165728
INFO:root:653.94575426, 6806.97325362, 18.27483454, 45.02641652, 1848.87794224
INFO:root:653.88519829, 6806.45774982, 18.30779372, 45.06838447, 1848.82283572
INFO:root:653.93283926, 6806.82779428, 18.28382699, 45.03377863, 1849.07524293
INFO:root:654.24091990, 6809.78422817, 18.30040354, 45.03791769, 1849.81593961
INFO:root:654.09019498, 6808.38508768, 18.28086320, 45.02918870, 1849.11873286
INFO:root:654.06054336, 6807.98963008, 18.29064902, 45.02908005, 1849.42631628
INFO:root:653.81885250, 6805.79446822, 18.27884774, 45.03945438, 1848.81751873
INFO:root:653.89549344, 6806.27790475, 18.29842166, 45.03073367, 1848.74201565
INFO:root:654.12079845, 6808.25338507, 18.28216074, 44.98671390, 1849.49435923
INFO:root:654.18905931, 6809.07427243, 18.28299961, 45.00138206, 1849.64090637
INFO:root:654.17634092, 6808.92681668, 18.30586331, 45.02221554, 1849.39356075
INFO:root:654.06669721, 6808.05059079, 18.28407658, 45.02244918, 1849.10394504
INFO:root:653.99909577, 6806.97203984, 18.27542846, 44.97354771, 1848.43916916
INFO:root:654.01006495, 6807.44288321, 18.29213813, 45.02637087, 1848.69845776
INFO:root:653.97454866, 6806.98983440, 18.28884261, 45.01329063, 1848.53977934
INFO:root:653.78491990, 6805.01539817, 18.28434836, 45.00098046, 1848.09850425
INFO:root:654.10274181, 6808.45098661, 18.29204237, 45.03440959, 1849.09397206
INFO:root:654.37291269, 6811.13864937, 18.28008579, 45.02105171, 1849.74201002
INFO:root:653.88956744, 6806.13294583, 18.27573201, 44.99947064, 1848.19812748
INFO:root:653.71089713, 6804.65647683, 18.29477113, 45.04953166, 1847.49040146
INFO:root:654.06441463, 6808.04336699, 18.27260836, 45.01254378, 1848.61896185
INFO:root:653.94541143, 6807.01037684, 18.31393280, 45.06957140, 1848.40670019
INFO:root:653.88818882, 6806.20319945, 18.27089687, 45.00304198, 1848.33703570
INFO:root:653.89636655, 6806.33031361, 18.29467485, 45.03135397, 1848.23526282
INFO:root:653.86792879, 6806.07229506, 18.29005275, 45.02936506, 1848.26927629
INFO:root:653.95949032, 6807.14752847, 18.30513479, 45.06040735, 1848.26941394
INFO:root:653.87068121, 6806.15951387, 18.27101769, 45.01630095, 1848.16457199
INFO:root:653.82346416, 6805.79408556, 18.29441296, 45.05036968, 1847.81974544
INFO:root:654.27644800, 6810.05085224, 18.29090875, 45.01955952, 1849.07000516
INFO:root:654.02890576, 6807.77099263, 18.28927238, 45.03747863, 1848.39338933
INFO:root:653.90557534, 6806.21997590, 18.28640318, 45.00283838, 1847.91597017
INFO:root:654.04449661, 6807.97840135, 18.29617335, 45.04952632, 1848.48091677
INFO:root:654.06496857, 6808.04401284, 18.27683109, 45.01627550, 1848.42022272
INFO:root:654.07088123, 6808.37236986, 18.30230097, 45.06866894, 1848.52528371
INFO:root:653.94237863, 6806.76877805, 18.29943079, 45.03394168, 1848.04237312
INFO:root:653.89721874, 6806.34131725, 18.27980597, 45.01673229, 1847.82267253
INFO:root:654.17797731, 6808.93061904, 18.28560112, 45.00069532, 1848.29317869
INFO:root:653.96325242, 6807.21818900, 18.29404741, 45.05262689, 1847.30663024
INFO:root:653.89467733, 6806.43575639, 18.27885110, 45.02776063, 1847.25405213
INFO:root:653.86371794, 6805.92698118, 18.29023058, 45.01922356, 1847.24855810
INFO:root:653.91487495, 6806.62019510, 18.28560733, 45.03276554, 1847.53364249
INFO:root:654.01977814, 6807.32630693, 18.30132608, 45.01419052, 1847.88459248
INFO:root:654.10047176, 6808.40403196, 18.28568833, 45.02563121, 1848.28763791
INFO:root:653.86855803, 6805.72695555, 18.28769467, 44.99184483, 1847.32620780
INFO:root:654.05697603, 6808.08266325, 18.29284923, 45.04415295, 1848.00271498
INFO:root:654.19779969, 6809.17923904, 18.30023353, 45.02037004, 1848.11145452
INFO:root:654.19414718, 6809.43237478, 18.29342039, 45.04252725, 1848.49622967
INFO:root:653.98347709, 6807.04257051, 18.28245240, 45.00324603, 1847.52969945
INFO:root:654.00534096, 6807.59667622, 18.28997901, 45.04431698, 1847.60587176
INFO:root:653.96860469, 6807.06690665, 18.28467604, 45.02277312, 1847.51539774
INFO:root:654.03775413, 6807.80458880, 18.29049708, 45.03321331, 1847.79250601
INFO:root:653.77062163, 6804.89300754, 18.27859298, 44.99728289, 1846.80540867
INFO:root:653.87184327, 6806.22531582, 18.29304782, 45.04374706, 1847.32305432
INFO:root:653.83965700, 6805.83900917, 18.29122514, 45.03548066, 1846.84590355
INFO:root:653.98632716, 6807.26070756, 18.26855632, 45.00831257, 1847.40918748
INFO:root:654.05672856, 6807.81168966, 18.29709384, 45.02154751, 1847.79879090
INFO:root:654.04134688, 6807.84044458, 18.29586082, 45.03857152, 1847.22726375
INFO:root:653.92323799, 6806.52303060, 18.27621551, 45.00529266, 1846.71573547
INFO:root:654.18056367, 6809.09125665, 18.29650148, 45.02507307, 1847.81778192
INFO:root:654.04412914, 6807.76790538, 18.29057543, 45.02325086, 1847.49156027
INFO:root:654.03332105, 6807.53109590, 18.30163998, 45.02144004, 1847.49594744
INFO:root:654.00090250, 6807.26519213, 18.28231176, 45.00794219, 1847.05705705
INFO:root:653.90423083, 6806.77231549, 18.28546755, 45.05848101, 1846.82872843
INFO:root:654.04135632, 6807.52921549, 18.29527540, 45.00685410, 1847.32514900
INFO:root:653.87548751, 6806.23376205, 18.27545919, 45.02335970, 1846.87809808
INFO:root:654.03768237, 6807.64212967, 18.30024439, 45.02678742, 1847.17834040
INFO:root:653.92865837, 6806.81140223, 18.28454102, 45.03703684, 1847.00631649
INFO:root:653.95622699, 6806.75366730, 18.29024826, 45.00939983, 1846.95526772
INFO:root:653.87203890, 6806.32451484, 18.28604820, 45.04647116, 1846.74293248
INFO:root:653.92426865, 6806.37314384, 18.30217057, 45.01522819, 1846.44265769
INFO:root:654.04028124, 6807.90466395, 18.27462745, 45.02482552, 1846.83376751
INFO:root:653.75282496, 6804.88757584, 18.28963147, 45.02557544, 1846.09672514
INFO:root:653.99031271, 6807.47927056, 18.29322041, 45.05084771, 1846.80683931
INFO:root:653.85257380, 6806.02587891, 18.27881882, 45.02884441, 1846.44369139
INFO:root:654.04667807, 6807.79056371, 18.29720097, 45.02959229, 1847.03001631
INFO:root:653.95612631, 6807.01769240, 18.29593072, 45.04158682, 1846.55825741
INFO:root:654.01578456, 6807.58470294, 18.28306751, 45.02576631, 1847.05314171
INFO:root:654.11680193, 6808.62292913, 18.28716211, 45.03266559, 1847.13815286
INFO:root:653.96722931, 6807.15370817, 18.27798434, 45.02614015, 1845.99644827
INFO:root:653.93327743, 6806.62999017, 18.29270426, 45.02243875, 1846.38792906
INFO:root:653.84398547, 6806.07523514, 18.28026174, 45.04381092, 1846.37781021
INFO:root:653.96363819, 6807.04181558, 18.29334379, 45.03390093, 1846.54448034
INFO:root:653.76877020, 6804.97311163, 18.29181712, 45.02037065, 1845.54438641
INFO:root:653.95272695, 6806.88792733, 18.29761078, 45.03368926, 1846.27297043
INFO:root:653.66747283, 6804.04866190, 18.27917054, 45.01657630, 1845.51508391
INFO:root:653.81427247, 6805.81697245, 18.29197976, 45.05941484, 1846.16663853
INFO:root:653.80128126, 6805.44783009, 18.27411797, 45.01763523, 1845.76941870
INFO:root:654.04568954, 6808.12558524, 18.29571066, 45.06259527, 1846.47115115
INFO:root:653.90896658, 6806.50681516, 18.29555209, 45.03727876, 1845.99132478
INFO:root:653.86812791, 6806.24635001, 18.28685534, 45.04337566, 1846.15474663
INFO:root:653.90201662, 6806.67739847, 18.27916331, 45.04489664, 1846.02632390
INFO:root:653.96123264, 6807.15263637, 18.29281425, 45.04685820, 1845.60348922
INFO:root:653.74325383, 6804.75191157, 18.29205750, 45.02400700, 1845.50455556
INFO:root:Finished training.
INFO:root:Saved model. Final Checkpoint saves/kvae/finetuned3/scale=0.1/kvae_state_dict_scale=0.1_149.pth
