INFO:root:Namespace(batch_size=50, beta=1.0, clip=10, device=device(type='cuda'), epochs=300, hdim=1024, learning_rate=0.0001, model='VRNN', nlayers=1, save_every=100, step_size=1000, version='v1', xdim=64, zdim=32)
INFO:root:Starting VRNN training for 300 epochs.
INFO:root:Train Loss, KLD, MSE
INFO:root:772.81400113, 2.26919030, 770.54481167
INFO:root:765.67571547, 0.10590517, 765.56980998
INFO:root:763.74320238, 0.11433058, 763.62887302
INFO:root:760.93658786, 0.12361166, 760.81297574
INFO:root:758.11943631, 0.12795200, 757.99148390
INFO:root:753.79443258, 0.11952261, 753.67490879
INFO:root:747.58076579, 0.10339554, 747.47736952
INFO:root:746.25746663, 0.10377027, 746.15369771
INFO:root:744.80184360, 0.10346872, 744.69837477
INFO:root:743.42380710, 0.10779023, 743.31601800
INFO:root:741.94325494, 0.11131399, 741.83194071
INFO:root:737.49448174, 0.09710047, 737.39738363
INFO:root:735.92324999, 0.09719911, 735.82605082
INFO:root:735.17305027, 0.09661065, 735.07643907
INFO:root:734.34936964, 0.09422764, 734.25513984
INFO:root:733.43602295, 0.09627629, 733.33974474
INFO:root:732.23059828, 0.09349017, 732.13710802
INFO:root:730.00030687, 0.08818822, 729.91211650
INFO:root:729.54608086, 0.08793592, 729.45814548
INFO:root:729.16679586, 0.08864962, 729.07814501
INFO:root:728.69731072, 0.08929092, 728.60802070
INFO:root:728.22291192, 0.08766706, 728.13524611
INFO:root:727.10842082, 0.08491327, 727.02350735
INFO:root:726.46893073, 0.08378605, 726.38514438
INFO:root:726.21596408, 0.08368753, 726.13227844
INFO:root:725.92752855, 0.08344043, 725.84408739
INFO:root:725.75584751, 0.08254310, 725.67330356
INFO:root:725.40029806, 0.08306325, 725.31723633
INFO:root:724.69099494, 0.08048863, 724.61050517
INFO:root:724.54542711, 0.08015545, 724.46526828
INFO:root:724.42264472, 0.08013132, 724.34251336
INFO:root:724.32437236, 0.08029234, 724.24407823
INFO:root:724.17989129, 0.07946382, 724.10042860
INFO:root:723.91889309, 0.07893827, 723.83995361
INFO:root:723.66217448, 0.07834878, 723.58382568
INFO:root:723.60159607, 0.07831295, 723.52328254
INFO:root:723.56166857, 0.07813512, 723.48353339
INFO:root:723.44779629, 0.07782928, 723.36996596
INFO:root:723.38247206, 0.07765495, 723.30481805
INFO:root:723.20343526, 0.07716374, 723.12627055
INFO:root:723.13466458, 0.07708569, 723.05757887
INFO:root:723.09546746, 0.07696853, 723.01849874
INFO:root:723.10178630, 0.07690333, 723.02488471
INFO:root:723.03877055, 0.07684205, 722.96192729
INFO:root:722.97841933, 0.07649956, 722.90192057
INFO:root:722.90769179, 0.07637923, 722.83131171
INFO:root:722.91242405, 0.07638483, 722.83603719
INFO:root:722.85326843, 0.07624271, 722.77702433
INFO:root:722.83040771, 0.07623885, 722.75417006
INFO:root:722.82348056, 0.07615680, 722.74732361
INFO:root:722.76773614, 0.07595502, 722.69178026
INFO:root:722.76649509, 0.07597039, 722.69052497
INFO:root:722.73515896, 0.07587277, 722.65928786
INFO:root:722.72379727, 0.07580611, 722.64799127
INFO:root:722.71732958, 0.07580191, 722.64152798
INFO:root:722.72186957, 0.07578066, 722.64608731
INFO:root:722.67530518, 0.07565013, 722.59965380
INFO:root:722.69549866, 0.07563113, 722.61986423
INFO:root:722.68852302, 0.07563951, 722.61288520
INFO:root:722.68177490, 0.07565876, 722.60611640
INFO:root:722.65972426, 0.07561890, 722.58410407
INFO:root:722.68271925, 0.07558109, 722.60713840
INFO:root:722.63517219, 0.07552153, 722.55965203
INFO:root:722.65315280, 0.07552992, 722.57762349
INFO:root:722.64007806, 0.07549216, 722.56458605
INFO:root:722.67394545, 0.07550247, 722.59844225
INFO:root:722.63034159, 0.07547093, 722.55487162
INFO:root:722.62862413, 0.07548630, 722.55313822
INFO:root:722.60136854, 0.07543327, 722.52593384
INFO:root:722.62624580, 0.07541873, 722.55082974
INFO:root:722.62903035, 0.07543765, 722.55359192
INFO:root:722.62322218, 0.07540214, 722.54781969
INFO:root:722.60399984, 0.07541540, 722.52858310
INFO:root:722.60847575, 0.07540842, 722.53306783
INFO:root:722.60849033, 0.07537781, 722.53311259
INFO:root:722.60612522, 0.07541961, 722.53070441
INFO:root:722.63525357, 0.07537315, 722.55988091
INFO:root:722.59001024, 0.07539154, 722.51461962
INFO:root:722.59385986, 0.07538272, 722.51847907
INFO:root:722.59892680, 0.07540296, 722.52352295
INFO:root:722.62705756, 0.07539179, 722.55166389
INFO:root:722.60854662, 0.07536547, 722.53318210
INFO:root:722.61292284, 0.07539499, 722.53753018
INFO:root:722.63793437, 0.07538896, 722.56254476
INFO:root:722.59521993, 0.07536914, 722.51985135
INFO:root:722.60179274, 0.07535080, 722.52644382
INFO:root:722.58816121, 0.07533202, 722.51282789
INFO:root:722.62320964, 0.07537453, 722.54783325
INFO:root:722.60571018, 0.07536030, 722.53035244
INFO:root:722.60066969, 0.07534880, 722.52532077
INFO:root:722.59367099, 0.07537790, 722.51829291
INFO:root:722.59665188, 0.07536390, 722.52128805
INFO:root:722.60742086, 0.07533984, 722.53208313
INFO:root:722.61593628, 0.07538376, 722.54055142
INFO:root:722.60618863, 0.07538872, 722.53079766
INFO:root:722.59493306, 0.07536583, 722.51956889
INFO:root:722.63248630, 0.07534797, 722.55713671
INFO:root:722.59851956, 0.07535704, 722.52316318
INFO:root:722.59840393, 0.07535827, 722.52304552
INFO:root:722.60865987, 0.07536031, 722.53329942
INFO:root:722.61777039, 0.07537662, 722.54239400
INFO:root:722.58007541, 0.07536216, 722.50471191
INFO:root:722.58884684, 0.07536082, 722.51348674
INFO:root:722.60384759, 0.07534264, 722.52850613
INFO:root:722.60857612, 0.07538511, 722.53319431
INFO:root:722.58436517, 0.07535119, 722.50901455
INFO:root:722.56067708, 0.07531584, 722.48536343
INFO:root:722.57375217, 0.07533776, 722.49841512
INFO:root:722.54805705, 0.07535160, 722.47270576
INFO:root:722.55683051, 0.07535341, 722.48147956
INFO:root:722.56512078, 0.07533642, 722.48978611
INFO:root:722.56292284, 0.07533719, 722.48758613
INFO:root:722.54639418, 0.07534932, 722.47104390
INFO:root:722.53624166, 0.07537614, 722.46086561
INFO:root:722.57444085, 0.07540354, 722.49903870
INFO:root:722.55376994, 0.07532446, 722.47844645
INFO:root:722.54060499, 0.07537500, 722.46523098
INFO:root:722.54566074, 0.07534674, 722.47031521
INFO:root:722.55724521, 0.07536614, 722.48187663
INFO:root:722.51601630, 0.07537781, 722.44064060
INFO:root:722.52917786, 0.07535438, 722.45382385
INFO:root:722.54613376, 0.07535759, 722.47077705
INFO:root:722.51373596, 0.07532453, 722.43841315
INFO:root:722.50080736, 0.07533516, 722.42547167
INFO:root:722.50225525, 0.07533280, 722.42692057
INFO:root:722.50366313, 0.07535450, 722.42830946
INFO:root:722.47791714, 0.07534292, 722.40257534
INFO:root:722.47518073, 0.07536895, 722.39981011
INFO:root:722.46123488, 0.07534802, 722.38588867
INFO:root:722.45996229, 0.07536575, 722.38459710
INFO:root:722.46117757, 0.07536289, 722.38581713
INFO:root:722.42947591, 0.07539423, 722.35407986
INFO:root:722.39508803, 0.07540090, 722.31968621
INFO:root:722.42441576, 0.07536360, 722.34905124
INFO:root:722.42221680, 0.07533755, 722.34687873
INFO:root:722.37698059, 0.07534376, 722.30163744
INFO:root:722.34200406, 0.07532556, 722.26668057
INFO:root:722.33776584, 0.07535302, 722.26241489
INFO:root:722.32378676, 0.07536693, 722.24841919
INFO:root:722.32555372, 0.07538495, 722.25016920
INFO:root:722.31662259, 0.07538069, 722.24124112
INFO:root:722.28918050, 0.07537685, 722.21380378
INFO:root:722.29844699, 0.07534220, 722.22310791
INFO:root:722.29050191, 0.07533939, 722.21516249
INFO:root:722.21415337, 0.07533545, 722.13881700
INFO:root:722.20683797, 0.07535218, 722.13148532
INFO:root:722.18774075, 0.07536486, 722.11237556
INFO:root:722.16007317, 0.07533128, 722.08474155
INFO:root:722.14293823, 0.07536639, 722.06756999
INFO:root:722.14394599, 0.07532855, 722.06861504
INFO:root:722.62764452, 0.07539484, 722.55224779
INFO:root:722.60178697, 0.07533044, 722.52645772
INFO:root:722.60433723, 0.07539593, 722.52894084
INFO:root:722.64448954, 0.07536055, 722.56913011
INFO:root:722.60944553, 0.07537490, 722.53407050
INFO:root:722.60925530, 0.07532499, 722.53393182
INFO:root:722.58864102, 0.07534585, 722.51329549
INFO:root:722.61788534, 0.07537175, 722.54251539
INFO:root:722.61035360, 0.07535777, 722.53499586
INFO:root:722.63071594, 0.07534565, 722.55536974
INFO:root:722.61947259, 0.07533460, 722.54413690
INFO:root:722.58305766, 0.07537418, 722.50767958
INFO:root:722.60524665, 0.07534760, 722.52989875
INFO:root:722.60615167, 0.07535331, 722.53079766
INFO:root:722.58996412, 0.07534253, 722.51462436
INFO:root:722.58831923, 0.07532864, 722.51299065
INFO:root:722.57561781, 0.07533433, 722.50028314
INFO:root:722.63607042, 0.07536541, 722.56070353
INFO:root:722.64173652, 0.07536616, 722.56637099
INFO:root:722.58319397, 0.07537065, 722.50782539
INFO:root:722.57229038, 0.07534696, 722.49694485
INFO:root:722.63047757, 0.07536985, 722.55510898
INFO:root:722.64659492, 0.07535867, 722.57123481
INFO:root:722.62551405, 0.07537614, 722.55013631
INFO:root:722.60958049, 0.07535110, 722.53422885
INFO:root:722.63059862, 0.07536736, 722.55523275
INFO:root:722.59385444, 0.07537062, 722.51848314
INFO:root:722.59622871, 0.07536658, 722.52086182
INFO:root:722.63122999, 0.07537455, 722.55585632
INFO:root:722.60883416, 0.07538283, 722.53345506
INFO:root:722.63590868, 0.07537164, 722.56053569
INFO:root:722.61378343, 0.07533761, 722.53844435
INFO:root:722.61248813, 0.07536482, 722.53712531
INFO:root:722.62605693, 0.07534788, 722.55071072
INFO:root:722.60639140, 0.07535993, 722.53103163
INFO:root:722.61760559, 0.07537377, 722.54223158
INFO:root:722.59056091, 0.07531665, 722.51524692
INFO:root:722.59872877, 0.07535713, 722.52337307
INFO:root:722.59573059, 0.07534478, 722.52038676
INFO:root:722.64312507, 0.07535794, 722.56776733
INFO:root:722.57995131, 0.07530974, 722.50464071
INFO:root:722.59307387, 0.07540079, 722.51767409
INFO:root:722.58726434, 0.07535256, 722.51191203
INFO:root:722.63453810, 0.07531066, 722.55922682
INFO:root:722.57042338, 0.07534500, 722.49507785
INFO:root:722.58329875, 0.07533623, 722.50796204
INFO:root:722.62923245, 0.07537832, 722.55385335
INFO:root:722.58387316, 0.07535944, 722.50851339
INFO:root:722.62996148, 0.07534961, 722.55461256
INFO:root:722.59995660, 0.07537744, 722.52457954
INFO:root:722.59788751, 0.07536667, 722.52252163
INFO:root:722.61798333, 0.07536237, 722.54262085
INFO:root:722.62895881, 0.07536341, 722.55359599
INFO:root:722.59117839, 0.07535708, 722.51582031
INFO:root:722.61836277, 0.07536107, 722.54300232
INFO:root:722.60052592, 0.07533925, 722.52518446
INFO:root:722.57144877, 0.07536811, 722.49607815
INFO:root:722.62565715, 0.07533806, 722.55031874
INFO:root:722.58149923, 0.07537263, 722.50612623
INFO:root:722.58922458, 0.07534515, 722.51388041
INFO:root:722.62126906, 0.07534902, 722.54591946
INFO:root:722.60774570, 0.07538211, 722.53236389
INFO:root:722.59580756, 0.07539137, 722.52041592
INFO:root:722.60644294, 0.07533460, 722.53110894
INFO:root:722.59639859, 0.07535865, 722.52103780
INFO:root:722.60267910, 0.07533944, 722.52733900
INFO:root:722.59126078, 0.07534841, 722.51591492
INFO:root:722.59400940, 0.07535097, 722.51865913
INFO:root:722.62464023, 0.07534719, 722.54929199
INFO:root:722.62683648, 0.07535750, 722.55148146
INFO:root:722.59278395, 0.07536802, 722.51741333
INFO:root:722.58701070, 0.07539290, 722.51161804
INFO:root:722.61997579, 0.07538580, 722.54458618
INFO:root:722.60581699, 0.07537944, 722.53043925
INFO:root:722.57062547, 0.07535256, 722.49527351
INFO:root:722.61674025, 0.07530791, 722.54143236
INFO:root:722.60631612, 0.07537233, 722.53094381
INFO:root:722.59450921, 0.07536543, 722.51914300
INFO:root:722.57354804, 0.07536930, 722.49817742
INFO:root:722.60205722, 0.07536819, 722.52668728
INFO:root:722.60428026, 0.07530045, 722.52898085
INFO:root:722.60220032, 0.07535543, 722.52684258
INFO:root:722.57366570, 0.07536786, 722.49829848
INFO:root:722.58640374, 0.07538048, 722.51102193
INFO:root:722.62510003, 0.07536234, 722.54973789
INFO:root:722.58063863, 0.07534626, 722.50529514
INFO:root:722.62334663, 0.07535242, 722.54799567
INFO:root:722.62603895, 0.07534643, 722.55069275
INFO:root:722.57964613, 0.07538059, 722.50426704
INFO:root:722.58660990, 0.07536030, 722.51124878
INFO:root:722.58168810, 0.07534275, 722.50634562
INFO:root:722.61487393, 0.07536021, 722.53951348
INFO:root:722.61926778, 0.07538656, 722.54388156
INFO:root:722.60824585, 0.07534674, 722.53289931
INFO:root:722.61551175, 0.07539409, 722.54011705
INFO:root:722.60754259, 0.07539818, 722.53214417
INFO:root:722.59093357, 0.07535391, 722.51557956
INFO:root:722.61203342, 0.07538479, 722.53664686
INFO:root:722.61248203, 0.07539407, 722.53708835
INFO:root:722.60109287, 0.07534409, 722.52574870
INFO:root:722.60495097, 0.07533570, 722.52961595
INFO:root:722.58035007, 0.07533988, 722.50500997
INFO:root:722.57939487, 0.07535349, 722.50404087
INFO:root:722.60260552, 0.07535226, 722.52725355
INFO:root:722.57756619, 0.07534063, 722.50222711
INFO:root:722.60410699, 0.07538123, 722.52872586
INFO:root:722.62429776, 0.07536471, 722.54893222
INFO:root:722.60536669, 0.07538551, 722.52998149
INFO:root:722.58238424, 0.07535781, 722.50702616
INFO:root:722.61635674, 0.07537865, 722.54097833
INFO:root:722.59197625, 0.07536640, 722.51660936
INFO:root:722.62747192, 0.07535956, 722.55211283
INFO:root:722.63826124, 0.07534930, 722.56291165
INFO:root:722.60585192, 0.07533764, 722.53051317
INFO:root:722.58457879, 0.07538142, 722.50919969
INFO:root:722.57935113, 0.07539610, 722.50395610
INFO:root:722.61719293, 0.07541738, 722.54177483
INFO:root:722.60802850, 0.07535142, 722.53267788
INFO:root:722.61671007, 0.07534290, 722.54136759
INFO:root:722.60821804, 0.07533223, 722.53288540
INFO:root:722.58073120, 0.07537614, 722.50535651
INFO:root:722.59757317, 0.07535522, 722.52221849
INFO:root:722.62126058, 0.07533701, 722.54592387
INFO:root:722.63753967, 0.07536408, 722.56217448
INFO:root:722.60908407, 0.07534909, 722.53373617
INFO:root:722.61088562, 0.07536810, 722.53552043
INFO:root:722.61101854, 0.07539094, 722.53563029
INFO:root:722.57786051, 0.07536505, 722.50249668
INFO:root:722.62501119, 0.07533599, 722.54967448
INFO:root:722.61588304, 0.07534279, 722.54054226
INFO:root:722.61615567, 0.07535484, 722.54079997
INFO:root:722.60605265, 0.07538020, 722.53067186
INFO:root:722.59691535, 0.07539401, 722.52152100
INFO:root:722.63320652, 0.07533458, 722.55787218
INFO:root:722.61030884, 0.07537146, 722.53493822
INFO:root:722.61663784, 0.07536011, 722.54127808
INFO:root:722.58758138, 0.07539026, 722.51218940
INFO:root:722.58956333, 0.07536694, 722.51419406
INFO:root:722.58811273, 0.07533714, 722.51277500
INFO:root:722.60589532, 0.07532548, 722.53057319
INFO:root:722.60491028, 0.07534411, 722.52956577
INFO:root:722.63913744, 0.07539504, 722.56374546
INFO:root:722.59911940, 0.07537421, 722.52374742
INFO:root:722.59755283, 0.07537131, 722.52218051
INFO:root:722.60214844, 0.07537141, 722.52677646
INFO:root:722.61739095, 0.07532710, 722.54206170
INFO:root:722.61196730, 0.07538841, 722.53658040
INFO:root:722.60950182, 0.07536032, 722.53414273
INFO:root:722.60801731, 0.07538418, 722.53263380
INFO:root:722.59397820, 0.07534518, 722.51863369
INFO:root:Finished training.
INFO:root:Saved model to saves/v1/finetuned/vrnn_state_dict_v1_beta=1.0_step=1000_299.pth
