INFO:root:Namespace(batch_size=50, beta=0.0, clip=10, device=device(type='cuda'), epochs=300, hdim=1024, learning_rate=0.0001, model='VRNN', nlayers=1, save_every=100, step_size=1000, version='v1', xdim=64, zdim=32)
INFO:root:Starting VRNN training for 300 epochs.
INFO:root:Train Loss, KLD, MSE
INFO:root:761.43085158, 14605.40954392, 761.43085158
INFO:root:724.75637004, 67625.33250868, 724.75637004
INFO:root:697.44454142, 93017.12699653, 697.44454142
INFO:root:679.79294230, 106399.31362847, 679.79294230
INFO:root:665.31536391, 117428.30772569, 665.31536391
INFO:root:651.59600457, 125467.19696181, 651.59600457
INFO:root:640.04663357, 132641.96367188, 640.04663357
INFO:root:633.87322625, 138018.89548611, 633.87322625
INFO:root:627.99854058, 142032.91371528, 627.99854058
INFO:root:622.61016507, 145426.23203125, 622.61016507
INFO:root:617.87793240, 148743.87960069, 617.87793240
INFO:root:610.89550442, 151772.38567708, 610.89550442
INFO:root:608.10992025, 154532.21467014, 608.10992025
INFO:root:606.03914049, 156461.92838542, 606.03914049
INFO:root:603.67849392, 158690.55564236, 603.67849392
INFO:root:601.63216180, 160410.29670139, 601.63216180
INFO:root:599.08250020, 162246.77369792, 599.08250020
INFO:root:596.18738607, 163687.64470486, 596.18738607
INFO:root:595.15516934, 164988.61987847, 595.15516934
INFO:root:594.14073520, 165923.42326389, 594.14073520
INFO:root:592.97045492, 167338.32708333, 592.97045492
INFO:root:591.95982734, 168397.81684028, 591.95982734
INFO:root:590.33871290, 169460.87881944, 590.33871290
INFO:root:589.41448296, 170191.39053819, 589.41448296
INFO:root:588.83073290, 170920.85833333, 588.83073290
INFO:root:588.29951172, 171501.33671875, 588.29951172
INFO:root:587.72606981, 172421.17881944, 587.72606981
INFO:root:587.09892409, 172849.83645833, 587.09892409
INFO:root:586.20544603, 173292.64027778, 586.20544603
INFO:root:585.91942037, 173771.03984375, 585.91942037
INFO:root:585.64208238, 174123.45529514, 585.64208238
INFO:root:585.34098545, 174611.45824653, 585.34098545
INFO:root:585.07202996, 174955.27482639, 585.07202996
INFO:root:584.63072272, 175358.02821181, 584.63072272
INFO:root:584.31524692, 175515.22725694, 584.31524692
INFO:root:584.14437798, 175801.56145833, 584.14437798
INFO:root:584.01123115, 175989.60529514, 584.01123115
INFO:root:583.84768982, 176219.01310764, 583.84768982
INFO:root:583.68907098, 176474.03333333, 583.68907098
INFO:root:583.42839661, 176542.08506944, 583.42839661
INFO:root:583.34262797, 176651.17916667, 583.34262797
INFO:root:583.26866557, 176721.10512153, 583.26866557
INFO:root:583.18892415, 176888.04366319, 583.18892415
INFO:root:583.10483331, 176921.80781250, 583.10483331
INFO:root:583.00519206, 177089.07769097, 583.00519206
INFO:root:582.90129089, 177153.76354167, 582.90129089
INFO:root:582.86191542, 177172.29123264, 582.86191542
INFO:root:582.82356127, 177264.73142361, 582.82356127
INFO:root:582.78277147, 177275.67751736, 582.78277147
INFO:root:582.74389750, 177338.75668403, 582.74389750
INFO:root:582.66386854, 177320.45486111, 582.66386854
INFO:root:582.64396159, 177417.73932292, 582.64396159
INFO:root:582.62379489, 177474.07803819, 582.62379489
INFO:root:582.60403239, 177463.63376736, 582.60403239
INFO:root:582.58380432, 177498.01267361, 582.58380432
INFO:root:582.55783386, 177558.43272569, 582.55783386
INFO:root:582.52873603, 177523.38914931, 582.52873603
INFO:root:582.51768155, 177567.76501736, 582.51768155
INFO:root:582.50737508, 177573.52248264, 582.50737508
INFO:root:582.49739685, 177592.43437500, 582.49739685
INFO:root:582.48758443, 177588.28776042, 582.48758443
INFO:root:582.46870490, 177650.60746528, 582.46870490
INFO:root:582.46154819, 177606.76979167, 582.46154819
INFO:root:582.45585598, 177633.59609375, 582.45585598
INFO:root:582.45120850, 177641.37708333, 582.45120850
INFO:root:582.44451192, 177633.80052083, 582.44451192
INFO:root:582.43858337, 177665.10156250, 582.43858337
INFO:root:582.43012288, 177663.06866319, 582.43012288
INFO:root:582.42781915, 177656.36206597, 582.42781915
INFO:root:582.42568190, 177659.85321181, 582.42568190
INFO:root:582.42253384, 177672.29175347, 582.42253384
INFO:root:582.41967468, 177675.01076389, 582.41967468
INFO:root:582.41558126, 177664.89678819, 582.41558126
INFO:root:582.41289232, 177672.76232639, 582.41289232
INFO:root:582.41221347, 177685.05399306, 582.41221347
INFO:root:582.41071099, 177678.40920139, 582.41071099
INFO:root:582.40900709, 177682.34192708, 582.40900709
INFO:root:582.40841946, 177679.36223958, 582.40841946
INFO:root:582.40494859, 177683.23619792, 582.40494859
INFO:root:582.40522630, 177684.90130208, 582.40522630
INFO:root:582.40496182, 177683.25130208, 582.40496182
INFO:root:582.40380961, 177687.39947917, 582.40380961
INFO:root:582.40351088, 177686.14418403, 582.40351088
INFO:root:582.40297546, 177686.85946181, 582.40297546
INFO:root:582.40176290, 177688.02760417, 582.40176290
INFO:root:582.40245463, 177686.95737847, 582.40245463
INFO:root:582.40130208, 177689.01848958, 582.40130208
INFO:root:582.40130005, 177687.42013889, 582.40130005
INFO:root:582.40097283, 177689.41979167, 582.40097283
INFO:root:582.39999390, 177689.45607639, 582.39999390
INFO:root:582.40052592, 177689.81597222, 582.40052592
INFO:root:582.40028483, 177689.80538194, 582.40028483
INFO:root:582.40004137, 177689.92951389, 582.40004137
INFO:root:582.39968770, 177690.31519097, 582.39968770
INFO:root:582.40013190, 177689.92230903, 582.40013190
INFO:root:582.40034078, 177690.09956597, 582.40034078
INFO:root:582.39972059, 177690.05494792, 582.39972059
INFO:root:582.39925401, 177690.10494792, 582.39925401
INFO:root:582.40029602, 177690.17578125, 582.40029602
INFO:root:582.39927436, 177690.19305556, 582.39927436
INFO:root:582.40036079, 177690.13463542, 582.40036079
INFO:root:582.39934048, 177690.15677083, 582.39934048
INFO:root:582.39919569, 177690.14505208, 582.39919569
INFO:root:582.39854601, 177690.13064236, 582.39854601
INFO:root:582.39975247, 177690.13828125, 582.39975247
INFO:root:582.40034112, 177690.18506944, 582.40034112
INFO:root:582.39880439, 177690.20494792, 582.39880439
INFO:root:582.40006036, 177690.22213542, 582.40006036
INFO:root:582.40026720, 177690.20746528, 582.40026720
INFO:root:582.40028381, 177690.21909722, 582.40028381
INFO:root:582.39971958, 177690.21267361, 582.39971958
INFO:root:582.39954664, 177690.22465278, 582.39954664
INFO:root:582.39927741, 177690.22074653, 582.39927741
INFO:root:582.39852871, 177690.19982639, 582.39852871
INFO:root:582.39970669, 177690.20130208, 582.39970669
INFO:root:582.39932454, 177690.20199653, 582.39932454
INFO:root:582.40046149, 177690.21241319, 582.40046149
INFO:root:582.39976874, 177690.20859375, 582.39976874
INFO:root:582.39974297, 177690.22413194, 582.39974297
INFO:root:582.39996677, 177690.22361111, 582.39996677
INFO:root:582.39992438, 177690.21310764, 582.39992438
INFO:root:582.39950358, 177690.19939236, 582.39950358
INFO:root:582.39938456, 177690.20763889, 582.39938456
INFO:root:582.39983283, 177690.20208333, 582.39983283
INFO:root:582.39909668, 177690.21302083, 582.39909668
INFO:root:582.39908515, 177690.20303819, 582.39908515
INFO:root:582.40036112, 177690.20598958, 582.40036112
INFO:root:582.39985792, 177690.23576389, 582.39985792
INFO:root:582.39977146, 177690.21024306, 582.39977146
INFO:root:582.39868673, 177690.21657986, 582.39868673
INFO:root:582.39896139, 177690.22430556, 582.39896139
INFO:root:582.39982707, 177690.22343750, 582.39982707
INFO:root:582.39965854, 177690.21302083, 582.39965854
INFO:root:582.39980537, 177690.20920139, 582.39980537
INFO:root:582.39992371, 177690.20746528, 582.39992371
INFO:root:582.39898716, 177690.21545139, 582.39898716
INFO:root:582.39984063, 177690.20902778, 582.39984063
INFO:root:582.39959310, 177690.21163194, 582.39959310
INFO:root:582.39978604, 177690.20850694, 582.39978604
INFO:root:582.39963888, 177690.20303819, 582.39963888
INFO:root:582.39903700, 177690.21223958, 582.39903700
INFO:root:582.39965413, 177690.21397569, 582.39965413
INFO:root:582.39907396, 177690.20121528, 582.39907396
INFO:root:582.39964227, 177690.21684028, 582.39964227
INFO:root:582.40000373, 177690.22552083, 582.40000373
INFO:root:582.40012444, 177690.20842014, 582.40012444
INFO:root:582.39920553, 177690.20364583, 582.39920553
INFO:root:582.39981045, 177690.21371528, 582.39981045
INFO:root:582.39944221, 177690.20399306, 582.39944221
INFO:root:582.39956224, 177690.20347222, 582.39956224
INFO:root:582.39912957, 177690.22847222, 582.39912957
INFO:root:582.40004510, 177690.22491319, 582.40004510
INFO:root:582.39942457, 177690.21319444, 582.39942457
INFO:root:582.39952799, 177690.21944444, 582.39952799
INFO:root:582.39983080, 177690.22760417, 582.39983080
INFO:root:582.40003221, 177690.20399306, 582.40003221
INFO:root:582.40031738, 177690.21302083, 582.40031738
INFO:root:582.40012716, 177690.21232639, 582.40012716
INFO:root:582.39937100, 177690.21623264, 582.39937100
INFO:root:582.40028008, 177690.22586806, 582.40028008
INFO:root:582.39886102, 177690.21345486, 582.39886102
INFO:root:582.39930725, 177690.20894097, 582.39930725
INFO:root:582.39941372, 177690.21831597, 582.39941372
INFO:root:582.39948663, 177690.20642361, 582.39948663
INFO:root:582.39985589, 177690.20980903, 582.39985589
INFO:root:582.40034315, 177690.21276042, 582.40034315
INFO:root:582.39932590, 177690.21840278, 582.39932590
INFO:root:582.39964837, 177690.21050347, 582.39964837
INFO:root:582.39966905, 177690.22118056, 582.39966905
INFO:root:582.40065833, 177690.21380208, 582.40065833
INFO:root:582.39973043, 177690.22248264, 582.39973043
INFO:root:582.39968770, 177690.20269097, 582.39968770
INFO:root:582.39935065, 177690.21475694, 582.39935065
INFO:root:582.39931471, 177690.22725694, 582.39931471
INFO:root:582.39928725, 177690.20807292, 582.39928725
INFO:root:582.39951714, 177690.22326389, 582.39951714
INFO:root:582.39958462, 177690.21154514, 582.39958462
INFO:root:582.39903022, 177690.22847222, 582.39903022
INFO:root:582.39943983, 177690.21527778, 582.39943983
INFO:root:582.39812080, 177690.21276042, 582.39812080
INFO:root:582.40070936, 177690.21935764, 582.40070936
INFO:root:582.39940965, 177690.22013889, 582.39940965
INFO:root:582.39931708, 177690.21128472, 582.39931708
INFO:root:582.40071547, 177690.21675347, 582.40071547
INFO:root:582.40000220, 177690.21562500, 582.40000220
INFO:root:582.40035536, 177690.20850694, 582.40035536
INFO:root:582.39973280, 177690.21684028, 582.39973280
INFO:root:582.39965244, 177690.21831597, 582.39965244
INFO:root:582.39914449, 177690.22031250, 582.39914449
INFO:root:582.40012004, 177690.23159722, 582.40012004
INFO:root:582.40016446, 177690.21649306, 582.40016446
INFO:root:582.39951952, 177690.21250000, 582.39951952
INFO:root:582.39964973, 177690.22222222, 582.39964973
INFO:root:582.39955139, 177690.20616319, 582.39955139
INFO:root:582.39958496, 177690.21406250, 582.39958496
INFO:root:582.39858941, 177690.21666667, 582.39858941
INFO:root:582.40018616, 177690.23324653, 582.40018616
INFO:root:582.39895867, 177690.21432292, 582.39895867
INFO:root:582.39925978, 177690.20295139, 582.39925978
INFO:root:582.39966397, 177690.20555556, 582.39966397
INFO:root:582.39882067, 177690.20703125, 582.39882067
INFO:root:582.40016039, 177690.21493056, 582.40016039
INFO:root:582.39985758, 177690.20833333, 582.39985758
INFO:root:582.39980197, 177690.23680556, 582.39980197
INFO:root:582.39985928, 177690.21944444, 582.39985928
INFO:root:582.39982368, 177690.20407986, 582.39982368
INFO:root:582.39938083, 177690.22595486, 582.39938083
INFO:root:582.40051168, 177690.21727431, 582.40051168
INFO:root:582.40036825, 177690.22013889, 582.40036825
INFO:root:582.39926283, 177690.22022569, 582.39926283
INFO:root:582.39977417, 177690.23394097, 582.39977417
INFO:root:582.39925401, 177690.23151042, 582.39925401
INFO:root:582.40001763, 177690.23203125, 582.40001763
INFO:root:582.39944424, 177690.22647569, 582.39944424
INFO:root:582.39904717, 177690.21961806, 582.39904717
INFO:root:582.39902683, 177690.21857639, 582.39902683
INFO:root:582.39949816, 177690.22291667, 582.39949816
INFO:root:582.39951816, 177690.20868056, 582.39951816
INFO:root:582.39977078, 177690.21588542, 582.39977078
INFO:root:582.39920892, 177690.22578125, 582.39920892
INFO:root:582.39948256, 177690.20894097, 582.39948256
INFO:root:582.40009630, 177690.20703125, 582.40009630
INFO:root:582.39973518, 177690.21779514, 582.39973518
INFO:root:582.39985318, 177690.20598958, 582.39985318
INFO:root:582.39958225, 177690.22465278, 582.39958225
INFO:root:582.40031738, 177690.21362847, 582.40031738
INFO:root:582.40006883, 177690.20954861, 582.40006883
INFO:root:582.39911702, 177690.22178819, 582.39911702
INFO:root:582.39945340, 177690.21223958, 582.39945340
INFO:root:582.39944255, 177690.21102431, 582.39944255
INFO:root:582.39942390, 177690.22065972, 582.39942390
INFO:root:582.39963175, 177690.21328125, 582.39963175
INFO:root:582.39939982, 177690.22517361, 582.39939982
INFO:root:582.39945102, 177690.21996528, 582.39945102
INFO:root:582.39847887, 177690.19470486, 582.39847887
INFO:root:582.39936490, 177690.21857639, 582.39936490
INFO:root:582.39915297, 177690.21848958, 582.39915297
INFO:root:582.39966600, 177690.21336806, 582.39966600
INFO:root:582.39959683, 177690.21918403, 582.39959683
INFO:root:582.40044081, 177690.22031250, 582.40044081
INFO:root:582.39949103, 177690.21727431, 582.39949103
INFO:root:582.40012614, 177690.20329861, 582.40012614
INFO:root:582.40008545, 177690.21119792, 582.40008545
INFO:root:582.40033705, 177690.21536458, 582.40033705
INFO:root:582.39992811, 177690.20998264, 582.39992811
INFO:root:582.39874030, 177690.22005208, 582.39874030
INFO:root:582.39965108, 177690.24062500, 582.39965108
INFO:root:582.39936625, 177690.22126736, 582.39936625
INFO:root:582.40012478, 177690.21223958, 582.40012478
INFO:root:582.39999084, 177690.21258681, 582.39999084
INFO:root:582.40034892, 177690.20607639, 582.40034892
INFO:root:582.39901191, 177690.20442708, 582.39901191
INFO:root:582.40006646, 177690.20625000, 582.40006646
INFO:root:582.39953545, 177690.21666667, 582.39953545
INFO:root:582.39938422, 177690.21397569, 582.39938422
INFO:root:582.40032111, 177690.23020833, 582.40032111
INFO:root:582.39964905, 177690.20711806, 582.39964905
INFO:root:582.39897054, 177690.22829861, 582.39897054
INFO:root:582.39967482, 177690.22847222, 582.39967482
INFO:root:582.40031331, 177690.21371528, 582.40031331
INFO:root:582.39987149, 177690.20486111, 582.39987149
INFO:root:582.40012885, 177690.22951389, 582.40012885
INFO:root:582.39914347, 177690.21649306, 582.39914347
INFO:root:582.39927877, 177690.22300347, 582.39927877
INFO:root:582.40003899, 177690.22934028, 582.40003899
INFO:root:582.39829983, 177690.21493056, 582.39829983
INFO:root:582.39947069, 177690.22074653, 582.39947069
INFO:root:582.39962192, 177690.21588542, 582.39962192
INFO:root:582.39926215, 177690.22222222, 582.39926215
INFO:root:582.39977688, 177690.20399306, 582.39977688
INFO:root:582.39957716, 177690.21059028, 582.39957716
INFO:root:582.39888272, 177690.22256944, 582.39888272
INFO:root:582.39896037, 177690.20937500, 582.39896037
INFO:root:582.40018819, 177690.21805556, 582.40018819
INFO:root:582.39934082, 177690.20737847, 582.39934082
INFO:root:582.39973009, 177690.19965278, 582.39973009
INFO:root:582.39892476, 177690.21223958, 582.39892476
INFO:root:582.39904616, 177690.20737847, 582.39904616
INFO:root:582.39942695, 177690.20989583, 582.39942695
INFO:root:582.39972059, 177690.21050347, 582.39972059
INFO:root:582.40011258, 177690.21276042, 582.40011258
INFO:root:582.39936896, 177690.21901042, 582.39936896
INFO:root:582.39887627, 177690.19583333, 582.39887627
INFO:root:582.39939033, 177690.20651042, 582.39939033
INFO:root:582.40011563, 177690.23541667, 582.40011563
INFO:root:582.39961616, 177690.21666667, 582.39961616
INFO:root:582.39908244, 177690.21493056, 582.39908244
INFO:root:582.39889832, 177690.20199653, 582.39889832
INFO:root:582.40004781, 177690.21267361, 582.40004781
INFO:root:582.39944492, 177690.21354167, 582.39944492
INFO:root:582.39979553, 177690.21510417, 582.39979553
INFO:root:582.39992438, 177690.20980903, 582.39992438
INFO:root:582.39964769, 177690.21883681, 582.39964769
INFO:root:582.39963481, 177690.20894097, 582.39963481
INFO:root:582.39987895, 177690.22673611, 582.39987895
INFO:root:582.39985623, 177690.21189236, 582.39985623
INFO:root:582.40007222, 177690.21649306, 582.40007222
INFO:root:582.39910821, 177690.21666667, 582.39910821
INFO:root:582.39959717, 177690.21727431, 582.39959717
INFO:root:582.39990404, 177690.21692708, 582.39990404
INFO:root:Finished training.
INFO:root:Saved model to saves/v1/finetuned/vrnn_state_dict_v1_beta=0.0_step=1000_299.pth
