INFO:root:Namespace(batch_size=52, beta_end=0.001, beta_start=0, clip=10, device=device(type='cuda'), epochs=300, learning_rate=1e-06, model='cdna', save_every=25, stage=3)
INFO:root:State Dictionary Path (Stochastic) is: saves/sv2p/stage2/finetuned2/sv2p_cdna_state_dict_199.pth
INFO:root:Starting SV2P training on Stage 3 for 300 epochs.
INFO:root:Train Loss, KLD, MSE
INFO:root:154.46882173, 10.68811002, 154.46880446, 0.00000333
INFO:root:154.26707801, 9.70126916, 154.26702986, 0.00000667
INFO:root:154.23845585, 9.13780395, 154.23838008, 0.00001000
INFO:root:154.19677550, 8.67932146, 154.19667483, 0.00001333
INFO:root:154.35059418, 8.28542870, 154.35046904, 0.00001667
INFO:root:154.11573208, 7.93406216, 154.11558712, 0.00002000
INFO:root:154.22507933, 7.61648308, 154.22491429, 0.00002333
INFO:root:154.35783062, 7.32950875, 154.35764672, 0.00002667
INFO:root:154.45531937, 7.06489897, 154.45511882, 0.00003000
INFO:root:154.30351275, 6.81717674, 154.30329702, 0.00003333
INFO:root:154.31862176, 6.58711446, 154.31839121, 0.00003667
INFO:root:154.37850347, 6.37408021, 154.37825898, 0.00004000
INFO:root:154.26685623, 6.17485712, 154.26659832, 0.00004333
INFO:root:154.35415579, 5.98846381, 154.35388587, 0.00004667
INFO:root:154.18704241, 5.81186598, 154.18676161, 0.00005000
INFO:root:154.44293336, 5.64472358, 154.44264186, 0.00005333
INFO:root:154.27717213, 5.48627584, 154.27687046, 0.00005667
INFO:root:154.33339332, 5.33683608, 154.33308191, 0.00006000
INFO:root:154.31587272, 5.19412725, 154.31555263, 0.00006333
INFO:root:154.19965520, 5.05929876, 154.19932565, 0.00006667
INFO:root:154.40684299, 4.92945525, 154.40650615, 0.00007000
INFO:root:154.39488676, 4.80516302, 154.39454247, 0.00007333
INFO:root:154.09180407, 4.68594901, 154.09145272, 0.00007667
INFO:root:154.14604998, 4.57197026, 154.14569149, 0.00008000
INFO:root:154.32867940, 4.46209572, 154.32831512, 0.00008333
INFO:root:154.19409811, 4.35742527, 154.19372752, 0.00008667
INFO:root:154.34157229, 4.25791749, 154.34119617, 0.00009000
INFO:root:154.34941154, 4.16153060, 154.34903007, 0.00009333
INFO:root:154.08415630, 4.07004310, 154.08377036, 0.00009667
INFO:root:154.31577082, 3.98315442, 154.31537839, 0.00010000
INFO:root:154.30998037, 3.89922631, 154.30958373, 0.00010333
INFO:root:154.35091304, 3.81793286, 154.35051175, 0.00010667
INFO:root:154.35972481, 3.74102307, 154.35931931, 0.00011000
INFO:root:154.29240689, 3.66577829, 154.29199736, 0.00011333
INFO:root:154.36508950, 3.59507565, 154.36467629, 0.00011667
INFO:root:154.28685234, 3.52482963, 154.28643492, 0.00012000
INFO:root:154.18412373, 3.45833825, 154.18370227, 0.00012333
INFO:root:154.31181344, 3.39444240, 154.31138935, 0.00012667
INFO:root:154.46375038, 3.33324292, 154.46332226, 0.00013000
INFO:root:154.28333589, 3.27223151, 154.28290496, 0.00013333
INFO:root:154.36031990, 3.21547848, 154.35988608, 0.00013667
INFO:root:154.18659342, 3.16087156, 154.18615666, 0.00014000
INFO:root:154.29929676, 3.10743181, 154.29885715, 0.00014333
INFO:root:154.40444297, 3.05558447, 154.40399994, 0.00014667
INFO:root:154.43471080, 3.00525141, 154.43426487, 0.00015000
INFO:root:154.44430910, 2.95702296, 154.44386063, 0.00015333
INFO:root:154.39498489, 2.90944454, 154.39453406, 0.00015667
INFO:root:154.34687367, 2.86338169, 154.34642029, 0.00016000
INFO:root:154.29003573, 2.81860897, 154.28958033, 0.00016333
INFO:root:154.28506268, 2.77601446, 154.28460465, 0.00016667
INFO:root:154.49886629, 2.73227585, 154.49840686, 0.00017000
INFO:root:154.37932394, 2.69101299, 154.37886188, 0.00017333
INFO:root:154.39694433, 2.65048392, 154.39648052, 0.00017667
INFO:root:154.17298626, 2.61138814, 154.17252047, 0.00018000
INFO:root:154.32632429, 2.57177488, 154.32585705, 0.00018333
INFO:root:154.42282183, 2.53409629, 154.42235390, 0.00018667
INFO:root:154.53774069, 2.49606363, 154.53727021, 0.00019000
INFO:root:154.29696340, 2.45989994, 154.29649143, 0.00019333
INFO:root:154.27729648, 2.42429064, 154.27682416, 0.00019667
INFO:root:154.31207021, 2.38893097, 154.31159649, 0.00020000
INFO:root:154.44306569, 2.35447222, 154.44259126, 0.00020333
INFO:root:154.41953400, 2.31990030, 154.41905888, 0.00020667
INFO:root:154.46461355, 2.28751469, 154.46413702, 0.00021000
INFO:root:154.37119784, 2.25519454, 154.37072044, 0.00021333
INFO:root:154.54356270, 2.22296968, 154.54308451, 0.00021667
INFO:root:154.26609829, 2.19167739, 154.26561991, 0.00022000
INFO:root:154.27510483, 2.16080117, 154.27462567, 0.00022333
INFO:root:154.32429741, 2.12962181, 154.32381869, 0.00022667
INFO:root:154.55971974, 2.10065084, 154.55923979, 0.00023000
INFO:root:154.38519340, 2.07165567, 154.38471380, 0.00023333
INFO:root:154.40873096, 2.04189022, 154.40825092, 0.00023667
INFO:root:154.39758292, 2.01354926, 154.39710262, 0.00024000
INFO:root:154.23042644, 1.98592999, 154.22994706, 0.00024333
INFO:root:154.21874790, 1.95814401, 154.21826852, 0.00024667
INFO:root:154.27945008, 1.93033690, 154.27897065, 0.00025000
INFO:root:154.35836511, 1.90393584, 154.35788595, 0.00025333
INFO:root:154.17387732, 1.87723903, 154.17339891, 0.00025667
INFO:root:154.42395300, 1.85086056, 154.42347419, 0.00026000
INFO:root:154.42038665, 1.82468416, 154.41990916, 0.00026333
INFO:root:154.39636064, 1.79989538, 154.39588411, 0.00026667
INFO:root:154.52610182, 1.77438561, 154.52562512, 0.00027000
INFO:root:154.41378056, 1.74925512, 154.41330570, 0.00027333
INFO:root:154.22265397, 1.72409203, 154.22217959, 0.00027667
INFO:root:154.20659208, 1.69986819, 154.20611914, 0.00028000
INFO:root:154.37627542, 1.67647626, 154.37580302, 0.00028333
INFO:root:154.40285781, 1.65219356, 154.40238707, 0.00028667
INFO:root:154.38679671, 1.62955328, 154.38632676, 0.00029000
INFO:root:154.25944545, 1.60598000, 154.25897682, 0.00029333
INFO:root:154.51006984, 1.58281961, 154.50960330, 0.00029667
INFO:root:154.24410647, 1.56029581, 154.24364059, 0.00030000
INFO:root:154.33382986, 1.53732248, 154.33336648, 0.00030333
INFO:root:154.22128042, 1.51582098, 154.22081849, 0.00030667
INFO:root:154.43258562, 1.49280951, 154.43212575, 0.00031000
INFO:root:154.57750193, 1.47177876, 154.57704320, 0.00031333
INFO:root:154.30665843, 1.44964463, 154.30620163, 0.00031667
INFO:root:154.29777220, 1.42913676, 154.29731733, 0.00032000
INFO:root:154.45082057, 1.40739355, 154.45036798, 0.00032333
INFO:root:154.35658869, 1.38670634, 154.35613812, 0.00032667
INFO:root:154.29288246, 1.36545790, 154.29243425, 0.00033000
INFO:root:154.27556167, 1.34546880, 154.27511579, 0.00033333
INFO:root:154.11403441, 1.32491248, 154.11359055, 0.00033667
INFO:root:154.48758803, 1.30491084, 154.48714614, 0.00034000
INFO:root:154.43473421, 1.28576795, 154.43429530, 0.00034333
INFO:root:154.61121859, 1.26535841, 154.61078223, 0.00034667
INFO:root:154.42368474, 1.24617050, 154.42325031, 0.00035000
INFO:root:154.57158564, 1.22647881, 154.57115419, 0.00035333
INFO:root:154.60957626, 1.20766306, 154.60914726, 0.00035667
INFO:root:154.63190223, 1.18850547, 154.63147665, 0.00036000
INFO:root:154.19497790, 1.17001926, 154.19455430, 0.00036333
INFO:root:154.35862504, 1.15098102, 154.35820419, 0.00036667
INFO:root:154.48164017, 1.13230703, 154.48122292, 0.00037000
INFO:root:154.45015848, 1.11417264, 154.44974518, 0.00037333
INFO:root:154.40786594, 1.09609611, 154.40745571, 0.00037667
INFO:root:154.59528719, 1.07834185, 154.59487941, 0.00038000
INFO:root:154.48921923, 1.06083627, 154.48881382, 0.00038333
INFO:root:154.77789473, 1.04321485, 154.77749292, 0.00038667
INFO:root:154.38381265, 1.02607741, 154.38341382, 0.00039000
INFO:root:154.37267321, 1.00898256, 154.37227762, 0.00039333
INFO:root:154.36306921, 0.99190016, 154.36267695, 0.00039667
INFO:root:154.50365501, 0.97563595, 154.50326652, 0.00040000
INFO:root:154.34711000, 0.95850645, 154.34672546, 0.00040333
INFO:root:154.35081043, 0.94230322, 154.35042870, 0.00040667
INFO:root:154.56010735, 0.92668399, 154.55972869, 0.00041000
INFO:root:154.76999147, 0.91045655, 154.76961631, 0.00041333
INFO:root:154.26892642, 0.89466391, 154.26855513, 0.00041667
INFO:root:154.23817567, 0.87836143, 154.23780858, 0.00042000
INFO:root:154.45830790, 0.86371178, 154.45794423, 0.00042333
INFO:root:154.42435604, 0.84790078, 154.42399580, 0.00042667
INFO:root:154.54410658, 0.83283767, 154.54374967, 0.00043000
INFO:root:154.25017434, 0.81804469, 154.24982154, 0.00043333
INFO:root:154.47888157, 0.80383544, 154.47853176, 0.00043667
INFO:root:154.36541695, 0.78957713, 154.36507047, 0.00044000
INFO:root:154.43950372, 0.77453578, 154.43916180, 0.00044333
INFO:root:154.44326019, 0.76021971, 154.44292213, 0.00044667
INFO:root:154.51172427, 0.74661432, 154.51138990, 0.00045000
INFO:root:154.30853885, 0.73240704, 154.30820798, 0.00045333
INFO:root:154.48414463, 0.71887453, 154.48381753, 0.00045667
INFO:root:154.49348222, 0.70484271, 154.49315906, 0.00046000
INFO:root:154.42758310, 0.69160917, 154.42726354, 0.00046333
INFO:root:154.35533098, 0.67867648, 154.35501484, 0.00046667
INFO:root:154.39831771, 0.66595721, 154.39800648, 0.00047000
INFO:root:154.18113708, 0.65247929, 154.18082945, 0.00047333
INFO:root:154.59494790, 0.64017653, 154.59464387, 0.00047667
INFO:root:154.39585815, 0.62761589, 154.39555789, 0.00048000
INFO:root:154.54176813, 0.61532999, 154.54147155, 0.00048333
INFO:root:154.13773868, 0.60278257, 154.13744630, 0.00048667
INFO:root:154.21513639, 0.59145524, 154.21484730, 0.00049000
INFO:root:154.34059476, 0.57882219, 154.34031011, 0.00049333
INFO:root:154.25907017, 0.56757380, 154.25878924, 0.00049667
INFO:root:154.50309631, 0.55624544, 154.50281998, 0.00050000
INFO:root:154.68419104, 0.54505954, 154.68391752, 0.00050333
INFO:root:154.27468087, 0.53387711, 154.27441029, 0.00050667
INFO:root:154.56860325, 0.52271519, 154.56833807, 0.00051000
INFO:root:154.47732202, 0.51149722, 154.47706122, 0.00051333
INFO:root:154.29989168, 0.50084175, 154.29963298, 0.00051667
INFO:root:154.56990884, 0.49074100, 154.56965453, 0.00052000
INFO:root:154.66305735, 0.48004208, 154.66280725, 0.00052333
INFO:root:154.45400545, 0.47030206, 154.45375868, 0.00052667
INFO:root:154.63255398, 0.45991585, 154.63231115, 0.00053000
INFO:root:154.32582715, 0.45012553, 154.32558748, 0.00053333
INFO:root:154.61759501, 0.44055082, 154.61735973, 0.00053667
INFO:root:154.25784806, 0.43128245, 154.25761628, 0.00054000
INFO:root:154.52082009, 0.42154583, 154.52059191, 0.00054333
INFO:root:154.56500042, 0.41248377, 154.56477531, 0.00054667
INFO:root:154.53877776, 0.40352214, 154.53855633, 0.00055000
INFO:root:154.32821804, 0.39457338, 154.32800170, 0.00055333
INFO:root:154.45004500, 0.38599158, 154.44983129, 0.00055667
INFO:root:154.42555123, 0.37726888, 154.42534015, 0.00056000
INFO:root:154.38098337, 0.36881498, 154.38077545, 0.00056333
INFO:root:154.48616370, 0.36054990, 154.48596077, 0.00056667
INFO:root:154.43892863, 0.35220999, 154.43872938, 0.00057000
INFO:root:154.35772688, 0.34425431, 154.35752948, 0.00057333
INFO:root:154.50343393, 0.33619390, 154.50323934, 0.00057667
INFO:root:154.33730465, 0.32865783, 154.33711409, 0.00058000
INFO:root:154.39396974, 0.32135159, 154.39378322, 0.00058333
INFO:root:154.51253369, 0.31402932, 154.51234997, 0.00058667
INFO:root:154.31052565, 0.30633477, 154.31034456, 0.00059000
INFO:root:154.43122592, 0.29933956, 154.43104816, 0.00059333
INFO:root:154.47716636, 0.29255956, 154.47699255, 0.00059667
INFO:root:154.42323926, 0.28535605, 154.42306992, 0.00060000
INFO:root:154.37236996, 0.27893414, 154.37220212, 0.00060333
INFO:root:154.44269755, 0.27256333, 154.44253189, 0.00060667
INFO:root:154.23042236, 0.26593675, 154.23025986, 0.00061000
INFO:root:154.52386703, 0.25956961, 154.52370848, 0.00061333
INFO:root:154.54148505, 0.25378803, 154.54133018, 0.00061667
INFO:root:154.42219421, 0.24722402, 154.42204188, 0.00062000
INFO:root:154.47429543, 0.24154661, 154.47414451, 0.00062333
INFO:root:154.23960723, 0.23590454, 154.23945841, 0.00062667
INFO:root:154.75598776, 0.22979552, 154.75584412, 0.00063000
INFO:root:154.71979268, 0.22477205, 154.71965123, 0.00063333
INFO:root:154.40008536, 0.21917705, 154.39994724, 0.00063667
INFO:root:154.48532815, 0.21405222, 154.48519205, 0.00064000
INFO:root:154.14222893, 0.20904768, 154.14209344, 0.00064333
INFO:root:154.38898678, 0.20403407, 154.38885358, 0.00064667
INFO:root:154.33389633, 0.19863669, 154.33376759, 0.00065000
INFO:root:154.27687625, 0.19436602, 154.27675102, 0.00065333
INFO:root:154.48831747, 0.18954378, 154.48819487, 0.00065667
INFO:root:154.35421358, 0.18516205, 154.35409186, 0.00066000
INFO:root:154.46424673, 0.18072791, 154.46412562, 0.00066333
INFO:root:154.23972952, 0.17651340, 154.23961043, 0.00066667
INFO:root:154.21061312, 0.17203881, 154.21049741, 0.00067000
INFO:root:154.34768764, 0.16801255, 154.34757522, 0.00067333
INFO:root:154.21904781, 0.16375250, 154.21893955, 0.00067667
INFO:root:154.47775137, 0.16038750, 154.47764412, 0.00068000
INFO:root:154.39111512, 0.15657514, 154.39100857, 0.00068333
INFO:root:154.47338323, 0.15289858, 154.47327730, 0.00068667
INFO:root:154.23299763, 0.14909598, 154.23289271, 0.00069000
INFO:root:154.45246344, 0.14549372, 154.45236136, 0.00069333
INFO:root:154.33171257, 0.14219457, 154.33161339, 0.00069667
INFO:root:154.41670096, 0.13881899, 154.41660511, 0.00070000
INFO:root:154.41791184, 0.13562568, 154.41781888, 0.00070333
INFO:root:154.31425239, 0.13277278, 154.31416005, 0.00070667
INFO:root:154.58898628, 0.12964875, 154.58889481, 0.00071000
INFO:root:154.70296259, 0.12693155, 154.70287156, 0.00071333
INFO:root:154.36106574, 0.12388304, 154.36097516, 0.00071667
INFO:root:154.71114463, 0.12117447, 154.71105562, 0.00072000
INFO:root:154.52248155, 0.11857178, 154.52239438, 0.00072333
INFO:root:154.26293880, 0.11599121, 154.26285465, 0.00072667
INFO:root:154.52384475, 0.11352624, 154.52376320, 0.00073000
INFO:root:154.31336905, 0.11099501, 154.31329048, 0.00073333
INFO:root:154.58806671, 0.10876559, 154.58798875, 0.00073667
INFO:root:154.37544408, 0.10644256, 154.37536709, 0.00074000
INFO:root:154.30223846, 0.10437013, 154.30216217, 0.00074333
INFO:root:154.40505438, 0.10232507, 154.40497826, 0.00074667
INFO:root:154.33810398, 0.10002047, 154.33802804, 0.00075000
INFO:root:154.40463450, 0.09810293, 154.40455882, 0.00075333
INFO:root:154.67160359, 0.09614068, 154.67152808, 0.00075667
INFO:root:154.78500682, 0.09461198, 154.78493245, 0.00076000
INFO:root:154.48069553, 0.09253999, 154.48062274, 0.00076333
INFO:root:154.57381965, 0.09059823, 154.57374941, 0.00076667
INFO:root:154.39828158, 0.08917568, 154.39821344, 0.00077000
INFO:root:154.30040934, 0.08758721, 154.30034339, 0.00077333
INFO:root:154.44385941, 0.08605209, 154.44379469, 0.00077667
INFO:root:154.23670574, 0.08475172, 154.23664220, 0.00078000
INFO:root:154.25536789, 0.08318947, 154.25530532, 0.00078333
INFO:root:154.08045096, 0.08179581, 154.08038909, 0.00078667
INFO:root:154.25516979, 0.08021765, 154.25510845, 0.00079000
INFO:root:154.70570979, 0.07878527, 154.70564858, 0.00079333
INFO:root:154.38336611, 0.07757567, 154.38330517, 0.00079667
INFO:root:154.28704571, 0.07634878, 154.28698502, 0.00080000
INFO:root:154.32200000, 0.07534515, 154.32193905, 0.00080333
INFO:root:154.47368227, 0.07401042, 154.47362159, 0.00080667
INFO:root:154.38634570, 0.07310058, 154.38628501, 0.00081000
INFO:root:154.41641814, 0.07176553, 154.41635772, 0.00081333
INFO:root:154.37668110, 0.07089640, 154.37662111, 0.00081667
INFO:root:154.37203936, 0.06967327, 154.37197929, 0.00082000
INFO:root:154.29378852, 0.06863508, 154.29372932, 0.00082333
INFO:root:154.45424836, 0.06792795, 154.45418943, 0.00082667
INFO:root:154.25980386, 0.06689326, 154.25974567, 0.00083000
INFO:root:154.36093832, 0.06594451, 154.36088141, 0.00083333
INFO:root:154.38339523, 0.06499421, 154.38333945, 0.00083667
INFO:root:154.33260416, 0.06412841, 154.33254952, 0.00084000
INFO:root:154.34371378, 0.06336474, 154.34366046, 0.00084333
INFO:root:154.46992300, 0.06248104, 154.46987126, 0.00084667
INFO:root:154.37884171, 0.06134642, 154.37879207, 0.00085000
INFO:root:154.29213276, 0.06083641, 154.29208313, 0.00085333
INFO:root:154.39279771, 0.06000777, 154.39274860, 0.00085667
INFO:root:154.44022615, 0.05926064, 154.44017844, 0.00086000
INFO:root:154.62778841, 0.05845998, 154.62774132, 0.00086333
INFO:root:154.56322488, 0.05769449, 154.56317814, 0.00086667
INFO:root:154.24817245, 0.05685449, 154.24812584, 0.00087000
INFO:root:154.48619387, 0.05638367, 154.48614747, 0.00087333
INFO:root:154.38638139, 0.05547062, 154.38633544, 0.00087667
INFO:root:154.47235107, 0.05483786, 154.47230521, 0.00088000
INFO:root:154.33962916, 0.05417423, 154.33958330, 0.00088333
INFO:root:154.25368719, 0.05359065, 154.25364168, 0.00088667
INFO:root:154.56167401, 0.05273652, 154.56162832, 0.00089000
INFO:root:154.51012412, 0.05231740, 154.51007843, 0.00089333
INFO:root:154.35369119, 0.05175343, 154.35364541, 0.00089667
INFO:root:154.56536874, 0.05098571, 154.56532314, 0.00090000
INFO:root:154.51458723, 0.05023702, 154.51454171, 0.00090333
INFO:root:154.35390683, 0.04985934, 154.35386132, 0.00090667
INFO:root:154.38282785, 0.04918796, 154.38278216, 0.00091000
INFO:root:154.38534379, 0.04870218, 154.38529828, 0.00091333
INFO:root:154.41527777, 0.04788808, 154.41523225, 0.00091667
INFO:root:154.46704470, 0.04746895, 154.46699927, 0.00092000
INFO:root:154.31012805, 0.04690831, 154.31008253, 0.00092333
INFO:root:154.43459478, 0.04641913, 154.43454935, 0.00092667
INFO:root:154.34171734, 0.04581225, 154.34167182, 0.00093000
INFO:root:154.36292214, 0.04541818, 154.36287663, 0.00093333
INFO:root:154.49959652, 0.04476161, 154.49955118, 0.00093667
INFO:root:154.35470906, 0.04432894, 154.35466381, 0.00094000
INFO:root:154.48059775, 0.04381658, 154.48055285, 0.00094333
INFO:root:154.72349092, 0.04337783, 154.72344620, 0.00094667
INFO:root:154.38132731, 0.04284958, 154.38128285, 0.00095000
INFO:root:154.56680868, 0.04240492, 154.56676439, 0.00095333
INFO:root:154.30582980, 0.04187526, 154.30578710, 0.00095667
INFO:root:154.36868760, 0.04132652, 154.36864471, 0.00096000
INFO:root:154.33208878, 0.04107461, 154.33204633, 0.00096333
INFO:root:154.31888992, 0.04055663, 154.31884915, 0.00096667
INFO:root:154.29693639, 0.04013145, 154.29689552, 0.00097000
INFO:root:154.40155915, 0.03960473, 154.40152030, 0.00097333
INFO:root:154.22001253, 0.03926547, 154.21997404, 0.00097667
INFO:root:154.30260880, 0.03889880, 154.30257144, 0.00098000
INFO:root:154.20027060, 0.03851997, 154.20023425, 0.00098333
INFO:root:154.39143372, 0.03821586, 154.39139697, 0.00098667
INFO:root:154.48036983, 0.03762830, 154.48033528, 0.00099000
INFO:root:154.42890983, 0.03727486, 154.42887528, 0.00099333
INFO:root:154.39384627, 0.03691142, 154.39381225, 0.00099667
INFO:root:154.30801155, 0.03653674, 154.30797814, 0.00100000
INFO:root:Finished training
INFO:root:Saved model. Final Checkpoint.
INFO:root:Completed 3 training
