INFO:root:Namespace(K=3, a_dim=2, alpha='rnn', batch_size=128, clip=150, dataset='BouncingBall', device=device(type='cuda'), epochs=80, learning_rate=0.007, model='KVAE', save_every=10, scale=0.3, subdirectory='v4', x_dim=1, z_dim=4)
INFO:root:Starting KVAE training for 80 epochs.
INFO:root:Train Loss, Reconstruction Loss, log q(a), ELBO_KF, MSE
INFO:root:2214.02793073, 4756.37735797, 17.56351542, -769.55115809, 1307.88199432, 0.007
INFO:root:704.50515110, 2118.41176943, 50.52132256, -18.46027287, 652.85622628, 0.007
INFO:root:554.33749079, 1638.32161433, 60.82670622, -2.01427834, 498.62905188, 0.007
INFO:root:516.92795006, 1527.89164715, 54.69621637, -3.86421777, 439.66297604, 0.007
INFO:root:392.14499361, 1103.16998523, 54.11575387, -7.07823158, 306.65112401, 0.007
INFO:root:311.14233469, 833.60036150, 50.29339187, -10.76882445, 222.29722054, 0.007
INFO:root:257.52017571, 647.50609965, 49.88819480, -13.38014252, 167.80076010, 0.007
INFO:root:214.51988704, 502.89029896, 48.79177598, -14.86101600, 135.46982034, 0.007
INFO:root:205.45626624, 468.30667636, 49.62670068, -15.33755711, 122.84102959, 0.007
INFO:root:196.98169516, 440.81865876, 47.03572759, -17.70036461, 114.30815501, 0.007
INFO:root:177.76253868, 369.54997369, 48.27747306, -18.62006843, 100.08406849, 0.007
INFO:root:181.91170363, 389.01023768, 45.24190584, -19.96672238, 106.15501500, 0.007
INFO:root:175.28497255, 366.80444587, 45.39539559, -19.84823984, 100.62787594, 0.007
INFO:root:174.88508711, 356.16814722, 45.02867793, -23.00596047, 94.04033574, 0.007
INFO:root:171.79626930, 337.78707866, 44.03314508, -26.42699656, 88.75817388, 0.007
INFO:root:165.61221582, 323.54439458, 43.55047158, -24.99842108, 86.40710415, 0.007
INFO:root:155.54430881, 298.02662466, 43.56296742, -22.57335063, 82.51809910, 0.007
INFO:root:162.39424359, 321.96494071, 44.56622865, -21.23852678, 85.08234212, 0.007
INFO:root:178.50015375, 346.53356644, 45.24446541, -29.29561345, 89.84739468, 0.007
INFO:root:177.93641021, 329.56275283, 46.41574304, -32.65183728, 87.95843240, 0.007
INFO:root:184.98850361, 347.61306222, 47.52695518, -33.17762607, 90.09700848, 0.007
INFO:root:173.98666490, 323.22293670, 48.79416710, -28.22561299, 85.70499425, 0.007
INFO:root:169.16875475, 282.79595406, 48.67445900, -35.65550616, 80.01677757, 0.007
INFO:root:162.68134208, 294.77652093, 47.60208255, -26.64629920, 82.36049551, 0.007
INFO:root:166.71054602, 320.78085984, 45.77134806, -24.70493571, 86.91873845, 0.007
INFO:root:156.76526389, 277.73803885, 46.09643178, -27.34741740, 77.96500909, 0.007
INFO:root:161.13707219, 289.94900184, 44.82622885, -29.32613950, 79.32233612, 0.007
INFO:root:164.08836797, 291.28085289, 43.45385979, -33.25024827, 80.34231118, 0.007
INFO:root:165.26441001, 285.71725483, 43.59186003, -35.95737014, 76.86236181, 0.007
INFO:root:169.01808417, 277.77819013, 42.69866282, -42.98596085, 75.33608569, 0.007
INFO:root:157.21407633, 265.92055483, 42.56523456, -34.87267251, 74.00560273, 0.007
INFO:root:160.75108987, 273.16956339, 42.28225998, -36.51795721, 77.14970987, 0.007
INFO:root:168.45609720, 277.89451058, 42.25409959, -42.83364078, 75.20585743, 0.007
INFO:root:186.61147739, 290.70887177, 41.76864788, -57.63016429, 78.09667611, 0.007
INFO:root:161.02715988, 299.48085119, 41.28353834, -29.89936289, 82.01193817, 0.007
INFO:root:153.94507534, 269.60915211, 41.02655353, -32.03577262, 74.45425217, 0.007
INFO:root:158.83938256, 254.57741170, 40.35811475, -42.10804000, 71.36889813, 0.007
INFO:root:146.92540660, 236.42279690, 40.70684839, -35.29171662, 68.18140054, 0.007
INFO:root:150.38337870, 263.80168055, 40.12588226, -31.11698950, 71.99647870, 0.007
INFO:root:151.45447478, 268.35692394, 39.14894075, -31.79845347, 74.96135663, 0.007
INFO:root:153.09809102, 272.32461567, 37.79863903, -33.60206381, 75.15585911, 0.007
INFO:root:146.25500239, 251.20064883, 37.89589747, -32.99890592, 70.69859657, 0.007
INFO:root:150.09671138, 269.78355002, 37.75845622, -31.40318619, 73.30755089, 0.007
INFO:root:134.19539321, 220.44072984, 38.00485543, -30.05831549, 63.88463472, 0.007
INFO:root:146.54525612, 271.35701298, 37.62866534, -27.50948354, 73.83403802, 0.007
INFO:root:142.79606118, 264.10027362, 37.81263385, -25.75334323, 71.59102037, 0.007
INFO:root:149.49760410, 280.03499574, 37.07291796, -28.41418401, 75.99367750, 0.007
INFO:root:152.41885237, 280.95212352, 37.91961766, -30.21359365, 76.74486802, 0.007
INFO:root:152.08993378, 257.64664604, 38.17442283, -36.62151387, 71.59842894, 0.007
INFO:root:162.00140506, 292.29064169, 37.38397181, -36.93023739, 79.08571296, 0.007
INFO:root:155.10336686, 257.41699856, 39.16134808, -38.71691630, 72.36995784, 0.007
INFO:root:153.05805358, 267.13001164, 38.72501880, -34.19402813, 74.13743770, 0.007
INFO:root:158.37469446, 281.41118554, 39.98982065, -33.96151445, 75.68325622, 0.007
INFO:root:157.05735226, 277.09995376, 39.44796487, -34.47939713, 74.35010828, 0.007
INFO:root:159.51456286, 273.39179027, 39.65593995, -37.84108269, 74.83133625, 0.007
INFO:root:154.70031325, 266.97039756, 39.15022080, -35.45896972, 72.61414105, 0.007
INFO:root:158.73807696, 271.69212689, 39.06347651, -38.16695787, 73.84581501, 0.007
INFO:root:154.06790314, 253.52693447, 38.71594794, -39.29387238, 70.92012589, 0.007
INFO:root:155.20450542, 269.31866977, 37.83617394, -36.57272695, 73.38903321, 0.007
INFO:root:146.03131248, 245.32442909, 37.28457407, -35.14940643, 68.91362999, 0.007
INFO:root:144.41170697, 240.74634581, 37.10232288, -35.08547850, 69.11987614, 0.007
INFO:root:146.17278938, 252.39418918, 36.24865814, -34.20587188, 69.62553275, 0.007
INFO:root:151.94166803, 268.24277197, 35.79613589, -35.67269720, 72.89009452, 0.007
INFO:root:146.73498679, 245.27670539, 36.30575465, -36.84621738, 68.51870761, 0.007
INFO:root:140.72365617, 238.75098352, 36.02984655, -33.06851147, 67.64476815, 0.007
INFO:root:138.62344621, 237.97620846, 35.89461022, -31.33597043, 66.65366788, 0.007
INFO:root:145.09427528, 258.59928624, 35.46750305, -32.04698211, 71.03022047, 0.007
INFO:root:155.86435986, 298.65305493, 34.35670457, -31.91173425, 79.97789011, 0.007
INFO:root:145.56025131, 258.48785420, 34.84855164, -33.16534091, 71.46772713, 0.007
INFO:root:144.11285382, 241.00209799, 36.04100119, -35.77122083, 66.84073035, 0.007
INFO:root:145.25053301, 251.15060405, 36.07655873, -33.82879032, 69.79656949, 0.007
INFO:root:144.14233709, 245.65509246, 37.60718155, -32.83862576, 70.15677348, 0.007
INFO:root:156.88500282, 282.46424267, 37.47967722, -34.66604962, 77.70145643, 0.007
INFO:root:153.80981728, 264.67556801, 38.25213758, -36.15500575, 75.63702050, 0.007
INFO:root:146.06562474, 236.62332849, 39.37122495, -35.70739840, 69.26065469, 0.007
INFO:root:157.02891275, 248.41107873, 40.61819989, -41.88738661, 69.10791310, 0.007
INFO:root:160.77837623, 278.80168596, 40.09773090, -37.04013622, 76.65269688, 0.007
INFO:root:143.31835280, 234.78306000, 40.54616643, -32.33726520, 68.74343080, 0.007
INFO:root:172.92237337, 247.77400980, 42.56835445, -56.02181267, 69.84282366, 0.007
INFO:root:162.56740164, 294.38935678, 41.92128169, -32.32930891, 80.93392925, 0.007
INFO:root:Finished training.
INFO:root:Saved model. Final Checkpoint saves/BouncingBall/kvae/v4/scale=0.3/kvae_state_dict_scale=0.3_79.pth
