INFO:root:Namespace(batch_size=52, beta_end=0.001, beta_start=0, clip=10, device=device(type='cuda'), epochs=300, learning_rate=0.0001, model='cdna', save_every=25, stage=0)
INFO:root:State Dictionary Path (Deterministic) is: saves/sv2p/v2/stage1/finetuned/sv2p_state_dict_199.pth
INFO:root:Starting SV2P training on Stage 0 for 300 epochs.
INFO:root:Train Loss
INFO:root:193.58688056
INFO:root:196.60524566
INFO:root:206.08328817
INFO:root:198.54070352
INFO:root:194.99281390
INFO:root:195.49509044
INFO:root:194.53887299
INFO:root:194.39869006
INFO:root:194.37509804
INFO:root:193.62874454
INFO:root:195.78988227
INFO:root:201.21985047
INFO:root:199.81306668
INFO:root:195.94951182
INFO:root:197.51292148
INFO:root:195.60277671
INFO:root:192.70385295
INFO:root:191.99189723
INFO:root:191.43923705
INFO:root:198.37661129
INFO:root:193.44934836
INFO:root:190.94236194
INFO:root:189.64892675
INFO:root:190.37377368
INFO:root:191.55934976
INFO:root:190.71055252
INFO:root:190.02003163
INFO:root:190.10705031
INFO:root:192.18840360
INFO:root:198.97433682
INFO:root:194.87777754
INFO:root:191.47804129
INFO:root:189.77029822
INFO:root:187.94888034
INFO:root:187.57514761
INFO:root:188.70568856
INFO:root:192.46304839
INFO:root:194.08380276
INFO:root:192.12533350
INFO:root:207.25942125
INFO:root:192.76315992
INFO:root:194.87263585
INFO:root:230.00331686
INFO:root:215.12537761
INFO:root:193.67232636
INFO:root:187.79313230
INFO:root:184.87089732
INFO:root:183.59927877
INFO:root:182.85199229
INFO:root:182.72527752
INFO:root:183.07664007
INFO:root:183.94180175
INFO:root:184.12475218
INFO:root:184.72059719
INFO:root:186.44968011
INFO:root:187.78610957
INFO:root:186.59412901
INFO:root:185.82243426
INFO:root:185.08005734
INFO:root:185.86134496
INFO:root:185.40466765
INFO:root:185.02810336
INFO:root:187.59431764
INFO:root:206.78257962
INFO:root:197.83601704
INFO:root:188.40797503
INFO:root:183.25789221
INFO:root:180.74173088
INFO:root:180.55363806
INFO:root:180.13664219
INFO:root:181.11255006
INFO:root:181.84395275
INFO:root:182.90708231
INFO:root:184.07162055
INFO:root:184.31881942
INFO:root:184.28731239
INFO:root:183.39480915
INFO:root:183.73510163
INFO:root:182.92194156
INFO:root:182.02152480
INFO:root:182.39982807
INFO:root:183.17001115
INFO:root:184.52530740
INFO:root:185.84769422
INFO:root:195.88718458
INFO:root:186.03880863
INFO:root:181.52630054
INFO:root:179.46638366
INFO:root:182.32061469
INFO:root:180.83715812
INFO:root:179.80661160
INFO:root:180.07353360
INFO:root:184.99173123
INFO:root:190.70897771
INFO:root:184.19879194
INFO:root:180.72365342
INFO:root:179.50578141
INFO:root:179.32499642
INFO:root:180.56437271
INFO:root:183.72310937
INFO:root:181.67199567
INFO:root:180.61615490
INFO:root:179.38412633
INFO:root:179.87394100
INFO:root:181.14965022
INFO:root:180.22819265
INFO:root:179.36488798
INFO:root:179.03183466
INFO:root:179.21954390
INFO:root:180.10113674
INFO:root:183.64118817
INFO:root:181.91604185
INFO:root:180.92817776
INFO:root:180.31658813
INFO:root:180.08008795
INFO:root:181.51202761
INFO:root:180.56840331
INFO:root:239.82099511
INFO:root:202.90820146
INFO:root:185.52820070
INFO:root:179.44446327
INFO:root:176.49751571
INFO:root:176.16255530
INFO:root:175.51017700
INFO:root:174.29419138
INFO:root:174.09511505
INFO:root:174.79388182
INFO:root:175.20595787
INFO:root:176.86570687
INFO:root:178.42633214
INFO:root:178.62205453
INFO:root:177.86043943
INFO:root:177.28113047
INFO:root:177.57161441
INFO:root:177.15367162
INFO:root:176.50821616
INFO:root:176.45636416
INFO:root:176.84689629
INFO:root:176.75421660
INFO:root:177.18377291
INFO:root:177.49576507
INFO:root:178.41402997
INFO:root:178.47595338
INFO:root:179.43797925
INFO:root:187.52277181
INFO:root:193.48611520
INFO:root:184.06958639
INFO:root:178.06723058
INFO:root:174.58224707
INFO:root:175.59964410
INFO:root:176.91503178
INFO:root:175.40106157
INFO:root:174.46554197
INFO:root:174.07903719
INFO:root:174.08490297
INFO:root:173.98164298
INFO:root:175.14493517
INFO:root:175.36743331
INFO:root:176.01907121
INFO:root:176.34722471
INFO:root:177.08169635
INFO:root:175.41010548
INFO:root:177.94732491
INFO:root:177.77413853
INFO:root:176.64942783
INFO:root:175.62270645
INFO:root:175.53844575
INFO:root:173.91332613
INFO:root:173.76064730
INFO:root:175.79298217
INFO:root:181.84874603
INFO:root:191.73592438
INFO:root:180.39071725
INFO:root:178.03908521
INFO:root:177.16125295
INFO:root:173.05177386
INFO:root:171.55064287
INFO:root:171.44002244
INFO:root:172.46723052
INFO:root:172.51873279
INFO:root:172.96362989
INFO:root:173.70001791
INFO:root:174.34454547
INFO:root:175.29745440
INFO:root:175.71448491
INFO:root:175.58784888
INFO:root:173.90159344
INFO:root:173.29444482
INFO:root:173.18976374
INFO:root:173.46842273
INFO:root:173.60313661
INFO:root:173.53912485
INFO:root:173.41540633
INFO:root:174.18423567
INFO:root:174.26152135
INFO:root:174.06488125
INFO:root:174.79490223
INFO:root:180.77458708
INFO:root:182.11953279
INFO:root:176.64995233
INFO:root:174.25453090
INFO:root:172.25262933
INFO:root:170.94480589
INFO:root:175.28957235
INFO:root:175.94850545
INFO:root:174.85292728
INFO:root:174.23921695
INFO:root:175.48380271
INFO:root:174.04312669
INFO:root:172.29494731
INFO:root:173.15007326
INFO:root:172.44229512
INFO:root:173.63574298
INFO:root:173.22414319
INFO:root:172.37340169
INFO:root:173.06417224
INFO:root:173.39964075
INFO:root:172.75619244
INFO:root:172.04204042
INFO:root:171.43767723
INFO:root:171.49179367
INFO:root:171.42365870
INFO:root:173.23738317
INFO:root:174.26238891
INFO:root:173.47729913
INFO:root:172.46074799
INFO:root:171.84503419
INFO:root:171.48597200
INFO:root:170.76761399
INFO:root:170.76940567
INFO:root:170.85741065
INFO:root:170.60204596
INFO:root:171.60513858
INFO:root:174.12337573
INFO:root:173.75514633
INFO:root:174.07087528
INFO:root:172.49884270
INFO:root:172.50225944
INFO:root:171.62651018
INFO:root:171.32776335
INFO:root:170.77643445
INFO:root:172.06004395
INFO:root:171.78680902
INFO:root:172.12036641
INFO:root:170.44359685
INFO:root:169.51285685
INFO:root:169.74737505
INFO:root:170.89774814
INFO:root:170.55555681
INFO:root:173.53985026
INFO:root:172.12778657
INFO:root:170.40098730
INFO:root:169.37765021
INFO:root:169.12090758
INFO:root:168.94790290
INFO:root:169.45779568
INFO:root:170.18223089
INFO:root:169.38038600
INFO:root:171.52498364
INFO:root:171.51154099
INFO:root:170.78176231
INFO:root:169.75158209
INFO:root:169.32560406
INFO:root:169.15645292
INFO:root:168.93765811
INFO:root:179.15866545
INFO:root:184.94849519
INFO:root:172.29362540
INFO:root:171.05179701
INFO:root:168.01789084
INFO:root:166.50855562
INFO:root:165.82241962
INFO:root:166.09217326
INFO:root:167.49830382
INFO:root:168.20322120
INFO:root:168.82268463
INFO:root:169.71772950
INFO:root:169.68489952
INFO:root:168.63478080
INFO:root:169.19815081
INFO:root:168.88301507
INFO:root:168.33298282
INFO:root:168.86928585
INFO:root:169.16202966
INFO:root:168.89770078
INFO:root:169.08495278
INFO:root:168.95646308
INFO:root:169.26128501
INFO:root:168.74545165
INFO:root:170.62819487
INFO:root:170.79759243
INFO:root:170.44885175
INFO:root:168.37001064
INFO:root:168.10725455
INFO:root:167.42301248
INFO:root:167.57709731
INFO:root:168.79581364
INFO:root:170.27867679
INFO:root:169.07925126
INFO:root:168.82767846
INFO:root:Finished training
INFO:root:Saved model. Final Checkpoint.
INFO:root:Completed 0 training
