INFO:root:Namespace(batch_size=52, beta_end=1.0, beta_start=0, clip=10, device=device(type='cuda'), epochs=200, learning_rate=1e-06, model='cdna', save_every=25, stage=3)
INFO:root:State Dictionary Path (Stochastic) is: saves/sv2p/stage2/sv2p_state_dict_99.pth
INFO:root:Starting SV2P training on Stage 3 for 200 epochs.
INFO:root:Train Loss, KLD, MSE
INFO:root:183.54989826, 10.63784882, 183.52391973, 0.00500000
INFO:root:182.16527926, 9.65706570, 182.09310632, 0.01000000
INFO:root:181.46984504, 9.09360607, 181.35638533, 0.01500000
INFO:root:180.92481960, 8.63534380, 180.77387080, 0.02000000
INFO:root:180.81927096, 8.24182009, 180.63396059, 0.02500000
INFO:root:180.27311549, 7.89095779, 180.05624486, 0.03000000
INFO:root:180.07826224, 7.57460470, 179.83221041, 0.03500000
INFO:root:180.01872683, 7.28904146, 179.74548296, 0.04000000
INFO:root:179.94516491, 7.02475581, 179.64670668, 0.04500000
INFO:root:179.67129394, 6.77822794, 179.34941925, 0.05000000
INFO:root:179.46077518, 6.54924808, 179.11702570, 0.05500000
INFO:root:179.34578433, 6.33750617, 178.98145242, 0.06000000
INFO:root:179.27338971, 6.13968242, 178.88973096, 0.06500000
INFO:root:179.13818772, 5.95432743, 178.73634979, 0.07000000
INFO:root:178.83131330, 5.77858271, 178.41241657, 0.07500000
INFO:root:179.00162366, 5.61251328, 178.56672142, 0.08000000
INFO:root:178.73694102, 5.45517069, 178.28694013, 0.08500000
INFO:root:178.68284896, 5.30691301, 178.21855330, 0.09000000
INFO:root:178.54038993, 5.16525531, 178.06265425, 0.09500000
INFO:root:178.37585046, 5.03142033, 177.88533090, 0.10000000
INFO:root:178.49366743, 4.90245846, 177.99120585, 0.10500000
INFO:root:178.38537685, 4.77891319, 177.87168551, 0.11000000
INFO:root:178.03769561, 4.66044516, 177.51343098, 0.11500000
INFO:root:178.07081718, 4.54722442, 177.53657883, 0.12000000
INFO:root:178.13017036, 4.43813319, 177.58654233, 0.12500000
INFO:root:177.93186249, 4.33424069, 177.37928018, 0.13000000
INFO:root:178.03470226, 4.23547414, 177.47353547, 0.13500000
INFO:root:177.97253655, 4.13975925, 177.40335372, 0.14000000
INFO:root:177.78121168, 4.04893581, 177.20426257, 0.14500000
INFO:root:177.86118641, 3.96270559, 177.27671981, 0.15000000
INFO:root:177.79999621, 3.87943519, 177.20840454, 0.15500000
INFO:root:177.75209791, 3.79875103, 177.15382569, 0.16000000
INFO:root:177.86093701, 3.72239207, 177.25607493, 0.16500000
INFO:root:177.66342514, 3.64769636, 177.05245481, 0.17000000
INFO:root:177.70349305, 3.57752322, 177.08639763, 0.17500000
INFO:root:177.60471967, 3.50783542, 176.98209267, 0.18000000
INFO:root:177.45382357, 3.44189267, 176.82569552, 0.18500000
INFO:root:177.58000060, 3.37850013, 176.94654899, 0.19000000
INFO:root:177.70040867, 3.31776503, 177.06175688, 0.19500000
INFO:root:177.46616100, 3.25718877, 176.82289308, 0.20000000
INFO:root:177.50152842, 3.20087046, 176.85336637, 0.20500000
INFO:root:177.24427278, 3.14673916, 176.59133666, 0.21000000
INFO:root:177.35415036, 3.09376165, 176.69674288, 0.21500000
INFO:root:177.46675864, 3.04222377, 176.80509580, 0.22000000
INFO:root:177.44515079, 2.99218984, 176.77939965, 0.22500000
INFO:root:177.40978451, 2.94431872, 176.73997129, 0.23000000
INFO:root:177.45249150, 2.89707338, 176.77894084, 0.23500000
INFO:root:177.29081384, 2.85133627, 176.61363273, 0.24000000
INFO:root:177.19942246, 2.80689162, 176.51876831, 0.24500000
INFO:root:177.13885673, 2.76456384, 176.45464448, 0.25000000
INFO:root:177.41504011, 2.72107503, 176.72798315, 0.25500000
INFO:root:177.17367413, 2.68004113, 176.48357900, 0.26000000
INFO:root:177.26366653, 2.63972907, 176.57075343, 0.26500000
INFO:root:176.97354749, 2.60082049, 176.27783791, 0.27000000
INFO:root:177.08252102, 2.56138011, 176.38455902, 0.27500000
INFO:root:177.26154161, 2.52390719, 176.56116687, 0.28000000
INFO:root:177.24183953, 2.48605241, 176.53954184, 0.28500000
INFO:root:177.03180861, 2.45007031, 176.32742239, 0.29000000
INFO:root:177.04742756, 2.41463641, 176.34115776, 0.29500000
INFO:root:176.98068106, 2.37943874, 176.27280408, 0.30000000
INFO:root:177.09434360, 2.34513179, 176.38495461, 0.30500000
INFO:root:177.00615675, 2.31072139, 176.29561931, 0.31000000
INFO:root:177.02258897, 2.27850865, 176.31056441, 0.31500000
INFO:root:176.91183244, 2.24633929, 176.19863225, 0.32000000
INFO:root:177.09095641, 2.21427711, 176.37686394, 0.32500000
INFO:root:176.78838112, 2.18311843, 176.07341968, 0.33000000
INFO:root:176.82435266, 2.15238962, 176.10869099, 0.33500000
INFO:root:176.83780609, 2.12132534, 176.12186142, 0.34000000
INFO:root:177.04998385, 2.09247877, 176.33332281, 0.34500000
INFO:root:176.81851696, 2.06359590, 176.10143096, 0.35000000
INFO:root:176.85063399, 2.03395360, 176.13368041, 0.35500000
INFO:root:176.79066993, 2.00572269, 176.07362339, 0.36000000
INFO:root:176.62038369, 1.97821067, 175.90328901, 0.36500000
INFO:root:176.72936372, 1.95054051, 176.01255184, 0.37000000
INFO:root:176.62886205, 1.92282970, 175.91261853, 0.37500000
INFO:root:176.71503071, 1.89652716, 175.99909973, 0.38000000
INFO:root:176.54208155, 1.86992256, 175.82684203, 0.38500000
INFO:root:176.73040438, 1.84363866, 176.01600647, 0.39000000
INFO:root:176.70994042, 1.81755874, 175.99655467, 0.39500000
INFO:root:176.71508912, 1.79286283, 176.00242966, 0.40000000
INFO:root:176.80499452, 1.76744780, 176.09360609, 0.40500000
INFO:root:176.66511957, 1.74239699, 175.95510040, 0.41000000
INFO:root:176.46878473, 1.71733521, 175.76039764, 0.41500000
INFO:root:176.47022405, 1.69319580, 175.76331970, 0.42000000
INFO:root:176.62185625, 1.66988749, 175.91634001, 0.42500000
INFO:root:176.68809404, 1.64568252, 175.98457065, 0.43000000
INFO:root:176.65393996, 1.62311833, 175.95194885, 0.43500000
INFO:root:176.44902635, 1.59962908, 175.74919356, 0.44000000
INFO:root:176.66165494, 1.57653874, 175.96404030, 0.44500000
INFO:root:176.39635810, 1.55408006, 175.70091660, 0.45000000
INFO:root:176.52406013, 1.53117907, 175.83120666, 0.45500000
INFO:root:176.34170962, 1.50973515, 175.65101702, 0.46000000
INFO:root:176.50910441, 1.48679868, 175.82146936, 0.46500000
INFO:root:176.74275690, 1.46582283, 176.05749205, 0.47000000
INFO:root:176.37146364, 1.44375202, 175.68929878, 0.47500000
INFO:root:176.46061215, 1.42329220, 175.78099656, 0.48000000
INFO:root:176.58816107, 1.40162093, 175.91188286, 0.48500000
INFO:root:176.49113263, 1.38098339, 175.81790933, 0.49000000
INFO:root:176.42979422, 1.35979894, 175.76010220, 0.49500000
INFO:root:176.26329847, 1.33985720, 175.59672678, 0.50000000
INFO:root:176.10912450, 1.31935059, 175.44615910, 0.50500000
INFO:root:176.51197780, 1.29939754, 175.85254283, 0.51000000
INFO:root:176.38686555, 1.28030111, 175.73071771, 0.51500000
INFO:root:176.63664237, 1.25995033, 175.98462502, 0.52000000
INFO:root:176.39175845, 1.24079456, 175.74345170, 0.52500000
INFO:root:176.47866909, 1.22115836, 175.83451563, 0.53000000
INFO:root:177.05015722, 1.20238377, 176.40989431, 0.53500000
INFO:root:176.82137614, 1.18328225, 176.18536710, 0.54000000
INFO:root:176.27857844, 1.16484612, 175.64665016, 0.54500000
INFO:root:176.43164440, 1.14585952, 175.80429507, 0.55000000
INFO:root:176.52441091, 1.12723786, 175.90162019, 0.55500000
INFO:root:176.56337940, 1.10915829, 175.94502855, 0.56000000
INFO:root:176.44936730, 1.09113485, 175.83561286, 0.56500000
INFO:root:176.57301795, 1.07342947, 175.96385079, 0.57000000
INFO:root:176.46166308, 1.05596635, 175.85712854, 0.57500000
INFO:root:176.73945960, 1.03840388, 176.13978866, 0.58000000
INFO:root:176.32589310, 1.02130972, 175.73098623, 0.58500000
INFO:root:176.34572066, 1.00426375, 175.75572240, 0.59000000
INFO:root:176.27991065, 0.98722846, 175.69498259, 0.59500000
INFO:root:176.45282912, 0.97100599, 175.87265620, 0.60000000
INFO:root:176.36956717, 0.95392162, 175.79483725, 0.60500000
INFO:root:176.28649990, 0.93776053, 175.71681880, 0.61000000
INFO:root:176.48131149, 0.92218915, 175.91647821, 0.61500000
INFO:root:176.67657997, 0.90599958, 176.11713339, 0.62000000
INFO:root:176.25763773, 0.89025119, 175.70346166, 0.62500000
INFO:root:176.19150026, 0.87399687, 175.64307404, 0.63000000
INFO:root:176.40655447, 0.85938304, 175.86299800, 0.63500000
INFO:root:176.31072086, 0.84361836, 175.77291888, 0.64000000
INFO:root:176.43654317, 0.82859567, 175.90417349, 0.64500000
INFO:root:176.12756313, 0.81383997, 175.60060786, 0.65000000
INFO:root:176.35412124, 0.79967443, 175.83233792, 0.65500000
INFO:root:176.19955874, 0.78545310, 175.68312844, 0.66000000
INFO:root:176.25894253, 0.77045761, 175.74851858, 0.66500000
INFO:root:176.27053237, 0.75617786, 175.76578846, 0.67000000
INFO:root:176.31472919, 0.74260962, 175.81532709, 0.67500000
INFO:root:176.10753062, 0.72844461, 175.61401525, 0.68000000
INFO:root:176.26671100, 0.71494769, 175.77876317, 0.68500000
INFO:root:176.35480508, 0.70095819, 175.87290095, 0.69000000
INFO:root:176.22789913, 0.68776499, 175.75162725, 0.69500000
INFO:root:176.16030279, 0.67487295, 175.68958519, 0.70000000
INFO:root:176.22269422, 0.66218878, 175.75751127, 0.70500000
INFO:root:175.96398487, 0.64875566, 175.50499567, 0.71000000
INFO:root:176.34035422, 0.63649537, 175.88685468, 0.71500000
INFO:root:176.16628002, 0.62397841, 175.71858154, 0.72000000
INFO:root:176.28380050, 0.61172984, 175.84183134, 0.72500000
INFO:root:175.89196944, 0.59922120, 175.45603974, 0.73000000
INFO:root:175.98181337, 0.58792584, 175.55116035, 0.73500000
INFO:root:176.07389525, 0.57533417, 175.64959006, 0.74000000
INFO:root:175.97915842, 0.56411553, 175.56030537, 0.74500000
INFO:root:176.15872569, 0.55281654, 175.74549962, 0.75000000
INFO:root:176.44798261, 0.54166734, 176.04038186, 0.75500000
INFO:root:175.97807417, 0.53052563, 175.57620406, 0.76000000
INFO:root:176.27139519, 0.51940815, 175.87534929, 0.76500000
INFO:root:176.17399825, 0.50823609, 175.78393090, 0.77000000
INFO:root:175.91739716, 0.49761716, 175.53299187, 0.77500000
INFO:root:176.17164814, 0.48755200, 175.79258018, 0.78000000
INFO:root:176.34461002, 0.47689875, 175.97143853, 0.78500000
INFO:root:176.08964381, 0.46720392, 175.72172336, 0.79000000
INFO:root:176.32388472, 0.45686834, 175.96182163, 0.79500000
INFO:root:175.93960501, 0.44712717, 175.58302298, 0.80000000
INFO:root:176.25986340, 0.43759448, 175.90869851, 0.80500000
INFO:root:175.85413641, 0.42836830, 175.50823317, 0.81000000
INFO:root:176.20866298, 0.41867191, 175.86849651, 0.81500000
INFO:root:176.13739084, 0.40965155, 175.80250225, 0.82000000
INFO:root:176.09216309, 0.40072299, 175.76257254, 0.82500000
INFO:root:175.87417918, 0.39181227, 175.54995622, 0.83000000
INFO:root:175.94970405, 0.38327013, 175.63063558, 0.83500000
INFO:root:175.93840009, 0.37458515, 175.62468711, 0.84000000
INFO:root:176.05737691, 0.36616979, 175.74888155, 0.84500000
INFO:root:176.02239105, 0.35794874, 175.71903343, 0.85000000
INFO:root:175.94627933, 0.34964739, 175.64820836, 0.85500000
INFO:root:175.82624247, 0.34173449, 175.53320821, 0.86000000
INFO:root:175.99501309, 0.33370957, 175.70719278, 0.86500000
INFO:root:175.92552746, 0.32621011, 175.64254129, 0.87000000
INFO:root:175.83989987, 0.31893589, 175.56163042, 0.87500000
INFO:root:176.02472292, 0.31165286, 175.75124982, 0.88000000
INFO:root:175.79207734, 0.30399722, 175.52380117, 0.88500000
INFO:root:175.92818048, 0.29703388, 175.66456385, 0.89000000
INFO:root:175.90789383, 0.29028991, 175.64881222, 0.89500000
INFO:root:175.78004894, 0.28312702, 175.52594485, 0.90000000
INFO:root:175.69199231, 0.27673550, 175.44224206, 0.90500000
INFO:root:175.75328844, 0.27039294, 175.50790782, 0.91000000
INFO:root:175.54791014, 0.26380612, 175.30718898, 0.91500000
INFO:root:175.81670950, 0.25747201, 175.58048090, 0.92000000
INFO:root:175.84516723, 0.25172285, 175.61295433, 0.92500000
INFO:root:175.75611150, 0.24519734, 175.52869266, 0.93000000
INFO:root:175.83176676, 0.23954853, 175.60838967, 0.93500000
INFO:root:175.56789933, 0.23394412, 175.34858002, 0.94000000
INFO:root:175.71383562, 0.22788112, 175.49905992, 0.94500000
INFO:root:175.96816245, 0.22289726, 175.75697055, 0.95000000
INFO:root:175.70797738, 0.21733472, 175.50096885, 0.95500000
INFO:root:175.75959182, 0.21223583, 175.55637693, 0.96000000
INFO:root:175.46141473, 0.20725964, 175.26192922, 0.96500000
INFO:root:175.73264172, 0.20227654, 175.53694065, 0.97000000
INFO:root:175.64150308, 0.19691721, 175.45000212, 0.97500000
INFO:root:175.62386304, 0.19267327, 175.43552855, 0.98000000
INFO:root:175.77362815, 0.18788515, 175.58903267, 0.98500000
INFO:root:175.71110868, 0.18353444, 175.52986943, 0.99000000
INFO:root:175.81565445, 0.17913028, 175.63786982, 0.99500000
INFO:root:175.57107509, 0.17494507, 175.39656979, 1.00000000
INFO:root:Finished training
INFO:root:Saved model. Final Checkpoint.
INFO:root:Completed 3 training
