INFO:root:Namespace(batch_size=50, beta=25.0, clip=10, device=device(type='cuda'), epochs=150, hdim=1024, learning_rate=0.0001, model='VRNN', nlayers=1, save_every=100, version='v1', xdim=64, zdim=32)
INFO:root:Starting VRNN training for 150 epochs.
INFO:root:Train Loss, KLD, Reconstruction Loss
INFO:root:517127.125, 117.338, 514193.683
INFO:root:273243.822, 54.229, 271888.085
INFO:root:232585.171, 95.388, 230200.467
INFO:root:217770.630, 128.015, 214570.260
INFO:root:211711.653, 145.105, 208084.031
INFO:root:207896.906, 158.798, 203926.960
INFO:root:205162.880, 168.997, 200937.964
INFO:root:202866.909, 177.769, 198422.682
INFO:root:201174.431, 183.113, 196596.594
INFO:root:199367.092, 186.539, 194703.608
INFO:root:197859.090, 189.901, 193111.573
INFO:root:196442.845, 192.463, 191631.261
INFO:root:195155.103, 195.563, 190266.031
INFO:root:193737.780, 195.136, 188859.379
INFO:root:192479.200, 198.249, 187522.972
INFO:root:191221.450, 199.378, 186236.998
INFO:root:189778.857, 200.023, 184778.270
INFO:root:188347.841, 200.558, 183333.900
INFO:root:187007.411, 202.844, 181936.319
INFO:root:185658.536, 203.167, 180579.362
INFO:root:184283.315, 203.867, 179186.649
INFO:root:182844.836, 203.561, 177755.810
INFO:root:181551.200, 206.060, 176399.687
INFO:root:180514.826, 204.543, 175401.248
INFO:root:179449.861, 205.542, 174311.305
INFO:root:178209.387, 206.764, 173040.298
INFO:root:177215.949, 206.106, 172063.299
INFO:root:176293.575, 205.655, 171152.206
INFO:root:175407.758, 207.585, 170218.143
INFO:root:174439.300, 209.495, 169201.930
INFO:root:173505.611, 209.986, 168255.953
INFO:root:172741.025, 209.014, 167515.677
INFO:root:171977.500, 210.875, 166705.628
INFO:root:171156.051, 210.730, 165887.804
INFO:root:170441.194, 211.467, 165154.528
INFO:root:169696.451, 211.439, 164410.479
INFO:root:168878.490, 211.412, 163593.193
INFO:root:168253.629, 213.436, 162917.736
INFO:root:167513.278, 214.780, 162143.771
INFO:root:166734.781, 213.813, 161389.450
INFO:root:166177.228, 213.637, 160836.295
INFO:root:165424.270, 215.175, 160044.902
INFO:root:164880.186, 214.700, 159512.693
INFO:root:164244.312, 215.437, 158858.399
INFO:root:163537.181, 218.035, 158086.297
INFO:root:162811.248, 214.614, 157445.894
INFO:root:162150.683, 215.598, 156760.732
INFO:root:161710.786, 217.408, 156275.581
INFO:root:160949.873, 216.753, 155531.058
INFO:root:160343.037, 220.404, 154832.932
INFO:root:159784.375, 219.167, 154305.206
INFO:root:159216.379, 218.986, 153741.728
INFO:root:158524.810, 219.176, 153045.414
INFO:root:158008.162, 219.628, 152517.462
INFO:root:157299.235, 219.800, 151804.243
INFO:root:156681.181, 219.591, 151191.404
INFO:root:156143.406, 219.570, 150654.158
INFO:root:155604.214, 219.654, 150112.871
INFO:root:154964.992, 220.686, 149447.832
INFO:root:154446.927, 221.693, 148904.603
INFO:root:153823.636, 222.671, 148256.861
INFO:root:153238.912, 220.177, 147734.497
INFO:root:152696.807, 221.743, 147153.226
INFO:root:152081.394, 221.907, 146533.727
INFO:root:151594.441, 222.169, 146040.211
INFO:root:150985.903, 222.552, 145422.109
INFO:root:150323.864, 221.942, 144775.324
INFO:root:149794.240, 221.610, 144253.996
INFO:root:149308.099, 223.141, 143729.586
INFO:root:148637.018, 222.985, 143062.391
INFO:root:148195.166, 223.849, 142598.942
INFO:root:147651.695, 223.264, 142070.096
INFO:root:147075.171, 225.027, 141449.504
INFO:root:146556.852, 224.386, 140947.207
INFO:root:146054.244, 224.132, 140450.943
INFO:root:145508.576, 224.983, 139883.991
INFO:root:144848.989, 225.468, 139212.285
INFO:root:144474.703, 224.994, 138849.862
INFO:root:143999.811, 224.983, 138375.224
INFO:root:143457.999, 225.829, 137812.277
INFO:root:142726.872, 224.657, 137110.453
INFO:root:142337.134, 227.041, 136661.106
INFO:root:141806.843, 225.831, 136161.068
INFO:root:141432.983, 227.387, 135748.307
INFO:root:140729.481, 226.560, 135065.471
INFO:root:140362.157, 226.458, 134700.708
INFO:root:139963.098, 225.625, 134322.462
INFO:root:139491.987, 227.730, 133798.725
INFO:root:138866.212, 226.062, 133214.655
INFO:root:138449.918, 226.314, 132792.059
INFO:root:137961.134, 228.287, 132253.969
INFO:root:137537.214, 226.707, 131869.547
INFO:root:136972.156, 226.254, 131315.808
INFO:root:136585.294, 226.817, 130914.868
INFO:root:136045.366, 225.482, 130408.327
INFO:root:135827.046, 227.950, 130128.299
INFO:root:135252.898, 227.332, 129569.591
INFO:root:134829.147, 228.660, 129112.642
INFO:root:134385.629, 226.863, 128714.053
INFO:root:133909.611, 228.594, 128194.762
INFO:root:133432.802, 227.098, 127755.348
INFO:root:133131.530, 229.162, 127402.488
INFO:root:132768.335, 230.138, 127014.897
INFO:root:132523.264, 229.147, 126794.594
INFO:root:131859.220, 229.427, 126123.541
INFO:root:131567.266, 228.344, 125858.657
INFO:root:131073.472, 228.199, 125368.502
INFO:root:130627.031, 229.001, 124902.013
INFO:root:130269.533, 228.287, 124562.358
INFO:root:129918.800, 228.360, 124209.802
INFO:root:129673.492, 230.781, 123903.955
INFO:root:129096.963, 228.351, 123388.198
INFO:root:128826.239, 228.287, 123119.056
INFO:root:128461.784, 229.518, 122723.830
INFO:root:127932.605, 228.824, 122212.011
INFO:root:127689.918, 230.511, 121927.146
INFO:root:127177.518, 229.607, 121437.333
INFO:root:126959.096, 230.258, 121202.657
INFO:root:126449.618, 229.372, 120715.316
INFO:root:126149.247, 229.900, 120401.744
INFO:root:125907.091, 228.814, 120186.742
INFO:root:125328.461, 230.028, 119577.752
INFO:root:124967.544, 228.595, 119252.681
INFO:root:124812.161, 231.710, 119019.402
INFO:root:124582.317, 231.928, 118784.105
INFO:root:124226.416, 230.181, 118471.901
INFO:root:123806.504, 231.314, 118023.663
INFO:root:123632.921, 231.798, 117837.960
INFO:root:123167.909, 231.000, 117392.906
INFO:root:122716.026, 230.695, 116948.659
INFO:root:122488.040, 232.325, 116679.918
INFO:root:122042.104, 231.465, 116255.472
INFO:root:121762.762, 231.611, 115972.495
INFO:root:121550.757, 230.873, 115778.925
INFO:root:121096.645, 230.180, 115342.145
INFO:root:121032.474, 232.156, 115228.564
INFO:root:120584.135, 231.551, 114795.367
INFO:root:120156.758, 230.638, 114390.810
INFO:root:120013.140, 232.254, 114206.786
INFO:root:119626.343, 232.020, 113825.850
INFO:root:119445.264, 232.826, 113624.612
INFO:root:119093.871, 232.178, 113289.433
INFO:root:118813.261, 231.178, 113033.823
INFO:root:118411.865, 232.276, 112604.958
INFO:root:118246.506, 231.542, 112457.945
INFO:root:117984.868, 232.940, 112161.381
INFO:root:117589.656, 232.698, 111772.203
INFO:root:117276.134, 232.409, 111465.912
INFO:root:116950.614, 233.618, 111110.175
INFO:root:116804.698, 233.684, 110962.604
INFO:root:Finished training.
INFO:root:Saved model to saves/v1/vrnn_state_dict_v1_beta=25.0_149.pth
