INFO:root:Namespace(batch_size=50, beta=2.0, clip=10, device=device(type='cuda'), epochs=1000, hdim=1024, learning_rate=0.001, model='VRNN', nlayers=3, save_every=1, version='v0', xdim=64, zdim=32)
INFO:root:Starting VRNN training for 1000 epochs.
INFO:root:Train Loss, KLD, Reconstruction Loss
INFO:root:371860.681, 286.211, 371288.260
INFO:root:331612.394, 866.612, 329879.171
INFO:root:243242.057, 5528.353, 232185.351
INFO:root:209018.599, 6109.642, 196799.315
INFO:root:202660.426, 5966.452, 190727.521
INFO:root:199245.727, 5955.880, 187333.967
INFO:root:195703.232, 5819.634, 184063.965
INFO:root:192507.049, 5689.703, 181127.644
INFO:root:189840.094, 5449.311, 178941.473
INFO:root:186865.656, 5098.165, 176669.327
INFO:root:184370.034, 4840.606, 174688.822
INFO:root:182029.543, 4659.690, 172710.163
INFO:root:179993.506, 4711.050, 170571.407
INFO:root:177937.833, 4770.022, 168397.790
INFO:root:175960.852, 4828.590, 166303.674
INFO:root:174149.039, 4902.176, 164344.687
INFO:root:172341.791, 4923.067, 162495.657
INFO:root:170458.614, 4935.273, 160588.067
INFO:root:168784.981, 4925.129, 158934.724
INFO:root:167066.024, 4920.120, 157225.782
INFO:root:166144.672, 4942.484, 156259.704
INFO:root:164027.570, 4936.501, 154154.568
INFO:root:162681.478, 4944.816, 152791.846
INFO:root:161285.397, 4931.417, 151422.561
INFO:root:160018.382, 4932.026, 150154.329
INFO:root:158712.436, 4916.712, 148879.012
INFO:root:157514.346, 4885.402, 147743.542
INFO:root:156160.937, 4853.518, 146453.901
INFO:root:155036.421, 4859.514, 145317.393
INFO:root:153510.905, 4849.333, 143812.239
INFO:root:152602.903, 4834.126, 142934.652
INFO:root:151386.006, 4838.142, 141709.722
INFO:root:150210.139, 4817.320, 140575.498
INFO:root:149296.670, 4792.216, 139712.238
INFO:root:147969.607, 4787.963, 138393.681
INFO:root:147292.521, 4798.754, 137695.013
INFO:root:145823.217, 4779.432, 136264.353
INFO:root:144918.556, 4755.248, 135408.060
INFO:root:143738.299, 4775.986, 134186.326
INFO:root:143005.270, 4765.991, 133473.287
INFO:root:141807.072, 4759.961, 132287.150
INFO:root:141066.191, 4747.992, 131570.205
INFO:root:140366.062, 4757.304, 130851.453
INFO:root:139080.442, 4732.673, 129615.095
INFO:root:138139.850, 4721.738, 128696.374
INFO:root:137730.646, 4726.389, 128277.869
INFO:root:136599.471, 4724.726, 127150.019
INFO:root:135526.791, 4697.736, 126131.319
INFO:root:135053.670, 4684.048, 125685.574
INFO:root:133727.744, 4678.874, 124369.996
INFO:root:133389.993, 4690.782, 124008.429
INFO:root:132874.265, 4660.767, 123552.730
INFO:root:131635.492, 4657.435, 122320.622
INFO:root:131015.214, 4651.130, 121712.954
INFO:root:130623.700, 4637.753, 121348.194
INFO:root:130065.412, 4635.094, 120795.225
INFO:root:129334.410, 4638.036, 120058.338
INFO:root:128926.328, 4599.904, 119726.521
INFO:root:128137.214, 4604.905, 118927.403
INFO:root:127008.395, 4610.634, 117787.128
INFO:root:126744.528, 4591.307, 117561.914
INFO:root:125966.433, 4584.452, 116797.529
INFO:root:125531.809, 4572.120, 116387.568
INFO:root:124792.585, 4587.849, 115616.887
INFO:root:124140.974, 4548.544, 115043.886
INFO:root:123463.549, 4547.189, 114369.170
INFO:root:123218.901, 4565.178, 114088.545
INFO:root:122778.263, 4529.161, 113719.941
INFO:root:122471.729, 4559.153, 113353.424
INFO:root:122026.899, 4539.667, 112947.566
INFO:root:121509.002, 4518.762, 112471.478
INFO:root:121542.110, 4513.901, 112514.307
INFO:root:120398.850, 4514.392, 111370.066
INFO:root:119927.384, 4496.221, 110934.942
INFO:root:119679.676, 4489.989, 110699.698
INFO:root:118986.149, 4485.246, 110015.658
INFO:root:118772.605, 4472.370, 109827.865
INFO:root:117907.177, 4472.824, 108961.529
INFO:root:117831.633, 4471.911, 108887.810
INFO:root:117810.429, 4461.644, 108887.141
INFO:root:117146.155, 4438.099, 108269.957
INFO:root:116729.163, 4440.539, 107848.085
INFO:root:116025.105, 4430.918, 107163.270
INFO:root:115981.909, 4426.237, 107129.434
INFO:root:114916.190, 4421.945, 106072.299
INFO:root:115172.287, 4417.054, 106338.180
INFO:root:115146.896, 4408.901, 106329.095
INFO:root:114600.809, 4408.489, 105783.830
INFO:root:114554.077, 4412.745, 105728.588
INFO:root:113598.712, 4397.612, 104803.487
INFO:root:113679.783, 4383.593, 104912.596
INFO:root:113432.455, 4381.900, 104668.655
INFO:root:113034.713, 4373.277, 104288.160
INFO:root:112299.439, 4355.215, 103589.008
INFO:root:112349.106, 4365.277, 103618.551
INFO:root:111980.431, 4362.079, 103256.273
INFO:root:111247.747, 4328.587, 102590.572
INFO:root:111131.986, 4321.896, 102488.194
INFO:root:110873.396, 4329.869, 102213.659
INFO:root:111017.031, 4329.122, 102358.787
INFO:root:110559.478, 4321.137, 101917.204
INFO:root:110479.939, 4334.666, 101810.607
INFO:root:110191.355, 4318.074, 101555.205
INFO:root:109574.969, 4300.895, 100973.178
INFO:root:109815.886, 4303.406, 101209.074
INFO:root:109483.205, 4277.437, 100928.331
INFO:root:108896.623, 4279.716, 100337.191
INFO:root:108726.696, 4274.358, 100177.981
INFO:root:108506.960, 4277.127, 99952.706
INFO:root:108388.962, 4272.492, 99843.978
INFO:root:107771.402, 4256.951, 99257.500
INFO:root:107647.258, 4255.230, 99136.799
INFO:root:107653.811, 4256.833, 99140.146
INFO:root:107486.355, 4238.651, 99009.053
INFO:root:107087.562, 4222.256, 98643.051
INFO:root:107189.650, 4245.294, 98699.062
INFO:root:106795.115, 4226.597, 98341.921
INFO:root:106502.995, 4207.860, 98087.276
INFO:root:106490.593, 4222.536, 98045.520
INFO:root:105640.398, 4186.136, 97268.126
INFO:root:105498.171, 4213.271, 97071.630
INFO:root:105896.421, 4185.105, 97526.212
INFO:root:105487.588, 4191.509, 97104.569
INFO:root:105171.323, 4180.026, 96811.272
INFO:root:104953.565, 4186.298, 96580.969
INFO:root:104814.495, 4181.127, 96452.241
INFO:root:104880.836, 4173.710, 96533.415
INFO:root:104360.898, 4166.576, 96027.746
INFO:root:104455.011, 4161.764, 96131.483
INFO:root:104328.332, 4154.362, 96019.608
INFO:root:104048.159, 4146.824, 95754.512
INFO:root:104353.583, 4160.827, 96031.928
INFO:root:103648.347, 4128.794, 95390.758
INFO:root:103925.403, 4137.782, 95649.838
INFO:root:102991.207, 4120.576, 94750.056
INFO:root:102717.205, 4119.123, 94478.958
INFO:root:102519.724, 4105.490, 94308.743
INFO:root:102959.197, 4104.002, 94751.193
INFO:root:102707.880, 4117.714, 94472.453
INFO:root:102377.985, 4107.994, 94161.998
INFO:root:102543.149, 4094.790, 94353.569
INFO:root:102209.443, 4089.661, 94030.121
INFO:root:102338.277, 4081.826, 94174.624
INFO:root:101952.422, 4085.956, 93780.509
INFO:root:101494.241, 4063.372, 93367.498
INFO:root:101789.060, 4081.554, 93625.952
INFO:root:101447.801, 4081.633, 93284.536
INFO:root:101040.149, 4061.623, 92916.904
INFO:root:100676.710, 4046.516, 92583.678
INFO:root:101060.972, 4057.174, 92946.623
INFO:root:101423.728, 4053.851, 93316.025
INFO:root:100795.103, 4054.013, 92687.077
INFO:root:100681.783, 4041.188, 92599.407
INFO:root:100312.920, 4044.011, 92224.899
INFO:root:100039.734, 4025.379, 91988.976
INFO:root:100386.256, 4026.360, 92333.536
INFO:root:99574.415, 4022.140, 91530.135
INFO:root:99629.161, 4006.118, 91616.926
INFO:root:99772.930, 4016.513, 91739.905
INFO:root:99314.852, 3994.376, 91326.100
INFO:root:99443.403, 3996.150, 91451.102
INFO:root:99544.047, 3996.896, 91550.256
INFO:root:99328.878, 3984.270, 91360.338
INFO:root:99327.677, 4002.525, 91322.627
INFO:root:98901.283, 3988.434, 90924.414
INFO:root:98734.507, 3970.755, 90792.998
INFO:root:98441.107, 3960.554, 90519.999
INFO:root:98576.204, 3976.684, 90622.835
INFO:root:98314.327, 3970.714, 90372.898
INFO:root:98275.532, 3951.851, 90371.831
INFO:root:98398.610, 3969.089, 90460.433
INFO:root:98334.517, 3954.057, 90426.403
INFO:root:97772.881, 3937.761, 89897.360
INFO:root:97753.952, 3950.322, 89853.308
INFO:root:97740.143, 3942.421, 89855.301
INFO:root:97550.824, 3936.910, 89677.004
INFO:root:97163.139, 3916.288, 89330.562
INFO:root:97159.288, 3918.497, 89322.293
INFO:root:97355.333, 3920.253, 89514.827
INFO:root:96982.109, 3908.277, 89165.556
INFO:root:96851.303, 3906.098, 89039.107
INFO:root:96772.658, 3905.420, 88961.818
INFO:root:97353.423, 3921.354, 89510.716
INFO:root:97177.526, 3903.903, 89369.720
INFO:root:96795.643, 3894.784, 89006.074
INFO:root:96302.468, 3882.176, 88538.117
INFO:root:96100.788, 3880.678, 88339.431
INFO:root:96094.476, 3868.962, 88356.553
INFO:root:96495.137, 3882.276, 88730.585
INFO:root:96235.525, 3882.169, 88471.188
INFO:root:95887.013, 3858.868, 88169.276
INFO:root:95869.322, 3863.877, 88141.568
INFO:root:96111.733, 3855.711, 88400.311
INFO:root:95904.399, 3869.206, 88165.986
INFO:root:95876.791, 3852.192, 88172.408
INFO:root:95881.690, 3859.283, 88163.124
INFO:root:95450.075, 3833.380, 87783.315
INFO:root:95100.316, 3830.422, 87439.473
INFO:root:95000.924, 3837.359, 87326.206
INFO:root:94906.917, 3824.965, 87256.987
INFO:root:94825.114, 3821.513, 87182.088
INFO:root:95230.388, 3832.151, 87566.087
INFO:root:94862.830, 3804.164, 87254.501
INFO:root:94530.954, 3814.431, 86902.092
INFO:root:94515.688, 3799.427, 86916.835
INFO:root:94513.018, 3801.268, 86910.483
INFO:root:94649.416, 3807.753, 87033.910
INFO:root:94553.717, 3801.762, 86950.193
INFO:root:94573.332, 3797.211, 86978.910
INFO:root:94382.506, 3809.803, 86762.901
INFO:root:94324.091, 3796.078, 86731.936
INFO:root:94109.129, 3793.170, 86522.789
INFO:root:94096.470, 3795.218, 86506.034
INFO:root:93808.095, 3776.413, 86255.269
INFO:root:93919.874, 3769.441, 86380.993
INFO:root:93768.076, 3764.201, 86239.673
INFO:root:93241.492, 3748.449, 85744.594
INFO:root:93367.039, 3750.083, 85866.872
INFO:root:93506.150, 3764.968, 85976.215
INFO:root:93712.287, 3760.751, 86190.786
INFO:root:93301.271, 3736.274, 85828.723
INFO:root:92968.371, 3738.053, 85492.265
INFO:root:93420.008, 3751.312, 85917.385
INFO:root:93348.315, 3752.681, 85842.953
INFO:root:92612.382, 3717.935, 85176.513
INFO:root:93330.300, 3731.875, 85866.550
INFO:root:93095.390, 3722.962, 85649.466
INFO:root:92639.979, 3703.516, 85232.947
INFO:root:92599.593, 3715.870, 85167.852
INFO:root:92438.760, 3699.452, 85039.856
INFO:root:92386.560, 3707.304, 84971.953
INFO:root:92373.529, 3697.955, 84977.618
INFO:root:92405.028, 3701.224, 85002.580
INFO:root:92697.381, 3702.133, 85293.116
INFO:root:92433.542, 3702.715, 85028.113
INFO:root:92221.603, 3704.986, 84811.631
INFO:root:91765.439, 3696.679, 84372.082
INFO:root:91802.337, 3673.950, 84454.436
INFO:root:91504.625, 3663.181, 84178.263
INFO:root:91761.113, 3672.312, 84416.489
INFO:root:91834.127, 3676.209, 84481.709
INFO:root:92387.038, 3685.366, 85016.306
INFO:root:91981.355, 3685.401, 84610.553
INFO:root:91502.204, 3657.787, 84186.631
INFO:root:91330.537, 3662.379, 84005.779
INFO:root:91308.552, 3648.891, 84010.769
INFO:root:91577.117, 3660.014, 84257.089
INFO:root:91153.639, 3643.682, 83866.276
INFO:root:91348.797, 3646.948, 84054.901
INFO:root:91367.353, 3657.452, 84052.448
INFO:root:91140.952, 3637.645, 83865.661
INFO:root:90941.261, 3623.958, 83693.345
INFO:root:91100.672, 3627.859, 83844.953
INFO:root:90614.957, 3609.453, 83396.050
INFO:root:90874.240, 3629.438, 83615.363
INFO:root:90915.008, 3641.105, 83632.797
INFO:root:90732.789, 3607.292, 83518.205
INFO:root:90575.838, 3603.572, 83368.694
INFO:root:90687.711, 3612.425, 83462.860
INFO:root:90932.584, 3616.478, 83699.627
INFO:root:90370.822, 3600.127, 83170.569
INFO:root:90481.665, 3612.491, 83256.683
INFO:root:90664.264, 3610.752, 83442.761
INFO:root:90147.585, 3591.511, 82964.562
INFO:root:90344.461, 3591.150, 83162.160
INFO:root:90652.214, 3609.431, 83433.352
INFO:root:90390.615, 3600.548, 83189.518
INFO:root:90159.476, 3587.877, 82983.721
INFO:root:90069.959, 3583.388, 82903.184
INFO:root:89913.122, 3571.018, 82771.087
INFO:root:90278.443, 3602.825, 83072.793
INFO:root:89955.692, 3576.808, 82802.076
INFO:root:89612.230, 3564.455, 82483.320
INFO:root:89368.541, 3547.454, 82273.634
INFO:root:89389.997, 3554.584, 82280.830
INFO:root:89744.228, 3570.115, 82603.998
INFO:root:89703.971, 3563.393, 82577.186
INFO:root:89655.879, 3553.502, 82548.874
INFO:root:89279.616, 3549.227, 82181.161
INFO:root:89009.007, 3541.311, 81926.385
INFO:root:89170.630, 3529.103, 82112.424
INFO:root:89163.288, 3530.898, 82101.492
INFO:root:88964.994, 3517.940, 81929.113
INFO:root:89290.959, 3540.818, 82209.322
INFO:root:89341.532, 3533.322, 82274.888
INFO:root:89296.117, 3525.182, 82245.754
INFO:root:88604.120, 3522.209, 81559.702
INFO:root:88773.330, 3522.409, 81728.512
INFO:root:88609.215, 3500.286, 81608.644
INFO:root:89077.252, 3530.764, 82015.724
INFO:root:89020.419, 3523.389, 81973.642
INFO:root:88789.674, 3509.303, 81771.068
INFO:root:88815.490, 3506.995, 81801.500
INFO:root:88677.876, 3510.246, 81657.383
INFO:root:88595.181, 3506.637, 81581.907
INFO:root:88670.935, 3502.894, 81665.148
INFO:root:88728.945, 3516.611, 81695.723
INFO:root:88300.829, 3488.158, 81324.512
INFO:root:88668.580, 3507.422, 81653.736
INFO:root:88639.429, 3497.708, 81644.012
INFO:root:88301.665, 3485.586, 81330.493
INFO:root:88173.273, 3478.630, 81216.014
INFO:root:88046.917, 3469.472, 81107.974
INFO:root:88136.223, 3495.749, 81144.725
INFO:root:87862.833, 3455.800, 80951.233
INFO:root:87941.180, 3459.741, 81021.698
INFO:root:87846.392, 3466.949, 80912.494
INFO:root:87872.900, 3466.802, 80939.297
INFO:root:87829.768, 3456.880, 80916.007
INFO:root:87862.529, 3469.160, 80924.208
INFO:root:87752.944, 3460.856, 80831.231
INFO:root:87465.016, 3437.206, 80590.605
INFO:root:87582.626, 3461.847, 80658.932
INFO:root:88014.104, 3462.279, 81089.545
INFO:root:87773.299, 3459.994, 80853.310
INFO:root:87522.319, 3444.270, 80633.778
INFO:root:87974.873, 3456.242, 81062.389
INFO:root:87642.432, 3453.242, 80735.949
INFO:root:87407.141, 3448.183, 80510.776
INFO:root:87286.641, 3419.955, 80446.732
INFO:root:87196.112, 3424.710, 80346.691
INFO:root:87180.259, 3424.273, 80331.713
INFO:root:87286.662, 3427.963, 80430.737
INFO:root:87224.548, 3431.470, 80361.607
INFO:root:87300.712, 3432.101, 80436.511
INFO:root:87167.170, 3417.114, 80332.941
INFO:root:87093.397, 3422.967, 80247.464
INFO:root:87201.124, 3424.715, 80351.692
INFO:root:86979.852, 3420.316, 80139.220
INFO:root:86802.673, 3399.316, 80004.040
INFO:root:86719.124, 3403.295, 79912.534
INFO:root:86887.050, 3406.252, 80074.546
INFO:root:86945.455, 3403.701, 80138.053
INFO:root:86891.082, 3399.944, 80091.194
INFO:root:86653.693, 3392.366, 79868.961
INFO:root:86657.426, 3400.325, 79856.776
INFO:root:86416.930, 3384.852, 79647.225
INFO:root:86525.350, 3384.607, 79756.135
INFO:root:86674.868, 3397.766, 79879.335
INFO:root:86568.278, 3385.478, 79797.322
INFO:root:86419.674, 3379.455, 79660.765
INFO:root:86522.723, 3383.369, 79755.985
INFO:root:86606.781, 3378.562, 79849.658
INFO:root:86383.309, 3375.569, 79632.171
INFO:root:86417.474, 3378.048, 79661.378
INFO:root:86128.688, 3364.372, 79399.945
INFO:root:86283.280, 3371.514, 79540.252
INFO:root:86316.905, 3370.119, 79576.667
INFO:root:86300.540, 3373.836, 79552.867
INFO:root:86000.930, 3350.764, 79299.402
INFO:root:86268.490, 3370.813, 79526.864
INFO:root:85783.498, 3340.697, 79102.104
INFO:root:85827.352, 3342.716, 79141.920
INFO:root:85903.753, 3352.611, 79198.530
INFO:root:85996.978, 3359.226, 79278.525
INFO:root:86041.578, 3347.121, 79347.336
INFO:root:85747.037, 3339.421, 79068.195
INFO:root:85880.663, 3353.561, 79173.542
INFO:root:85859.164, 3342.888, 79173.387
INFO:root:86050.754, 3350.505, 79349.744
INFO:root:85795.321, 3352.310, 79090.701
INFO:root:85656.082, 3336.180, 78983.722
INFO:root:85759.840, 3343.969, 79071.901
INFO:root:85403.449, 3313.870, 78775.708
INFO:root:85542.077, 3327.550, 78886.976
INFO:root:85773.892, 3339.481, 79094.930
INFO:root:85501.386, 3316.743, 78867.900
INFO:root:85299.122, 3311.755, 78675.612
INFO:root:85405.660, 3314.275, 78777.109
INFO:root:85467.273, 3320.492, 78826.289
INFO:root:85502.692, 3320.024, 78862.643
INFO:root:85290.936, 3305.417, 78680.101
INFO:root:85160.593, 3299.204, 78562.186
INFO:root:85453.877, 3319.098, 78815.682
INFO:root:85134.872, 3305.224, 78524.424
INFO:root:84883.756, 3288.576, 78306.604
INFO:root:85405.466, 3327.430, 78750.606
INFO:root:85292.320, 3305.097, 78682.126
INFO:root:85211.507, 3302.753, 78606.001
INFO:root:85002.303, 3281.810, 78438.683
INFO:root:85039.228, 3294.868, 78449.493
INFO:root:85328.642, 3309.310, 78710.023
INFO:root:85314.097, 3302.375, 78709.346
INFO:root:85214.920, 3294.313, 78626.294
INFO:root:84907.236, 3288.695, 78329.845
INFO:root:84698.047, 3285.694, 78126.659
INFO:root:84592.857, 3266.781, 78059.295
INFO:root:84553.074, 3264.994, 78023.086
INFO:root:85005.225, 3285.125, 78434.975
INFO:root:84642.985, 3271.288, 78100.409
INFO:root:84423.708, 3257.704, 77908.301
INFO:root:84407.872, 3262.729, 77882.414
INFO:root:84712.607, 3269.441, 78173.725
INFO:root:85047.607, 3281.686, 78484.236
INFO:root:84574.979, 3265.283, 78044.414
INFO:root:84462.946, 3262.803, 77937.340
INFO:root:84275.066, 3254.019, 77767.029
INFO:root:84464.971, 3267.374, 77930.223
INFO:root:84355.480, 3252.564, 77850.352
INFO:root:84229.008, 3247.212, 77734.584
INFO:root:84418.558, 3251.189, 77916.180
INFO:root:84522.793, 3254.418, 78013.957
INFO:root:84279.091, 3247.102, 77784.887
INFO:root:84337.329, 3248.802, 77839.726
INFO:root:84094.906, 3240.116, 77614.674
INFO:root:83805.964, 3223.113, 77359.739
INFO:root:84313.021, 3251.031, 77810.960
INFO:root:84065.335, 3241.167, 77583.000
INFO:root:83796.681, 3219.131, 77358.420
INFO:root:83942.549, 3236.100, 77470.349
INFO:root:84088.394, 3236.329, 77615.737
INFO:root:84281.176, 3241.401, 77798.375
INFO:root:84312.638, 3255.465, 77801.708
INFO:root:84147.294, 3230.358, 77686.578
INFO:root:84124.603, 3222.841, 77678.921
INFO:root:83953.439, 3220.222, 77512.996
INFO:root:83555.139, 3201.978, 77151.184
INFO:root:83753.465, 3208.542, 77336.380
INFO:root:83749.431, 3212.219, 77324.994
INFO:root:83695.975, 3221.795, 77252.385
INFO:root:83582.130, 3203.815, 77174.499
INFO:root:83859.151, 3221.926, 77415.298
INFO:root:83482.322, 3199.079, 77084.164
INFO:root:83404.061, 3196.098, 77011.865
INFO:root:83849.759, 3212.592, 77424.575
INFO:root:83677.473, 3204.547, 77268.380
INFO:root:83734.613, 3214.605, 77305.403
INFO:root:83724.184, 3216.518, 77291.149
INFO:root:83546.019, 3200.688, 77144.642
INFO:root:83572.093, 3193.210, 77185.673
INFO:root:83366.142, 3195.173, 76975.795
INFO:root:83360.080, 3192.598, 76974.883
INFO:root:83356.290, 3183.255, 76989.780
INFO:root:83352.283, 3190.003, 76972.277
INFO:root:83155.679, 3171.639, 76812.401
INFO:root:83128.606, 3180.423, 76767.760
INFO:root:83225.040, 3182.953, 76859.134
INFO:root:83062.862, 3175.795, 76711.272
INFO:root:83262.171, 3181.582, 76899.008
INFO:root:83393.392, 3179.157, 77035.078
INFO:root:83419.165, 3183.851, 77051.463
INFO:root:83220.122, 3182.481, 76855.160
INFO:root:83057.650, 3173.437, 76710.777
INFO:root:82986.222, 3164.995, 76656.232
INFO:root:82973.439, 3167.487, 76638.464
INFO:root:83163.136, 3171.881, 76819.374
INFO:root:83445.748, 3181.082, 77083.583
INFO:root:83451.497, 3179.714, 77092.070
INFO:root:82967.800, 3159.838, 76648.125
INFO:root:82707.367, 3157.676, 76392.015
INFO:root:82699.719, 3147.421, 76404.878
INFO:root:82642.465, 3155.011, 76332.444
INFO:root:82572.093, 3141.241, 76289.612
INFO:root:82731.655, 3146.086, 76439.482
INFO:root:83049.220, 3160.247, 76728.727
INFO:root:83030.711, 3162.812, 76705.087
INFO:root:82598.326, 3140.777, 76316.772
INFO:root:82776.809, 3147.470, 76481.870
INFO:root:82639.049, 3149.575, 76339.899
INFO:root:82791.525, 3160.325, 76470.876
INFO:root:82913.156, 3149.793, 76613.569
INFO:root:82676.498, 3143.810, 76388.878
INFO:root:82540.951, 3148.264, 76244.423
INFO:root:82530.041, 3138.004, 76254.032
INFO:root:82399.857, 3125.855, 76148.146
INFO:root:82593.970, 3147.510, 76298.950
INFO:root:82617.464, 3134.568, 76348.329
INFO:root:82635.930, 3137.527, 76360.876
INFO:root:82531.678, 3139.330, 76253.017
INFO:root:82433.661, 3127.836, 76177.989
INFO:root:82363.279, 3133.869, 76095.541
INFO:root:82201.924, 3113.656, 75974.613
INFO:root:82467.235, 3132.534, 76202.167
INFO:root:82480.122, 3114.780, 76250.561
INFO:root:82305.992, 3121.152, 76063.689
INFO:root:82297.046, 3121.095, 76054.857
INFO:root:82182.635, 3116.087, 75950.460
INFO:root:82158.915, 3103.903, 75951.108
INFO:root:82119.687, 3103.519, 75912.648
INFO:root:82121.538, 3115.369, 75890.799
INFO:root:82428.870, 3118.178, 76192.513
INFO:root:82118.426, 3109.975, 75898.476
INFO:root:81901.845, 3090.143, 75721.559
INFO:root:82073.109, 3100.013, 75873.082
INFO:root:82004.745, 3103.945, 75796.854
INFO:root:82368.717, 3118.555, 76131.608
INFO:root:82209.217, 3106.513, 75996.191
INFO:root:82033.599, 3104.677, 75824.245
INFO:root:81843.611, 3078.892, 75685.826
INFO:root:81939.978, 3095.997, 75747.984
INFO:root:81766.980, 3076.392, 75614.197
INFO:root:81671.099, 3080.812, 75509.476
INFO:root:81767.193, 3080.587, 75606.019
INFO:root:81886.575, 3104.644, 75677.288
INFO:root:81938.111, 3093.879, 75750.353
INFO:root:82049.613, 3093.782, 75862.050
INFO:root:81874.031, 3083.823, 75706.385
INFO:root:81865.002, 3091.413, 75682.176
INFO:root:81842.536, 3085.502, 75671.533
INFO:root:81821.570, 3089.184, 75643.203
INFO:root:81621.531, 3084.161, 75453.208
INFO:root:81581.353, 3073.618, 75434.117
INFO:root:81685.605, 3082.709, 75520.188
INFO:root:81807.171, 3082.029, 75643.114
INFO:root:81593.985, 3072.379, 75449.228
INFO:root:81529.337, 3067.567, 75394.204
INFO:root:81730.664, 3083.330, 75564.003
INFO:root:81582.902, 3068.005, 75446.891
INFO:root:81407.827, 3064.741, 75278.344
INFO:root:81646.913, 3068.100, 75510.713
INFO:root:81418.799, 3052.845, 75313.109
INFO:root:81710.489, 3067.284, 75575.921
INFO:root:81488.699, 3070.194, 75348.311
INFO:root:81208.647, 3049.235, 75110.177
INFO:root:81495.426, 3065.890, 75363.646
INFO:root:81533.078, 3071.002, 75391.074
INFO:root:81495.839, 3080.127, 75335.585
INFO:root:81602.086, 3062.817, 75476.452
INFO:root:81027.560, 3038.304, 74950.951
INFO:root:80968.920, 3039.524, 74889.871
INFO:root:81359.140, 3050.337, 75258.465
INFO:root:81344.882, 3042.973, 75258.936
INFO:root:81226.657, 3058.153, 75110.352
INFO:root:81231.473, 3054.541, 75122.391
INFO:root:81386.303, 3055.332, 75275.640
INFO:root:81042.898, 3034.530, 74973.839
INFO:root:81039.627, 3036.548, 74966.531
INFO:root:81010.149, 3035.618, 74938.914
INFO:root:81155.299, 3036.279, 75082.740
INFO:root:81385.744, 3060.734, 75264.276
INFO:root:81372.808, 3071.184, 75230.441
INFO:root:81471.227, 3051.821, 75367.586
INFO:root:81119.215, 3044.224, 75030.767
INFO:root:80976.738, 3030.729, 74915.280
INFO:root:80947.281, 3026.481, 74894.319
INFO:root:80752.587, 3021.672, 74709.243
INFO:root:80701.244, 3016.473, 74668.299
INFO:root:80623.668, 3026.379, 74570.911
INFO:root:80851.057, 3017.421, 74816.216
INFO:root:80830.419, 3013.095, 74804.227
INFO:root:80876.723, 3016.247, 74844.228
INFO:root:81086.109, 3018.755, 75048.599
INFO:root:80911.433, 3019.235, 74872.964
INFO:root:80922.391, 3017.395, 74887.602
INFO:root:81082.853, 3033.457, 75015.940
INFO:root:80862.725, 3017.816, 74827.092
INFO:root:80683.343, 3008.610, 74666.123
INFO:root:80449.648, 3002.333, 74444.982
INFO:root:80727.564, 3016.609, 74694.347
INFO:root:80814.866, 3019.241, 74776.384
INFO:root:80567.743, 3004.237, 74559.270
INFO:root:80588.417, 3000.191, 74588.036
INFO:root:80472.890, 2994.288, 74484.314
INFO:root:80742.060, 3005.312, 74731.436
INFO:root:80978.643, 3021.686, 74935.271
INFO:root:80793.807, 3005.939, 74781.930
INFO:root:80719.158, 3004.810, 74709.537
INFO:root:80608.742, 3007.512, 74593.718
INFO:root:80299.714, 2982.573, 74334.568
INFO:root:80548.732, 3002.860, 74543.013
INFO:root:80490.187, 2991.177, 74507.833
INFO:root:80441.405, 2991.844, 74457.718
INFO:root:80481.861, 2999.090, 74483.681
INFO:root:80506.041, 2984.179, 74537.683
INFO:root:80771.254, 3003.458, 74764.338
INFO:root:80338.874, 2982.263, 74374.348
INFO:root:80186.609, 2984.784, 74217.042
INFO:root:80106.705, 2982.494, 74141.718
INFO:root:80345.682, 2988.138, 74369.407
INFO:root:80385.936, 2986.240, 74413.456
INFO:root:80417.198, 2992.969, 74431.259
INFO:root:80329.277, 2977.168, 74374.941
INFO:root:80370.207, 2980.619, 74408.969
INFO:root:80210.496, 2983.000, 74244.496
INFO:root:80114.793, 2968.381, 74178.032
INFO:root:80571.233, 2994.518, 74582.197
INFO:root:80188.053, 2967.385, 74253.283
INFO:root:80000.850, 2966.414, 74068.022
INFO:root:79921.501, 2964.431, 73992.639
INFO:root:79885.803, 2964.521, 73956.762
INFO:root:79976.479, 2963.349, 74049.781
INFO:root:80579.547, 2985.220, 74609.108
INFO:root:80279.322, 2973.776, 74331.771
INFO:root:80180.037, 2968.676, 74242.686
INFO:root:79781.189, 2951.089, 73879.011
INFO:root:79958.727, 2964.009, 74030.709
INFO:root:79855.430, 2959.765, 73935.900
INFO:root:80085.357, 2978.252, 74128.853
INFO:root:80080.773, 2962.416, 74155.941
INFO:root:80055.856, 2958.612, 74138.631
INFO:root:79853.771, 2951.014, 73951.743
INFO:root:80070.183, 2965.668, 74138.847
INFO:root:79823.765, 2946.826, 73930.114
INFO:root:79841.108, 2941.295, 73958.518
INFO:root:79670.056, 2936.238, 73797.580
INFO:root:80047.612, 2956.339, 74134.934
INFO:root:80003.467, 2951.946, 74099.575
INFO:root:79783.457, 2946.772, 73889.914
INFO:root:79659.155, 2939.134, 73780.887
INFO:root:79700.496, 2937.416, 73825.664
INFO:root:79645.006, 2939.134, 73766.738
INFO:root:79679.998, 2941.325, 73797.348
INFO:root:79688.234, 2935.725, 73816.783
INFO:root:79711.706, 2941.309, 73829.088
INFO:root:79878.884, 2949.577, 73979.731
INFO:root:79823.747, 2952.039, 73919.669
INFO:root:79704.809, 2945.832, 73813.144
INFO:root:79743.179, 2933.941, 73875.297
INFO:root:79940.448, 2952.006, 74036.435
INFO:root:79744.661, 2940.740, 73863.180
INFO:root:79720.890, 2936.528, 73847.833
INFO:root:79651.455, 2935.746, 73779.962
INFO:root:79401.855, 2923.714, 73554.427
INFO:root:79458.282, 2930.077, 73598.129
INFO:root:79450.237, 2924.888, 73600.461
INFO:root:79696.094, 2937.034, 73822.026
INFO:root:79632.284, 2929.668, 73772.948
INFO:root:79691.250, 2928.820, 73833.609
INFO:root:79526.442, 2923.683, 73679.076
INFO:root:79231.947, 2908.344, 73415.259
INFO:root:79437.712, 2925.506, 73586.701
INFO:root:79473.475, 2923.068, 73627.339
INFO:root:79386.605, 2917.864, 73550.877
INFO:root:79366.904, 2906.986, 73552.931
INFO:root:79450.958, 2919.930, 73611.098
INFO:root:79371.373, 2914.230, 73542.913
INFO:root:79387.835, 2915.032, 73557.771
INFO:root:79423.102, 2913.685, 73595.732
INFO:root:79609.644, 2923.107, 73763.429
INFO:root:79623.122, 2915.912, 73791.299
INFO:root:79330.965, 2901.573, 73527.818
INFO:root:79163.477, 2907.183, 73349.110
INFO:root:78910.638, 2886.417, 73137.803
INFO:root:79234.999, 2903.586, 73427.827
INFO:root:79033.626, 2900.314, 73232.998
INFO:root:78982.179, 2889.979, 73202.222
INFO:root:79359.862, 2904.219, 73551.424
INFO:root:79525.637, 2921.165, 73683.306
INFO:root:79212.704, 2895.064, 73422.577
INFO:root:79083.672, 2890.167, 73303.339
INFO:root:79179.887, 2890.833, 73398.221
INFO:root:79224.282, 2897.179, 73429.924
INFO:root:79008.373, 2885.041, 73238.291
INFO:root:78998.626, 2877.573, 73243.480
INFO:root:78990.855, 2888.481, 73213.892
INFO:root:78843.071, 2883.817, 73075.438
INFO:root:78847.627, 2883.518, 73080.592
INFO:root:78937.305, 2888.576, 73160.154
INFO:root:79151.102, 2893.268, 73364.567
INFO:root:79010.751, 2887.253, 73236.245
INFO:root:79091.419, 2889.583, 73312.254
INFO:root:79196.226, 2891.827, 73412.571
INFO:root:79038.734, 2901.749, 73235.236
INFO:root:78873.636, 2874.697, 73124.242
INFO:root:78913.176, 2871.825, 73169.526
INFO:root:78980.324, 2887.656, 73205.012
INFO:root:78892.221, 2881.486, 73129.248
INFO:root:78904.301, 2883.091, 73138.119
INFO:root:78878.799, 2874.037, 73130.724
INFO:root:78916.028, 2882.926, 73150.176
INFO:root:79065.153, 2898.164, 73268.824
INFO:root:78903.386, 2885.034, 73133.319
INFO:root:78706.892, 2875.707, 72955.477
INFO:root:78679.648, 2869.622, 72940.403
INFO:root:78867.609, 2876.973, 73113.664
INFO:root:78989.557, 2880.380, 73228.797
INFO:root:78694.190, 2870.782, 72952.625
INFO:root:78537.142, 2862.148, 72812.846
INFO:root:78649.408, 2864.911, 72919.586
INFO:root:78650.216, 2868.735, 72912.746
INFO:root:78993.953, 2877.640, 73238.673
INFO:root:78760.983, 2867.284, 73026.415
INFO:root:78605.517, 2853.269, 72898.978
INFO:root:78786.893, 2867.697, 73051.499
INFO:root:78734.317, 2873.422, 72987.473
INFO:root:78537.816, 2851.270, 72835.277
INFO:root:78619.819, 2868.434, 72882.950
INFO:root:78493.673, 2855.336, 72783.000
INFO:root:78733.256, 2866.873, 72999.510
INFO:root:78546.094, 2863.558, 72818.980
INFO:root:78731.764, 2870.640, 72990.484
INFO:root:78459.185, 2846.336, 72766.512
INFO:root:78266.230, 2839.029, 72588.172
INFO:root:78378.348, 2851.394, 72675.561
INFO:root:78393.240, 2836.204, 72720.832
INFO:root:78714.281, 2857.170, 72999.942
INFO:root:78656.874, 2856.993, 72942.888
INFO:root:78562.996, 2850.072, 72862.853
INFO:root:78518.065, 2840.420, 72837.224
INFO:root:78678.953, 2859.511, 72959.930
INFO:root:78174.953, 2822.795, 72529.363
INFO:root:78122.844, 2837.491, 72447.861
INFO:root:78152.403, 2830.594, 72491.216
INFO:root:78174.945, 2829.748, 72515.448
INFO:root:78397.254, 2834.070, 72729.115
INFO:root:78729.426, 2856.130, 73017.167
INFO:root:78615.905, 2858.066, 72899.773
INFO:root:78232.211, 2821.827, 72588.558
INFO:root:78417.148, 2838.716, 72739.714
INFO:root:78162.678, 2823.465, 72515.748
INFO:root:78102.025, 2827.644, 72446.737
INFO:root:78037.614, 2821.004, 72395.606
INFO:root:78551.668, 2846.310, 72859.047
INFO:root:78469.611, 2837.804, 72794.004
INFO:root:78361.856, 2833.887, 72694.082
INFO:root:78386.118, 2816.173, 72753.773
INFO:root:78444.274, 2843.658, 72756.957
INFO:root:77951.781, 2814.141, 72323.499
INFO:root:77952.873, 2812.744, 72327.386
INFO:root:78282.406, 2831.351, 72619.703
INFO:root:78026.037, 2822.439, 72381.159
INFO:root:77997.684, 2818.405, 72360.875
INFO:root:78101.118, 2823.532, 72454.053
INFO:root:78149.184, 2825.986, 72497.212
INFO:root:77985.038, 2804.694, 72375.649
INFO:root:77920.155, 2816.845, 72286.464
INFO:root:78042.989, 2811.192, 72420.605
INFO:root:78200.251, 2822.918, 72554.416
INFO:root:78124.205, 2823.933, 72476.339
INFO:root:78125.878, 2812.892, 72500.095
INFO:root:78201.930, 2820.846, 72560.238
INFO:root:78253.229, 2822.464, 72608.300
INFO:root:77968.802, 2816.256, 72336.290
INFO:root:77933.434, 2811.531, 72310.372
INFO:root:77965.989, 2816.935, 72332.118
INFO:root:77927.001, 2809.326, 72308.349
INFO:root:77745.506, 2798.588, 72148.329
INFO:root:78000.591, 2802.194, 72396.203
INFO:root:78022.727, 2802.815, 72417.096
INFO:root:77852.130, 2794.707, 72262.716
INFO:root:78048.063, 2810.713, 72426.637
INFO:root:78078.027, 2809.207, 72459.613
INFO:root:77965.945, 2814.840, 72336.265
INFO:root:77956.778, 2808.754, 72339.271
INFO:root:77708.080, 2789.190, 72129.700
INFO:root:77882.076, 2796.153, 72289.769
INFO:root:77727.960, 2793.830, 72140.299
INFO:root:77834.165, 2794.906, 72244.353
INFO:root:77776.377, 2792.395, 72191.588
INFO:root:77766.065, 2787.567, 72190.931
INFO:root:77708.347, 2793.238, 72121.870
INFO:root:77719.494, 2790.046, 72139.402
INFO:root:77651.477, 2786.979, 72077.519
INFO:root:77832.349, 2795.713, 72240.922
INFO:root:77756.254, 2784.945, 72186.364
INFO:root:77693.835, 2791.714, 72110.406
INFO:root:77825.354, 2789.626, 72246.101
INFO:root:77923.952, 2797.225, 72329.502
INFO:root:77626.907, 2784.770, 72057.367
INFO:root:77578.369, 2786.876, 72004.617
INFO:root:77544.301, 2784.384, 71975.532
INFO:root:77553.595, 2777.444, 71998.707
INFO:root:77482.459, 2778.588, 71925.283
INFO:root:77352.483, 2769.842, 71812.798
INFO:root:77670.121, 2786.187, 72097.747
INFO:root:77868.293, 2786.952, 72294.388
INFO:root:77624.350, 2778.296, 72067.757
INFO:root:77714.104, 2778.887, 72156.329
INFO:root:77604.517, 2783.487, 72037.544
INFO:root:77645.725, 2777.405, 72090.915
INFO:root:77482.116, 2766.282, 71949.552
INFO:root:77548.314, 2791.678, 71964.958
INFO:root:77611.381, 2774.724, 72061.933
INFO:root:77620.415, 2771.375, 72077.665
INFO:root:77479.407, 2778.477, 71922.453
INFO:root:77295.477, 2761.684, 71772.109
INFO:root:77226.160, 2761.703, 71702.754
INFO:root:77614.424, 2780.878, 72052.668
INFO:root:77464.575, 2771.679, 71921.218
INFO:root:77563.942, 2768.930, 72026.082
INFO:root:77363.517, 2760.670, 71842.177
INFO:root:77363.551, 2758.341, 71846.869
INFO:root:77709.644, 2778.156, 72153.331
INFO:root:77641.694, 2776.261, 72089.173
INFO:root:77447.547, 2756.057, 71935.432
INFO:root:77411.286, 2764.957, 71881.372
INFO:root:77408.674, 2761.045, 71886.584
INFO:root:77328.708, 2763.138, 71802.432
INFO:root:77089.606, 2750.813, 71587.980
INFO:root:77241.621, 2754.167, 71733.287
INFO:root:77329.709, 2765.840, 71798.029
INFO:root:77295.750, 2755.330, 71785.089
INFO:root:77263.967, 2753.578, 71756.811
INFO:root:77367.088, 2763.247, 71840.593
INFO:root:77302.781, 2744.380, 71814.021
INFO:root:77227.667, 2751.228, 71725.212
INFO:root:77216.367, 2743.971, 71728.425
INFO:root:77276.656, 2752.279, 71772.098
INFO:root:77264.024, 2745.891, 71772.242
INFO:root:77326.672, 2758.630, 71809.412
INFO:root:77166.715, 2754.074, 71658.566
INFO:root:77237.332, 2744.229, 71748.875
INFO:root:77105.449, 2743.527, 71618.395
INFO:root:77108.143, 2743.003, 71622.136
INFO:root:77083.683, 2744.425, 71594.834
INFO:root:76978.631, 2735.388, 71507.856
INFO:root:76974.135, 2734.154, 71505.827
INFO:root:77196.343, 2745.972, 71704.398
INFO:root:77175.127, 2747.765, 71679.597
INFO:root:77128.860, 2735.683, 71657.494
INFO:root:76980.183, 2728.760, 71522.663
INFO:root:76902.373, 2724.259, 71453.855
INFO:root:76983.711, 2734.063, 71515.584
INFO:root:77087.444, 2735.319, 71616.806
INFO:root:77323.167, 2754.458, 71814.251
INFO:root:77334.574, 2740.691, 71853.192
INFO:root:76978.841, 2734.438, 71509.965
INFO:root:77044.194, 2734.491, 71575.213
INFO:root:76825.154, 2722.301, 71380.553
INFO:root:77193.362, 2754.875, 71683.612
INFO:root:76986.113, 2725.983, 71534.147
INFO:root:76776.069, 2722.728, 71330.612
INFO:root:76897.237, 2733.756, 71429.725
INFO:root:76935.946, 2725.538, 71484.871
INFO:root:77053.058, 2730.003, 71593.052
INFO:root:76976.580, 2732.270, 71512.040
INFO:root:77110.424, 2735.748, 71638.929
INFO:root:77057.721, 2736.432, 71584.857
INFO:root:76781.962, 2731.776, 71318.410
INFO:root:76840.622, 2714.397, 71411.828
INFO:root:76843.000, 2719.137, 71404.727
INFO:root:76654.779, 2715.862, 71223.054
INFO:root:76897.377, 2728.211, 71440.954
INFO:root:76952.759, 2727.698, 71497.362
INFO:root:76898.784, 2716.874, 71465.036
INFO:root:77231.440, 2738.036, 71755.369
INFO:root:77161.814, 2726.422, 71708.969
INFO:root:76715.693, 2708.020, 71299.653
INFO:root:76516.943, 2705.123, 71106.697
INFO:root:76673.575, 2714.324, 71244.928
INFO:root:76683.468, 2718.521, 71246.425
INFO:root:76515.454, 2701.431, 71112.592
INFO:root:76615.644, 2706.850, 71201.944
INFO:root:77072.567, 2726.252, 71620.064
INFO:root:77030.477, 2736.300, 71557.876
INFO:root:76750.968, 2702.989, 71344.990
INFO:root:76630.917, 2706.030, 71218.857
INFO:root:76656.932, 2706.700, 71243.532
INFO:root:76687.142, 2702.728, 71281.686
INFO:root:76618.457, 2712.010, 71194.437
INFO:root:76623.250, 2713.532, 71196.186
INFO:root:76809.663, 2722.924, 71363.815
INFO:root:76751.230, 2710.861, 71329.508
INFO:root:76675.734, 2701.608, 71272.518
INFO:root:76459.210, 2689.725, 71079.760
INFO:root:76422.316, 2686.208, 71049.901
INFO:root:76559.974, 2704.494, 71150.986
INFO:root:76665.670, 2704.978, 71255.713
INFO:root:76822.753, 2716.537, 71389.679
INFO:root:76807.056, 2706.795, 71393.466
INFO:root:76689.479, 2697.617, 71294.245
INFO:root:76547.515, 2705.397, 71136.720
INFO:root:76611.822, 2692.420, 71226.982
INFO:root:76552.798, 2694.338, 71164.123
INFO:root:76408.304, 2686.355, 71035.594
INFO:root:76444.154, 2694.476, 71055.202
INFO:root:76540.121, 2700.254, 71139.612
INFO:root:76559.369, 2687.344, 71184.682
INFO:root:76621.476, 2710.266, 71200.944
INFO:root:76391.971, 2685.995, 71019.981
INFO:root:76455.326, 2697.652, 71060.021
INFO:root:76433.141, 2690.114, 71052.914
INFO:root:76364.483, 2681.688, 71001.108
INFO:root:76370.294, 2683.638, 71003.018
INFO:root:76296.926, 2685.273, 70926.379
INFO:root:76383.384, 2684.485, 71014.414
INFO:root:76410.283, 2679.941, 71050.400
INFO:root:76477.391, 2688.401, 71100.588
INFO:root:76672.749, 2697.255, 71278.240
INFO:root:76753.703, 2702.356, 71348.990
INFO:root:76453.240, 2688.143, 71076.955
INFO:root:76512.778, 2678.965, 71154.847
INFO:root:76182.463, 2665.214, 70852.035
INFO:root:76221.781, 2670.350, 70881.081
INFO:root:76411.244, 2676.448, 71058.349
INFO:root:76173.273, 2680.810, 70811.653
INFO:root:76111.227, 2669.741, 70771.745
INFO:root:76220.909, 2667.684, 70885.541
INFO:root:76220.261, 2680.656, 70858.949
INFO:root:76280.304, 2679.087, 70922.130
INFO:root:76339.090, 2678.648, 70981.794
INFO:root:76074.598, 2666.911, 70740.776
INFO:root:76223.926, 2661.603, 70900.719
INFO:root:76313.032, 2673.806, 70965.420
INFO:root:76435.025, 2678.103, 71078.820
INFO:root:76405.584, 2674.942, 71055.700
INFO:root:76186.238, 2674.297, 70837.644
INFO:root:76244.841, 2673.076, 70898.688
INFO:root:76373.522, 2679.984, 71013.554
INFO:root:76427.425, 2677.371, 71072.683
INFO:root:76144.613, 2668.562, 70807.489
INFO:root:76243.279, 2664.121, 70915.038
INFO:root:76208.182, 2671.551, 70865.080
INFO:root:76099.249, 2663.166, 70772.918
INFO:root:76100.723, 2662.767, 70775.190
INFO:root:76039.212, 2651.292, 70736.628
INFO:root:76213.471, 2653.930, 70905.610
INFO:root:76363.070, 2681.622, 70999.825
INFO:root:76370.117, 2670.975, 71028.166
INFO:root:76360.377, 2670.319, 71019.740
INFO:root:75891.486, 2649.091, 70593.304
INFO:root:75838.614, 2643.454, 70551.706
INFO:root:75864.902, 2646.622, 70571.658
INFO:root:75964.229, 2655.504, 70653.221
INFO:root:76152.136, 2671.845, 70808.446
INFO:root:76030.959, 2661.689, 70707.582
INFO:root:75943.262, 2652.832, 70637.598
INFO:root:76116.184, 2668.427, 70779.331
INFO:root:76189.287, 2661.080, 70867.127
INFO:root:76108.296, 2652.466, 70803.365
INFO:root:76104.264, 2650.657, 70802.950
INFO:root:76037.525, 2649.442, 70738.641
INFO:root:76086.648, 2654.546, 70777.556
INFO:root:75791.504, 2640.977, 70509.549
INFO:root:75811.741, 2642.761, 70526.219
INFO:root:75922.802, 2635.958, 70650.887
INFO:root:75885.311, 2641.583, 70602.145
INFO:root:75853.592, 2644.822, 70563.949
INFO:root:75893.341, 2648.079, 70597.184
INFO:root:75883.641, 2641.266, 70601.108
INFO:root:75975.316, 2649.280, 70676.755
INFO:root:75769.787, 2634.591, 70500.604
INFO:root:75739.786, 2631.925, 70475.937
INFO:root:75898.820, 2648.129, 70602.562
INFO:root:75939.017, 2632.609, 70673.800
INFO:root:75699.511, 2629.163, 70441.185
INFO:root:75899.633, 2633.246, 70633.141
INFO:root:75927.009, 2642.923, 70641.162
INFO:root:75960.335, 2647.550, 70665.234
INFO:root:75858.031, 2642.789, 70572.453
INFO:root:75915.698, 2635.600, 70644.499
INFO:root:75863.849, 2628.049, 70607.750
INFO:root:75941.059, 2649.361, 70642.337
INFO:root:75945.344, 2639.241, 70666.861
INFO:root:75820.623, 2635.608, 70549.407
INFO:root:75722.936, 2620.460, 70482.017
INFO:root:75760.850, 2634.279, 70492.292
INFO:root:75729.225, 2627.526, 70474.172
INFO:root:75724.540, 2627.490, 70469.561
INFO:root:75736.474, 2625.554, 70485.366
INFO:root:75894.863, 2641.216, 70612.431
INFO:root:75944.210, 2634.519, 70675.173
INFO:root:75718.266, 2627.716, 70462.833
INFO:root:75596.252, 2619.881, 70356.490
INFO:root:75652.894, 2628.663, 70395.569
INFO:root:75650.033, 2623.475, 70403.084
INFO:root:75538.088, 2614.011, 70310.066
INFO:root:75515.918, 2606.481, 70302.957
INFO:root:75656.165, 2622.142, 70411.880
INFO:root:75709.539, 2627.859, 70453.820
INFO:root:75620.338, 2621.123, 70378.092
INFO:root:75585.767, 2622.570, 70340.627
INFO:root:75889.101, 2634.360, 70620.382
INFO:root:75839.001, 2628.592, 70581.817
INFO:root:75696.669, 2624.213, 70448.242
INFO:root:75550.974, 2610.533, 70329.908
INFO:root:75601.985, 2626.944, 70348.098
INFO:root:75720.053, 2630.732, 70458.590
INFO:root:75612.769, 2615.487, 70381.795
INFO:root:75698.863, 2621.914, 70455.034
INFO:root:75854.258, 2624.158, 70605.941
INFO:root:75868.529, 2633.501, 70601.528
INFO:root:75576.451, 2624.311, 70327.830
INFO:root:75549.172, 2613.573, 70322.025
INFO:root:75332.241, 2599.936, 70132.370
INFO:root:75347.210, 2604.854, 70137.503
INFO:root:75370.577, 2604.389, 70161.799
INFO:root:75220.732, 2599.872, 70020.987
INFO:root:75410.870, 2614.730, 70181.411
INFO:root:75350.370, 2605.903, 70138.564
INFO:root:75606.495, 2613.498, 70379.500
INFO:root:75381.206, 2602.999, 70175.208
INFO:root:75521.639, 2604.455, 70312.729
INFO:root:75417.763, 2607.247, 70203.270
INFO:root:75683.038, 2612.712, 70457.613
INFO:root:75635.965, 2608.899, 70418.166
INFO:root:75511.354, 2609.472, 70292.411
INFO:root:75408.352, 2604.538, 70199.276
INFO:root:75259.981, 2598.073, 70063.835
INFO:root:75361.923, 2609.811, 70142.300
INFO:root:75476.262, 2600.173, 70275.915
INFO:root:75354.416, 2591.315, 70171.785
INFO:root:75400.250, 2598.392, 70203.467
INFO:root:75435.696, 2599.486, 70236.724
INFO:root:75476.215, 2604.717, 70266.780
INFO:root:75240.585, 2590.368, 70059.848
INFO:root:75229.687, 2581.762, 70066.164
INFO:root:75488.716, 2599.771, 70289.174
INFO:root:75543.863, 2604.380, 70335.103
INFO:root:75373.329, 2595.296, 70182.736
INFO:root:75256.899, 2593.613, 70069.673
INFO:root:75180.951, 2582.522, 70015.906
INFO:root:75516.960, 2599.355, 70318.250
INFO:root:75381.334, 2589.645, 70202.045
INFO:root:75228.796, 2584.820, 70059.156
INFO:root:75055.697, 2583.266, 69889.166
INFO:root:75254.919, 2599.346, 70056.227
INFO:root:75199.237, 2586.004, 70027.229
INFO:root:75275.639, 2592.189, 70091.261
INFO:root:75218.310, 2586.440, 70045.429
INFO:root:Finished training.
INFO:root:Saved model to saves/v0/vrnn_state_dict_v0_beta=2.0_999.pth
