INFO:root:Namespace(batch_size=52, beta_end=0.001, beta_start=0, clip=10, device=device(type='cuda'), epochs=200, learning_rate=1e-05, model='cdna', save_every=25, stage=2)
INFO:root:State Dictionary Path (Stochastic) is: saves/sv2p/stage2/finetuned1/sv2p_cdna_state_dict_99.pth
INFO:root:Starting SV2P training on Stage 2 for 200 epochs.
INFO:root:Train Loss, KLD, MSE
INFO:root:161.30727492, 11.53850980, 161.30727492
INFO:root:159.65231604, 11.53881515, 159.65231604
INFO:root:158.96572569, 11.53842468, 158.96572569
INFO:root:158.49718493, 11.53823205, 158.49718493
INFO:root:158.39012286, 11.53937712, 158.39012286
INFO:root:157.96832468, 11.53952623, 157.96832468
INFO:root:157.91126751, 11.53860740, 157.91126751
INFO:root:157.91343785, 11.53788265, 157.91343785
INFO:root:157.88658642, 11.53908655, 157.88658642
INFO:root:157.65544286, 11.53858020, 157.65544286
INFO:root:157.59407552, 11.53789267, 157.59407552
INFO:root:157.57793356, 11.53832465, 157.57793356
INFO:root:157.40833809, 11.53807981, 157.40833809
INFO:root:157.42816118, 11.53851240, 157.42816118
INFO:root:157.24694894, 11.53869294, 157.24694894
INFO:root:157.41307796, 11.53881069, 157.41307796
INFO:root:157.23475042, 11.53869478, 157.23475042
INFO:root:157.21757025, 11.53877537, 157.21757025
INFO:root:157.10941692, 11.53890693, 157.10941692
INFO:root:156.99226318, 11.53912926, 156.99226318
INFO:root:157.15080744, 11.53823193, 157.15080744
INFO:root:157.56793853, 11.53825130, 157.56793853
INFO:root:156.88938110, 11.53795585, 156.88938110
INFO:root:156.80404812, 11.53890681, 156.80404812
INFO:root:156.91752782, 11.53815517, 156.91752782
INFO:root:156.74088033, 11.53818483, 156.74088033
INFO:root:156.83964205, 11.53936820, 156.83964205
INFO:root:156.83625171, 11.53825594, 156.83625171
INFO:root:156.52907032, 11.53930893, 156.52907032
INFO:root:156.75692933, 11.53853389, 156.75692933
INFO:root:156.71738250, 11.53816189, 156.71738250
INFO:root:156.68190581, 11.54010503, 156.68190581
INFO:root:156.71899537, 11.53816780, 156.71899537
INFO:root:156.62223693, 11.53948990, 156.62223693
INFO:root:156.65791593, 11.53820933, 156.65791593
INFO:root:156.54939130, 11.53925519, 156.54939130
INFO:root:156.42762598, 11.54002688, 156.42762598
INFO:root:156.53654989, 11.53902746, 156.53654989
INFO:root:156.68067994, 11.53851773, 156.68067994
INFO:root:156.48950757, 11.53928412, 156.48950757
INFO:root:156.52812896, 11.53867102, 156.52812896
INFO:root:156.32502659, 11.53867443, 156.32502659
INFO:root:156.41648628, 11.53862656, 156.41648628
INFO:root:156.49502125, 11.53838406, 156.49502125
INFO:root:156.49320975, 11.53914763, 156.49320975
INFO:root:156.51501316, 11.53745192, 156.51501316
INFO:root:156.43030215, 11.53862667, 156.43030215
INFO:root:156.35221854, 11.53870854, 156.35221854
INFO:root:156.24269955, 11.53841176, 156.24269955
INFO:root:156.21132537, 11.53953253, 156.21132537
INFO:root:156.44218506, 11.53960528, 156.44218506
INFO:root:156.25292258, 11.53888804, 156.25292258
INFO:root:156.26961254, 11.53824083, 156.26961254
INFO:root:156.05873402, 11.53951377, 156.05873402
INFO:root:156.20017260, 11.53796873, 156.20017260
INFO:root:156.28761932, 11.53779495, 156.28761932
INFO:root:156.34186317, 11.53871416, 156.34186317
INFO:root:156.11903969, 11.53856435, 156.11903969
INFO:root:156.05538528, 11.53930019, 156.05538528
INFO:root:156.03163147, 11.53858380, 156.03163147
INFO:root:156.19282435, 11.53877177, 156.19282435
INFO:root:156.13520813, 11.53981699, 156.13520813
INFO:root:156.15557721, 11.53816204, 156.15557721
INFO:root:156.06298241, 11.53930243, 156.06298241
INFO:root:156.25111363, 11.53886732, 156.25111363
INFO:root:155.91786387, 11.53815049, 155.91786387
INFO:root:155.92175582, 11.53871700, 155.92175582
INFO:root:155.89085958, 11.53874161, 155.89085958
INFO:root:156.11051643, 11.53830455, 156.11051643
INFO:root:155.93317255, 11.53837033, 155.93317255
INFO:root:155.95933962, 11.53911476, 155.95933962
INFO:root:155.93840193, 11.53879290, 155.93840193
INFO:root:155.74029896, 11.53928729, 155.74029896
INFO:root:155.72863002, 11.53844433, 155.72863002
INFO:root:155.81113776, 11.53837625, 155.81113776
INFO:root:155.86916649, 11.53831290, 155.86916649
INFO:root:155.67493483, 11.53889423, 155.67493483
INFO:root:155.88322817, 11.53901394, 155.88322817
INFO:root:155.80461059, 11.53912043, 155.80461059
INFO:root:155.78315779, 11.53920445, 155.78315779
INFO:root:155.89660522, 11.53932794, 155.89660522
INFO:root:155.79011781, 11.53856020, 155.79011781
INFO:root:155.60453590, 11.53863684, 155.60453590
INFO:root:155.56459032, 11.53866659, 155.56459032
INFO:root:155.70810436, 11.53792468, 155.70810436
INFO:root:155.74711846, 11.53879460, 155.74711846
INFO:root:155.70813137, 11.53872799, 155.70813137
INFO:root:155.57969911, 11.53840863, 155.57969911
INFO:root:155.79498063, 11.53819541, 155.79498063
INFO:root:155.66583506, 11.53864196, 155.66583506
INFO:root:155.63904633, 11.53915151, 155.63904633
INFO:root:155.37875748, 11.53824368, 155.37875748
INFO:root:155.58031420, 11.53807119, 155.58031420
INFO:root:155.74233123, 11.53846687, 155.74233123
INFO:root:155.47038506, 11.53853187, 155.47038506
INFO:root:155.48083435, 11.53952376, 155.48083435
INFO:root:155.59276274, 11.53877719, 155.59276274
INFO:root:155.50180045, 11.53910220, 155.50180045
INFO:root:155.43857320, 11.53924515, 155.43857320
INFO:root:155.36523753, 11.53845316, 155.36523753
INFO:root:155.20042376, 11.53887382, 155.20042376
INFO:root:155.58654811, 11.53889818, 155.58654811
INFO:root:155.51149759, 11.53900723, 155.51149759
INFO:root:155.68376668, 11.53935285, 155.68376668
INFO:root:155.48551871, 11.53856517, 155.48551871
INFO:root:155.60552295, 11.53845398, 155.60552295
INFO:root:155.61878573, 11.53885706, 155.61878573
INFO:root:155.62618817, 11.53869039, 155.62618817
INFO:root:155.22340696, 11.53935697, 155.22340696
INFO:root:155.35286248, 11.53819480, 155.35286248
INFO:root:155.45272336, 11.53909212, 155.45272336
INFO:root:155.42912433, 11.53866570, 155.42912433
INFO:root:155.38316152, 11.53918488, 155.38316152
INFO:root:155.57622914, 11.53761773, 155.57622914
INFO:root:155.45505839, 11.53834681, 155.45505839
INFO:root:155.72169328, 11.53861021, 155.72169328
INFO:root:155.30553620, 11.53894325, 155.30553620
INFO:root:155.27954970, 11.54042349, 155.27954970
INFO:root:155.26332075, 11.53881462, 155.26332075
INFO:root:155.37585449, 11.53796286, 155.37585449
INFO:root:155.18482410, 11.53954991, 155.18482410
INFO:root:155.22080634, 11.53816507, 155.22080634
INFO:root:155.38308242, 11.53871515, 155.38308242
INFO:root:155.62747683, 11.53768350, 155.62747683
INFO:root:155.12523274, 11.53893153, 155.12523274
INFO:root:155.11620497, 11.53946924, 155.11620497
INFO:root:155.27949717, 11.53898284, 155.27949717
INFO:root:155.24155584, 11.53916297, 155.24155584
INFO:root:155.39208888, 11.53898225, 155.39208888
INFO:root:155.05649233, 11.53862311, 155.05649233
INFO:root:155.25796518, 11.53913765, 155.25796518
INFO:root:155.12828713, 11.53930085, 155.12828713
INFO:root:155.19019686, 11.53847190, 155.19019686
INFO:root:155.20062914, 11.53872986, 155.20062914
INFO:root:155.23282729, 11.53810360, 155.23282729
INFO:root:155.07608734, 11.53722958, 155.07608734
INFO:root:155.21937807, 11.53817640, 155.21937807
INFO:root:155.18953714, 11.53880100, 155.18953714
INFO:root:155.14002079, 11.53873078, 155.14002079
INFO:root:155.05763473, 11.53835516, 155.05763473
INFO:root:155.06658515, 11.53925614, 155.06658515
INFO:root:154.86130173, 11.53861469, 154.86130173
INFO:root:155.30962530, 11.53886920, 155.30962530
INFO:root:155.17488782, 11.53873646, 155.17488782
INFO:root:155.20933173, 11.53956163, 155.20933173
INFO:root:154.74447838, 11.53878842, 154.74447838
INFO:root:154.84311159, 11.53885211, 154.84311159
INFO:root:154.92646193, 11.53898645, 154.92646193
INFO:root:154.89671633, 11.54010966, 154.89671633
INFO:root:155.13162880, 11.53819271, 155.13162880
INFO:root:155.28416776, 11.53860303, 155.28416776
INFO:root:154.83469685, 11.53912803, 154.83469685
INFO:root:155.08667115, 11.53964277, 155.08667115
INFO:root:154.98073385, 11.53845007, 154.98073385
INFO:root:154.82934597, 11.53844215, 154.82934597
INFO:root:155.07372082, 11.53976555, 155.07372082
INFO:root:155.15735126, 11.53864154, 155.15735126
INFO:root:154.97214236, 11.53906148, 154.97214236
INFO:root:155.17466674, 11.53884435, 155.17466674
INFO:root:154.86795702, 11.53886353, 154.86795702
INFO:root:155.11267046, 11.53843189, 155.11267046
INFO:root:154.76040570, 11.53777329, 154.76040570
INFO:root:154.98987421, 11.53887906, 154.98987421
INFO:root:155.03064131, 11.53854813, 155.03064131
INFO:root:154.96640672, 11.53878244, 154.96640672
INFO:root:154.77792586, 11.53939831, 154.77792586
INFO:root:154.86181535, 11.53909566, 154.86181535
INFO:root:154.84271126, 11.53856335, 154.84271126
INFO:root:154.78075953, 11.53890002, 154.78075953
INFO:root:154.87884592, 11.53913227, 154.87884592
INFO:root:154.80998432, 11.53847417, 154.80998432
INFO:root:154.72811258, 11.53817349, 154.72811258
INFO:root:154.82064293, 11.53924743, 154.82064293
INFO:root:154.69613341, 11.53865759, 154.69613341
INFO:root:154.73215186, 11.53913320, 154.73215186
INFO:root:154.84455942, 11.53877475, 154.84455942
INFO:root:154.62137753, 11.53926206, 154.62137753
INFO:root:154.75298450, 11.53900391, 154.75298450
INFO:root:154.84353804, 11.53843716, 154.84353804
INFO:root:154.72306552, 11.53886270, 154.72306552
INFO:root:154.63780984, 11.53930300, 154.63780984
INFO:root:154.77043503, 11.53908388, 154.77043503
INFO:root:154.52019869, 11.53832076, 154.52019869
INFO:root:154.77635956, 11.53937940, 154.77635956
INFO:root:154.83857315, 11.53825801, 154.83857315
INFO:root:154.68860100, 11.53831082, 154.68860100
INFO:root:154.75283568, 11.53805134, 154.75283568
INFO:root:154.55321538, 11.53936371, 154.55321538
INFO:root:154.59263120, 11.53908343, 154.59263120
INFO:root:154.87477927, 11.53815613, 154.87477927
INFO:root:154.60099617, 11.53871516, 154.60099617
INFO:root:154.68512664, 11.53833805, 154.68512664
INFO:root:154.33612990, 11.53808165, 154.33612990
INFO:root:154.60692658, 11.53778350, 154.60692658
INFO:root:154.53665275, 11.53827571, 154.53665275
INFO:root:154.53858685, 11.53805263, 154.53858685
INFO:root:154.69917411, 11.53811647, 154.69917411
INFO:root:154.56554465, 11.53861661, 154.56554465
INFO:root:154.68466651, 11.53715575, 154.68466651
INFO:root:154.41035514, 11.53889883, 154.41035514
INFO:root:Finished training
INFO:root:Saved model. Final Checkpoint.
INFO:root:Completed 2 training
