INFO:root:Namespace(batch_size=52, clip=10, device=device(type='cuda'), epochs=200, learning_rate=0.0001, model='cdna', save_every=100, stage=3)
INFO:root:State Dictionary Path (Stochastic) is: saves/sv2p/stage2/sv2p_state_dict_99.pth
INFO:root:Starting SV2P training on Stage 3 for 200 epochs.
INFO:root:Train Loss, KLD, MSE
INFO:root:788.18521995, 600.00228185, 188.18293929
INFO:root:783.22422703, 600.01816030, 183.20606565
INFO:root:784.39049170, 599.99785886, 184.39263416
INFO:root:786.84185133, 599.98783647, 186.85401504
INFO:root:789.15920284, 600.04738665, 189.11181641
INFO:root:787.90822505, 600.05513737, 187.85308978
INFO:root:787.92429220, 600.00735283, 187.91693729
INFO:root:784.48915758, 599.96967651, 184.51948039
INFO:root:782.30533328, 600.03226966, 182.27306366
INFO:root:784.28548256, 600.00594222, 184.27954137
INFO:root:782.61007392, 599.97018926, 182.63988398
INFO:root:782.43119488, 599.99265484, 182.43853997
INFO:root:782.45545539, 599.97992419, 182.47552894
INFO:root:784.10735523, 600.00241426, 184.10493987
INFO:root:784.09961201, 600.01180772, 184.08780293
INFO:root:784.48507269, 600.01792960, 184.46714204
INFO:root:784.46701313, 600.01190321, 184.45510952
INFO:root:782.69863699, 600.01609259, 182.68254344
INFO:root:780.55405856, 600.02292681, 180.53113267
INFO:root:779.88292229, 600.03449558, 179.84842682
INFO:root:780.82360822, 599.98783412, 180.83577351
INFO:root:782.35426199, 599.98883364, 182.36542827
INFO:root:781.60971517, 599.97347110, 181.63624459
INFO:root:783.09649114, 600.02292379, 183.07356718
INFO:root:783.51066204, 599.98384256, 183.52681934
INFO:root:781.37721603, 599.98538291, 181.39183316
INFO:root:780.21406371, 600.04691622, 180.16714732
INFO:root:779.33182780, 599.98908453, 179.34274353
INFO:root:778.79027663, 600.04383280, 178.74644505
INFO:root:779.38676426, 600.00353881, 179.38322931
INFO:root:780.93920679, 599.98419303, 180.95501437
INFO:root:781.09267715, 600.08523772, 181.00744068
INFO:root:785.56110137, 599.98449497, 185.57660465
INFO:root:782.12620825, 600.05324421, 182.07296481
INFO:root:778.78372833, 599.98666138, 178.79706635
INFO:root:777.02245147, 600.04103566, 176.98141392
INFO:root:775.96740328, 600.08116249, 175.88623968
INFO:root:777.11353977, 600.02920019, 177.08433945
INFO:root:778.52256985, 600.00269890, 178.51987010
INFO:root:777.90126152, 600.04254056, 177.85871843
INFO:root:778.99452385, 600.01066800, 178.98385717
INFO:root:778.54483620, 600.01083663, 178.53399834
INFO:root:777.39288155, 600.00834700, 177.38453534
INFO:root:778.32252274, 599.99574396, 178.32677907
INFO:root:777.68041484, 600.03544411, 177.64497104
INFO:root:778.21504860, 599.94726698, 178.26778052
INFO:root:777.72104373, 600.00835883, 177.71268358
INFO:root:777.47661705, 600.01261389, 177.46400303
INFO:root:778.54754560, 599.99718280, 178.55036689
INFO:root:777.35062268, 600.05546377, 177.29515751
INFO:root:776.69395201, 600.05924736, 176.63470582
INFO:root:776.83994793, 600.02194988, 176.81800035
INFO:root:778.13651372, 599.98829756, 178.14821748
INFO:root:777.94978034, 600.05448935, 177.89528893
INFO:root:777.40895914, 599.97414326, 177.43481717
INFO:root:775.41583690, 599.96510701, 175.45072955
INFO:root:774.80446414, 600.01291332, 174.79155152
INFO:root:773.77781800, 600.00511674, 173.77270324
INFO:root:774.09287280, 600.04337960, 174.04949320
INFO:root:775.23222439, 600.00613090, 175.22609430
INFO:root:775.81862675, 600.01590510, 175.80272122
INFO:root:776.89665468, 600.07025098, 176.82640234
INFO:root:778.23174891, 599.98419435, 178.24755368
INFO:root:774.62900385, 600.04350368, 174.58549894
INFO:root:773.79699786, 600.02087104, 173.77612550
INFO:root:772.70084863, 599.98359261, 172.71725578
INFO:root:773.01953739, 600.01305911, 173.00647674
INFO:root:773.72654119, 600.01433721, 173.71220757
INFO:root:774.24301902, 599.99160451, 174.25141758
INFO:root:773.39121430, 599.99503002, 173.39618753
INFO:root:773.11904706, 600.03374385, 173.08530216
INFO:root:773.08586962, 600.01700355, 173.06886616
INFO:root:772.52139335, 600.04270931, 172.47868479
INFO:root:773.00323925, 599.99887765, 173.00435980
INFO:root:775.24325614, 599.99533500, 175.24792068
INFO:root:776.33786993, 599.99204302, 176.34582756
INFO:root:774.69489481, 600.02227119, 174.67262391
INFO:root:773.11839593, 600.02849846, 173.08989470
INFO:root:771.60637849, 600.03403504, 171.57234245
INFO:root:770.72068611, 600.03840400, 170.68228184
INFO:root:770.98513277, 600.04482587, 170.94030481
INFO:root:771.75897059, 600.00489812, 171.75407085
INFO:root:771.27905431, 600.00888864, 171.27016133
INFO:root:771.83663730, 600.01043193, 171.82620774
INFO:root:772.66730026, 599.97185174, 172.69544834
INFO:root:773.06281053, 600.01708984, 173.04572042
INFO:root:773.43440492, 600.01362860, 173.42077286
INFO:root:773.63393411, 599.99701616, 173.63691536
INFO:root:772.49533169, 599.98592789, 172.50940362
INFO:root:770.80177290, 600.00915330, 170.79262139
INFO:root:770.30517824, 600.03565413, 170.26952353
INFO:root:770.16106485, 599.98844011, 170.17262614
INFO:root:770.62227131, 599.97947592, 170.64279517
INFO:root:800.94019081, 600.00005437, 200.94013626
INFO:root:785.28770482, 600.00342748, 185.28427940
INFO:root:773.00838269, 600.05500903, 172.95337440
INFO:root:768.93904087, 600.01618545, 168.92285542
INFO:root:767.05550569, 600.03308741, 167.02242104
INFO:root:766.88775801, 600.04052296, 166.84723330
INFO:root:766.55879790, 599.99933591, 166.55946219
INFO:root:766.65263875, 600.02121327, 166.63142456
INFO:root:767.81072419, 600.02246984, 167.78825554
INFO:root:774.49170922, 600.02814563, 174.46356622
INFO:root:771.84088766, 600.04611728, 171.79476946
INFO:root:771.35306181, 600.00515940, 171.34790276
INFO:root:770.34944644, 599.99937996, 170.35006600
INFO:root:769.74505036, 600.02033694, 169.72471233
INFO:root:769.38073722, 600.01167183, 169.36906512
INFO:root:769.64082389, 600.04633434, 169.59449110
INFO:root:780.46904956, 599.98589913, 180.48314974
INFO:root:773.20824774, 600.03256859, 173.17567856
INFO:root:770.40256895, 600.01038716, 170.39218008
INFO:root:768.28150010, 600.03739087, 168.24410774
INFO:root:768.49443159, 599.95589234, 168.53853870
INFO:root:768.04273022, 599.99380918, 168.04891959
INFO:root:767.86050555, 600.00750178, 167.85300630
INFO:root:767.84710492, 600.02481491, 167.82228948
INFO:root:775.05825130, 600.10179460, 174.95645747
INFO:root:771.96868677, 600.01813069, 171.95055679
INFO:root:770.40384192, 599.97384194, 170.43000337
INFO:root:768.41053281, 600.05636347, 168.35416711
INFO:root:766.83789124, 599.98435579, 166.85353641
INFO:root:767.29591527, 600.01295783, 167.28295697
INFO:root:767.84785146, 599.95930873, 167.88854077
INFO:root:768.46617740, 600.02421234, 168.44196416
INFO:root:769.05262607, 600.05216840, 169.00045733
INFO:root:770.79356332, 600.02688279, 170.76668040
INFO:root:770.28358091, 600.03624949, 170.24733182
INFO:root:770.21885716, 600.02685161, 170.19200766
INFO:root:769.13005601, 600.00817713, 169.12188019
INFO:root:768.99207604, 600.03493202, 168.95714350
INFO:root:768.77519726, 600.04341590, 168.73177890
INFO:root:768.36010514, 600.00031068, 168.35979523
INFO:root:768.02789859, 600.01372528, 168.01417428
INFO:root:768.03959901, 599.98115827, 168.05843958
INFO:root:767.95024530, 599.93570696, 168.01453978
INFO:root:768.66359939, 599.98494578, 168.67865078
INFO:root:768.79901369, 600.01742429, 168.78158903
INFO:root:767.96092522, 600.01377047, 167.94715224
INFO:root:767.97708121, 599.99423838, 167.98284105
INFO:root:768.11549711, 600.04109562, 168.07439887
INFO:root:808.58926953, 600.00773371, 208.58153665
INFO:root:793.45126097, 600.02097062, 193.43029154
INFO:root:773.52187058, 600.01406580, 173.50780531
INFO:root:767.72515510, 600.05697570, 167.66817825
INFO:root:765.01286746, 600.01677046, 164.99609507
INFO:root:764.20389767, 600.02008147, 164.18381575
INFO:root:763.70325154, 600.02707146, 163.67618061
INFO:root:763.38984435, 600.08547097, 163.30437224
INFO:root:763.49188259, 599.98578703, 163.50609404
INFO:root:764.03232355, 600.00712748, 164.02519498
INFO:root:764.72568565, 600.03443084, 164.69125454
INFO:root:766.73682605, 600.06119529, 166.67563103
INFO:root:767.26185625, 599.99917576, 167.26268005
INFO:root:768.30295528, 599.99875704, 168.30419939
INFO:root:768.42880872, 600.06758179, 168.36122772
INFO:root:767.39801902, 600.00912897, 167.38888909
INFO:root:766.90363163, 600.03096635, 166.87266488
INFO:root:766.35469441, 600.01967193, 166.33502259
INFO:root:766.22241456, 600.02067562, 166.20173829
INFO:root:766.13392113, 599.99822994, 166.13569229
INFO:root:765.54325525, 599.96398093, 165.57927546
INFO:root:765.91961837, 600.02148209, 165.89813338
INFO:root:766.10786280, 600.00427380, 166.10358771
INFO:root:767.11741796, 600.01645612, 167.10096311
INFO:root:766.69239974, 600.04847647, 166.64392335
INFO:root:766.26972909, 600.03275330, 166.23697671
INFO:root:765.46578409, 600.00506916, 165.46071493
INFO:root:765.09574829, 600.02256667, 165.07317826
INFO:root:766.33029122, 600.03465736, 166.29563299
INFO:root:767.10349168, 600.00043279, 167.10305874
INFO:root:766.55452053, 599.98478690, 166.56973258
INFO:root:765.89702176, 600.04063633, 165.85638629
INFO:root:765.59130921, 600.00996274, 165.58134978
INFO:root:764.99214620, 600.03470346, 164.95744210
INFO:root:766.61708463, 600.01606084, 166.60102336
INFO:root:765.77885612, 600.04139655, 165.73745938
INFO:root:765.44926426, 600.02797456, 165.42129008
INFO:root:766.19759220, 599.99850740, 166.19908116
INFO:root:766.76715219, 600.02063258, 166.74651784
INFO:root:767.94157883, 600.04353508, 167.89804419
INFO:root:767.12415007, 600.03213343, 167.09201708
INFO:root:766.08493454, 599.99244903, 166.09248633
INFO:root:766.55787203, 600.04750179, 166.51037071
INFO:root:767.29417139, 599.98918746, 167.30498426
INFO:root:766.03776498, 599.99193387, 166.04582977
INFO:root:765.27322738, 599.97843845, 165.29479025
INFO:root:763.85354825, 600.04668679, 163.80685933
INFO:root:764.43342818, 600.03211396, 164.40131308
INFO:root:767.96836800, 599.98389365, 167.98447471
INFO:root:766.07631236, 600.01295728, 166.06335519
INFO:root:764.91519086, 599.99335199, 164.92183905
INFO:root:764.05374654, 599.98001976, 164.07372569
INFO:root:763.25418056, 599.96451284, 163.28966575
INFO:root:762.94031569, 599.99011086, 162.95020584
INFO:root:762.94099549, 599.97851552, 162.96247916
INFO:root:763.61811583, 599.98182893, 163.63628870
INFO:root:763.89089045, 600.00783302, 163.88305839
INFO:root:764.61082239, 599.93187012, 164.67895043
INFO:root:765.48125431, 600.02251706, 165.45873567
INFO:root:Finished training
INFO:root:Saved model. Final Checkpoint.
INFO:root:Completed 3 training
