INFO:root:Namespace(batch_size=52, clip=10, device=device(type='cuda'), epochs=200, learning_rate=1e-06, model='cdna', save_every=100, stage=1)
INFO:root:State Dictionary Path (Deterministic) is: saves/sv2p/stage1/sv2p_state_dict_99.pth
INFO:root:Starting SV2P training on Stage 1 for 200 epochs.
INFO:root:Train Loss
INFO:root:195.41267553
INFO:root:193.80534985
INFO:root:193.16642104
INFO:root:192.61433691
INFO:root:192.43600727
INFO:root:191.88627274
INFO:root:191.62788795
INFO:root:191.57074869
INFO:root:191.39575151
INFO:root:191.14109416
INFO:root:190.89253419
INFO:root:190.78258435
INFO:root:190.57270418
INFO:root:190.53291759
INFO:root:190.20880662
INFO:root:190.39687602
INFO:root:189.99308733
INFO:root:189.98200673
INFO:root:189.77204202
INFO:root:189.61138662
INFO:root:189.73825100
INFO:root:189.57409677
INFO:root:189.16057929
INFO:root:189.32575515
INFO:root:189.29885584
INFO:root:189.05221198
INFO:root:189.12583178
INFO:root:189.05932073
INFO:root:188.89476916
INFO:root:188.95570523
INFO:root:188.87014192
INFO:root:188.80609973
INFO:root:188.88568799
INFO:root:188.71275733
INFO:root:188.64584202
INFO:root:188.56841936
INFO:root:188.47534890
INFO:root:188.52168844
INFO:root:188.66801181
INFO:root:188.41730868
INFO:root:188.41040609
INFO:root:188.12427872
INFO:root:188.25958445
INFO:root:188.42732186
INFO:root:188.33069076
INFO:root:188.25287128
INFO:root:188.20632154
INFO:root:188.10464136
INFO:root:188.06462106
INFO:root:187.95439218
INFO:root:188.19544790
INFO:root:188.07257071
INFO:root:187.99701357
INFO:root:187.76763460
INFO:root:187.90835606
INFO:root:188.01850812
INFO:root:188.07000882
INFO:root:187.87370432
INFO:root:187.86770902
INFO:root:187.79408299
INFO:root:187.84616843
INFO:root:187.79313581
INFO:root:187.76973496
INFO:root:187.65678081
INFO:root:187.84523001
INFO:root:187.53039235
INFO:root:187.55896619
INFO:root:187.53229733
INFO:root:187.83527418
INFO:root:187.59703099
INFO:root:187.59120459
INFO:root:187.50156122
INFO:root:187.38820464
INFO:root:187.43167053
INFO:root:187.34339703
INFO:root:187.44819194
INFO:root:187.36051652
INFO:root:187.47534469
INFO:root:187.45335730
INFO:root:187.35003206
INFO:root:187.43991685
INFO:root:187.36770516
INFO:root:187.12640267
INFO:root:187.12893045
INFO:root:187.31271757
INFO:root:187.33683514
INFO:root:187.22800788
INFO:root:187.07133063
INFO:root:187.36606817
INFO:root:187.01077279
INFO:root:187.19386581
INFO:root:187.02614453
INFO:root:187.18916487
INFO:root:187.39186149
INFO:root:187.05444441
INFO:root:187.11784187
INFO:root:187.30375628
INFO:root:187.22497287
INFO:root:187.15791259
INFO:root:186.99837792
INFO:root:186.83942378
INFO:root:187.22750968
INFO:root:187.16188251
INFO:root:187.23997226
INFO:root:187.09223333
INFO:root:187.16525540
INFO:root:187.23864886
INFO:root:187.28670695
INFO:root:186.79391664
INFO:root:186.93894520
INFO:root:187.06480469
INFO:root:187.12318727
INFO:root:187.01028933
INFO:root:187.17011743
INFO:root:187.10414492
INFO:root:187.32263745
INFO:root:186.94978543
INFO:root:186.93862722
INFO:root:186.95459940
INFO:root:187.03104401
INFO:root:186.93856066
INFO:root:186.83896698
INFO:root:187.08024124
INFO:root:187.24565703
INFO:root:186.83147965
INFO:root:186.82426304
INFO:root:186.92869103
INFO:root:186.95750682
INFO:root:187.06097491
INFO:root:186.75118615
INFO:root:186.90490784
INFO:root:186.86742427
INFO:root:186.88226739
INFO:root:186.82890530
INFO:root:186.87367687
INFO:root:186.76328207
INFO:root:186.88262185
INFO:root:186.90239847
INFO:root:186.92155518
INFO:root:186.77359491
INFO:root:186.74821639
INFO:root:186.62320946
INFO:root:186.96891329
INFO:root:186.75098472
INFO:root:186.92496604
INFO:root:186.49506413
INFO:root:186.55719836
INFO:root:186.68687009
INFO:root:186.58777276
INFO:root:186.80141993
INFO:root:186.99184400
INFO:root:186.61923384
INFO:root:186.86189103
INFO:root:186.71754412
INFO:root:186.49689150
INFO:root:186.76991938
INFO:root:186.88515911
INFO:root:186.62148908
INFO:root:186.87204023
INFO:root:186.59568638
INFO:root:186.77292545
INFO:root:186.36608334
INFO:root:186.66263756
INFO:root:186.78645640
INFO:root:186.87159606
INFO:root:186.43990738
INFO:root:186.52273998
INFO:root:186.56748094
INFO:root:186.51530237
INFO:root:186.63449447
INFO:root:186.52262563
INFO:root:186.40378948
INFO:root:186.59649430
INFO:root:186.39328126
INFO:root:186.47102189
INFO:root:186.57911261
INFO:root:186.38101512
INFO:root:186.50742156
INFO:root:186.53157114
INFO:root:186.45017041
INFO:root:186.39411418
INFO:root:186.40928562
INFO:root:186.23874471
INFO:root:186.47198521
INFO:root:186.55962863
INFO:root:186.46511148
INFO:root:186.48951739
INFO:root:186.23805035
INFO:root:186.43595211
INFO:root:186.62980783
INFO:root:186.39498103
INFO:root:186.45514626
INFO:root:186.09294392
INFO:root:186.41998642
INFO:root:186.27933599
INFO:root:186.27545999
INFO:root:186.46032013
INFO:root:186.32838186
INFO:root:186.50511406
INFO:root:186.27238280
INFO:root:Finished training
INFO:root:Saved model. Final Checkpoint.
INFO:root:Completed 1 training
