INFO:root:Namespace(batch_size=52, clip=10, device=device(type='cuda'), epochs=100, learning_rate=1e-08, model='cdna', save_every=100, stage=1)
INFO:root:State Dictionary Path (Deterministic) is: saves/sv2p/stage1/sv2p_state_dict_99.pth
INFO:root:Starting SV2P training on Stage 1 for 100 epochs.
INFO:root:Train Loss
INFO:root:199.42765501
INFO:root:198.68767890
INFO:root:198.15757445
INFO:root:197.69497882
INFO:root:197.60397891
INFO:root:197.11956559
INFO:root:196.94444170
INFO:root:197.04428758
INFO:root:196.92678149
INFO:root:196.74256634
INFO:root:196.55799138
INFO:root:196.54933158
INFO:root:196.39618534
INFO:root:196.43516172
INFO:root:196.15808439
INFO:root:196.40993000
INFO:root:196.06520475
INFO:root:196.05931819
INFO:root:195.93038248
INFO:root:195.82688807
INFO:root:195.94701061
INFO:root:195.84492379
INFO:root:195.45794581
INFO:root:195.65473324
INFO:root:195.66972439
INFO:root:195.44147325
INFO:root:195.55084693
INFO:root:195.50715488
INFO:root:195.35107720
INFO:root:195.46001592
INFO:root:195.36482730
INFO:root:195.33612894
INFO:root:195.44849939
INFO:root:195.27562012
INFO:root:195.23036948
INFO:root:195.18907429
INFO:root:195.12478971
INFO:root:195.20707387
INFO:root:195.33135250
INFO:root:195.10347432
INFO:root:195.11192567
INFO:root:194.84146522
INFO:root:194.96462995
INFO:root:195.15378176
INFO:root:195.07492723
INFO:root:195.02521953
INFO:root:194.97601222
INFO:root:194.90288710
INFO:root:194.84831404
INFO:root:194.74666595
INFO:root:194.97457149
INFO:root:194.84681105
INFO:root:194.77665333
INFO:root:194.57287466
INFO:root:194.71249881
INFO:root:194.84447567
INFO:root:194.84924843
INFO:root:194.69741760
INFO:root:194.76757584
INFO:root:194.60156881
INFO:root:194.69176501
INFO:root:194.64668695
INFO:root:194.63139975
INFO:root:194.52527496
INFO:root:194.73771510
INFO:root:194.41809933
INFO:root:194.43616889
INFO:root:194.45106778
INFO:root:194.71225703
INFO:root:194.49959424
INFO:root:194.45181809
INFO:root:194.45315227
INFO:root:194.30549525
INFO:root:194.37104087
INFO:root:194.31819433
INFO:root:194.37216187
INFO:root:194.26460503
INFO:root:194.41001375
INFO:root:194.39872251
INFO:root:194.30358764
INFO:root:194.42503348
INFO:root:194.34789986
INFO:root:194.07997280
INFO:root:194.09768194
INFO:root:194.28915809
INFO:root:194.34142102
INFO:root:194.23749533
INFO:root:194.08638948
INFO:root:194.36505583
INFO:root:194.00083476
INFO:root:194.18178550
INFO:root:194.00045110
INFO:root:194.15323674
INFO:root:194.35111675
INFO:root:194.07464144
INFO:root:194.17794414
INFO:root:194.28045251
INFO:root:194.42948800
INFO:root:194.53305106
INFO:root:193.93710239
INFO:root:Finished training
INFO:root:Saved model. Final Checkpoint.
INFO:root:Completed 1 training
