INFO:root:Namespace(batch_size=52, clip=10, device=device(type='cuda'), epochs=100, learning_rate=0.0001, model='cdna', save_every=100, stage=2)
INFO:root:State Dictionary Path (Deterministic) is: saves/sv2p/stage1/finetuned/sv2p_state_dict_199.pth
INFO:root:Starting SV2P training on Stage 2 for 100 epochs.
INFO:root:Train Loss
INFO:root:504.47752538, 600.00228185, 504.47752538
INFO:root:425.79845542, 600.01816030, 425.79845542
INFO:root:402.33148176, 599.99785886, 402.33148176
INFO:root:385.91023500, 599.98783647, 385.91023500
INFO:root:370.53055651, 600.04738665, 370.53055651
INFO:root:356.24920847, 600.05513737, 356.24920847
INFO:root:343.88759850, 600.00735283, 343.88759850
INFO:root:332.77087595, 599.96967651, 332.77087595
INFO:root:321.89593944, 600.03226966, 321.89593944
INFO:root:311.76129624, 600.00594222, 311.76129624
INFO:root:303.36128480, 599.97018926, 303.36128480
INFO:root:294.78396168, 599.99265484, 294.78396168
INFO:root:288.77830874, 599.97992419, 288.77830874
INFO:root:283.19672929, 600.00241426, 283.19672929
INFO:root:276.65856793, 600.01180772, 276.65856793
INFO:root:269.70803114, 600.01792960, 269.70803114
INFO:root:265.98783041, 600.01190321, 265.98783041
INFO:root:260.41653574, 600.01609259, 260.41653574
INFO:root:257.57085138, 600.02292681, 257.57085138
INFO:root:252.29265893, 600.03449558, 252.29265893
INFO:root:250.01699531, 599.98783412, 250.01699531
INFO:root:247.08688407, 599.98883364, 247.08688407
INFO:root:244.17392862, 599.97347110, 244.17392862
INFO:root:241.09900621, 600.02292379, 241.09900621
INFO:root:239.20725005, 599.98384256, 239.20725005
INFO:root:236.19215700, 599.98538291, 236.19215700
INFO:root:233.96643154, 600.04691622, 233.96643154
INFO:root:233.51762995, 599.98908453, 233.51762995
INFO:root:231.04899448, 600.04383280, 231.04899448
INFO:root:229.51118829, 600.00353881, 229.51118829
INFO:root:229.08915035, 599.98419303, 229.08915035
INFO:root:227.71151690, 600.08523772, 227.71151690
INFO:root:224.93679231, 599.98449497, 224.93679231
INFO:root:221.91484657, 600.05324421, 221.91484657
INFO:root:220.25898944, 599.98666138, 220.25898944
INFO:root:219.49333401, 600.04103566, 219.49333401
INFO:root:219.22771656, 600.08116249, 219.22771656
INFO:root:218.60977076, 600.02920019, 218.60977076
INFO:root:217.62320972, 600.00269890, 217.62320972
INFO:root:215.48029503, 600.04254056, 215.48029503
INFO:root:214.06471235, 600.01066800, 214.06471235
INFO:root:214.32037880, 600.01083663, 214.32037880
INFO:root:212.83778127, 600.00834700, 212.83778127
INFO:root:212.69019668, 599.99574396, 212.69019668
INFO:root:214.97071444, 600.03544411, 214.97071444
INFO:root:210.69316119, 599.94726698, 210.69316119
INFO:root:209.41166187, 600.00835883, 209.41166187
INFO:root:208.50301589, 600.01261389, 208.50301589
INFO:root:206.09672327, 599.99718280, 206.09672327
INFO:root:205.67511583, 600.05546377, 205.67511583
INFO:root:204.59375438, 600.05924736, 204.59375438
INFO:root:205.97938064, 600.02194988, 205.97938064
INFO:root:204.75026063, 599.98829756, 204.75026063
INFO:root:204.76530027, 600.05448935, 204.76530027
INFO:root:204.41269780, 599.97414326, 204.41269780
INFO:root:203.99292194, 599.96510701, 203.99292194
INFO:root:204.21220863, 600.01291332, 204.21220863
INFO:root:201.65495634, 600.00511674, 201.65495634
INFO:root:200.59760898, 600.04337960, 200.59760898
INFO:root:200.41861734, 600.00613090, 200.41861734
INFO:root:200.37640346, 600.01590510, 200.37640346
INFO:root:199.29507499, 600.07025098, 199.29507499
INFO:root:198.86611991, 599.98419435, 198.86611991
INFO:root:198.46565413, 600.04350368, 198.46565413
INFO:root:199.18580128, 600.02087104, 199.18580128
INFO:root:198.49217891, 599.98359261, 198.49217891
INFO:root:196.56154764, 600.01305911, 196.56154764
INFO:root:197.12593131, 600.01433721, 197.12593131
INFO:root:197.29054515, 599.99160451, 197.29054515
INFO:root:195.68727620, 599.99503002, 195.68727620
INFO:root:196.61057597, 600.03374385, 196.61057597
INFO:root:196.26432941, 600.01700355, 196.26432941
INFO:root:194.79296629, 600.04270931, 194.79296629
INFO:root:196.27181691, 599.99887765, 196.27181691
INFO:root:194.07763628, 599.99533500, 194.07763628
INFO:root:193.36191883, 599.99204302, 193.36191883
INFO:root:191.94589040, 600.02227119, 191.94589040
INFO:root:192.55813414, 600.02849846, 192.55813414
INFO:root:191.48545294, 600.03403504, 191.48545294
INFO:root:190.42002632, 600.03840400, 190.42002632
INFO:root:192.24965668, 600.04482587, 192.24965668
INFO:root:194.04099914, 600.00489812, 194.04099914
INFO:root:195.64478004, 600.00888864, 195.64478004
INFO:root:193.44876791, 600.01043193, 193.44876791
INFO:root:190.91357141, 599.97185174, 190.91357141
INFO:root:188.38607534, 600.01708984, 188.38607534
INFO:root:187.52530951, 600.01362860, 187.52530951
INFO:root:187.74426541, 599.99701616, 187.74426541
INFO:root:186.50103961, 599.98592789, 186.50103961
INFO:root:187.30822657, 600.00915330, 187.30822657
INFO:root:187.24341197, 600.03565413, 187.24341197
INFO:root:189.82956424, 599.98844011, 189.82956424
INFO:root:211.19575062, 599.97947592, 211.19575062
INFO:root:196.10064881, 600.00005437, 196.10064881
INFO:root:188.86760300, 600.00342748, 188.86760300
INFO:root:185.60084227, 600.05500903, 185.60084227
INFO:root:184.13924154, 600.01618545, 184.13924154
INFO:root:183.78626558, 600.03308741, 183.78626558
INFO:root:184.77069302, 600.04052296, 184.77069302
INFO:root:186.89657786, 599.99933591, 186.89657786
INFO:root:Finished training
INFO:root:Saved model. Final Checkpoint.
INFO:root:Completed 2 training
