INFO:root:Namespace(K=3, a_dim=2, batch_size=32, clip=150, device=device(type='cuda'), epochs=150, learning_rate=0.0001, model='KVAE', save_every=10, scale=0.5, subdirectory='finetuned2', x_dim=1, z_dim=4)
INFO:root:Loaded State Dict from saves/kvae/finetuned2/scale=0.3/kvae_state_dict_scale=0.3_80.pth.
INFO:root:Starting KVAE training for 150 epochs.
INFO:root:Train Loss, Reconstruction Loss, log q(a), ELBO_KF, MSE
INFO:root:3388.37396953, 6830.02045240, 18.27884347, 44.91510077, 1835.01220746
INFO:root:3386.29364880, 6825.81156672, 18.26240202, 44.87454159, 1834.65075034
INFO:root:3385.67146112, 6824.61588542, 18.26978427, 44.90626650, 1836.77139693
INFO:root:3387.91259271, 6829.06893423, 18.27546154, 44.89732650, 1838.41689176
INFO:root:3385.39903741, 6824.07001122, 18.24428958, 44.88026033, 1836.97992030
INFO:root:3387.08677143, 6827.50259724, 18.27915159, 44.94367429, 1839.01841400
INFO:root:3387.49221235, 6828.23460875, 18.27164263, 44.89673224, 1839.44360741
INFO:root:3384.77199440, 6822.86926183, 18.27332675, 44.93596320, 1839.98045533
INFO:root:3384.32392109, 6821.95933760, 18.28621016, 44.94195584, 1843.19876943
INFO:root:3385.46621455, 6824.17994896, 18.25227376, 44.87603685, 1848.21991573
INFO:root:3383.52477647, 6820.37895819, 18.27135696, 44.93606147, 1849.24919269
INFO:root:3385.61338053, 6824.52496987, 18.26791060, 44.91701844, 1847.43201636
INFO:root:3385.26416374, 6823.79753124, 18.24223548, 44.87683700, 1847.50083068
INFO:root:3384.22823377, 6821.64165178, 18.24552395, 44.83811274, 1850.43740130
INFO:root:3383.05916338, 6819.45504003, 18.27550168, 44.94385288, 1849.74199098
INFO:root:3384.49822094, 6822.29000270, 18.27657563, 44.92335365, 1849.57112890
INFO:root:3384.81928949, 6822.96364382, 18.25745054, 44.91998564, 1849.43147440
INFO:root:3384.22876877, 6821.71177208, 18.27801089, 44.90512851, 1849.00527673
INFO:root:3384.54189797, 6822.42812916, 18.27539230, 44.94755377, 1847.35572025
INFO:root:3383.36302460, 6820.01823956, 18.28297708, 44.92908100, 1847.70033903
INFO:root:3381.83975746, 6816.96750332, 18.26731215, 44.91130481, 1848.74210482
INFO:root:3383.58497449, 6820.41474644, 18.27752673, 44.89992948, 1847.83059671
INFO:root:3383.64205759, 6820.64668696, 18.26647096, 44.94776019, 1848.40690710
INFO:root:3381.68935188, 6816.66911673, 18.26532288, 44.91052501, 1848.98598096
INFO:root:3383.48458706, 6820.29976833, 18.27106280, 44.93636246, 1848.69161057
INFO:root:3384.87325705, 6823.13984236, 18.27150045, 44.96816842, 1847.59317991
INFO:root:3382.47003084, 6818.21233655, 18.27211604, 44.90825294, 1847.65504142
INFO:root:3382.68778250, 6818.69984382, 18.26227225, 44.92440878, 1847.03972956
INFO:root:3382.90176877, 6819.09079607, 18.25401169, 44.89764201, 1846.50225181
INFO:root:3384.24600513, 6821.81826761, 18.27391641, 44.93704320, 1845.98546281
INFO:root:3383.86260366, 6821.01457052, 18.25825052, 44.90293477, 1847.96041156
INFO:root:3382.68579621, 6818.70489632, 18.28450174, 44.95115456, 1846.43382058
INFO:root:3382.48566295, 6818.26066081, 18.27080548, 44.91547655, 1847.54093338
INFO:root:3381.42786558, 6816.18945312, 18.27196717, 44.93882931, 1847.40089406
INFO:root:3382.92760824, 6819.15113517, 18.28804270, 44.93599420, 1845.50096271
INFO:root:3381.66029685, 6816.61407081, 18.28010853, 44.92684057, 1845.76648728
INFO:root:3383.00524721, 6819.30915475, 18.24255704, 44.89189427, 1847.18448417
INFO:root:3382.50976880, 6818.34917477, 18.28515457, 44.94997311, 1845.16498842
INFO:root:3382.77243310, 6818.84099173, 18.26790092, 44.91596468, 1845.44007387
INFO:root:3383.21868030, 6819.75905918, 18.26283432, 44.92368399, 1844.38308045
INFO:root:3382.63232434, 6818.61895709, 18.28386404, 44.96101444, 1850.42788934
INFO:root:3381.90427883, 6817.20378297, 18.27193278, 44.96954809, 1849.93856790
INFO:root:3382.36553876, 6818.09361148, 18.27711497, 44.95838737, 1847.47897707
INFO:root:3381.25397654, 6815.81819142, 18.26853082, 44.92364615, 1848.39694755
INFO:root:3382.31741545, 6817.99915157, 18.28176342, 44.96391939, 1848.11345353
INFO:root:3381.41081969, 6816.09479582, 18.26420159, 44.90077387, 1847.44193782
INFO:root:3382.15982041, 6817.67680629, 18.29105132, 44.96963473, 1846.61289469
INFO:root:3380.68776266, 6814.73084622, 18.28869596, 44.96635674, 1847.21193138
INFO:root:3381.98243275, 6817.25171072, 18.25881725, 44.90224803, 1847.66703418
INFO:root:3381.28651219, 6815.89676834, 18.28432685, 44.94619365, 1848.22133122
INFO:root:3381.27177323, 6815.85377535, 18.27729417, 44.93240885, 1854.16038221
INFO:root:3381.32058709, 6816.00343009, 18.28549675, 44.96663310, 1853.36858352
INFO:root:3379.63292597, 6812.59040822, 18.26394745, 44.92622792, 1859.01870143
INFO:root:3381.26360483, 6815.86038273, 18.27280493, 44.93939204, 1857.55111803
INFO:root:3382.48862330, 6818.35540988, 18.28600313, 44.97508459, 1854.66354651
INFO:root:3381.73026327, 6816.73138125, 18.26848070, 44.90390499, 1855.22921255
INFO:root:3380.57624292, 6814.49802263, 18.26917090, 44.94193690, 1854.92377834
INFO:root:3380.95799015, 6815.23669347, 18.26281192, 44.92316185, 1854.25817005
INFO:root:3379.75304468, 6812.81907275, 18.26720019, 44.92368975, 1853.94353252
INFO:root:3381.04573981, 6815.40284935, 18.27245704, 44.92813974, 1852.93600139
INFO:root:3382.24050251, 6817.85202308, 18.28444874, 44.96995277, 1852.57331188
INFO:root:3381.17533269, 6815.69498525, 18.27887816, 44.95104038, 1851.02972585
INFO:root:3381.16473626, 6815.68838133, 18.26228843, 44.94174802, 1849.91169901
INFO:root:3380.38475263, 6814.12592635, 18.26710270, 44.94530991, 1848.25017964
INFO:root:3379.73905328, 6812.81617596, 18.27692646, 44.94596376, 1849.24013611
INFO:root:3380.73591199, 6814.75286735, 18.27879041, 44.91930604, 1847.66197432
INFO:root:3381.42586074, 6816.13035897, 18.27129564, 44.91061179, 1857.76936113
INFO:root:3380.69888660, 6814.71002154, 18.28751354, 44.94363698, 1858.12449440
INFO:root:3380.49531735, 6814.37002542, 18.28187502, 44.97156610, 1856.23498622
INFO:root:3379.49398353, 6812.21423600, 18.26831169, 44.88145021, 1856.19802359
INFO:root:3380.10127100, 6813.54573741, 18.26991206, 44.94151248, 1852.62852965
INFO:root:3379.77976277, 6812.88235192, 18.26925247, 44.93066654, 1853.85395932
INFO:root:3378.23608666, 6809.79158529, 18.28193038, 44.94164426, 1852.36239732
INFO:root:3380.65415043, 6814.68809910, 18.28658818, 44.97648991, 1852.13394273
INFO:root:3385.77104434, 6824.86821081, 18.25528569, 44.91834818, 1905.52649186
INFO:root:3380.38415665, 6814.10707731, 18.27943997, 44.94882260, 1893.68655460
INFO:root:3378.01556972, 6809.43346042, 18.28925676, 44.99040999, 1879.43862201
INFO:root:3379.12184113, 6811.63063601, 18.26647083, 44.95994597, 1874.01505014
INFO:root:3378.84169790, 6811.05560865, 18.27807734, 44.96419126, 1868.95613477
INFO:root:3378.51131519, 6810.35144476, 18.26770987, 44.93211344, 1864.88163249
INFO:root:3378.21977100, 6809.80881365, 18.27252841, 44.95716083, 1864.24729974
INFO:root:3378.23143326, 6809.82520224, 18.28260740, 44.96377621, 1862.11993062
INFO:root:3378.77864823, 6810.93005111, 18.27182193, 44.95818549, 1861.98258507
INFO:root:3378.66639730, 6810.73179681, 18.29475959, 44.99425675, 1859.11436733
INFO:root:3382.78928698, 6818.95872638, 18.27444320, 44.96451711, 1989.81599632
INFO:root:3383.70785747, 6820.72184072, 18.27144084, 44.92449359, 1981.69403552
INFO:root:3381.77774365, 6816.95319080, 18.29094620, 44.98980677, 1988.83581067
INFO:root:3379.61107375, 6812.55152233, 18.27206595, 44.93675271, 1918.55841714
INFO:root:3379.62950979, 6812.63269995, 18.28092488, 44.96776380, 1896.27870817
INFO:root:3378.73912148, 6810.83621454, 18.28332171, 44.96229973, 1888.15378825
INFO:root:3378.83723157, 6811.07293571, 18.27634188, 44.97557144, 1879.14752803
INFO:root:3378.00013508, 6809.36932936, 18.27731130, 44.96184392, 1870.30865262
INFO:root:3377.71957336, 6808.74482803, 18.25822224, 44.91106178, 1867.59498109
INFO:root:3378.98343412, 6811.26679376, 18.26956897, 44.91953210, 1866.57629957
INFO:root:3378.95982374, 6811.31498989, 18.27477938, 44.97244888, 1875.33055472
INFO:root:3381.43846905, 6816.26313857, 18.28375130, 44.97684619, 1970.61988906
INFO:root:3379.58641933, 6812.49213382, 18.28203783, 44.94169321, 1957.61993841
INFO:root:3380.32009199, 6814.02826837, 18.28257906, 44.97661765, 1984.92404499
INFO:root:3379.16653119, 6811.62182098, 18.27027608, 44.91465769, 1915.10128503
INFO:root:3379.05303977, 6811.45899303, 18.27263892, 44.94909516, 1881.44150278
INFO:root:3377.03401357, 6807.34672644, 18.27552599, 44.91487446, 1877.32033631
INFO:root:3378.09294656, 6809.61292456, 18.28310479, 44.99661409, 1870.57905568
INFO:root:3379.17931894, 6811.71309148, 18.29113514, 44.96836017, 1870.18506379
INFO:root:3378.57590041, 6810.51912781, 18.27779241, 44.96145570, 1869.25606889
INFO:root:3377.79746692, 6808.88753428, 18.26692802, 44.91322731, 1862.69496707
INFO:root:3378.10839800, 6809.60892827, 18.28619872, 44.98226821, 1863.89697395
INFO:root:3377.35358083, 6808.05595668, 18.27363890, 44.94803241, 1863.18027794
INFO:root:3378.73774286, 6810.85453547, 18.27194254, 44.96147243, 1892.39042674
INFO:root:3381.41434008, 6816.11032213, 18.26065829, 44.90148093, 2068.28848635
INFO:root:3380.90868667, 6815.24233468, 18.28477939, 44.99726205, 2030.12594453
INFO:root:3379.16021531, 6811.71231231, 18.28535404, 44.98129361, 1989.26829237
INFO:root:3379.05958375, 6811.48033196, 18.25419033, 44.93477677, 1947.60611157
INFO:root:3378.99360021, 6811.29888353, 18.28509998, 44.94093201, 1926.68842289
INFO:root:3378.48990272, 6810.35758117, 18.29376405, 44.98265137, 1905.79227485
INFO:root:3377.63176719, 6808.61576594, 18.27006060, 44.94617254, 1889.15750057
INFO:root:3379.07821203, 6811.53597871, 18.29155958, 44.98134357, 1905.39966773
INFO:root:3377.90488236, 6809.18322494, 18.29434774, 44.98106933, 1877.45188698
INFO:root:3377.45828973, 6808.25885486, 18.28298504, 44.95411919, 1865.30246080
INFO:root:3377.05990714, 6807.38340294, 18.26549086, 44.89728601, 1861.51366538
INFO:root:3376.64370704, 6806.74117804, 18.28989798, 45.01678252, 1854.34509450
INFO:root:3377.09233142, 6807.50379890, 18.27860365, 44.93817144, 1854.89878726
INFO:root:3376.25657463, 6805.90596430, 18.27060031, 44.96701316, 1852.51061536
INFO:root:3378.94179838, 6811.21154179, 18.27461750, 44.93858743, 1880.56161651
INFO:root:3378.23215939, 6809.83388222, 18.26702501, 44.95180231, 1880.09061210
INFO:root:3377.50751820, 6808.36210903, 18.27157437, 44.94511419, 1862.15215502
INFO:root:3376.71452465, 6806.86874065, 18.28967080, 45.00950641, 1851.35633709
INFO:root:3376.42455555, 6806.18217566, 18.27093296, 44.93746517, 1849.33139839
INFO:root:3377.03937386, 6807.45919389, 18.27522149, 44.96544402, 1846.08159578
INFO:root:3375.48562233, 6804.33390819, 18.27620525, 44.95753273, 1845.53364855
INFO:root:3376.48193299, 6806.39148555, 18.28319848, 44.99700426, 1844.43682039
INFO:root:3375.62222523, 6804.65299999, 18.27612408, 44.98039867, 1843.89250713
INFO:root:3376.67878764, 6806.73448755, 18.28261214, 44.97106189, 1843.14843014
INFO:root:3376.78468681, 6806.96998109, 18.27673658, 44.97704146, 1848.47631273
INFO:root:3376.54957858, 6806.50959074, 18.28365614, 44.98887703, 1843.24106636
INFO:root:3376.79215544, 6806.99113648, 18.28500611, 44.98841235, 1841.57852584
INFO:root:3375.94573572, 6805.27408681, 18.27473912, 44.96604813, 1839.18234924
INFO:root:3375.54247857, 6804.45950902, 18.27705500, 44.96433313, 1839.18340632
INFO:root:3376.17579275, 6805.74821310, 18.27631569, 44.97462471, 1842.77965010
INFO:root:3375.80974317, 6805.00477027, 18.26901479, 44.96165722, 1841.28949797
INFO:root:3374.88895788, 6803.13279172, 18.29097611, 44.96841551, 1839.83020712
INFO:root:3375.80085067, 6804.98435422, 18.27391765, 44.96524876, 1841.21296551
INFO:root:3374.03277002, 6801.48425726, 18.28201694, 44.99137306, 1840.06942814
INFO:root:3375.14003506, 6803.69323644, 18.27981879, 44.98640468, 1840.19849196
INFO:root:3374.77083238, 6802.92234597, 18.27075721, 44.96109515, 1839.67308575
INFO:root:3376.09965468, 6805.63672568, 18.28352592, 45.00223248, 1840.86874022
INFO:root:3375.35815742, 6804.11658148, 18.28559955, 44.98573542, 1840.21413687
INFO:root:3375.29241150, 6803.99521761, 18.27042631, 44.97562201, 1840.33355150
INFO:root:3375.37350658, 6804.19267197, 18.28173460, 45.00457289, 1841.11936529
INFO:root:3375.51637796, 6804.42706082, 18.27567753, 44.97282705, 1839.73721422
INFO:root:3374.47563590, 6802.32443519, 18.28029423, 44.96687851, 1840.30355943
INFO:root:Finished training.
INFO:root:Saved model. Final Checkpoint saves/kvae/finetuned2/scale=0.5/kvae_state_dict_scale=0.5_149.pth
