INFO:root:Namespace(batch_size=52, beta_end=0.01, beta_start=0, clip=10, device=device(type='cuda'), epochs=100, learning_rate=0.0001, model='cdna', save_every=100, stage=3)
INFO:root:State Dictionary Path (Stochastic) is: saves/sv2p/stage2/sv2p_state_dict_99.pth
INFO:root:Starting SV2P training on Stage 3 for 100 epochs.
INFO:root:Train Loss, KLD, MSE
INFO:root:187.90985870, 205.92559251, 187.90289938, 0.00010000
INFO:root:183.15994535, 27.18687163, 183.15629604, 0.00020000
INFO:root:184.14759300, 6.30866049, 184.14606186, 0.00030000
INFO:root:185.16773768, 3.06397156, 185.16667956, 0.00040000
INFO:root:187.57067266, 1.86014434, 187.56984342, 0.00050000
INFO:root:186.30094173, 1.25233290, 186.30025649, 0.00060000
INFO:root:193.10670287, 0.97085051, 193.10607314, 0.00070000
INFO:root:189.54273057, 0.76723718, 189.54215802, 0.00080000
INFO:root:183.15005142, 0.61552836, 183.14952947, 0.00090000
INFO:root:188.99655792, 0.48543778, 188.99609735, 0.00100000
INFO:root:183.52304568, 0.38898971, 183.52263782, 0.00110000
INFO:root:181.08932390, 0.34074381, 181.08893103, 0.00120000
INFO:root:179.87498904, 0.30271268, 179.87461081, 0.00130000
INFO:root:179.25393747, 0.25284894, 179.25359599, 0.00140000
INFO:root:180.69132522, 0.22317683, 180.69100189, 0.00150000
INFO:root:181.11768736, 0.21395223, 181.11735631, 0.00160000
INFO:root:182.44040601, 0.19738501, 182.44008066, 0.00170000
INFO:root:182.77648505, 0.17334429, 182.77618215, 0.00180000
INFO:root:182.19963933, 0.14775799, 182.19936608, 0.00190000
INFO:root:181.52880307, 0.13555168, 181.52853885, 0.00200000
INFO:root:181.71628930, 0.12347443, 181.71603613, 0.00210000
INFO:root:181.29844192, 0.11806862, 181.29818840, 0.00220000
INFO:root:180.57895836, 0.10501377, 180.57872229, 0.00230000
INFO:root:183.64958682, 0.11146840, 183.64932523, 0.00240000
INFO:root:182.37558711, 0.09397554, 182.37535735, 0.00250000
INFO:root:181.42123457, 0.08993344, 181.42100507, 0.00260000
INFO:root:179.47137232, 0.08390803, 179.47115010, 0.00270000
INFO:root:178.18805291, 0.07669209, 178.18784192, 0.00280000
INFO:root:178.66464163, 0.07330399, 178.66443274, 0.00290000
INFO:root:179.45678018, 0.06500872, 179.45658839, 0.00300000
INFO:root:179.62312940, 0.08124532, 179.62288183, 0.00310000
INFO:root:182.72154078, 0.06421081, 182.72133838, 0.00320000
INFO:root:181.07694586, 0.05969685, 181.07675136, 0.00330000
INFO:root:179.52955741, 0.06660012, 179.52933476, 0.00340000
INFO:root:178.69139073, 0.05632596, 178.69119622, 0.00350000
INFO:root:177.77321072, 0.05217225, 177.77302516, 0.00360000
INFO:root:176.33334587, 0.05111005, 176.33315935, 0.00370000
INFO:root:177.79295858, 0.05177302, 177.79276416, 0.00380000
INFO:root:178.29421374, 0.05447307, 178.29400424, 0.00390000
INFO:root:177.57011440, 0.04698580, 177.56992910, 0.00400000
INFO:root:178.18398539, 0.04594914, 178.18379992, 0.00410000
INFO:root:177.65436484, 0.04988007, 177.65415832, 0.00420000
INFO:root:177.23362460, 0.04081389, 177.23345097, 0.00430000
INFO:root:177.20428809, 0.03967000, 177.20411542, 0.00440000
INFO:root:177.10086191, 0.05007746, 177.10063917, 0.00450000
INFO:root:177.76180136, 0.03375254, 177.76164842, 0.00460000
INFO:root:177.25744112, 0.03922896, 177.25725871, 0.00470000
INFO:root:177.26648502, 0.03695750, 177.26630937, 0.00480000
INFO:root:176.52153226, 0.03331658, 176.52137046, 0.00490000
INFO:root:175.91097058, 0.04125108, 175.91076678, 0.00500000
INFO:root:175.09117644, 0.03609201, 175.09099430, 0.00510000
INFO:root:174.92091256, 0.03308755, 174.92074234, 0.00520000
INFO:root:175.26348237, 0.03592888, 175.26329339, 0.00530000
INFO:root:175.52987952, 0.02996098, 175.52971974, 0.00540000
INFO:root:176.20830615, 0.03039361, 176.20814041, 0.00550000
INFO:root:177.03346051, 0.03022889, 177.03329275, 0.00560000
INFO:root:176.82869317, 0.03074133, 176.82851936, 0.00570000
INFO:root:174.99989906, 0.02789792, 174.99973893, 0.00580000
INFO:root:174.29305092, 0.02588085, 174.29289912, 0.00590000
INFO:root:176.01735108, 0.02638400, 176.01719446, 0.00600000
INFO:root:174.77757465, 0.03087044, 174.77738777, 0.00610000
INFO:root:174.77246602, 0.02779157, 174.77229441, 0.00620000
INFO:root:174.39008095, 0.02325720, 174.38993616, 0.00630000
INFO:root:173.71857961, 0.02557283, 173.71841703, 0.00640000
INFO:root:174.65021190, 0.03239426, 174.65000293, 0.00650000
INFO:root:175.63521918, 0.02751872, 175.63503879, 0.00660000
INFO:root:175.30628845, 0.02702039, 175.30610885, 0.00670000
INFO:root:173.96814447, 0.02682840, 173.96796452, 0.00680000
INFO:root:173.08938283, 0.01910424, 173.08925216, 0.00690000
INFO:root:172.84160956, 0.02283253, 172.84145057, 0.00700000
INFO:root:172.50105329, 0.01883479, 172.50092035, 0.00710000
INFO:root:173.94369630, 0.02281827, 173.94353336, 0.00720000
INFO:root:174.76797968, 0.02183420, 174.76782113, 0.00730000
INFO:root:173.61086642, 0.02389859, 173.61069111, 0.00740000
INFO:root:173.57574086, 0.01904062, 173.57559950, 0.00750000
INFO:root:173.72277902, 0.02058072, 173.72262328, 0.00760000
INFO:root:173.23753646, 0.01922220, 173.23738922, 0.00770000
INFO:root:173.14346910, 0.01723264, 173.14333607, 0.00780000
INFO:root:173.40959843, 0.02304068, 173.40941734, 0.00790000
INFO:root:173.03471559, 0.01803656, 173.03457186, 0.00800000
INFO:root:173.87510348, 0.01762611, 173.87496168, 0.00810000
INFO:root:174.61188112, 0.02110319, 174.61170916, 0.00820000
INFO:root:172.99812922, 0.01815626, 172.99797926, 0.00830000
INFO:root:171.80002103, 0.01855732, 171.79986625, 0.00840000
INFO:root:171.73549380, 0.01963174, 171.73532824, 0.00850000
INFO:root:171.85059295, 0.01474603, 171.85046746, 0.00860000
INFO:root:172.27636122, 0.01754953, 172.27620943, 0.00870000
INFO:root:172.48660059, 0.01973333, 172.48642810, 0.00880000
INFO:root:172.29334005, 0.01540661, 172.29320368, 0.00890000
INFO:root:171.47663011, 0.01773560, 171.47647147, 0.00900000
INFO:root:171.40201998, 0.01764834, 171.40186073, 0.00910000
INFO:root:172.97114116, 0.01700097, 172.97098611, 0.00920000
INFO:root:173.04480112, 0.01395158, 173.04467186, 0.00930000
INFO:root:172.90919249, 0.01603309, 172.90904236, 0.00940000
INFO:root:171.54834958, 0.01336708, 171.54822339, 0.00950000
INFO:root:171.57298279, 0.01593602, 171.57283081, 0.00960000
INFO:root:172.45382234, 0.01411682, 172.45368659, 0.00970000
INFO:root:172.13884437, 0.01606891, 172.13868792, 0.00980000
INFO:root:171.45064036, 0.01437599, 171.45049865, 0.00990000
INFO:root:171.75805839, 0.01364751, 171.75792256, 0.01000000
INFO:root:Finished training
INFO:root:Saved model. Final Checkpoint.
INFO:root:Completed 3 training
