INFO:root:Namespace(K=3, a_dim=2, batch_size=32, clip=150, dataset='BouncingBall', device=device(type='cuda'), epochs=200, initial='False', learning_rate=0.0001, model='KVAE', save_every=10, scale=0.3, subdirectory='v1/finetuned2', x_dim=1, z_dim=4)
INFO:root:Loaded State Dict from saves/BouncingBall/kvae/v1/finetuned1/scale=0.3/kvae_state_dict_scale=0.3_99.pth.
INFO:root:Starting KVAE training for 200 epochs.
INFO:root:Train Loss, Reconstruction Loss, log q(a), ELBO_KF, MSE
INFO:root:694.71876781, 1117.57790691, 343.50022315, -15.94515693, 278.32320292
INFO:root:549.43284301, 629.74081985, 345.10261895, -15.40797371, 187.49334727
INFO:root:550.68806700, 633.29791843, 345.67997421, -15.01871310, 188.80288162
INFO:root:557.62403682, 655.95866287, 346.20583893, -14.63059208, 196.32018129
INFO:root:553.78760804, 643.26430011, 346.30038297, -14.50792823, 192.26593105
INFO:root:557.55138906, 655.59722784, 346.44721722, -14.42499575, 196.25626495
INFO:root:552.54900063, 638.21644155, 346.86201623, -14.22204463, 190.71815918
INFO:root:558.14765506, 656.69386398, 347.19733580, -13.94215319, 196.70261417
INFO:root:575.06524529, 715.79831730, 346.62819054, -13.69754735, 212.40771348
INFO:root:550.12201027, 630.82547289, 347.11654197, -13.75781815, 188.23784565
INFO:root:551.72392556, 635.50927462, 347.51810645, -13.55303101, 189.98978235
INFO:root:560.91576648, 665.36029441, 347.76246983, -13.54520066, 199.62794242
INFO:root:550.98505396, 632.46433486, 347.80693297, -13.43881225, 189.07771875
INFO:root:556.94296670, 651.35570239, 348.21006240, -13.32618740, 195.01068106
INFO:root:549.64554290, 627.31366122, 348.30972348, -13.14171440, 187.52771997
INFO:root:551.35622030, 631.98263491, 348.87379912, -12.88762308, 188.95856296
INFO:root:562.77975947, 670.84267197, 348.44711012, -13.07983784, 201.34516362
INFO:root:551.43700677, 632.65408733, 348.74721027, -12.89356413, 189.30381522
INFO:root:553.42996903, 638.65999958, 349.00018699, -12.83177201, 191.30578885
INFO:root:553.76976643, 640.41247442, 348.88930477, -12.75671462, 191.72535336
INFO:root:550.63368789, 628.99240909, 349.41349724, -12.52246590, 188.13334461
INFO:root:551.49820701, 632.16325544, 349.39970602, -12.44952039, 189.28726877
INFO:root:556.81014752, 649.81077158, 349.70326320, -12.16364837, 194.53009461
INFO:root:546.39182378, 614.06312979, 349.99043167, -12.18244481, 183.39214825
INFO:root:555.56638408, 645.39892928, 349.88152376, -12.06517621, 193.21687365
INFO:root:547.30329669, 617.12603565, 350.08746066, -12.07801943, 184.46274027
INFO:root:549.00154346, 622.64852497, 350.46602849, -11.74095172, 186.26657328
INFO:root:557.49844026, 651.05388199, 350.39745219, -11.78481721, 194.97968560
INFO:root:549.53670371, 623.94236998, 350.51775423, -11.83622927, 186.87051450
INFO:root:549.12240008, 622.90699408, 350.63229195, -11.61800554, 186.18857424
INFO:root:554.46934938, 639.76970036, 350.92645730, -11.61197766, 191.64737755
INFO:root:544.32005371, 606.94560679, 350.69375669, -11.54260733, 181.27092310
INFO:root:554.70038716, 641.05474620, 350.92599682, -11.45796057, 192.08479542
INFO:root:544.47906985, 606.82524663, 350.96368447, -11.46780595, 181.29592458
INFO:root:542.86674507, 600.47220957, 351.51725759, -11.20781633, 179.35133284
INFO:root:549.89730753, 623.95464699, 351.61937777, -11.09153112, 186.79994474
INFO:root:543.74056406, 603.00018311, 351.91638339, -10.92411933, 180.25422542
INFO:root:546.79559101, 612.82731716, 352.09283992, -10.85454786, 183.40231061
INFO:root:547.55391921, 615.63020743, 352.14043567, -10.72441373, 184.44850168
INFO:root:546.10032059, 610.58916459, 352.29070229, -10.63286399, 182.53570498
INFO:root:543.20307445, 600.60870906, 352.34738742, -10.67306848, 179.59282368
INFO:root:541.22710789, 593.62234283, 352.80113988, -10.33925863, 177.24421303
INFO:root:553.55489300, 634.27409334, 353.05400639, -10.21865305, 190.10350503
INFO:root:540.85344936, 592.37352272, 352.73345597, -10.40793121, 176.77606007
INFO:root:550.80096638, 626.11707126, 352.49593494, -10.46990412, 187.53953533
INFO:root:540.13362073, 589.63952365, 352.94828320, -10.29347453, 176.01331373
INFO:root:559.28494335, 652.82257080, 353.32308066, -10.11508465, 195.35096673
INFO:root:543.21367068, 601.10143460, 352.39873587, -10.48449689, 179.71592965
INFO:root:537.40703979, 579.68640875, 353.26349188, -10.23761630, 172.80780515
INFO:root:548.42900323, 618.28342511, 353.05864215, -9.88532849, 184.68416872
INFO:root:539.31905952, 586.75647206, 353.38949313, -9.90261665, 175.18974178
INFO:root:540.55821758, 589.22646259, 353.95634626, -9.83392699, 176.11466066
INFO:root:544.88225293, 603.98153706, 353.98542057, -9.70236327, 180.90046264
INFO:root:543.15567393, 598.29847241, 353.93564406, -9.73048204, 178.98351730
INFO:root:536.56586116, 575.15929787, 354.52566392, -9.49240244, 171.51255410
INFO:root:539.47235626, 585.38436987, 354.45972982, -9.39731004, 174.95915630
INFO:root:538.10890086, 580.11409726, 354.76008246, -9.31458506, 173.22439556
INFO:root:561.64950190, 660.82472725, 354.00681281, -9.39526248, 197.80787095
INFO:root:535.01004021, 570.71566209, 354.30469683, -9.49063958, 170.06128999
INFO:root:538.69127264, 582.84942355, 354.53586535, -9.30057417, 174.13923898
INFO:root:545.00552412, 602.90556851, 354.90199231, -9.23185375, 180.35735744
INFO:root:537.65169824, 579.52254258, 354.57726507, -9.21766461, 173.00614997
INFO:root:538.74639234, 582.26415005, 354.96799445, -9.09914444, 174.02038788
INFO:root:536.16520511, 572.72782830, 355.35401188, -8.99283561, 170.94991511
INFO:root:533.96981038, 564.15456395, 355.89084115, -8.83259363, 168.24982127
INFO:root:543.64739091, 597.67965251, 355.60261409, -8.74087344, 178.81969282
INFO:root:536.92810190, 575.24617967, 355.66751740, -8.68672496, 171.86159404
INFO:root:540.31085103, 586.51325940, 355.64885250, -8.70801418, 175.49642672
INFO:root:539.09692432, 582.28522817, 355.91323464, -8.49811112, 174.05790973
INFO:root:536.00527443, 571.89924106, 356.10893648, -8.32655921, 170.72929693
INFO:root:543.27533244, 596.15417247, 356.05063158, -8.37844025, 178.36495806
INFO:root:535.18079841, 568.86990065, 356.12938501, -8.39043746, 169.86073303
INFO:root:536.87281778, 573.94062679, 356.38096065, -8.30966272, 171.49375284
INFO:root:535.43545696, 568.92327026, 356.47342172, -8.28505001, 169.86366904
INFO:root:537.55239802, 575.41603351, 356.70041807, -8.22716169, 172.04289868
INFO:root:535.58274350, 569.02199520, 356.69645662, -8.17968249, 169.97215193
INFO:root:545.50617778, 602.11663119, 356.91723497, -7.95394238, 179.72424841
INFO:root:537.58199994, 577.54354994, 356.22763314, -8.09129536, 172.33437848
INFO:root:535.74062394, 569.52312999, 356.85605286, -8.02762913, 170.10944585
INFO:root:531.31645353, 555.22915319, 356.73040402, -8.01729787, 165.54013373
INFO:root:534.11656243, 563.69079668, 357.19131334, -7.81800411, 168.28348080
INFO:root:536.91185126, 573.31314767, 357.16738581, -7.75051376, 171.31149574
INFO:root:536.80413821, 572.77514959, 357.24736169, -7.72422492, 171.13849859
INFO:root:546.94813858, 606.80631407, 357.21810155, -7.68813834, 181.65884438
INFO:root:529.99039413, 550.85312764, 356.92517245, -7.80927735, 164.15636624
INFO:root:532.42365741, 557.38892262, 357.48528547, -7.72168683, 166.29012925
INFO:root:531.92941202, 556.02567908, 357.63630978, -7.48539078, 165.91740894
INFO:root:536.04012719, 568.91349258, 357.89271439, -7.47335726, 170.15659911
INFO:root:531.20877882, 552.94875613, 357.89377842, -7.43036540, 164.92395768
INFO:root:551.51326779, 620.37999594, 358.10605111, -7.29321253, 184.34219273
INFO:root:528.87315642, 546.17863280, 357.54473430, -7.47482447, 162.67031073
INFO:root:530.40923398, 550.83914321, 357.82607313, -7.33141415, 164.18253390
INFO:root:530.54088904, 549.97030581, 358.34419649, -7.20559221, 163.95887387
INFO:root:530.95307885, 550.80868433, 358.59824775, -7.11221869, 164.34738849
INFO:root:531.43971860, 552.80300495, 358.59341975, -7.00539146, 164.94005696
INFO:root:535.65986663, 566.67173116, 358.76760592, -6.89073464, 169.45710618
INFO:root:530.09571601, 548.40064021, 358.63462295, -6.94089489, 163.54126278
INFO:root:530.20738099, 547.90449534, 359.07769698, -6.75832940, 163.45998825
INFO:root:542.86010301, 591.04126132, 358.68839745, -6.85932239, 176.75889208
INFO:root:529.76765262, 547.24460519, 358.72281642, -6.87144971, 163.18162196
INFO:root:527.44660466, 538.76961522, 359.03818935, -6.77752212, 160.48208560
INFO:root:531.34097992, 551.06896253, 359.37702990, -6.64325518, 164.50483801
INFO:root:544.70789775, 596.72206884, 359.14355022, -6.54772012, 176.71277526
INFO:root:531.13546323, 552.23528392, 358.85522033, -6.60965236, 164.86408686
INFO:root:527.87878702, 540.06850827, 359.22984052, -6.62838757, 160.87429168
INFO:root:529.74809830, 546.13837136, 359.27766234, -6.62891666, 162.98897101
INFO:root:527.58361686, 537.57563111, 359.79951856, -6.51140410, 160.10670257
INFO:root:532.41291159, 554.35418507, 359.66532344, -6.44132656, 165.48989761
INFO:root:529.48871960, 544.44772222, 359.78173789, -6.37266106, 162.40984310
INFO:root:530.05394031, 546.19549327, 359.83960700, -6.35567810, 162.90248983
INFO:root:528.60951653, 541.13203284, 360.02047010, -6.24943127, 161.45024507
INFO:root:561.10723413, 650.02066837, 359.98012237, -6.12090309, 188.17292329
INFO:root:539.09078296, 581.91126421, 357.84695707, -6.67044239, 173.15957340
INFO:root:524.46436209, 529.79142888, 358.91878262, -6.60814576, 157.58996699
INFO:root:524.58137515, 529.22454018, 359.37497084, -6.43903670, 157.48306304
INFO:root:523.08993767, 523.08910511, 359.87161197, -6.29158908, 155.51718023
INFO:root:526.04438145, 532.09329204, 360.35121028, -6.06517734, 158.53303071
INFO:root:532.09159359, 552.44032861, 360.26025624, -6.09923174, 164.81013119
INFO:root:524.06714190, 525.70566923, 360.29713897, -6.05829880, 156.47010920
INFO:root:529.43606007, 543.44012276, 360.46041326, -5.94360238, 162.15796103
INFO:root:528.00504636, 537.65933539, 360.82041027, -5.88682865, 160.33519575
INFO:root:529.72388869, 543.90873300, 360.61230469, -5.93896025, 162.28965837
INFO:root:526.82588455, 533.82958771, 360.95301187, -5.72398927, 159.18580462
INFO:root:527.68543038, 536.43976433, 361.04213253, -5.71136410, 160.01494351
INFO:root:524.84168836, 526.86406615, 361.15681545, -5.62564879, 156.97817109
INFO:root:534.24092404, 558.90331040, 360.78898728, -5.78093783, 166.82931995
INFO:root:524.58296067, 526.32468312, 361.04652259, -5.63902904, 156.81177147
INFO:root:532.77675749, 552.80145264, 361.35868748, -5.57762737, 165.17700224
INFO:root:526.87609551, 534.63810118, 360.75799133, -5.72666901, 159.41752673
INFO:root:522.75223834, 519.66040370, 361.37683222, -5.47728001, 154.60883074
INFO:root:537.72568777, 569.34304985, 361.53286277, -5.38990325, 170.35600397
INFO:root:526.23071266, 532.36502930, 360.97805708, -5.54313977, 158.64130455
INFO:root:522.03610617, 517.14916467, 361.44092963, -5.45042253, 153.85416252
INFO:root:529.39756333, 540.56180743, 361.90527110, -5.32374286, 161.18980553
INFO:root:523.17225600, 520.64510059, 361.70595225, -5.27276768, 154.99265800
INFO:root:526.98276439, 532.69807658, 361.96315790, -5.21017808, 158.99971446
INFO:root:523.47371417, 521.16642382, 361.91107683, -5.21270452, 155.23911660
INFO:root:525.03926963, 525.62089801, 362.27512802, -5.07786523, 156.68073210
INFO:root:526.92645631, 532.13171445, 362.27396232, -5.01297481, 158.74428651
INFO:root:522.81569459, 518.36362958, 362.31535991, -4.99123967, 154.40411717
INFO:root:526.89801230, 532.29617018, 362.28631009, -4.92284428, 158.81170839
INFO:root:524.29632851, 523.34342286, 362.40007845, -4.89321580, 155.96245794
INFO:root:528.13279139, 536.12509525, 362.46987176, -4.82538666, 160.12526474
INFO:root:525.23789793, 525.80095094, 362.65544080, -4.84216813, 156.81848533
INFO:root:533.26073460, 552.68418622, 362.68745957, -4.76801217, 165.03347448
INFO:root:521.05315716, 513.14042712, 362.31520013, -4.79582050, 152.61664538
INFO:root:527.88670652, 535.78099944, 362.31214040, -4.84025780, 159.96447812
INFO:root:522.17923480, 515.96570563, 362.61154991, -4.77796713, 153.66338198
INFO:root:523.39858457, 519.33812893, 362.90577766, -4.69136477, 154.75496542
INFO:root:522.14836412, 515.00810407, 363.02250234, -4.62342659, 153.36596845
INFO:root:527.90635085, 535.21919435, 362.72209663, -4.61849039, 159.71291570
INFO:root:528.99254115, 538.23046078, 362.83238269, -4.69101465, 160.67507419
INFO:root:519.82796052, 507.77113391, 362.85048914, -4.64612435, 151.03714864
INFO:root:522.72687514, 516.61958634, 363.26664413, -4.47434665, 153.91428769
INFO:root:523.26168334, 517.54462156, 363.54876553, -4.44952623, 154.23205634
INFO:root:526.93353996, 531.47177416, 363.03474397, -4.45725873, 157.96978682
INFO:root:521.65230415, 512.58284687, 363.46196013, -4.41548560, 152.64736423
INFO:root:522.45509565, 515.56752763, 363.46934169, -4.31549037, 153.61631396
INFO:root:521.83846709, 513.20100937, 363.61341829, -4.26473643, 152.91220491
INFO:root:523.70512223, 518.63756624, 363.88258566, -4.23126025, 154.62825508
INFO:root:523.70814430, 518.59756431, 363.92200601, -4.20686431, 154.61106902
INFO:root:525.05289534, 524.40943471, 363.46190706, -4.26815370, 156.25297177
INFO:root:519.50470991, 504.90383989, 363.96378166, -4.06977320, 150.28720734
INFO:root:521.71954011, 512.14638349, 364.10619728, -3.96942503, 152.60919044
INFO:root:528.14254769, 534.11318484, 363.82580897, -4.08277911, 159.22019677
INFO:root:519.30274202, 503.71621762, 364.18435222, -4.00351891, 149.81439802
INFO:root:522.08469640, 513.09473842, 364.16652898, -3.98974203, 152.90644409
INFO:root:524.76040285, 522.16099266, 364.10829153, -4.00380834, 155.69511861
INFO:root:520.09657457, 506.34123531, 364.25993726, -3.93426013, 150.74884412
INFO:root:521.18334783, 509.63206900, 364.42631249, -3.86740945, 151.87352767
INFO:root:522.04637994, 512.34044944, 364.57352248, -3.77071757, 152.66251922
INFO:root:528.45514288, 534.11829993, 364.38983407, -3.82981243, 159.50878663
INFO:root:518.28737671, 500.75073145, 364.24272321, -3.81942892, 148.92892573
INFO:root:518.83732925, 501.25865999, 364.66959415, -3.79013138, 149.17426363
INFO:root:520.67714019, 507.06888148, 364.84695357, -3.70951778, 151.06583866
INFO:root:531.21745882, 543.97502457, 364.40827738, -3.61666587, 162.00751646
INFO:root:516.14081044, 493.07549213, 364.59087454, -3.62728513, 146.47302547
INFO:root:521.79063035, 510.87451463, 364.91296153, -3.61530764, 152.28346418
INFO:root:521.21255830, 509.88848274, 364.60588472, -3.64012337, 151.97435503
INFO:root:521.32288015, 508.75808463, 365.11219758, -3.58325126, 151.48836347
INFO:root:521.98573280, 512.21547296, 364.68470852, -3.63637670, 152.75022529
INFO:root:517.36383510, 495.95989407, 364.99864770, -3.57721245, 147.46168450
INFO:root:517.82774382, 497.22542946, 365.23053503, -3.42957262, 147.91066727
INFO:root:521.56242791, 509.14966559, 365.52616367, -3.29136106, 151.75868556
INFO:root:522.31764373, 512.81463817, 365.10919559, -3.36405125, 152.90299628
INFO:root:525.48348831, 523.08169653, 365.09912070, -3.45985254, 156.21396506
INFO:root:516.76638896, 493.88053709, 365.13871678, -3.46350433, 146.90679290
INFO:root:517.19758223, 494.46750966, 365.53097573, -3.32634814, 147.07451946
INFO:root:518.32253151, 498.63027954, 365.51516685, -3.21827705, 148.47733973
INFO:root:523.81473945, 517.02958456, 365.51056589, -3.19529326, 154.21986175
INFO:root:517.59447905, 496.07242988, 365.62456012, -3.14818435, 147.61177879
INFO:root:516.41798738, 491.71407537, 365.85210249, -3.05165554, 146.25315497
INFO:root:519.90871571, 502.94510840, 365.99135944, -3.03381776, 149.82854894
INFO:root:517.08126234, 492.98950215, 366.15439232, -3.03001302, 146.70554289
INFO:root:518.50287917, 498.36772302, 366.05084092, -2.94171456, 148.49294198
INFO:root:519.88188901, 502.22197048, 366.27655574, -2.93873685, 149.70516044
INFO:root:516.81054575, 491.89878039, 366.34046440, -2.90044140, 146.31779218
INFO:root:528.74514618, 533.66354564, 365.87250106, -2.77357632, 159.23772027
INFO:root:516.82884318, 492.74346885, 366.06319238, -2.94260416, 146.55417113
INFO:root:515.47114701, 487.98674760, 366.20253972, -2.87257660, 145.11280298
INFO:root:Finished training.
INFO:root:Saved model. Final Checkpoint saves/BouncingBall/kvae/v1/finetuned2/scale=0.3/kvae_state_dict_scale=0.3_199.pth
